#
# A fatal error has been detected by the Java Runtime Environment:
#
#  EXCEPTION_ACCESS_VIOLATION (0xc0000005) at pc=0x0000000000000000, pid=3488, tid=1684
#
# JRE version: Java(TM) SE Runtime Environment (8.0_51-b16) (build 1.8.0_51-b16)
# Java VM: Java HotSpot(TM) 64-Bit Server VM (25.51-b03 mixed mode windows-amd64 compressed oops)
# Problematic frame:
# C  0x0000000000000000
#
# Failed to write core dump. Minidumps are not enabled by default on client versions of Windows
#
# If you would like to submit a bug report, please visit:
#   http://bugreport.java.com/bugreport/crash.jsp
# The crash happened outside the Java Virtual Machine in native code.
# See problematic frame for where to report the bug.
#

---------------  T H R E A D  ---------------

Current thread (0x00000000025ae800):  JavaThread "main" [_thread_in_native, id=1684, stack(0x00000000025b0000,0x00000000026b0000)]

siginfo: ExceptionCode=0xc0000005, ExceptionInformation=0x0000000000000008 0x0000000000000000

Registers:
RAX=0x00000000026ac584, RBX=0x0000000000001002, RCX=0x00000000026ac258, RDX=0x0000000000000000
RSP=0x00000000026ac208, RBP=0x00000000026ac310, RSI=0x000000001add88c0, RDI=0x0000000000000000
R8 =0x00000000026ac118, R9 =0x00000000026ac310, R10=0x0000000000000000, R11=0x0000000000000246
R12=0x0000000000000000, R13=0x00007ffde58c4fe0, R14=0x0000000000000000, R15=0x0000000000000000
RIP=0x0000000000000000, EFLAGS=0x0000000000010246

Top of Stack: (sp=0x00000000026ac208)
0x00000000026ac208:   00007ffde58c512d 00000000026ad440
0x00000000026ac218:   000000001add88c0 00007ffde8101378
0x00000000026ac228:   0000000000000000 0000000000000000
0x00000000026ac238:   00000000026ac2b0 0000000000001000
0x00000000026ac248:   00007ffe0ab9086d 0000000000c90000
0x00000000026ac258:   00000000026ac584 0000000000000000
0x00000000026ac268:   0000000000000000 0000000000000000
0x00000000026ac278:   00000000026ac368 000000000000000c
0x00000000026ac288:   1ca0518000000020 4fde0c9a450aa699
0x00000000026ac298:   0000000189dd3dbe 000000001ae195e0
0x00000000026ac2a8:   fffffffffffffffe 4d36e97d00000020
0x00000000026ac2b8:   0008c1bf11cee325 000000061803e12b
0x00000000026ac2c8:   000000001ae2f7b0 0000000000000000
0x00000000026ac2d8:   00007ffe0ab8e83f 0000000000000000
0x00000000026ac2e8:   0000000000000000 00000000026a00d0
0x00000000026ac2f8:   0000000000000022 000000001add5910 

Instructions: (pc=0x0000000000000000)
0xffffffffffffffe0:   


Register to memory mapping:

RAX=0x00000000026ac584 is pointing into the stack for thread: 0x00000000025ae800
RBX=0x0000000000001002 is an unknown value
RCX=0x00000000026ac258 is pointing into the stack for thread: 0x00000000025ae800
RDX=0x0000000000000000 is an unknown value
RSP=0x00000000026ac208 is pointing into the stack for thread: 0x00000000025ae800
RBP=0x00000000026ac310 is pointing into the stack for thread: 0x00000000025ae800
RSI=0x000000001add88c0 is an unknown value
RDI=0x0000000000000000 is an unknown value
R8 =0x00000000026ac118 is pointing into the stack for thread: 0x00000000025ae800
R9 =0x00000000026ac310 is pointing into the stack for thread: 0x00000000025ae800
R10=0x0000000000000000 is an unknown value
R11=0x0000000000000246 is an unknown value
R12=0x0000000000000000 is an unknown value
R13=0x00007ffde58c4fe0 is an unknown value
R14=0x0000000000000000 is an unknown value
R15=0x0000000000000000 is an unknown value


Stack: [0x00000000025b0000,0x00000000026b0000],  sp=0x00000000026ac208,  free space=1008k
Native frames: (J=compiled Java code, j=interpreted, Vv=VM code, C=native code)

Java frames: (J=compiled Java code, j=interpreted, Vv=VM code)
j  org.lwjgl.opencl.CL.ngetFunctionAddress(J)J+0
j  org.lwjgl.opencl.CL.getFunctionAddress(Ljava/lang/String;)J+9
j  org.lwjgl.opencl.CLCapabilities.<clinit>()V+2
v  ~StubRoutines::call_stub
j  org.lwjgl.opencl.CL.create()V+272
j  si.uni_lj.fri.segmentation.ModelCreator.initializeCL()V+5
j  si.uni_lj.fri.segmentation.ModelCreator.createModel(Ljava/lang/String;DD)[Ljava/lang/Object;+81
j  si.uni_lj.fri.veins3D.gui.render.models.VeinsModelMesh.constructVBOFromRawFile(Ljava/lang/String;DD)V+56
j  si.uni_lj.fri.veins3D.gui.render.VeinsRenderer.loadModelRaw(Ljava/lang/String;DD)V+40
j  si.uni_lj.fri.veins3D.gui.NiftyScreenController.onButton_OpenDialog_Open()V+48
v  ~StubRoutines::call_stub
J 2683  sun.reflect.NativeMethodAccessorImpl.invoke0(Ljava/lang/reflect/Method;Ljava/lang/Object;[Ljava/lang/Object;)Ljava/lang/Object; (0 bytes) @ 0x000000000309377f [0x0000000003093700+0x7f]
J 2682 C1 sun.reflect.NativeMethodAccessorImpl.invoke(Ljava/lang/Object;[Ljava/lang/Object;)Ljava/lang/Object; (104 bytes) @ 0x0000000003088be4 [0x0000000003087a00+0x11e4]
J 901 C1 sun.reflect.DelegatingMethodAccessorImpl.invoke(Ljava/lang/Object;[Ljava/lang/Object;)Ljava/lang/Object; (10 bytes) @ 0x0000000002b33aa4 [0x0000000002b33980+0x124]
J 900 C1 java.lang.reflect.Method.invoke(Ljava/lang/Object;[Ljava/lang/Object;)Ljava/lang/Object; (62 bytes) @ 0x0000000002b33494 [0x0000000002b33080+0x414]
j  de.lessvoid.nifty.NiftyMethodInvoker.callMethod(Ljava/lang/Object;Ljava/lang/reflect/Method;[Ljava/lang/Object;)Ljava/lang/Object;+109
j  de.lessvoid.nifty.NiftyMethodInvoker.performInvoke([Ljava/lang/Object;)V+298
j  de.lessvoid.nifty.Nifty$DelayedMethodInvoke.perform()V+8
j  de.lessvoid.nifty.Nifty.invokeMethods()V+47
J 2862 C1 de.lessvoid.nifty.Nifty.handleDynamicElements()V (27 bytes) @ 0x0000000003147994 [0x0000000003146f80+0xa14]
j  de.lessvoid.nifty.Nifty.access$7(Lde/lessvoid/nifty/Nifty;)V+1
j  de.lessvoid.nifty.Nifty$NiftyInputConsumerImpl.processEvent(Lde/lessvoid/nifty/input/NiftyMouseInputEvent;)Z+43
j  de.lessvoid.nifty.Nifty$NiftyInputConsumerImpl.processMouseEvent(IIIIZ)Z+25
j  de.lessvoid.nifty.renderer.lwjgl.input.LwjglInputSystem.processMouseEvents(Lde/lessvoid/nifty/NiftyInputConsumer;)V+47
J 3048 C1 de.lessvoid.nifty.Nifty.update()Z (126 bytes) @ 0x0000000003259634 [0x0000000003259140+0x4f4]
j  si.uni_lj.fri.veins3D.main.VeinsWindow.renderNiftyGUI()V+113
j  si.uni_lj.fri.veins3D.main.VeinsWindow.mainLoop()V+111
j  si.uni_lj.fri.veins3D.main.Main.main([Ljava/lang/String;)V+7
v  ~StubRoutines::call_stub

---------------  P R O C E S S  ---------------

Java Threads: ( => current thread )
  0x000000001e3df000 JavaThread "LWJGL Timer" daemon [_thread_blocked, id=2748, stack(0x000000001cab0000,0x000000001cbb0000)]
  0x000000001df3c800 JavaThread "Thread-6" daemon [_thread_in_native, id=3232, stack(0x000000001c350000,0x000000001c450000)]
  0x000000001792a000 JavaThread "D3D Screen Updater" daemon [_thread_blocked, id=2376, stack(0x000000001a4b0000,0x000000001a5b0000)]
  0x0000000017911000 JavaThread "AWT-EventQueue-0" [_thread_blocked, id=796, stack(0x0000000019ea0000,0x0000000019fa0000)]
  0x00000000178da000 JavaThread "AWT-Windows" daemon [_thread_in_native, id=4220, stack(0x0000000018190000,0x0000000018290000)]
  0x00000000178d9800 JavaThread "AWT-Shutdown" [_thread_blocked, id=3592, stack(0x0000000018090000,0x0000000018190000)]
  0x00000000178d8800 JavaThread "Java2D Disposer" daemon [_thread_blocked, id=1320, stack(0x0000000017f90000,0x0000000018090000)]
  0x0000000016bf2000 JavaThread "Service Thread" daemon [_thread_blocked, id=1452, stack(0x0000000016fa0000,0x00000000170a0000)]
  0x0000000014cde000 JavaThread "C1 CompilerThread2" daemon [_thread_blocked, id=3204, stack(0x0000000016aa0000,0x0000000016ba0000)]
  0x0000000014cdc800 JavaThread "C2 CompilerThread1" daemon [_thread_blocked, id=1964, stack(0x00000000169a0000,0x0000000016aa0000)]
  0x0000000014cd7800 JavaThread "C2 CompilerThread0" daemon [_thread_blocked, id=5060, stack(0x00000000168a0000,0x00000000169a0000)]
  0x0000000014ccb800 JavaThread "JDWP Command Reader" daemon [_thread_in_native, id=4004, stack(0x00000000167a0000,0x00000000168a0000)]
  0x0000000014cca800 JavaThread "JDWP Event Helper Thread" daemon [_thread_blocked, id=2996, stack(0x00000000166a0000,0x00000000167a0000)]
  0x0000000014cbc000 JavaThread "JDWP Transport Listener: dt_socket" daemon [_thread_blocked, id=1864, stack(0x0000000016200000,0x0000000016300000)]
  0x0000000014cb2800 JavaThread "Attach Listener" daemon [_thread_blocked, id=1240, stack(0x0000000016100000,0x0000000016200000)]
  0x0000000014caf800 JavaThread "Signal Dispatcher" daemon [_thread_blocked, id=2696, stack(0x0000000016000000,0x0000000016100000)]
  0x00000000027a9000 JavaThread "Finalizer" daemon [_thread_blocked, id=1752, stack(0x0000000015f00000,0x0000000016000000)]
  0x00000000027a0800 JavaThread "Reference Handler" daemon [_thread_blocked, id=4804, stack(0x0000000015e00000,0x0000000015f00000)]
=>0x00000000025ae800 JavaThread "main" [_thread_in_native, id=1684, stack(0x00000000025b0000,0x00000000026b0000)]

Other Threads:
  0x0000000014c76800 VMThread [stack: 0x0000000015d00000,0x0000000015e00000] [id=3360]
  0x0000000016bf4800 WatcherThread [stack: 0x00000000170a0000,0x00000000171a0000] [id=4464]

VM state:not at safepoint (normal execution)

VM Mutex/Monitor currently owned by a thread: None

Heap:
 PSYoungGen      total 68096K, used 48071K [0x00000000ebb80000, 0x00000000f0380000, 0x0000000100000000)
  eden space 63488K, 69% used [0x00000000ebb80000,0x00000000ee66dcb0,0x00000000ef980000)
  from space 4608K, 89% used [0x00000000eff00000,0x00000000f0304010,0x00000000f0380000)
  to   space 5120K, 0% used [0x00000000ef980000,0x00000000ef980000,0x00000000efe80000)
 ParOldGen       total 42496K, used 6239K [0x00000000c3200000, 0x00000000c5b80000, 0x00000000ebb80000)
  object space 42496K, 14% used [0x00000000c3200000,0x00000000c3817d40,0x00000000c5b80000)
 Metaspace       used 17175K, capacity 17469K, committed 17664K, reserved 1064960K
  class space    used 1848K, capacity 1938K, committed 2048K, reserved 1048576K

Card table byte_map: [0x0000000011b70000,0x0000000011d60000] byte_map_base: 0x0000000011557000

Marking Bits: (ParMarkBitMap*) 0x0000000077234040
 Begin Bits: [0x00000000122b0000, 0x00000000131e8000)
 End Bits:   [0x00000000131e8000, 0x0000000014120000)

Polling page: 0x0000000000c40000

CodeCache: size=245760Kb used=10912Kb max_used=10919Kb free=234847Kb
 bounds [0x00000000027b0000, 0x0000000003270000, 0x00000000117b0000]
 total_blobs=3675 nmethods=3048 adapters=548
 compilation: enabled

Compilation events (10 events):
Event: 9.314 Thread 0x0000000014cde000 3060       3       de.lessvoid.nifty.controls.FocusHandler::lostMouseFocus (48 bytes)
Event: 9.315 Thread 0x0000000014cde000 nmethod 3060 0x0000000003262090 code [0x00000000032622e0, 0x0000000003263228]
Event: 9.315 Thread 0x0000000014cde000 3062       3       de.lessvoid.nifty.elements.Element::hasVisibleParent (33 bytes)
Event: 9.316 Thread 0x0000000014cde000 nmethod 3062 0x0000000003263950 code [0x0000000003263ae0, 0x0000000003263e88]
Event: 9.339 Thread 0x0000000014cde000 3063   !   3       java.util.zip.ZipFile::getInflater (56 bytes)
Event: 9.340 Thread 0x0000000014cde000 nmethod 3063 0x0000000003263f90 code [0x0000000003264180, 0x0000000003264d78]
Event: 13.247 Thread 0x0000000014cde000 3064       3       sun.java2d.d3d.D3DSurfaceData$D3DWindowSurfaceData::isDirty (18 bytes)
Event: 13.247 Thread 0x0000000014cde000 nmethod 3064 0x0000000003248150 code [0x00000000032482c0, 0x0000000003248548]
Event: 13.248 Thread 0x0000000014cde000 3065       3       sun.java2d.StateTrackableDelegate$1::isCurrent (17 bytes)
Event: 13.248 Thread 0x0000000014cde000 nmethod 3065 0x00000000028afd90 code [0x00000000028afee0, 0x00000000028b0090]

GC Heap History (10 events):
Event: 2.005 GC heap before
{Heap before GC invocations=2 (full 0):
 PSYoungGen      total 18432K, used 18404K [0x00000000ebb80000, 0x00000000ed000000, 0x0000000100000000)
  eden space 15872K, 100% used [0x00000000ebb80000,0x00000000ecb00000,0x00000000ecb00000)
  from space 2560K, 98% used [0x00000000ecb00000,0x00000000ecd792e0,0x00000000ecd80000)
  to   space 2560K, 0% used [0x00000000ecd80000,0x00000000ecd80000,0x00000000ed000000)
 ParOldGen       total 42496K, used 506K [0x00000000c3200000, 0x00000000c5b80000, 0x00000000ebb80000)
  object space 42496K, 1% used [0x00000000c3200000,0x00000000c327ea70,0x00000000c5b80000)
 Metaspace       used 12778K, capacity 13099K, committed 13312K, reserved 1060864K
  class space    used 1402K, capacity 1503K, committed 1536K, reserved 1048576K
Event: 2.014 GC heap after
Heap after GC invocations=2 (full 0):
 PSYoungGen      total 18432K, used 2544K [0x00000000ebb80000, 0x00000000edf80000, 0x0000000100000000)
  eden space 15872K, 0% used [0x00000000ebb80000,0x00000000ebb80000,0x00000000ecb00000)
  from space 2560K, 99% used [0x00000000ecd80000,0x00000000ecffc030,0x00000000ed000000)
  to   space 2560K, 0% used [0x00000000ecb00000,0x00000000ecb00000,0x00000000ecd80000)
 ParOldGen       total 42496K, used 1201K [0x00000000c3200000, 0x00000000c5b80000, 0x00000000ebb80000)
  object space 42496K, 2% used [0x00000000c3200000,0x00000000c332c6d0,0x00000000c5b80000)
 Metaspace       used 12778K, capacity 13099K, committed 13312K, reserved 1060864K
  class space    used 1402K, capacity 1503K, committed 1536K, reserved 1048576K
}
Event: 2.526 GC heap before
{Heap before GC invocations=3 (full 0):
 PSYoungGen      total 18432K, used 18416K [0x00000000ebb80000, 0x00000000edf80000, 0x0000000100000000)
  eden space 15872K, 100% used [0x00000000ebb80000,0x00000000ecb00000,0x00000000ecb00000)
  from space 2560K, 99% used [0x00000000ecd80000,0x00000000ecffc030,0x00000000ed000000)
  to   space 2560K, 0% used [0x00000000ecb00000,0x00000000ecb00000,0x00000000ecd80000)
 ParOldGen       total 42496K, used 1201K [0x00000000c3200000, 0x00000000c5b80000, 0x00000000ebb80000)
  object space 42496K, 2% used [0x00000000c3200000,0x00000000c332c6d0,0x00000000c5b80000)
 Metaspace       used 13691K, capacity 13949K, committed 14208K, reserved 1062912K
  class space    used 1492K, capacity 1570K, committed 1664K, reserved 1048576K
Event: 2.538 GC heap after
Heap after GC invocations=3 (full 0):
 PSYoungGen      total 18432K, used 2528K [0x00000000ebb80000, 0x00000000edf80000, 0x0000000100000000)
  eden space 15872K, 0% used [0x00000000ebb80000,0x00000000ebb80000,0x00000000ecb00000)
  from space 2560K, 98% used [0x00000000ecb00000,0x00000000ecd78020,0x00000000ecd80000)
  to   space 2560K, 0% used [0x00000000edd00000,0x00000000edd00000,0x00000000edf80000)
 ParOldGen       total 42496K, used 2924K [0x00000000c3200000, 0x00000000c5b80000, 0x00000000ebb80000)
  object space 42496K, 6% used [0x00000000c3200000,0x00000000c34db1b8,0x00000000c5b80000)
 Metaspace       used 13691K, capacity 13949K, committed 14208K, reserved 1062912K
  class space    used 1492K, capacity 1570K, committed 1664K, reserved 1048576K
}
Event: 2.938 GC heap before
{Heap before GC invocations=4 (full 0):
 PSYoungGen      total 18432K, used 18400K [0x00000000ebb80000, 0x00000000edf80000, 0x0000000100000000)
  eden space 15872K, 100% used [0x00000000ebb80000,0x00000000ecb00000,0x00000000ecb00000)
  from space 2560K, 98% used [0x00000000ecb00000,0x00000000ecd78020,0x00000000ecd80000)
  to   space 2560K, 0% used [0x00000000edd00000,0x00000000edd00000,0x00000000edf80000)
 ParOldGen       total 42496K, used 2924K [0x00000000c3200000, 0x00000000c5b80000, 0x00000000ebb80000)
  object space 42496K, 6% used [0x00000000c3200000,0x00000000c34db1b8,0x00000000c5b80000)
 Metaspace       used 14334K, capacity 14613K, committed 14720K, reserved 1062912K
  class space    used 1561K, capacity 1638K, committed 1664K, reserved 1048576K
Event: 2.949 GC heap after
Heap after GC invocations=4 (full 0):
 PSYoungGen      total 34304K, used 2528K [0x00000000ebb80000, 0x00000000edf80000, 0x0000000100000000)
  eden space 31744K, 0% used [0x00000000ebb80000,0x00000000ebb80000,0x00000000eda80000)
  from space 2560K, 98% used [0x00000000edd00000,0x00000000edf78020,0x00000000edf80000)
  to   space 2560K, 0% used [0x00000000eda80000,0x00000000eda80000,0x00000000edd00000)
 ParOldGen       total 42496K, used 3706K [0x00000000c3200000, 0x00000000c5b80000, 0x00000000ebb80000)
  object space 42496K, 8% used [0x00000000c3200000,0x00000000c359e8e0,0x00000000c5b80000)
 Metaspace       used 14334K, capacity 14613K, committed 14720K, reserved 1062912K
  class space    used 1561K, capacity 1638K, committed 1664K, reserved 1048576K
}
Event: 3.574 GC heap before
{Heap before GC invocations=5 (full 0):
 PSYoungGen      total 34304K, used 34272K [0x00000000ebb80000, 0x00000000edf80000, 0x0000000100000000)
  eden space 31744K, 100% used [0x00000000ebb80000,0x00000000eda80000,0x00000000eda80000)
  from space 2560K, 98% used [0x00000000edd00000,0x00000000edf78020,0x00000000edf80000)
  to   space 2560K, 0% used [0x00000000eda80000,0x00000000eda80000,0x00000000edd00000)
 ParOldGen       total 42496K, used 3706K [0x00000000c3200000, 0x00000000c5b80000, 0x00000000ebb80000)
  object space 42496K, 8% used [0x00000000c3200000,0x00000000c359e8e0,0x00000000c5b80000)
 Metaspace       used 14940K, capacity 15301K, committed 15616K, reserved 1062912K
  class space    used 1609K, capacity 1710K, committed 1792K, reserved 1048576K
Event: 3.604 GC heap after
Heap after GC invocations=5 (full 0):
 PSYoungGen      total 34304K, used 2544K [0x00000000ebb80000, 0x00000000f0480000, 0x0000000100000000)
  eden space 31744K, 0% used [0x00000000ebb80000,0x00000000ebb80000,0x00000000eda80000)
  from space 2560K, 99% used [0x00000000eda80000,0x00000000edcfc010,0x00000000edd00000)
  to   space 5632K, 0% used [0x00000000eff00000,0x00000000eff00000,0x00000000f0480000)
 ParOldGen       total 42496K, used 6231K [0x00000000c3200000, 0x00000000c5b80000, 0x00000000ebb80000)
  object space 42496K, 14% used [0x00000000c3200000,0x00000000c3815d40,0x00000000c5b80000)
 Metaspace       used 14940K, capacity 15301K, committed 15616K, reserved 1062912K
  class space    used 1609K, capacity 1710K, committed 1792K, reserved 1048576K
}
Event: 4.297 GC heap before
{Heap before GC invocations=6 (full 0):
 PSYoungGen      total 34304K, used 34288K [0x00000000ebb80000, 0x00000000f0480000, 0x0000000100000000)
  eden space 31744K, 100% used [0x00000000ebb80000,0x00000000eda80000,0x00000000eda80000)
  from space 2560K, 99% used [0x00000000eda80000,0x00000000edcfc010,0x00000000edd00000)
  to   space 5632K, 0% used [0x00000000eff00000,0x00000000eff00000,0x00000000f0480000)
 ParOldGen       total 42496K, used 6231K [0x00000000c3200000, 0x00000000c5b80000, 0x00000000ebb80000)
  object space 42496K, 14% used [0x00000000c3200000,0x00000000c3815d40,0x00000000c5b80000)
 Metaspace       used 16200K, capacity 16485K, committed 16768K, reserved 1064960K
  class space    used 1777K, capacity 1870K, committed 1920K, reserved 1048576K
Event: 4.309 GC heap after
Heap after GC invocations=6 (full 0):
 PSYoungGen      total 68096K, used 4112K [0x00000000ebb80000, 0x00000000f0380000, 0x0000000100000000)
  eden space 63488K, 0% used [0x00000000ebb80000,0x00000000ebb80000,0x00000000ef980000)
  from space 4608K, 89% used [0x00000000eff00000,0x00000000f0304010,0x00000000f0380000)
  to   space 5120K, 0% used [0x00000000ef980000,0x00000000ef980000,0x00000000efe80000)
 ParOldGen       total 42496K, used 6239K [0x00000000c3200000, 0x00000000c5b80000, 0x00000000ebb80000)
  object space 42496K, 14% used [0x00000000c3200000,0x00000000c3817d40,0x00000000c5b80000)
 Metaspace       used 16200K, capacity 16485K, committed 16768K, reserved 1064960K
  class space    used 1777K, capacity 1870K, committed 1920K, reserved 1048576K
}

Deoptimization events (10 events):
Event: 6.597 Thread 0x00000000025ae800 Uncommon trap: reason=unstable_if action=reinterpret pc=0x00000000030bdc90 method=de.lessvoid.nifty.render.NiftyRenderEngineImpl.updateClip(ZIIII)V @ 22
Event: 6.598 Thread 0x00000000025ae800 Uncommon trap: reason=unstable_if action=reinterpret pc=0x00000000030b7cc4 method=de.lessvoid.nifty.render.batch.BatchRenderDevice.disableClip()V @ 16
Event: 6.598 Thread 0x00000000025ae800 Uncommon trap: reason=unstable_if action=reinterpret pc=0x0000000002dac77c method=de.lessvoid.nifty.tools.SizeValue.isPercent()Z @ 4
Event: 7.587 Thread 0x00000000025ae800 Uncommon trap: reason=unstable_if action=reinterpret pc=0x000000000315bfb8 method=de.lessvoid.nifty.elements.Element.isMouseInsideElement(II)Z @ 55
Event: 8.236 Thread 0x00000000025ae800 Uncommon trap: reason=unstable_if action=reinterpret pc=0x0000000003148984 method=de.lessvoid.nifty.elements.Element.isInsideParentClipArea(II)Z @ 18
Event: 8.919 Thread 0x00000000025ae800 Uncommon trap: reason=unstable_if action=reinterpret pc=0x000000000322d5d8 method=de.lessvoid.nifty.elements.Element.isInsideParentClipArea(II)Z @ 39
Event: 8.986 Thread 0x00000000025ae800 Uncommon trap: reason=class_check action=maybe_recompile pc=0x0000000003189b98 method=de.lessvoid.nifty.effects.Effect.execute(Lde/lessvoid/nifty/render/NiftyRenderEngine;)V @ 27
Event: 9.003 Thread 0x00000000025ae800 Uncommon trap: reason=class_check action=maybe_recompile pc=0x0000000003189b98 method=de.lessvoid.nifty.effects.Effect.execute(Lde/lessvoid/nifty/render/NiftyRenderEngine;)V @ 27
Event: 9.020 Thread 0x00000000025ae800 Uncommon trap: reason=class_check action=maybe_recompile pc=0x0000000003189b98 method=de.lessvoid.nifty.effects.Effect.execute(Lde/lessvoid/nifty/render/NiftyRenderEngine;)V @ 27
Event: 9.045 Thread 0x00000000025ae800 Uncommon trap: reason=class_check action=maybe_recompile pc=0x0000000003189b98 method=de.lessvoid.nifty.effects.Effect.execute(Lde/lessvoid/nifty/render/NiftyRenderEngine;)V @ 27

Internal exceptions (10 events):
Event: 18.018 Thread 0x00000000025ae800 Exception <a 'java/security/PrivilegedActionException'> (0x00000000ee5ca4e0) thrown at [C:\re\workspace\8-2-build-windows-amd64-cygwin\jdk8u51\3951\hotspot\src\share\vm\prims\jvm.cpp, line 1382]
Event: 18.018 Thread 0x00000000025ae800 Exception <a 'java/security/PrivilegedActionException'> (0x00000000ee5cb518) thrown at [C:\re\workspace\8-2-build-windows-amd64-cygwin\jdk8u51\3951\hotspot\src\share\vm\prims\jvm.cpp, line 1382]
Event: 18.019 Thread 0x00000000025ae800 Exception <a 'java/security/PrivilegedActionException'> (0x00000000ee5d0480) thrown at [C:\re\workspace\8-2-build-windows-amd64-cygwin\jdk8u51\3951\hotspot\src\share\vm\prims\jvm.cpp, line 1382]
Event: 18.019 Thread 0x00000000025ae800 Exception <a 'java/security/PrivilegedActionException'> (0x00000000ee5d1028) thrown at [C:\re\workspace\8-2-build-windows-amd64-cygwin\jdk8u51\3951\hotspot\src\share\vm\prims\jvm.cpp, line 1382]
Event: 18.019 Thread 0x00000000025ae800 Exception <a 'java/security/PrivilegedActionException'> (0x00000000ee5d1ba0) thrown at [C:\re\workspace\8-2-build-windows-amd64-cygwin\jdk8u51\3951\hotspot\src\share\vm\prims\jvm.cpp, line 1382]
Event: 18.021 Thread 0x00000000025ae800 Exception <a 'org/lwjgl/LWJGLException'> (0x00000000ee5d3d98) thrown at [C:\re\workspace\8-2-build-windows-amd64-cygwin\jdk8u51\3951\hotspot\src\share\vm\prims\jni.cpp, line 709]
Event: 18.021 Thread 0x00000000025ae800 Exception <a 'org/lwjgl/LWJGLException'> (0x00000000ee5d4520) thrown at [C:\re\workspace\8-2-build-windows-amd64-cygwin\jdk8u51\3951\hotspot\src\share\vm\prims\jni.cpp, line 709]
Event: 18.021 Thread 0x00000000025ae800 Exception <a 'org/lwjgl/LWJGLException'> (0x00000000ee5d4cd0) thrown at [C:\re\workspace\8-2-build-windows-amd64-cygwin\jdk8u51\3951\hotspot\src\share\vm\prims\jni.cpp, line 709]
Event: 18.021 Thread 0x00000000025ae800 Exception <a 'org/lwjgl/LWJGLException'> (0x00000000ee5d5480) thrown at [C:\re\workspace\8-2-build-windows-amd64-cygwin\jdk8u51\3951\hotspot\src\share\vm\prims\jni.cpp, line 709]
Event: 18.022 Thread 0x00000000025ae800 Exception <a 'org/lwjgl/LWJGLException'> (0x00000000ee5d5c18) thrown at [C:\re\workspace\8-2-build-windows-amd64-cygwin\jdk8u51\3951\hotspot\src\share\vm\prims\jni.cpp, line 709]

Events (10 events):
Event: 18.015 Executing VM operation: ChangeSingleStep
Event: 18.015 Executing VM operation: ChangeSingleStep done
Event: 18.015 loading class org/lwjgl/LWJGLUtil$3
Event: 18.015 loading class org/lwjgl/LWJGLUtil$3 done
Event: 18.018 loading class java/lang/ClassFormatError
Event: 18.018 loading class java/lang/ClassFormatError done
Event: 18.019 loading class java/lang/AssertionStatusDirectives
Event: 18.019 loading class java/lang/AssertionStatusDirectives done
Event: 18.023 loading class org/lwjgl/opencl/CLCapabilities
Event: 18.023 loading class org/lwjgl/opencl/CLCapabilities done


Dynamic libraries:
0x00007ff70e940000 - 0x00007ff70e977000 	C:\Program Files\Java\jre1.8.0_51\bin\javaw.exe
0x00007ffe0ab60000 - 0x00007ffe0ad0c000 	C:\Windows\SYSTEM32\ntdll.dll
0x00007ffe0a120000 - 0x00007ffe0a25e000 	C:\Windows\system32\KERNEL32.DLL
0x00007ffe07d90000 - 0x00007ffe07ea5000 	C:\Windows\system32\KERNELBASE.dll
0x00007ffe06690000 - 0x00007ffe0671e000 	C:\Windows\system32\apphelp.dll
0x00007ffdf5e00000 - 0x00007ffdf5e53000 	C:\Windows\AppPatch\AppPatch64\AcGenral.DLL
0x00007ffe09c10000 - 0x00007ffe09cba000 	C:\Windows\system32\msvcrt.dll
0x00007ffe07b60000 - 0x00007ffe07b8e000 	C:\Windows\SYSTEM32\SspiCli.dll
0x00007ffe09bb0000 - 0x00007ffe09c04000 	C:\Windows\system32\SHLWAPI.dll
0x00007ffe0a260000 - 0x00007ffe0a3d7000 	C:\Windows\system32\USER32.dll
0x00007ffe0a7f0000 - 0x00007ffe0a984000 	C:\Windows\system32\ole32.dll
0x00007ffe08460000 - 0x00007ffe09979000 	C:\Windows\system32\SHELL32.dll
0x00007ffe072e0000 - 0x00007ffe07301000 	C:\Windows\SYSTEM32\USERENV.dll
0x00007ffe09b00000 - 0x00007ffe09baa000 	C:\Windows\system32\ADVAPI32.dll
0x00007ffdfe4a0000 - 0x00007ffdfe4be000 	C:\Windows\SYSTEM32\MPR.dll
0x00007ffe0a990000 - 0x00007ffe0aad1000 	C:\Windows\system32\RPCRT4.dll
0x00007ffe083a0000 - 0x00007ffe083f9000 	C:\Windows\SYSTEM32\sechost.dll
0x00007ffe09f00000 - 0x00007ffe0a111000 	C:\Windows\SYSTEM32\combase.dll
0x00007ffe0a3e0000 - 0x00007ffe0a530000 	C:\Windows\system32\GDI32.dll
0x00007ffe07cc0000 - 0x00007ffe07cd5000 	C:\Windows\SYSTEM32\profapi.dll
0x00007ffe05d80000 - 0x00007ffe05e32000 	C:\Windows\SYSTEM32\SHCORE.dll
0x00007ffe09cc0000 - 0x00007ffe09cf6000 	C:\Windows\system32\IMM32.DLL
0x00007ffe0a690000 - 0x00007ffe0a7e2000 	C:\Windows\system32\MSCTF.dll
0x00007ffe00850000 - 0x00007ffe00aca000 	C:\Windows\WinSxS\amd64_microsoft.windows.common-controls_6595b64144ccf1df_6.0.9600.17810_none_6240b9c7ecbd0bda\COMCTL32.dll
0x00000000766f0000 - 0x00000000767c2000 	C:\Program Files\Java\jre1.8.0_51\bin\msvcr100.dll
0x0000000076a30000 - 0x00000000772b3000 	C:\Program Files\Java\jre1.8.0_51\bin\server\jvm.dll
0x00007ffe05a70000 - 0x00007ffe05a79000 	C:\Windows\SYSTEM32\WSOCK32.dll
0x00007ffe00640000 - 0x00007ffe00662000 	C:\Windows\SYSTEM32\WINMM.dll
0x00007ffe05e50000 - 0x00007ffe05e5a000 	C:\Windows\SYSTEM32\VERSION.dll
0x00007ffe0ab40000 - 0x00007ffe0ab47000 	C:\Windows\system32\PSAPI.DLL
0x00007ffe0aae0000 - 0x00007ffe0ab3a000 	C:\Windows\system32\WS2_32.dll
0x00007ffe00540000 - 0x00007ffe0056a000 	C:\Windows\SYSTEM32\WINMMBASE.dll
0x00007ffe0a5a0000 - 0x00007ffe0a5a9000 	C:\Windows\system32\NSI.dll
0x00007ffe07eb0000 - 0x00007ffe07eff000 	C:\Windows\SYSTEM32\cfgmgr32.dll
0x00007ffe06ab0000 - 0x00007ffe06ad8000 	C:\Windows\SYSTEM32\DEVOBJ.dll
0x0000000076940000 - 0x000000007694f000 	C:\Program Files\Java\jre1.8.0_51\bin\verify.dll
0x0000000076910000 - 0x0000000076939000 	C:\Program Files\Java\jre1.8.0_51\bin\java.dll
0x00000000766b0000 - 0x00000000766e5000 	C:\Program Files\Java\jre1.8.0_51\bin\jdwp.dll
0x00000000766a0000 - 0x00000000766a8000 	C:\Program Files\Java\jre1.8.0_51\bin\npt.dll
0x00000000768f0000 - 0x0000000076906000 	C:\Program Files\Java\jre1.8.0_51\bin\zip.dll
0x0000000076690000 - 0x0000000076699000 	C:\Program Files\Java\jre1.8.0_51\bin\dt_socket.dll
0x00007ffdf7190000 - 0x00007ffdf71a5000 	C:\Windows\system32\napinsp.dll
0x00007ffdf72c0000 - 0x00007ffdf72da000 	C:\Windows\system32\pnrpnsp.dll
0x00007ffe05f00000 - 0x00007ffe05f1b000 	C:\Windows\system32\NLAapi.dll
0x00007ffe075a0000 - 0x00007ffe075f9000 	C:\Windows\System32\mswsock.dll
0x00007ffe073a0000 - 0x00007ffe07444000 	C:\Windows\SYSTEM32\DNSAPI.dll
0x00007ffdf72e0000 - 0x00007ffdf72ed000 	C:\Windows\System32\winrnr.dll
0x00007ffdfa990000 - 0x00007ffdfa9a4000 	C:\Windows\system32\wshbth.dll
0x0000000077390000 - 0x00000000773b6000 	C:\Program Files\Bonjour\mdnsNSP.dll
0x00007ffe05350000 - 0x00007ffe0537a000 	C:\Windows\SYSTEM32\Iphlpapi.DLL
0x00007ffe05320000 - 0x00007ffe0532a000 	C:\Windows\SYSTEM32\WINNSI.DLL
0x00007ffe04760000 - 0x00007ffe047cb000 	C:\Windows\System32\fwpuclnt.dll
0x00007ffdfb250000 - 0x00007ffdfb25a000 	C:\Windows\System32\rasadhlp.dll
0x0000000180000000 - 0x0000000180053000 	C:\Users\ropoLaptopn\Desktop\merged methods\Neck_Veins\Neck_Veins\NeckVeins 1.0\lwjgl-2.9.3\native\windows\lwjgl64.dll
0x00007ffdf2390000 - 0x00007ffdf24bb000 	C:\Windows\SYSTEM32\OPENGL32.dll
0x00007ffdf7380000 - 0x00007ffdf73ae000 	C:\Windows\SYSTEM32\GLU32.dll
0x00007ffdf2cf0000 - 0x00007ffdf2de8000 	C:\Windows\SYSTEM32\DDRAW.dll
0x00007ffe05100000 - 0x00007ffe05109000 	C:\Windows\SYSTEM32\DCIMAN32.dll
0x00000000764f0000 - 0x0000000076688000 	C:\Program Files\Java\jre1.8.0_51\bin\awt.dll
0x00007ffe0a5c0000 - 0x00007ffe0a681000 	C:\Windows\system32\OLEAUT32.dll
0x00007ffe060e0000 - 0x00007ffe06101000 	C:\Windows\system32\DWMAPI.DLL
0x00007ffe06930000 - 0x00007ffe06a59000 	C:\Windows\system32\uxtheme.dll
0x00007ffe06b00000 - 0x00007ffe06b0b000 	C:\Windows\SYSTEM32\kernel.appcore.dll
0x00007ffe07c00000 - 0x00007ffe07c0b000 	C:\Windows\SYSTEM32\CRYPTBASE.dll
0x00007ffe07b90000 - 0x00007ffe07bf3000 	C:\Windows\SYSTEM32\bcryptPrimitives.dll
0x00007ffdf1590000 - 0x00007ffdf17b1000 	C:\Windows\system32\d3d9.dll
0x00007ffe03cb0000 - 0x00007ffe03cbd000 	C:\Windows\SYSTEM32\atiu9p64.dll
0x0000000075fe0000 - 0x00000000764e1000 	C:\Windows\SYSTEM32\atiumd64.dll
0x0000000075cc0000 - 0x0000000075fdb000 	C:\Windows\SYSTEM32\atiumd6a.dll
0x0000000075c70000 - 0x0000000075cb7000 	C:\Program Files\Java\jre1.8.0_51\bin\fontmanager.dll
0x0000000075c60000 - 0x0000000075c67000 	C:\Program Files\Java\jre1.8.0_51\bin\jawt.dll
0x00007ffe03af0000 - 0x00007ffe03af8000 	C:\Windows\SYSTEM32\atig6pxx.dll
0x0000000069030000 - 0x000000006a444000 	C:\Windows\SYSTEM32\atio6axx.dll
0x00007ffe00630000 - 0x00007ffe0063a000 	C:\Windows\SYSTEM32\atig6txx.dll
0x00007ffdf1bd0000 - 0x00007ffdf1d1c000 	C:\Windows\SYSTEM32\aticfx64.dll
0x00000000176a0000 - 0x00000000176f7000 	C:\Windows\SYSTEM32\atiadlxx.dll
0x00007ffe09d20000 - 0x00007ffe09efa000 	C:\Windows\system32\SETUPAPI.dll
0x00007ffe07f00000 - 0x00007ffe07f51000 	C:\Windows\system32\WINTRUST.dll
0x00007ffe07f60000 - 0x00007ffe0813f000 	C:\Windows\system32\CRYPT32.dll
0x00007ffe07d70000 - 0x00007ffe07d81000 	C:\Windows\system32\MSASN1.dll
0x00007ffe07600000 - 0x00007ffe07620000 	C:\Windows\SYSTEM32\CRYPTSP.dll
0x00007ffe071d0000 - 0x00007ffe07206000 	C:\Windows\system32\rsaenh.dll
0x00007ffe07850000 - 0x00007ffe07876000 	C:\Windows\SYSTEM32\bcrypt.dll
0x00000000768d0000 - 0x00000000768ea000 	C:\Program Files\Java\jre1.8.0_51\bin\net.dll
0x00007ffe04a40000 - 0x00007ffe04a56000 	C:\Windows\SYSTEM32\dhcpcsvc6.DLL
0x00007ffe04bd0000 - 0x00007ffe04bea000 	C:\Windows\SYSTEM32\dhcpcsvc.DLL
0x00000000768b0000 - 0x00000000768c1000 	C:\Program Files\Java\jre1.8.0_51\bin\nio.dll
0x0000000018500000 - 0x0000000018516000 	C:\Users\ropoLaptopn\Desktop\merged methods\Neck_Veins\Neck_Veins\NeckVeins 1.0\lwjgl-2.9.3\native\windows\jinput-dx8_64.dll
0x00007ffdf72f0000 - 0x00007ffdf7332000 	C:\Windows\SYSTEM32\DINPUT8.dll
0x00007ffe06e80000 - 0x00007ffe06e8d000 	C:\Windows\SYSTEM32\HID.DLL
0x000000001b4b0000 - 0x000000001b4c4000 	C:\Users\ropoLaptopn\Desktop\merged methods\Neck_Veins\Neck_Veins\NeckVeins 1.0\lwjgl-2.9.3\native\windows\jinput-raw_64.dll
0x00007ffdf71e0000 - 0x00007ffdf71f6000 	C:\Windows\SYSTEM32\OpenCL.dll
0x00007ffde5860000 - 0x00007ffde868f000 	C:\Windows\SYSTEM32\amdocl64.dll
0x00007ffdf0050000 - 0x00007ffdf01d9000 	C:\Windows\SYSTEM32\dbghelp.dll

VM Arguments:
jvm_args: -agentlib:jdwp=transport=dt_socket,suspend=y,address=localhost:52757 -Djava.library.path=C:\Users\ropoLaptopn\Desktop\merged methods\Neck_Veins\Neck_Veins\NeckVeins 1.0\libs\Leap\x64;C:\Users\ropoLaptopn\Desktop\merged methods\Neck_Veins\Neck_Veins\NeckVeins 1.0\lwjgl-2.9.3\native\windows;C:\Users\ropoLaptopn\Desktop\merged methods\Neck_Veins\Neck_Veins\NeckVeins 1.0\lwjgl-2.9.3\native\windows;C:\Users\ropoLaptopn\Desktop\merged methods\Neck_Veins\Neck_Veins\NeckVeins 1.0\lwjgl-2.9.3\native\windows -Dfile.encoding=Cp1250 
java_command: si.uni_lj.fri.veins3D.main.Main
java_class_path (initial): C:\Users\ropoLaptopn\Desktop\merged methods\Neck_Veins\Neck_Veins\NeckVeins 1.0\bin;C:\Users\ropoLaptopn\Desktop\merged methods\Neck_Veins\Neck_Veins\NeckVeins 1.0\libs\TWL.jar;C:\Users\ropoLaptopn\Desktop\merged methods\Neck_Veins\Neck_Veins\NeckVeins 1.0\libs\slick-util.jar;C:\Users\ropoLaptopn\Desktop\merged methods\Neck_Veins\Neck_Veins\NeckVeins 1.0\libs\xpp3-1.1.4c.jar;C:\Users\ropoLaptopn\Desktop\merged methods\Neck_Veins\Neck_Veins\NeckVeins 1.0\libs\LeapJava.jar;C:\Users\ropoLaptopn\Desktop\merged methods\Neck_Veins\Neck_Veins\NeckVeins 1.0\libs\ejml-v0.27-libs\EJML-core-0.27.jar;C:\Users\ropoLaptopn\Desktop\merged methods\Neck_Veins\Neck_Veins\NeckVeins 1.0\libs\ejml-v0.27-libs\EJML-simple-0.27.jar;C:\Users\ropoLaptopn\Desktop\merged methods\Neck_Veins\Neck_Veins\NeckVeins 1.0\libs\ejml-v0.27-libs\EJML-dense64-0.27.jar;C:\Users\ropoLaptopn\Desktop\merged methods\Neck_Veins\Neck_Veins\NeckVeins 1.0\libs\ejml-v0.27-libs\EJML-denseC64-0.27.jar;C:\Users\ropoLaptopn\Desktop\merged methods\Neck_Veins\Neck_Veins\NeckVeins 1.0\libs\ejml-v0.27-libs\EJML-equation-0.27.jar;C:\Users\ropoLaptopn\Desktop\merged methods\Neck_Veins\Neck_Veins\NeckVeins 1.0\libs\nifty-1.4.1\dependencies\eventbus-1.4.jar;C:\Users\ropoLaptopn\Desktop\merged methods\Neck_Veins\Neck_Veins\NeckVeins 1.0\libs\nifty-1.4.1\dependencies\jglfont-core-1.4.jar;C:\Users\ropoLaptopn\Desktop\merged methods\Neck_Veins\Neck_Veins\NeckVeins 1.0\libs\nifty-1.4.1\dependencies\jorbis-0.0.17.jar;C:\Users\ropoLaptopn\Desktop\merged methods\Neck_Veins\Neck_Veins\NeckVeins 1.0\lwjgl-2.9.3\jar\AppleJavaExtensions.jar;C:\Users\ropoLaptopn\Desktop\merged methods\Neck_Veins\Neck_Veins\NeckVeins 1.0\lwjgl-2.9.3\jar\jinput.jar;C:\Users\ropoLaptopn\Desktop\merged methods\Neck_Veins\Neck_Veins\NeckVeins 1.0\lwjgl-2.9.3\jar\laf-plugin-7.2.1.jar;C:\Users\ropoLaptopn\Desktop\merged methods\Neck_Veins\Neck_Veins\NeckVeins 1.0\lwjgl-2.9.3\jar\laf-widget-7.2.1.jar;C:\Users\ropoLaptopn\Desktop\merged
Launcher Type: SUN_STANDARD

Environment Variables:
PATH=C:/Program Files/Java/jre1.8.0_51/bin/server;C:/Program Files/Java/jre1.8.0_51/bin;C:/Program Files/Java/jre1.8.0_51/lib/amd64;C:\ProgramData\Oracle\Java\javapath;c:\Rtools\bin;c:\Rtools\gcc-4.6.3\bin;C:\Windows\system32;C:\Windows;C:\Windows\System32\Wbem;C:\Windows\System32\WindowsPowerShell\v1.0\;C:\Program Files (x86)\AMD\ATI.ACE\Core-Static;C:\Rtools\bin;C:\Rtools\gcc-4.6.3\bin;C:\Program Files\TortoiseGit\bin;C:\Python27;C:\Program Files (x86)\Skype\Phone\;C:\Users\ropoLaptopn\Desktop\eclipse;
USERNAME=ropoLaptopn
OS=Windows_NT
PROCESSOR_IDENTIFIER=Intel64 Family 6 Model 37 Stepping 2, GenuineIntel



---------------  S Y S T E M  ---------------

OS: Windows 8.1 , 64 bit Build 9600 (6.3.9600.17415)

CPU:total 4 (2 cores per cpu, 2 threads per core) family 6 model 37 stepping 2, cmov, cx8, fxsr, mmx, sse, sse2, sse3, ssse3, sse4.1, sse4.2, popcnt, ht, tsc, tscinvbit

Memory: 4k page, physical 3985892k(1823432k free), swap 5473664k(2375868k free)

vm_info: Java HotSpot(TM) 64-Bit Server VM (25.51-b03) for windows-amd64 JRE (1.8.0_51-b16), built on Jun  8 2015 18:03:07 by "java_re" with MS VC++ 10.0 (VS2010)

time: Sun Aug 23 09:30:46 2015
elapsed time: 18 seconds (0d 0h 0m 18s)

