#
# A fatal error has been detected by the Java Runtime Environment:
#
#  EXCEPTION_ACCESS_VIOLATION (0xc0000005) at pc=0x0000000000000000, pid=3512, tid=2236
#
# JRE version: Java(TM) SE Runtime Environment (8.0_45-b15) (build 1.8.0_45-b15)
# Java VM: Java HotSpot(TM) 64-Bit Server VM (25.45-b02 mixed mode windows-amd64 compressed oops)
# Problematic frame:
# C  0x0000000000000000
#
# Failed to write core dump. Minidumps are not enabled by default on client versions of Windows
#
# If you would like to submit a bug report, please visit:
#   http://bugreport.java.com/bugreport/crash.jsp
# The crash happened outside the Java Virtual Machine in native code.
# See problematic frame for where to report the bug.
#

---------------  T H R E A D  ---------------

Current thread (0x000000000250e800):  JavaThread "main" [_thread_in_native, id=2236, stack(0x00000000021d0000,0x00000000022d0000)]

siginfo: ExceptionCode=0xc0000005, ExceptionInformation=0x0000000000000008 0x0000000000000000

Registers:
RAX=0x0000000000000000, RBX=0x000000001dcdfb40, RCX=0x000000001dcdfb40, RDX=0x0000000000000000
RSP=0x00000000022cdfd8, RBP=0x00000000022ce088, RSI=0x000000001dcdfb40, RDI=0x0000000080c00468
R8 =0x000000000000007f, R9 =0x0000000000000054, R10=0x00000000000000a2, R11=0x0000000000000288
R12=0x0000000000000000, R13=0x00000000212d3cb0, R14=0x00000000022ce0b0, R15=0x000000000250e800
RIP=0x0000000000000000, EFLAGS=0x0000000000010202

Top of Stack: (sp=0x00000000022cdfd8)
0x00000000022cdfd8:   0000000180003c9d 000000001dcdfb40
0x00000000022cdfe8:   000000000250e800 00000000022ce088
0x00000000022cdff8:   000000001dcdfb40 00000000212d3cb0
0x00000000022ce008:   000000000252d98c 0000000080c00468
0x00000000022ce018:   000000000252d3eb 000000000250e800
0x00000000022ce028:   00000000212d3cb0 000000001dcdfb40
0x00000000022ce038:   000000000250e800 000000000252d3a2
0x00000000022ce048:   00000000022ce048 00000000212d3cb0
0x00000000022ce058:   00000000022ce0b0 00000000212d3f18
0x00000000022ce068:   0000000000000000 00000000212d3cb0
0x00000000022ce078:   0000000000000000 00000000022ce0a8
0x00000000022ce088:   00000000022ce0f8 00000000025178a0
0x00000000022ce098:   00000000e948b4f8 00000000025242f7
0x00000000022ce0a8:   000000001dcdfb40 00000000e948b680
0x00000000022ce0b8:   00000000022ce0b8 00000000212d3c01
0x00000000022ce0c8:   00000000022ce110 00000000212d3f18 

Instructions: (pc=0x0000000000000000)
0xffffffffffffffe0:   


Register to memory mapping:

RAX=0x0000000000000000 is an unknown value
RBX=0x000000001dcdfb40 is an unknown value
RCX=0x000000001dcdfb40 is an unknown value
RDX=0x0000000000000000 is an unknown value
RSP=0x00000000022cdfd8 is pointing into the stack for thread: 0x000000000250e800
RBP=0x00000000022ce088 is pointing into the stack for thread: 0x000000000250e800
RSI=0x000000001dcdfb40 is an unknown value
RDI=0x0000000080c00468 is an oop
sun.misc.Unsafe 
 - klass: 'sun/misc/Unsafe'
R8 =0x000000000000007f is an unknown value
R9 =0x0000000000000054 is an unknown value
R10=0x00000000000000a2 is an unknown value
R11=0x0000000000000288 is an unknown value
R12=0x0000000000000000 is an unknown value
R13={method} {0x00000000212d3cb8} 'ngetFunctionAddress' '(J)J' in 'org/lwjgl/opencl/CL'
R14=0x00000000022ce0b0 is pointing into the stack for thread: 0x000000000250e800
R15=0x000000000250e800 is a thread


Stack: [0x00000000021d0000,0x00000000022d0000],  sp=0x00000000022cdfd8,  free space=1015k
Native frames: (J=compiled Java code, j=interpreted, Vv=VM code, C=native code)

Java frames: (J=compiled Java code, j=interpreted, Vv=VM code)
j  org.lwjgl.opencl.CL.ngetFunctionAddress(J)J+0
j  org.lwjgl.opencl.CL.getFunctionAddress(Ljava/lang/String;)J+9
j  org.lwjgl.opencl.CLCapabilities.<clinit>()V+2
v  ~StubRoutines::call_stub
j  org.lwjgl.opencl.CL10.clCreateKernel(Lorg/lwjgl/opencl/CLProgram;Ljava/lang/CharSequence;Ljava/nio/IntBuffer;)Lorg/lwjgl/opencl/CLKernel;+0
j  si.uni_lj.fri.segmentation.ModelCreator.execMarchingCubes(F)[Ljava/lang/Object;+7
j  si.uni_lj.fri.segmentation.ModelCreator.changeModel(D)[Ljava/lang/Object;+10
j  si.uni_lj.fri.veins3D.gui.render.models.VeinsModel.changeThreshold(D)V+1
j  si.uni_lj.fri.veins3D.gui.render.models.VeinsModel.<init>(DLsi/uni_lj/fri/veins3D/math/Quaternion;)V+31
j  si.uni_lj.fri.veins3D.gui.render.VeinsRenderer.changeModel(D)V+20
j  si.uni_lj.fri.veins3D.gui.VeinsFrame.applyModelThreshold()V+25
j  si.uni_lj.fri.veins3D.gui.VeinsFrame.access$4(Lsi/uni_lj/fri/veins3D/gui/VeinsFrame;)V+1
j  si.uni_lj.fri.veins3D.gui.VeinsFrame$3.run()V+11
j  de.matthiasmann.twl.utils.CallbackSupport.fireCallbacks([Ljava/lang/Runnable;)V+23
j  de.matthiasmann.twl.model.SimpleButtonModel.fireActionCallback()V+4
j  de.matthiasmann.twl.model.SimpleButtonModel.buttonAction()V+1
J 2238 C1 de.matthiasmann.twl.model.SimpleButtonModel.setPressed(Z)V (51 bytes) @ 0x0000000002f0f2c4 [0x0000000002f0eb00+0x7c4]
j  de.matthiasmann.twl.Button.handleEvent(Lde/matthiasmann/twl/Event;)Z+170
J 2215 C1 de.matthiasmann.twl.GUI.sendMouseEvent(Lde/matthiasmann/twl/Event$Type;Lde/matthiasmann/twl/Widget;)Lde/matthiasmann/twl/Widget; (218 bytes) @ 0x0000000002efcb1c [0x0000000002efbc20+0xefc]
J 2151 C1 de.matthiasmann.twl.GUI.handleMouse(IIIZ)Z (916 bytes) @ 0x0000000002ed35dc [0x0000000002ed1ce0+0x18fc]
J 2106 C1 de.matthiasmann.twl.input.lwjgl.LWJGLInput.pollInput(Lde/matthiasmann/twl/GUI;)Z (114 bytes) @ 0x0000000002e66ecc [0x0000000002e65da0+0x112c]
J 2103 C1 de.matthiasmann.twl.GUI.update()V (41 bytes) @ 0x0000000002e64c24 [0x0000000002e64380+0x8a4]
j  si.uni_lj.fri.veins3D.gui.VeinsWindow.mainLoop()V+87
j  si.uni_lj.fri.veins3D.gui.Main.main([Ljava/lang/String;)V+7
v  ~StubRoutines::call_stub

---------------  P R O C E S S  ---------------

Java Threads: ( => current thread )
  0x000000001dd69000 JavaThread "Thread-3" daemon [_thread_blocked, id=3124, stack(0x0000000021a60000,0x0000000021b60000)]
  0x000000001d8c4800 JavaThread "Thread-2" daemon [_thread_in_native, id=4936, stack(0x0000000020060000,0x0000000020160000)]
  0x00000000195e1800 JavaThread "Service Thread" daemon [_thread_blocked, id=1148, stack(0x000000001a4d0000,0x000000001a5d0000)]
  0x000000001954a800 JavaThread "C1 CompilerThread3" daemon [_thread_blocked, id=3052, stack(0x000000001a3d0000,0x000000001a4d0000)]
  0x000000001954a000 JavaThread "C2 CompilerThread2" daemon [_thread_blocked, id=1596, stack(0x000000001a2d0000,0x000000001a3d0000)]
  0x0000000019549000 JavaThread "C2 CompilerThread1" daemon [_thread_blocked, id=5076, stack(0x000000001a1d0000,0x000000001a2d0000)]
  0x0000000019543800 JavaThread "C2 CompilerThread0" daemon [_thread_blocked, id=5080, stack(0x000000001a0d0000,0x000000001a1d0000)]
  0x0000000019534800 JavaThread "JDWP Command Reader" daemon [_thread_in_native, id=4672, stack(0x0000000019fd0000,0x000000001a0d0000)]
  0x000000001952f000 JavaThread "JDWP Event Helper Thread" daemon [_thread_blocked, id=196, stack(0x0000000019ed0000,0x0000000019fd0000)]
  0x0000000019522000 JavaThread "JDWP Transport Listener: dt_socket" daemon [_thread_blocked, id=5924, stack(0x0000000019dd0000,0x0000000019ed0000)]
  0x000000001951a800 JavaThread "Attach Listener" daemon [_thread_blocked, id=5304, stack(0x00000000199f0000,0x0000000019af0000)]
  0x0000000019519800 JavaThread "Signal Dispatcher" daemon [_thread_blocked, id=2428, stack(0x00000000198f0000,0x00000000199f0000)]
  0x000000000243b000 JavaThread "Finalizer" daemon [_thread_blocked, id=5808, stack(0x00000000193f0000,0x00000000194f0000)]
  0x0000000002433000 JavaThread "Reference Handler" daemon [_thread_blocked, id=1944, stack(0x00000000192f0000,0x00000000193f0000)]
=>0x000000000250e800 JavaThread "main" [_thread_in_native, id=2236, stack(0x00000000021d0000,0x00000000022d0000)]

Other Threads:
  0x000000001750a000 VMThread [stack: 0x00000000191f0000,0x00000000192f0000] [id=5756]
  0x00000000195e4800 WatcherThread [stack: 0x000000001a5d0000,0x000000001a6d0000] [id=776]

VM state:not at safepoint (normal execution)

VM Mutex/Monitor currently owned by a thread: None

Heap:
 PSYoungGen      total 660480K, used 337652K [0x00000000d5980000, 0x0000000100000000, 0x0000000100000000)
  eden space 647680K, 50% used [0x00000000d5980000,0x00000000e96c43b0,0x00000000fd200000)
  from space 12800K, 99% used [0x00000000ff380000,0x00000000ffff8da0,0x0000000100000000)
  to   space 23552K, 0% used [0x00000000fd200000,0x00000000fd200000,0x00000000fe900000)
 ParOldGen       total 249856K, used 167837K [0x0000000080c00000, 0x0000000090000000, 0x00000000d5980000)
  object space 249856K, 67% used [0x0000000080c00000,0x000000008afe74d0,0x0000000090000000)
 Metaspace       used 10700K, capacity 10817K, committed 10880K, reserved 1058816K
  class space    used 1130K, capacity 1139K, committed 1152K, reserved 1048576K

Card table byte_map: [0x00000000118d0000,0x0000000011cd0000] byte_map_base: 0x00000000114ca000

Marking Bits: (ParMarkBitMap*) 0x0000000053da4040
 Begin Bits: [0x0000000012780000, 0x0000000014750000)
 End Bits:   [0x0000000014750000, 0x0000000016720000)

Polling page: 0x0000000000920000

CodeCache: size=245760Kb used=10238Kb max_used=10238Kb free=235521Kb
 bounds [0x0000000002510000, 0x0000000002f20000, 0x0000000011510000]
 total_blobs=2518 nmethods=2010 adapters=429
 compilation: enabled

Compilation events (10 events):
Event: 77.919 Thread 0x000000001954a000 nmethod 2239 0x0000000002f0b990 code [0x0000000002f0bae0, 0x0000000002f0bbb8]
Event: 77.921 Thread 0x000000001954a800 nmethod 2240 0x0000000002f0d850 code [0x0000000002f0da40, 0x0000000002f0e5c8]
Event: 77.936 Thread 0x000000001954a800 2241       3       de.matthiasmann.twl.theme.ImageAdjustments::getWidth (55 bytes)
Event: 77.936 Thread 0x000000001954a800 nmethod 2241 0x0000000002f0b2d0 code [0x0000000002f0b460, 0x0000000002f0b838]
Event: 77.936 Thread 0x000000001954a800 2242       3       de.matthiasmann.twl.Button::setVisible (14 bytes)
Event: 77.938 Thread 0x000000001954a800 nmethod 2242 0x0000000002f0c4d0 code [0x0000000002f0c6e0, 0x0000000002f0d378]
Event: 78.101 Thread 0x0000000019543800 2243       4       de.matthiasmann.twl.Widget::isMouseInside (13 bytes)
Event: 78.104 Thread 0x0000000019543800 nmethod 2243 0x0000000002f0c210 code [0x0000000002f0c340, 0x0000000002f0c3f8]
Event: 78.317 Thread 0x000000001954a800 2244       1       si.uni_lj.fri.veins3D.gui.render.VeinsRenderer::getCamera (5 bytes)
Event: 78.317 Thread 0x000000001954a800 nmethod 2244 0x0000000002f0bf50 code [0x0000000002f0c0a0, 0x0000000002f0c1b0]

GC Heap History (10 events):
Event: 39.938 GC heap before
{Heap before GC invocations=179 (full 5):
 PSYoungGen      total 684544K, used 681267K [0x00000000d5980000, 0x0000000100000000, 0x0000000100000000)
  eden space 674304K, 100% used [0x00000000d5980000,0x00000000fec00000,0x00000000fec00000)
  from space 10240K, 67% used [0x00000000fec00000,0x00000000ff2ccca0,0x00000000ff600000)
  to   space 10240K, 0% used [0x00000000ff600000,0x00000000ff600000,0x0000000100000000)
 ParOldGen       total 249856K, used 137926K [0x0000000080c00000, 0x0000000090000000, 0x00000000d5980000)
  object space 249856K, 55% used [0x0000000080c00000,0x00000000892b19d0,0x0000000090000000)
 Metaspace       used 10210K, capacity 10305K, committed 10368K, reserved 1058816K
  class space    used 1113K, capacity 1139K, committed 1152K, reserved 1048576K
Event: 39.948 GC heap after
Heap after GC invocations=179 (full 5):
 PSYoungGen      total 684544K, used 6675K [0x00000000d5980000, 0x0000000100000000, 0x0000000100000000)
  eden space 674304K, 0% used [0x00000000d5980000,0x00000000d5980000,0x00000000fec00000)
  from space 10240K, 65% used [0x00000000ff600000,0x00000000ffc84ca0,0x0000000100000000)
  to   space 10240K, 0% used [0x00000000fec00000,0x00000000fec00000,0x00000000ff600000)
 ParOldGen       total 249856K, used 138366K [0x0000000080c00000, 0x0000000090000000, 0x00000000d5980000)
  object space 249856K, 55% used [0x0000000080c00000,0x000000008931f9d0,0x0000000090000000)
 Metaspace       used 10210K, capacity 10305K, committed 10368K, reserved 1058816K
  class space    used 1113K, capacity 1139K, committed 1152K, reserved 1048576K
}
Event: 40.393 GC heap before
{Heap before GC invocations=180 (full 5):
 PSYoungGen      total 684544K, used 680979K [0x00000000d5980000, 0x0000000100000000, 0x0000000100000000)
  eden space 674304K, 100% used [0x00000000d5980000,0x00000000fec00000,0x00000000fec00000)
  from space 10240K, 65% used [0x00000000ff600000,0x00000000ffc84ca0,0x0000000100000000)
  to   space 10240K, 0% used [0x00000000fec00000,0x00000000fec00000,0x00000000ff600000)
 ParOldGen       total 249856K, used 138366K [0x0000000080c00000, 0x0000000090000000, 0x00000000d5980000)
  object space 249856K, 55% used [0x0000000080c00000,0x000000008931f9d0,0x0000000090000000)
 Metaspace       used 10279K, capacity 10369K, committed 10624K, reserved 1058816K
  class space    used 1115K, capacity 1139K, committed 1152K, reserved 1048576K
Event: 40.401 GC heap after
Heap after GC invocations=180 (full 5):
 PSYoungGen      total 684544K, used 10240K [0x00000000d5980000, 0x0000000100000000, 0x0000000100000000)
  eden space 674304K, 0% used [0x00000000d5980000,0x00000000d5980000,0x00000000fec00000)
  from space 10240K, 100% used [0x00000000fec00000,0x00000000ff600000,0x00000000ff600000)
  to   space 10240K, 0% used [0x00000000ff600000,0x00000000ff600000,0x0000000100000000)
 ParOldGen       total 249856K, used 139526K [0x0000000080c00000, 0x0000000090000000, 0x00000000d5980000)
  object space 249856K, 55% used [0x0000000080c00000,0x00000000894419d0,0x0000000090000000)
 Metaspace       used 10279K, capacity 10369K, committed 10624K, reserved 1058816K
  class space    used 1115K, capacity 1139K, committed 1152K, reserved 1048576K
}
Event: 40.966 GC heap before
{Heap before GC invocations=181 (full 5):
 PSYoungGen      total 684544K, used 684544K [0x00000000d5980000, 0x0000000100000000, 0x0000000100000000)
  eden space 674304K, 100% used [0x00000000d5980000,0x00000000fec00000,0x00000000fec00000)
  from space 10240K, 100% used [0x00000000fec00000,0x00000000ff600000,0x00000000ff600000)
  to   space 10240K, 0% used [0x00000000ff600000,0x00000000ff600000,0x0000000100000000)
 ParOldGen       total 249856K, used 139526K [0x0000000080c00000, 0x0000000090000000, 0x00000000d5980000)
  object space 249856K, 55% used [0x0000000080c00000,0x00000000894419d0,0x0000000090000000)
 Metaspace       used 10280K, capacity 10369K, committed 10624K, reserved 1058816K
  class space    used 1116K, capacity 1139K, committed 1152K, reserved 1048576K
Event: 40.974 GC heap after
Heap after GC invocations=181 (full 5):
 PSYoungGen      total 679424K, used 10221K [0x00000000d5980000, 0x0000000100000000, 0x0000000100000000)
  eden space 669184K, 0% used [0x00000000d5980000,0x00000000d5980000,0x00000000fe700000)
  from space 10240K, 99% used [0x00000000ff600000,0x00000000ffffb790,0x0000000100000000)
  to   space 12800K, 0% used [0x00000000fe700000,0x00000000fe700000,0x00000000ff380000)
 ParOldGen       total 249856K, used 141885K [0x0000000080c00000, 0x0000000090000000, 0x00000000d5980000)
  object space 249856K, 56% used [0x0000000080c00000,0x000000008968f720,0x0000000090000000)
 Metaspace       used 10280K, capacity 10369K, committed 10624K, reserved 1058816K
  class space    used 1116K, capacity 1139K, committed 1152K, reserved 1048576K
}
Event: 41.648 GC heap before
{Heap before GC invocations=182 (full 5):
 PSYoungGen      total 679424K, used 679405K [0x00000000d5980000, 0x0000000100000000, 0x0000000100000000)
  eden space 669184K, 100% used [0x00000000d5980000,0x00000000fe700000,0x00000000fe700000)
  from space 10240K, 99% used [0x00000000ff600000,0x00000000ffffb790,0x0000000100000000)
  to   space 12800K, 0% used [0x00000000fe700000,0x00000000fe700000,0x00000000ff380000)
 ParOldGen       total 249856K, used 141885K [0x0000000080c00000, 0x0000000090000000, 0x00000000d5980000)
  object space 249856K, 56% used [0x0000000080c00000,0x000000008968f720,0x0000000090000000)
 Metaspace       used 10280K, capacity 10369K, committed 10624K, reserved 1058816K
  class space    used 1116K, capacity 1139K, committed 1152K, reserved 1048576K
Event: 41.671 GC heap after
Heap after GC invocations=182 (full 5):
 PSYoungGen      total 681984K, used 12793K [0x00000000d5980000, 0x0000000100000000, 0x0000000100000000)
  eden space 669184K, 0% used [0x00000000d5980000,0x00000000d5980000,0x00000000fe700000)
  from space 12800K, 99% used [0x00000000fe700000,0x00000000ff37e520,0x00000000ff380000)
  to   space 12800K, 0% used [0x00000000ff380000,0x00000000ff380000,0x0000000100000000)
 ParOldGen       total 249856K, used 152828K [0x0000000080c00000, 0x0000000090000000, 0x00000000d5980000)
  object space 249856K, 61% used [0x0000000080c00000,0x000000008a13f168,0x0000000090000000)
 Metaspace       used 10280K, capacity 10369K, committed 10624K, reserved 1058816K
  class space    used 1116K, capacity 1139K, committed 1152K, reserved 1048576K
}
Event: 42.395 GC heap before
{Heap before GC invocations=183 (full 5):
 PSYoungGen      total 681984K, used 681977K [0x00000000d5980000, 0x0000000100000000, 0x0000000100000000)
  eden space 669184K, 100% used [0x00000000d5980000,0x00000000fe700000,0x00000000fe700000)
  from space 12800K, 99% used [0x00000000fe700000,0x00000000ff37e520,0x00000000ff380000)
  to   space 12800K, 0% used [0x00000000ff380000,0x00000000ff380000,0x0000000100000000)
 ParOldGen       total 249856K, used 152828K [0x0000000080c00000, 0x0000000090000000, 0x00000000d5980000)
  object space 249856K, 61% used [0x0000000080c00000,0x000000008a13f168,0x0000000090000000)
 Metaspace       used 10280K, capacity 10369K, committed 10624K, reserved 1058816K
  class space    used 1116K, capacity 1139K, committed 1152K, reserved 1048576K
Event: 42.435 GC heap after
Heap after GC invocations=183 (full 5):
 PSYoungGen      total 660480K, used 12771K [0x00000000d5980000, 0x0000000100000000, 0x0000000100000000)
  eden space 647680K, 0% used [0x00000000d5980000,0x00000000d5980000,0x00000000fd200000)
  from space 12800K, 99% used [0x00000000ff380000,0x00000000ffff8da0,0x0000000100000000)
  to   space 23552K, 0% used [0x00000000fd200000,0x00000000fd200000,0x00000000fe900000)
 ParOldGen       total 249856K, used 167837K [0x0000000080c00000, 0x0000000090000000, 0x00000000d5980000)
  object space 249856K, 67% used [0x0000000080c00000,0x000000008afe74d0,0x0000000090000000)
 Metaspace       used 10280K, capacity 10369K, committed 10624K, reserved 1058816K
  class space    used 1116K, capacity 1139K, committed 1152K, reserved 1048576K
}

Deoptimization events (10 events):
Event: 66.225 Thread 0x000000000250e800 Uncommon trap: reason=unstable_if action=reinterpret pc=0x00000000028d7218 method=java.util.LinkedHashMap$LinkedHashIterator.hasNext()Z @ 4
Event: 66.284 Thread 0x000000000250e800 Uncommon trap: reason=unstable_if action=reinterpret pc=0x0000000002ace248 method=java.text.SimpleDateFormat.zeroPaddingNumber(IIILjava/lang/StringBuffer;)V @ 4
Event: 66.284 Thread 0x000000000250e800 Uncommon trap: reason=unstable_if action=reinterpret pc=0x0000000002aa6a54 method=java.text.SimpleDateFormat.zeroPaddingNumber(IIILjava/lang/StringBuffer;)V @ 52
Event: 66.327 Thread 0x000000000250e800 Uncommon trap: reason=unstable_if action=reinterpret pc=0x000000000282c3f8 method=sun.misc.FloatingDecimal$BinaryToASCIIBuffer.estimateDecExp(JI)I @ 66
Event: 66.327 Thread 0x000000000250e800 Uncommon trap: reason=unstable_if action=reinterpret pc=0x00000000028d3370 method=sun.misc.FloatingDecimal$BinaryToASCIIBuffer.getChars([C)I @ 47
Event: 66.334 Thread 0x000000000250e800 Uncommon trap: reason=unstable_if action=reinterpret pc=0x000000000261f9a8 method=sun.misc.FloatingDecimal$BinaryToASCIIBuffer.estimateDecExp(JI)I @ 66
Event: 66.353 Thread 0x000000000250e800 Uncommon trap: reason=unstable_if action=reinterpret pc=0x000000000270f050 method=sun.misc.FloatingDecimal.getBinaryToASCIIConverter(F)Lsun/misc/FloatingDecimal$BinaryToASCIIConverter; @ 9
Event: 66.353 Thread 0x000000000250e800 Uncommon trap: reason=unstable_if action=reinterpret pc=0x0000000002d1b874 method=sun.misc.FloatingDecimal$BinaryToASCIIBuffer.getChars([C)I @ 33
Event: 66.396 Thread 0x000000000250e800 Uncommon trap: reason=unstable_if action=reinterpret pc=0x00000000028a719c method=sun.misc.FloatingDecimal$BinaryToASCIIBuffer.estimateDecExp(JI)I @ 169
Event: 66.519 Thread 0x000000000250e800 Uncommon trap: reason=unstable_if action=reinterpret pc=0x0000000002648764 method=sun.misc.FloatingDecimal$BinaryToASCIIBuffer.dtoa(IJIZ)V @ 824

Internal exceptions (10 events):
Event: 0.037 Thread 0x000000000250e800 Exception <a 'java/lang/NoSuchMethodError': Method sun.misc.Unsafe.defineClass(Ljava/lang/String;[BII)Ljava/lang/Class; name or signature does not match> (0x00000000d5992f38) thrown at [C:\re\workspace\8-2-build-windows-amd64-cygwin\jdk8u45\3627\hotspot\srK<ß5‹¢?
Event: 0.037 Thread 0x000000000250e800 Exception <a 'java/lang/NoSuchMethodError': Method sun.misc.Unsafe.prefetchRead(Ljava/lang/Object;J)V name or signature does not match> (0x00000000d59931c8) thrown at [C:\re\workspace\8-2-build-windows-amd64-cygwin\jdk8u45\3627\hotspot\src\share\vm\prims\jº¡ı2Ø&‰?
Event: 0.630 Thread 0x000000000250e800 Exception <a 'java/security/PrivilegedActionException'> (0x00000000d5fd81f8) thrown at [C:\re\workspace\8-2-build-windows-amd64-cygwin\jdk8u45\3627\hotspot\src\share\vm\prims\jvm.cpp, line 1382]
Event: 0.630 Thread 0x000000000250e800 Exception <a 'java/security/PrivilegedActionException'> (0x00000000d5fd83b0) thrown at [C:\re\workspace\8-2-build-windows-amd64-cygwin\jdk8u45\3627\hotspot\src\share\vm\prims\jvm.cpp, line 1382]
Event: 0.630 Thread 0x000000000250e800 Exception <a 'java/security/PrivilegedActionException'> (0x00000000d5fdbea8) thrown at [C:\re\workspace\8-2-build-windows-amd64-cygwin\jdk8u45\3627\hotspot\src\share\vm\prims\jvm.cpp, line 1382]
Event: 0.630 Thread 0x000000000250e800 Exception <a 'java/security/PrivilegedActionException'> (0x00000000d5fdc060) thrown at [C:\re\workspace\8-2-build-windows-amd64-cygwin\jdk8u45\3627\hotspot\src\share\vm\prims\jvm.cpp, line 1382]
Event: 1.194 Thread 0x000000000250e800 Implicit null exception at 0x00000000027aa419 to 0x00000000027aa86d
Event: 1.194 Thread 0x000000000250e800 Implicit null exception at 0x0000000002756999 to 0x0000000002756dc1
Event: 1.198 Thread 0x000000000250e800 Exception <a 'java/lang/ClassNotFoundException': sun/net/www/content/application/xml> (0x00000000d6b20058) thrown at [C:\re\workspace\8-2-build-windows-amd64-cygwin\jdk8u45\3627\hotspot\src\share\vm\classfile\systemDictionary.cpp, line 210]
Event: 42.816 Thread 0x000000000250e800 Implicit null exception at 0x0000000002657415 to 0x0000000002657441

Events (10 events):
Event: 78.340 Thread 0x000000000250e800 DEOPT PACKING pc=0x0000000002662734 sp=0x00000000022cd7b0
Event: 78.340 Thread 0x000000000250e800 DEOPT UNPACKING pc=0x000000000255747f sp=0x00000000022cd5d0 mode 1
Event: 78.341 loading class org/lwjgl/opencl/CL
Event: 78.341 loading class org/lwjgl/opencl/CL done
Event: 78.341 Thread 0x000000000250e800 DEOPT PACKING pc=0x0000000002704141 sp=0x00000000022ccb00
Event: 78.341 Thread 0x000000000250e800 DEOPT UNPACKING pc=0x000000000255747f sp=0x00000000022cc850 mode 1
Event: 78.341 Thread 0x000000000250e800 DEOPT PACKING pc=0x000000000266299c sp=0x00000000022ccb80
Event: 78.341 Thread 0x000000000250e800 DEOPT UNPACKING pc=0x000000000255747f sp=0x00000000022cc9a0 mode 1
Event: 78.341 Thread 0x000000000250e800 DEOPT PACKING pc=0x0000000002662734 sp=0x00000000022ccd10
Event: 78.341 Thread 0x000000000250e800 DEOPT UNPACKING pc=0x000000000255747f sp=0x00000000022ccb30 mode 1


Dynamic libraries:
0x00007ff72b5f0000 - 0x00007ff72b627000 	C:\Program Files\Java\jre1.8.0_45\bin\javaw.exe
0x00007ff9074f0000 - 0x00007ff90769c000 	C:\Windows\SYSTEM32\ntdll.dll
0x00007ff904f90000 - 0x00007ff9050ce000 	C:\Windows\system32\KERNEL32.DLL
0x00007ff9049f0000 - 0x00007ff904b05000 	C:\Windows\system32\KERNELBASE.dll
0x00007ff9031c0000 - 0x00007ff90324e000 	C:\Windows\system32\apphelp.dll
0x00007ff8f1ab0000 - 0x00007ff8f1b03000 	C:\Windows\AppPatch\AppPatch64\AcGenral.DLL
0x00007ff904b70000 - 0x00007ff904c1a000 	C:\Windows\system32\msvcrt.dll
0x00007ff904470000 - 0x00007ff90449e000 	C:\Windows\SYSTEM32\SspiCli.dll
0x00007ff904f30000 - 0x00007ff904f84000 	C:\Windows\system32\SHLWAPI.dll
0x00007ff907310000 - 0x00007ff907487000 	C:\Windows\system32\USER32.dll
0x00007ff904c20000 - 0x00007ff904db4000 	C:\Windows\system32\ole32.dll
0x00007ff9056d0000 - 0x00007ff906be8000 	C:\Windows\system32\SHELL32.dll
0x00007ff903c30000 - 0x00007ff903c51000 	C:\Windows\SYSTEM32\USERENV.dll
0x00007ff9050d0000 - 0x00007ff90517a000 	C:\Windows\system32\ADVAPI32.dll
0x00007ff8fda70000 - 0x00007ff8fda8e000 	C:\Windows\SYSTEM32\MPR.dll
0x00007ff9051f0000 - 0x00007ff905331000 	C:\Windows\system32\RPCRT4.dll
0x00007ff905180000 - 0x00007ff9051d9000 	C:\Windows\SYSTEM32\sechost.dll
0x00007ff906c20000 - 0x00007ff906e31000 	C:\Windows\SYSTEM32\combase.dll
0x00007ff9054a0000 - 0x00007ff9055f1000 	C:\Windows\system32\GDI32.dll
0x00007ff904640000 - 0x00007ff904655000 	C:\Windows\SYSTEM32\profapi.dll
0x00007ff9029e0000 - 0x00007ff902a92000 	C:\Windows\SYSTEM32\SHCORE.dll
0x00007ff904ee0000 - 0x00007ff904f16000 	C:\Windows\system32\IMM32.DLL
0x00007ff905340000 - 0x00007ff905491000 	C:\Windows\system32\MSCTF.dll
0x00007ff901ea0000 - 0x00007ff90211b000 	C:\Windows\WinSxS\amd64_microsoft.windows.common-controls_6595b64144ccf1df_6.0.9600.17415_none_6240486fecbd8abb\COMCTL32.dll
0x00000000533f0000 - 0x00000000534c2000 	C:\Program Files\Java\jre1.8.0_45\bin\msvcr100.dll
0x00000000535a0000 - 0x0000000053e23000 	C:\Program Files\Java\jre1.8.0_45\bin\server\jvm.dll
0x00007ff8f0c70000 - 0x00007ff8f0c79000 	C:\Windows\SYSTEM32\WSOCK32.dll
0x00007ff8faec0000 - 0x00007ff8faee2000 	C:\Windows\SYSTEM32\WINMM.dll
0x00007ff901d40000 - 0x00007ff901d4a000 	C:\Windows\SYSTEM32\VERSION.dll
0x00007ff904f20000 - 0x00007ff904f27000 	C:\Windows\system32\PSAPI.DLL
0x00007ff904e80000 - 0x00007ff904eda000 	C:\Windows\system32\WS2_32.dll
0x00007ff8fae90000 - 0x00007ff8faeba000 	C:\Windows\SYSTEM32\WINMMBASE.dll
0x00007ff9051e0000 - 0x00007ff9051e9000 	C:\Windows\system32\NSI.dll
0x00007ff9047c0000 - 0x00007ff90480f000 	C:\Windows\SYSTEM32\cfgmgr32.dll
0x00007ff903450000 - 0x00007ff903478000 	C:\Windows\SYSTEM32\DEVOBJ.dll
0x0000000053590000 - 0x000000005359f000 	C:\Program Files\Java\jre1.8.0_45\bin\verify.dll
0x0000000053560000 - 0x0000000053589000 	C:\Program Files\Java\jre1.8.0_45\bin\java.dll
0x00000000533b0000 - 0x00000000533e5000 	C:\Program Files\Java\jre1.8.0_45\bin\jdwp.dll
0x00000000533a0000 - 0x00000000533a8000 	C:\Program Files\Java\jre1.8.0_45\bin\npt.dll
0x0000000053540000 - 0x0000000053556000 	C:\Program Files\Java\jre1.8.0_45\bin\zip.dll
0x0000000053390000 - 0x0000000053399000 	C:\Program Files\Java\jre1.8.0_45\bin\dt_socket.dll
0x00007ff8f4ac0000 - 0x00007ff8f4ad5000 	C:\Windows\system32\napinsp.dll
0x00007ff8f4aa0000 - 0x00007ff8f4aba000 	C:\Windows\system32\pnrpnsp.dll
0x00007ff901d20000 - 0x00007ff901d3b000 	C:\Windows\system32\NLAapi.dll
0x00007ff903ea0000 - 0x00007ff903ef9000 	C:\Windows\System32\mswsock.dll
0x00007ff903ca0000 - 0x00007ff903d44000 	C:\Windows\SYSTEM32\DNSAPI.dll
0x00007ff901160000 - 0x00007ff90116d000 	C:\Windows\System32\winrnr.dll
0x00007ff8ff5e0000 - 0x00007ff8ff64b000 	C:\Windows\System32\fwpuclnt.dll
0x00007ff8f8020000 - 0x00007ff8f802a000 	C:\Windows\System32\rasadhlp.dll
0x0000000180000000 - 0x000000018004f000 	C:\Users\ropo\Documents\veinsImplicits\Neck_Veins\NeckVeins 1.0\lwjgl-2.8.4\native\windows\lwjgl64.dll
0x00007ff8f1980000 - 0x00007ff8f1aab000 	C:\Windows\SYSTEM32\OPENGL32.dll
0x00007ff8fe280000 - 0x00007ff8fe2ae000 	C:\Windows\SYSTEM32\GLU32.dll
0x00007ff8f0970000 - 0x00007ff8f0a68000 	C:\Windows\SYSTEM32\DDRAW.dll
0x00007ff8fdc20000 - 0x00007ff8fdc29000 	C:\Windows\SYSTEM32\DCIMAN32.dll
0x00007ff9032b0000 - 0x00007ff9033d9000 	C:\Windows\system32\uxtheme.dll
0x00007ff9027e0000 - 0x00007ff902801000 	C:\Windows\system32\dwmapi.dll
0x00007ff8f77f0000 - 0x00007ff8f7808000 	C:\Windows\SYSTEM32\atig6pxx.dll
0x00000000517e0000 - 0x000000005338f000 	C:\Windows\SYSTEM32\atio6axx.dll
0x00007ff906e40000 - 0x00007ff90701a000 	C:\Windows\system32\SETUPAPI.dll
0x00007ff8e88c0000 - 0x00007ff8e89f8000 	C:\Windows\SYSTEM32\atiadlxx.dll
0x00007ff9017d0000 - 0x00007ff90194f000 	C:\Windows\SYSTEM32\PROPSYS.dll
0x00007ff903250000 - 0x00007ff903262000 	C:\Windows\SYSTEM32\WTSAPI32.dll
0x00007ff8ffa70000 - 0x00007ff8ffa9a000 	C:\Windows\SYSTEM32\IPHLPAPI.DLL
0x00007ff905600000 - 0x00007ff9056c1000 	C:\Windows\system32\OLEAUT32.dll
0x00007ff8ffa50000 - 0x00007ff8ffa5a000 	C:\Windows\SYSTEM32\WINNSI.DLL
0x00007ff904b10000 - 0x00007ff904b61000 	C:\Windows\system32\WINTRUST.dll
0x00007ff904810000 - 0x00007ff9049ef000 	C:\Windows\system32\CRYPT32.dll
0x00007ff9046f0000 - 0x00007ff904701000 	C:\Windows\system32\MSASN1.dll
0x00007ff8f75f0000 - 0x00007ff8f7619000 	C:\Windows\SYSTEM32\atig6txx.dll
0x00007ff903480000 - 0x00007ff90348b000 	C:\Windows\SYSTEM32\kernel.appcore.dll
0x00007ff904510000 - 0x00007ff90451b000 	C:\Windows\SYSTEM32\CRYPTBASE.dll
0x00007ff9044a0000 - 0x00007ff904503000 	C:\Windows\SYSTEM32\bcryptPrimitives.dll
0x00007ff8e37c0000 - 0x00007ff8e3852000 	C:\Windows\SYSTEM32\mscms.dll
0x00007ff8f1620000 - 0x00007ff8f1661000 	C:\Windows\SYSTEM32\icm32.dll
0x0000000051640000 - 0x00000000517d8000 	C:\Program Files\Java\jre1.8.0_45\bin\awt.dll
0x000000001fe30000 - 0x000000001fe46000 	C:\Users\ropo\Documents\veinsImplicits\Neck_Veins\NeckVeins 1.0\lwjgl-2.8.4\native\windows\jinput-dx8_64.dll
0x00007ff8f1010000 - 0x00007ff8f1052000 	C:\Windows\SYSTEM32\DINPUT8.dll
0x00007ff903800000 - 0x00007ff90380d000 	C:\Windows\SYSTEM32\HID.DLL
0x000000001ffc0000 - 0x000000001ffd4000 	C:\Users\ropo\Documents\veinsImplicits\Neck_Veins\NeckVeins 1.0\lwjgl-2.8.4\native\windows\jinput-raw_64.dll
0x0000000053520000 - 0x000000005353a000 	C:\Program Files\Java\jre1.8.0_45\bin\net.dll
0x0000000053500000 - 0x0000000053511000 	C:\Program Files\Java\jre1.8.0_45\bin\nio.dll
0x00007ff8f1b10000 - 0x00007ff8f1c9a000 	C:\Windows\SYSTEM32\dbghelp.dll

VM Arguments:
jvm_args: -agentlib:jdwp=transport=dt_socket,suspend=y,address=localhost:59238 -Djava.library.path=C:\Users\ropo\Documents\veinsImplicits\Neck_Veins\NeckVeins 1.0\lwjgl-2.8.4\native\windows;C:\Users\ropo\Documents\veinsImplicits\Neck_Veins\NeckVeins 1.0\lwjgl-2.8.4\native\windows;C:\Users\ropo\Documents\veinsImplicits\Neck_Veins\NeckVeins 1.0\lwjgl-2.8.4\native\windows;C:\Users\ropo\Documents\veinsImplicits\Neck_Veins\NeckVeins 1.0\libs\Leap\x64 -Dfile.encoding=Cp1250 
java_command: si.uni_lj.fri.veins3D.gui.Main
java_class_path (initial): C:\Users\ropo\Documents\veinsImplicits\Neck_Veins\NeckVeins 1.0\bin;C:\Users\ropo\Documents\veinsImplicits\Neck_Veins\NeckVeins 1.0\lwjgl-2.8.4\jar\lwjgl_util.jar;C:\Users\ropo\Documents\veinsImplicits\Neck_Veins\NeckVeins 1.0\lwjgl-2.8.4\jar\lwjgl.jar;C:\Users\ropo\Documents\veinsImplicits\Neck_Veins\NeckVeins 1.0\libs\TWL.jar;C:\Users\ropo\Documents\veinsImplicits\Neck_Veins\NeckVeins 1.0\libs\slick-util.jar;C:\Users\ropo\Documents\veinsImplicits\Neck_Veins\NeckVeins 1.0\libs\xpp3-1.1.4c.jar;C:\Users\ropo\Documents\veinsImplicits\Neck_Veins\NeckVeins 1.0\lwjgl-2.8.4\jar\jinput.jar;C:\Users\ropo\Documents\veinsImplicits\Neck_Veins\NeckVeins 1.0\libs\LeapJava.jar;C:\Users\ropo\Documents\veinsImplicits\Neck_Veins\NeckVeins 1.0\libs\ejml-v0.27-libs\EJML-core-0.27.jar;C:\Users\ropo\Documents\veinsImplicits\Neck_Veins\NeckVeins 1.0\libs\ejml-v0.27-libs\EJML-simple-0.27.jar;C:\Users\ropo\Documents\veinsImplicits\Neck_Veins\NeckVeins 1.0\libs\ejml-v0.27-libs\EJML-dense64-0.27.jar;C:\Users\ropo\Documents\veinsImplicits\Neck_Veins\NeckVeins 1.0\libs\ejml-v0.27-libs\EJML-denseC64-0.27.jar;C:\Users\ropo\Documents\veinsImplicits\Neck_Veins\NeckVeins 1.0\libs\ejml-v0.27-libs\EJML-equation-0.27.jar
Launcher Type: SUN_STANDARD

Environment Variables:
JAVA_HOME=C:\Program Files\Java\jdk1.7.0_76
PATH=C:/Program Files/Java/jre1.8.0_45/bin/server;C:/Program Files/Java/jre1.8.0_45/bin;C:/Program Files/Java/jre1.8.0_45/lib/amd64;C:\Rtools\bin;C:\Rtools\gcc-4.6.3\bin;C:\ProgramData\Oracle\Java\javapath;C:\Program Files (x86)\NVIDIA Corporation\PhysX\Common;C:\Windows\system32;C:\Windows;C:\Windows\System32\Wbem;C:\Windows\System32\WindowsPowerShell\v1.0\;C:\Program Files (x86)\Skype\Phone\;C:\Program Files (x86)\AMD\ATI.ACE\Core-Static;C:\Program Files\TortoiseGit\bin;C:\sdk\androidSDK\platform-tools;C:\Program Files (x86)\Calibre2\;C:\Program Files (x86)\Common Files\Adobe\AGL;C:\Program Files (x86)\MiKTeX 2.9\miktex\bin\;C:\Program Files (x86)\Windows Kits\8.1\Windows Performance Toolkit\;C:\Program Files\Microsoft SQL Server\120\Tools\Binn\;C:\sdk\gradle\bin;C:\Program Files\Common Files\Autodesk Shared\;C:\Program Files (x86)\Common Files\Autodesk Shared\;C:\Program Files (x86)\Autodesk\Backburner\;C:\Program Files\Microsoft SQL Server\110\Tools\Binn\;C:\Program Files (x86)\Microsoft SDKs\TypeScript\1.0\;C:\Program Files\MATLAB\R2013a\runtime\win64;C:\Program Files\MATLAB\R2013a\bin;C:\sdk\openCV\build\x86\vc12\bin;C:\Python27\Scripts;C:\Python27;;C:\Users\ropo\Desktop\eclipse Palma;
USERNAME=ropo
OS=Windows_NT
PROCESSOR_IDENTIFIER=AMD64 Family 21 Model 2 Stepping 0, AuthenticAMD



---------------  S Y S T E M  ---------------

OS: Windows 8.1 , 64 bit Build 9600 (6.3.9600.17415)

CPU:total 8 (8 cores per cpu, 1 threads per core) family 21 model 2 stepping 0, cmov, cx8, fxsr, mmx, sse, sse2, sse3, ssse3, sse4.1, sse4.2, popcnt, avx, aes, clmul, mmxext, 3dnowpref, lzcnt, sse4a, tsc, tscinvbit, tscinv, bmi1

Memory: 4k page, physical 8335364k(3293780k free), swap 9646084k(2922652k free)

vm_info: Java HotSpot(TM) 64-Bit Server VM (25.45-b02) for windows-amd64 JRE (1.8.0_45-b15), built on Apr 30 2015 12:40:44 by "java_re" with MS VC++ 10.0 (VS2010)

time: Sat Jul 11 17:25:35 2015
elapsed time: 78 seconds (0d 0h 1m 18s)

