#
# A fatal error has been detected by the Java Runtime Environment:
#
#  EXCEPTION_ACCESS_VIOLATION (0xc0000005) at pc=0x0000000000000000, pid=3888, tid=4536
#
# JRE version: Java(TM) SE Runtime Environment (8.0_51-b16) (build 1.8.0_51-b16)
# Java VM: Java HotSpot(TM) 64-Bit Server VM (25.51-b03 mixed mode windows-amd64 compressed oops)
# Problematic frame:
# C  0x0000000000000000
#
# Failed to write core dump. Minidumps are not enabled by default on client versions of Windows
#
# If you would like to submit a bug report, please visit:
#   http://bugreport.java.com/bugreport/crash.jsp
# The crash happened outside the Java Virtual Machine in native code.
# See problematic frame for where to report the bug.
#

---------------  T H R E A D  ---------------

Current thread (0x0000000001efe800):  JavaThread "main" [_thread_in_native, id=4536, stack(0x0000000001dc0000,0x0000000001ec0000)]

siginfo: ExceptionCode=0xc0000005, ExceptionInformation=0x0000000000000008 0x0000000000000000

Registers:
RAX=0x0000000001ebc654, RBX=0x0000000000001002, RCX=0x0000000001ebc328, RDX=0x0000000000000000
RSP=0x0000000001ebc2d8, RBP=0x0000000001ebc3e0, RSI=0x000000001a7069e0, RDI=0x0000000000000000
R8 =0x0000000001ebc1e8, R9 =0x0000000001ebc3e0, R10=0x0000000000000000, R11=0x0000000000000246
R12=0x0000000000000000, R13=0x00007ffde58c4fe0, R14=0x0000000000000000, R15=0x0000000000000000
RIP=0x0000000000000000, EFLAGS=0x0000000000010246

Top of Stack: (sp=0x0000000001ebc2d8)
0x0000000001ebc2d8:   00007ffde58c512d 0000000001ebd510
0x0000000001ebc2e8:   000000001a7069e0 00007ffde8101378
0x0000000001ebc2f8:   00007ffde65d387c 0000000000000000
0x0000000001ebc308:   0000000001ebc380 0000000001ebc430
0x0000000001ebc318:   0000000000000000 000000001a6c0000
0x0000000001ebc328:   0000000001ebc654 0000000000000000
0x0000000001ebc338:   0000000000000000 000000000000011d
0x0000000001ebc348:   0000000001ebc428 00007ffe07e87000
0x0000000001ebc358:   1ca0518000000020 4fde0c9a450aa699
0x0000000001ebc368:   0000000189dd3dbe 000000001a713340
0x0000000001ebc378:   fffffffffffffffe 4d36e97d00000020
0x0000000001ebc388:   0008c1bf11cee325 000000061803e12b
0x0000000001ebc398:   000000001a6d52b0 0000000000000000
0x0000000001ebc3a8:   00007ffe0ab8e83f 0000000000000005
0x0000000001ebc3b8:   0000000000470150 000000000000011d
0x0000000001ebc3c8:   0000000001ebc400 0000000000000000 

Instructions: (pc=0x0000000000000000)
0xffffffffffffffe0:   


Register to memory mapping:

RAX=0x0000000001ebc654 is pointing into the stack for thread: 0x0000000001efe800
RBX=0x0000000000001002 is an unknown value
RCX=0x0000000001ebc328 is pointing into the stack for thread: 0x0000000001efe800
RDX=0x0000000000000000 is an unknown value
RSP=0x0000000001ebc2d8 is pointing into the stack for thread: 0x0000000001efe800
RBP=0x0000000001ebc3e0 is pointing into the stack for thread: 0x0000000001efe800
RSI=0x000000001a7069e0 is an unknown value
RDI=0x0000000000000000 is an unknown value
R8 =0x0000000001ebc1e8 is pointing into the stack for thread: 0x0000000001efe800
R9 =0x0000000001ebc3e0 is pointing into the stack for thread: 0x0000000001efe800
R10=0x0000000000000000 is an unknown value
R11=0x0000000000000246 is an unknown value
R12=0x0000000000000000 is an unknown value
R13=0x00007ffde58c4fe0 is an unknown value
R14=0x0000000000000000 is an unknown value
R15=0x0000000000000000 is an unknown value


Stack: [0x0000000001dc0000,0x0000000001ec0000],  sp=0x0000000001ebc2d8,  free space=1008k
Native frames: (J=compiled Java code, j=interpreted, Vv=VM code, C=native code)

Java frames: (J=compiled Java code, j=interpreted, Vv=VM code)
j  org.lwjgl.opencl.CL.ngetFunctionAddress(J)J+0
j  org.lwjgl.opencl.CL.getFunctionAddress(Ljava/lang/String;)J+9
j  org.lwjgl.opencl.CLCapabilities.<clinit>()V+2
v  ~StubRoutines::call_stub
j  org.lwjgl.opencl.CL.create()V+272
j  si.uni_lj.fri.segmentation.ModelCreator.initializeCL()V+5
j  si.uni_lj.fri.segmentation.ModelCreator.createModel(Ljava/lang/String;DD)[Ljava/lang/Object;+81
j  si.uni_lj.fri.veins3D.gui.render.models.VeinsModelMesh.constructVBOFromRawFile(Ljava/lang/String;DD)V+56
j  si.uni_lj.fri.veins3D.gui.render.VeinsRenderer.loadModelRaw(Ljava/lang/String;DD)V+40
j  si.uni_lj.fri.veins3D.gui.NiftyScreenController.onButton_OpenDialog_Open()V+48
v  ~StubRoutines::call_stub
J 909  sun.reflect.NativeMethodAccessorImpl.invoke0(Ljava/lang/reflect/Method;Ljava/lang/Object;[Ljava/lang/Object;)Ljava/lang/Object; (0 bytes) @ 0x000000000237077f [0x0000000002370700+0x7f]
j  sun.reflect.NativeMethodAccessorImpl.invoke(Ljava/lang/Object;[Ljava/lang/Object;)Ljava/lang/Object;+100
J 908 C1 sun.reflect.DelegatingMethodAccessorImpl.invoke(Ljava/lang/Object;[Ljava/lang/Object;)Ljava/lang/Object; (10 bytes) @ 0x0000000002379be4 [0x0000000002379ac0+0x124]
J 907 C1 java.lang.reflect.Method.invoke(Ljava/lang/Object;[Ljava/lang/Object;)Ljava/lang/Object; (62 bytes) @ 0x00000000023795d4 [0x00000000023791c0+0x414]
j  de.lessvoid.nifty.NiftyMethodInvoker.callMethod(Ljava/lang/Object;Ljava/lang/reflect/Method;[Ljava/lang/Object;)Ljava/lang/Object;+109
j  de.lessvoid.nifty.NiftyMethodInvoker.performInvoke([Ljava/lang/Object;)V+298
j  de.lessvoid.nifty.Nifty$DelayedMethodInvoke.perform()V+8
j  de.lessvoid.nifty.Nifty.invokeMethods()V+47
J 2956 C1 de.lessvoid.nifty.Nifty.handleDynamicElements()V (27 bytes) @ 0x0000000002a407d4 [0x0000000002a3fdc0+0xa14]
j  de.lessvoid.nifty.Nifty.access$7(Lde/lessvoid/nifty/Nifty;)V+1
j  de.lessvoid.nifty.Nifty$NiftyInputConsumerImpl.processEvent(Lde/lessvoid/nifty/input/NiftyMouseInputEvent;)Z+43
j  de.lessvoid.nifty.Nifty$NiftyInputConsumerImpl.processMouseEvent(IIIIZ)Z+25
j  de.lessvoid.nifty.renderer.lwjgl.input.LwjglInputSystem.processMouseEvents(Lde/lessvoid/nifty/NiftyInputConsumer;)V+47
j  de.lessvoid.nifty.renderer.lwjgl.input.LwjglInputSystem.forwardEvents(Lde/lessvoid/nifty/NiftyInputConsumer;)V+16
j  de.lessvoid.nifty.Nifty.update()Z+22
j  si.uni_lj.fri.veins3D.main.VeinsWindow.renderNiftyGUI()V+113
j  si.uni_lj.fri.veins3D.main.VeinsWindow.mainLoop()V+111
j  si.uni_lj.fri.veins3D.main.Main.main([Ljava/lang/String;)V+7
v  ~StubRoutines::call_stub

---------------  P R O C E S S  ---------------

Java Threads: ( => current thread )
  0x000000001d55e800 JavaThread "LWJGL Timer" daemon [_thread_blocked, id=3840, stack(0x000000001c070000,0x000000001c170000)]
  0x000000001dc65000 JavaThread "Thread-6" daemon [_thread_in_native, id=1804, stack(0x000000001f190000,0x000000001f290000)]
  0x0000000017139800 JavaThread "D3D Screen Updater" daemon [_thread_blocked, id=180, stack(0x0000000019d60000,0x0000000019e60000)]
  0x00000000170d3800 JavaThread "AWT-EventQueue-0" [_thread_blocked, id=2592, stack(0x0000000019750000,0x0000000019850000)]
  0x00000000170cb800 JavaThread "AWT-Windows" daemon [_thread_in_native, id=4712, stack(0x0000000017940000,0x0000000017a40000)]
  0x00000000170ca800 JavaThread "AWT-Shutdown" [_thread_blocked, id=3212, stack(0x0000000017840000,0x0000000017940000)]
  0x00000000170c9800 JavaThread "Java2D Disposer" daemon [_thread_blocked, id=660, stack(0x0000000017740000,0x0000000017840000)]
  0x000000001457e800 JavaThread "Service Thread" daemon [_thread_blocked, id=3184, stack(0x00000000167e0000,0x00000000168e0000)]
  0x000000001457c800 JavaThread "C1 CompilerThread2" daemon [_thread_blocked, id=3600, stack(0x00000000166e0000,0x00000000167e0000)]
  0x000000001457c000 JavaThread "C2 CompilerThread1" daemon [_thread_blocked, id=5044, stack(0x00000000165e0000,0x00000000166e0000)]
  0x0000000014549800 JavaThread "C2 CompilerThread0" daemon [_thread_blocked, id=1796, stack(0x00000000160e0000,0x00000000161e0000)]
  0x0000000014539800 JavaThread "JDWP Command Reader" daemon [_thread_in_native, id=1308, stack(0x0000000015fe0000,0x00000000160e0000)]
  0x0000000014538000 JavaThread "JDWP Event Helper Thread" daemon [_thread_blocked, id=1208, stack(0x0000000015ee0000,0x0000000015fe0000)]
  0x000000001452a800 JavaThread "JDWP Transport Listener: dt_socket" daemon [_thread_blocked, id=2312, stack(0x0000000015aa0000,0x0000000015ba0000)]
  0x0000000014521000 JavaThread "Attach Listener" daemon [_thread_blocked, id=3568, stack(0x0000000015990000,0x0000000015a90000)]
  0x000000001451e000 JavaThread "Signal Dispatcher" daemon [_thread_blocked, id=1368, stack(0x0000000015890000,0x0000000015990000)]
  0x0000000001ff9000 JavaThread "Finalizer" daemon [_thread_blocked, id=912, stack(0x0000000015770000,0x0000000015870000)]
  0x0000000001ff0800 JavaThread "Reference Handler" daemon [_thread_blocked, id=3544, stack(0x0000000015670000,0x0000000015770000)]
=>0x0000000001efe800 JavaThread "main" [_thread_in_native, id=4536, stack(0x0000000001dc0000,0x0000000001ec0000)]

Other Threads:
  0x00000000144e9000 VMThread [stack: 0x0000000015570000,0x0000000015670000] [id=4660]
  0x0000000016220000 WatcherThread [stack: 0x00000000168e0000,0x00000000169e0000] [id=1996]

VM state:not at safepoint (normal execution)

VM Mutex/Monitor currently owned by a thread: None

Heap:
 PSYoungGen      total 68608K, used 45303K [0x00000000ebb80000, 0x00000000f0380000, 0x0000000100000000)
  eden space 63488K, 64% used [0x00000000ebb80000,0x00000000ee3a1f70,0x00000000ef980000)
  from space 5120K, 82% used [0x00000000efe80000,0x00000000f029c010,0x00000000f0380000)
  to   space 5120K, 0% used [0x00000000ef980000,0x00000000ef980000,0x00000000efe80000)
 ParOldGen       total 42496K, used 6193K [0x00000000c3200000, 0x00000000c5b80000, 0x00000000ebb80000)
  object space 42496K, 14% used [0x00000000c3200000,0x00000000c380c400,0x00000000c5b80000)
 Metaspace       used 17133K, capacity 17399K, committed 17664K, reserved 1064960K
  class space    used 1850K, capacity 1937K, committed 2048K, reserved 1048576K

Card table byte_map: [0x00000000113c0000,0x00000000115b0000] byte_map_base: 0x0000000010da7000

Marking Bits: (ParMarkBitMap*) 0x0000000077234040
 Begin Bits: [0x0000000011b00000, 0x0000000012a38000)
 End Bits:   [0x0000000012a38000, 0x0000000013970000)

Polling page: 0x0000000001da0000

CodeCache: size=245760Kb used=10529Kb max_used=10696Kb free=235230Kb
 bounds [0x0000000002000000, 0x0000000002a80000, 0x0000000011000000]
 total_blobs=3535 nmethods=2908 adapters=548
 compilation: enabled

Compilation events (10 events):
Event: 9.624 Thread 0x000000001457c800 nmethod 3002 0x0000000002a64ed0 code [0x0000000002a650e0, 0x0000000002a65918]
Event: 9.624 Thread 0x000000001457c800 3003       3       de.lessvoid.nifty.elements.Element::hasVisibleParent (33 bytes)
Event: 9.625 Thread 0x000000001457c800 nmethod 3003 0x0000000002a64890 code [0x0000000002a64a20, 0x0000000002a64dc8]
Event: 9.710 Thread 0x000000001457c000 nmethod 2994 0x0000000002a78290 code [0x0000000002a78540, 0x0000000002a7aea8]
Event: 13.998 Thread 0x000000001457c800 3004       3       sun.java2d.d3d.D3DSurfaceData$D3DWindowSurfaceData::isDirty (18 bytes)
Event: 13.998 Thread 0x000000001457c800 nmethod 3004 0x0000000002136690 code [0x0000000002136800, 0x0000000002136a88]
Event: 13.999 Thread 0x000000001457c800 3005       3       sun.java2d.StateTrackableDelegate$1::isCurrent (17 bytes)
Event: 13.999 Thread 0x000000001457c800 nmethod 3005 0x000000000212bb10 code [0x000000000212bc60, 0x000000000212be10]
Event: 16.678 Thread 0x000000001457c800 3006   !   3       java.util.zip.ZipFile::getInflater (56 bytes)
Event: 16.679 Thread 0x000000001457c800 nmethod 3006 0x0000000002110410 code [0x0000000002110600, 0x00000000021111f8]

GC Heap History (10 events):
Event: 2.806 GC heap before
{Heap before GC invocations=2 (full 0):
 PSYoungGen      total 18432K, used 18426K [0x00000000ebb80000, 0x00000000ed000000, 0x0000000100000000)
  eden space 15872K, 100% used [0x00000000ebb80000,0x00000000ecb00000,0x00000000ecb00000)
  from space 2560K, 99% used [0x00000000ecb00000,0x00000000ecd7e8b8,0x00000000ecd80000)
  to   space 2560K, 0% used [0x00000000ecd80000,0x00000000ecd80000,0x00000000ed000000)
 ParOldGen       total 42496K, used 590K [0x00000000c3200000, 0x00000000c5b80000, 0x00000000ebb80000)
  object space 42496K, 1% used [0x00000000c3200000,0x00000000c32938f0,0x00000000c5b80000)
 Metaspace       used 12782K, capacity 13035K, committed 13312K, reserved 1060864K
  class space    used 1403K, capacity 1503K, committed 1536K, reserved 1048576K
Event: 2.817 GC heap after
Heap after GC invocations=2 (full 0):
 PSYoungGen      total 18432K, used 2544K [0x00000000ebb80000, 0x00000000edf80000, 0x0000000100000000)
  eden space 15872K, 0% used [0x00000000ebb80000,0x00000000ebb80000,0x00000000ecb00000)
  from space 2560K, 99% used [0x00000000ecd80000,0x00000000ecffc050,0x00000000ed000000)
  to   space 2560K, 0% used [0x00000000ecb00000,0x00000000ecb00000,0x00000000ecd80000)
 ParOldGen       total 42496K, used 1309K [0x00000000c3200000, 0x00000000c5b80000, 0x00000000ebb80000)
  object space 42496K, 3% used [0x00000000c3200000,0x00000000c3347550,0x00000000c5b80000)
 Metaspace       used 12782K, capacity 13035K, committed 13312K, reserved 1060864K
  class space    used 1403K, capacity 1503K, committed 1536K, reserved 1048576K
}
Event: 3.541 GC heap before
{Heap before GC invocations=3 (full 0):
 PSYoungGen      total 18432K, used 18416K [0x00000000ebb80000, 0x00000000edf80000, 0x0000000100000000)
  eden space 15872K, 100% used [0x00000000ebb80000,0x00000000ecb00000,0x00000000ecb00000)
  from space 2560K, 99% used [0x00000000ecd80000,0x00000000ecffc050,0x00000000ed000000)
  to   space 2560K, 0% used [0x00000000ecb00000,0x00000000ecb00000,0x00000000ecd80000)
 ParOldGen       total 42496K, used 1309K [0x00000000c3200000, 0x00000000c5b80000, 0x00000000ebb80000)
  object space 42496K, 3% used [0x00000000c3200000,0x00000000c3347550,0x00000000c5b80000)
 Metaspace       used 13750K, capacity 14013K, committed 14208K, reserved 1062912K
  class space    used 1502K, capacity 1570K, committed 1664K, reserved 1048576K
Event: 3.550 GC heap after
Heap after GC invocations=3 (full 0):
 PSYoungGen      total 18432K, used 2560K [0x00000000ebb80000, 0x00000000edf80000, 0x0000000100000000)
  eden space 15872K, 0% used [0x00000000ebb80000,0x00000000ebb80000,0x00000000ecb00000)
  from space 2560K, 100% used [0x00000000ecb00000,0x00000000ecd80000,0x00000000ecd80000)
  to   space 2560K, 0% used [0x00000000edd00000,0x00000000edd00000,0x00000000edf80000)
 ParOldGen       total 42496K, used 2876K [0x00000000c3200000, 0x00000000c5b80000, 0x00000000ebb80000)
  object space 42496K, 6% used [0x00000000c3200000,0x00000000c34cf1b0,0x00000000c5b80000)
 Metaspace       used 13750K, capacity 14013K, committed 14208K, reserved 1062912K
  class space    used 1502K, capacity 1570K, committed 1664K, reserved 1048576K
}
Event: 3.961 GC heap before
{Heap before GC invocations=4 (full 0):
 PSYoungGen      total 18432K, used 18432K [0x00000000ebb80000, 0x00000000edf80000, 0x0000000100000000)
  eden space 15872K, 100% used [0x00000000ebb80000,0x00000000ecb00000,0x00000000ecb00000)
  from space 2560K, 100% used [0x00000000ecb00000,0x00000000ecd80000,0x00000000ecd80000)
  to   space 2560K, 0% used [0x00000000edd00000,0x00000000edd00000,0x00000000edf80000)
 ParOldGen       total 42496K, used 2876K [0x00000000c3200000, 0x00000000c5b80000, 0x00000000ebb80000)
  object space 42496K, 6% used [0x00000000c3200000,0x00000000c34cf1b0,0x00000000c5b80000)
 Metaspace       used 14346K, capacity 14613K, committed 14720K, reserved 1062912K
  class space    used 1563K, capacity 1638K, committed 1664K, reserved 1048576K
Event: 3.979 GC heap after
Heap after GC invocations=4 (full 0):
 PSYoungGen      total 34304K, used 2544K [0x00000000ebb80000, 0x00000000edf80000, 0x0000000100000000)
  eden space 31744K, 0% used [0x00000000ebb80000,0x00000000ebb80000,0x00000000eda80000)
  from space 2560K, 99% used [0x00000000edd00000,0x00000000edf7c010,0x00000000edf80000)
  to   space 2560K, 0% used [0x00000000eda80000,0x00000000eda80000,0x00000000edd00000)
 ParOldGen       total 42496K, used 3657K [0x00000000c3200000, 0x00000000c5b80000, 0x00000000ebb80000)
  object space 42496K, 8% used [0x00000000c3200000,0x00000000c3592668,0x00000000c5b80000)
 Metaspace       used 14346K, capacity 14613K, committed 14720K, reserved 1062912K
  class space    used 1563K, capacity 1638K, committed 1664K, reserved 1048576K
}
Event: 4.722 GC heap before
{Heap before GC invocations=5 (full 0):
 PSYoungGen      total 34304K, used 34288K [0x00000000ebb80000, 0x00000000edf80000, 0x0000000100000000)
  eden space 31744K, 100% used [0x00000000ebb80000,0x00000000eda80000,0x00000000eda80000)
  from space 2560K, 99% used [0x00000000edd00000,0x00000000edf7c010,0x00000000edf80000)
  to   space 2560K, 0% used [0x00000000eda80000,0x00000000eda80000,0x00000000edd00000)
 ParOldGen       total 42496K, used 3657K [0x00000000c3200000, 0x00000000c5b80000, 0x00000000ebb80000)
  object space 42496K, 8% used [0x00000000c3200000,0x00000000c3592668,0x00000000c5b80000)
 Metaspace       used 14945K, capacity 15237K, committed 15360K, reserved 1062912K
  class space    used 1611K, capacity 1710K, committed 1792K, reserved 1048576K
Event: 4.736 GC heap after
Heap after GC invocations=5 (full 0):
 PSYoungGen      total 34304K, used 2544K [0x00000000ebb80000, 0x00000000f0380000, 0x0000000100000000)
  eden space 31744K, 0% used [0x00000000ebb80000,0x00000000ebb80000,0x00000000eda80000)
  from space 2560K, 99% used [0x00000000eda80000,0x00000000edcfc010,0x00000000edd00000)
  to   space 5120K, 0% used [0x00000000efe80000,0x00000000efe80000,0x00000000f0380000)
 ParOldGen       total 42496K, used 6185K [0x00000000c3200000, 0x00000000c5b80000, 0x00000000ebb80000)
  object space 42496K, 14% used [0x00000000c3200000,0x00000000c380a400,0x00000000c5b80000)
 Metaspace       used 14945K, capacity 15237K, committed 15360K, reserved 1062912K
  class space    used 1611K, capacity 1710K, committed 1792K, reserved 1048576K
}
Event: 5.419 GC heap before
{Heap before GC invocations=6 (full 0):
 PSYoungGen      total 34304K, used 34288K [0x00000000ebb80000, 0x00000000f0380000, 0x0000000100000000)
  eden space 31744K, 100% used [0x00000000ebb80000,0x00000000eda80000,0x00000000eda80000)
  from space 2560K, 99% used [0x00000000eda80000,0x00000000edcfc010,0x00000000edd00000)
  to   space 5120K, 0% used [0x00000000efe80000,0x00000000efe80000,0x00000000f0380000)
 ParOldGen       total 42496K, used 6185K [0x00000000c3200000, 0x00000000c5b80000, 0x00000000ebb80000)
  object space 42496K, 14% used [0x00000000c3200000,0x00000000c380a400,0x00000000c5b80000)
 Metaspace       used 16206K, capacity 16485K, committed 16768K, reserved 1064960K
  class space    used 1779K, capacity 1870K, committed 1920K, reserved 1048576K
Event: 5.432 GC heap after
Heap after GC invocations=6 (full 0):
 PSYoungGen      total 68608K, used 4208K [0x00000000ebb80000, 0x00000000f0380000, 0x0000000100000000)
  eden space 63488K, 0% used [0x00000000ebb80000,0x00000000ebb80000,0x00000000ef980000)
  from space 5120K, 82% used [0x00000000efe80000,0x00000000f029c010,0x00000000f0380000)
  to   space 5120K, 0% used [0x00000000ef980000,0x00000000ef980000,0x00000000efe80000)
 ParOldGen       total 42496K, used 6193K [0x00000000c3200000, 0x00000000c5b80000, 0x00000000ebb80000)
  object space 42496K, 14% used [0x00000000c3200000,0x00000000c380c400,0x00000000c5b80000)
 Metaspace       used 16206K, capacity 16485K, committed 16768K, reserved 1064960K
  class space    used 1779K, capacity 1870K, committed 1920K, reserved 1048576K
}

Deoptimization events (10 events):
Event: 5.887 Thread 0x0000000001efe800 Uncommon trap: reason=bimorphic action=maybe_recompile pc=0x00000000024a17b8 method=java.util.regex.Pattern$Curly.match0(Ljava/util/regex/Matcher;IILjava/lang/CharSequence;)Z @ 170
Event: 5.970 Thread 0x0000000001efe800 Uncommon trap: reason=unstable_if action=reinterpret pc=0x000000000260bbb0 method=org.bushe.swing.event.ThreadSafeEventService.getRealSubscriberAndCleanStaleSubscriberIfNecessary(Ljava/util/Iterator;Ljava/lang/Object;)Ljava/lang/Object; @ 35
Event: 7.692 Thread 0x0000000001efe800 Uncommon trap: reason=unstable_if action=reinterpret pc=0x0000000002650224 method=de.lessvoid.nifty.tools.SizeValue.isPercent()Z @ 4
Event: 7.693 Thread 0x0000000001efe800 Uncommon trap: reason=unstable_if action=reinterpret pc=0x0000000002652c3c method=de.lessvoid.nifty.tools.SizeValue.isPercent()Z @ 4
Event: 8.926 Thread 0x0000000001efe800 Uncommon trap: reason=unstable_if action=reinterpret pc=0x0000000002a4e024 method=de.lessvoid.nifty.elements.Element.isMouseInsideElement(II)Z @ 21
Event: 8.926 Thread 0x0000000001efe800 Uncommon trap: reason=unstable_if action=reinterpret pc=0x00000000029a62d8 method=de.lessvoid.nifty.elements.Element.isMouseInsideElement(II)Z @ 21
Event: 9.394 Thread 0x0000000001efe800 Uncommon trap: reason=bimorphic action=maybe_recompile pc=0x0000000002a420c8 method=de.lessvoid.nifty.effects.Effect.execute(Lde/lessvoid/nifty/render/NiftyRenderEngine;)V @ 27
Event: 9.410 Thread 0x0000000001efe800 Uncommon trap: reason=bimorphic action=maybe_recompile pc=0x0000000002a420c8 method=de.lessvoid.nifty.effects.Effect.execute(Lde/lessvoid/nifty/render/NiftyRenderEngine;)V @ 27
Event: 9.427 Thread 0x0000000001efe800 Uncommon trap: reason=bimorphic action=maybe_recompile pc=0x0000000002a420c8 method=de.lessvoid.nifty.effects.Effect.execute(Lde/lessvoid/nifty/render/NiftyRenderEngine;)V @ 27
Event: 9.444 Thread 0x0000000001efe800 Uncommon trap: reason=bimorphic action=maybe_recompile pc=0x0000000002a420c8 method=de.lessvoid.nifty.effects.Effect.execute(Lde/lessvoid/nifty/render/NiftyRenderEngine;)V @ 27

Internal exceptions (10 events):
Event: 18.276 Thread 0x0000000001efe800 Exception <a 'java/security/PrivilegedActionException'> (0x00000000ee374c98) thrown at [C:\re\workspace\8-2-build-windows-amd64-cygwin\jdk8u51\3951\hotspot\src\share\vm\prims\jvm.cpp, line 1382]
Event: 18.277 Thread 0x0000000001efe800 Exception <a 'java/security/PrivilegedActionException'> (0x00000000ee375cd0) thrown at [C:\re\workspace\8-2-build-windows-amd64-cygwin\jdk8u51\3951\hotspot\src\share\vm\prims\jvm.cpp, line 1382]
Event: 18.278 Thread 0x0000000001efe800 Exception <a 'java/security/PrivilegedActionException'> (0x00000000ee37ac38) thrown at [C:\re\workspace\8-2-build-windows-amd64-cygwin\jdk8u51\3951\hotspot\src\share\vm\prims\jvm.cpp, line 1382]
Event: 18.278 Thread 0x0000000001efe800 Exception <a 'java/security/PrivilegedActionException'> (0x00000000ee37b7e0) thrown at [C:\re\workspace\8-2-build-windows-amd64-cygwin\jdk8u51\3951\hotspot\src\share\vm\prims\jvm.cpp, line 1382]
Event: 18.278 Thread 0x0000000001efe800 Exception <a 'java/security/PrivilegedActionException'> (0x00000000ee37c358) thrown at [C:\re\workspace\8-2-build-windows-amd64-cygwin\jdk8u51\3951\hotspot\src\share\vm\prims\jvm.cpp, line 1382]
Event: 18.280 Thread 0x0000000001efe800 Exception <a 'org/lwjgl/LWJGLException'> (0x00000000ee37e550) thrown at [C:\re\workspace\8-2-build-windows-amd64-cygwin\jdk8u51\3951\hotspot\src\share\vm\prims\jni.cpp, line 709]
Event: 18.280 Thread 0x0000000001efe800 Exception <a 'org/lwjgl/LWJGLException'> (0x00000000ee37ecd8) thrown at [C:\re\workspace\8-2-build-windows-amd64-cygwin\jdk8u51\3951\hotspot\src\share\vm\prims\jni.cpp, line 709]
Event: 18.280 Thread 0x0000000001efe800 Exception <a 'org/lwjgl/LWJGLException'> (0x00000000ee37f488) thrown at [C:\re\workspace\8-2-build-windows-amd64-cygwin\jdk8u51\3951\hotspot\src\share\vm\prims\jni.cpp, line 709]
Event: 18.280 Thread 0x0000000001efe800 Exception <a 'org/lwjgl/LWJGLException'> (0x00000000ee37fc38) thrown at [C:\re\workspace\8-2-build-windows-amd64-cygwin\jdk8u51\3951\hotspot\src\share\vm\prims\jni.cpp, line 709]
Event: 18.281 Thread 0x0000000001efe800 Exception <a 'org/lwjgl/LWJGLException'> (0x00000000ee3803d0) thrown at [C:\re\workspace\8-2-build-windows-amd64-cygwin\jdk8u51\3951\hotspot\src\share\vm\prims\jni.cpp, line 709]

Events (10 events):
Event: 18.268 loading class org/lwjgl/opencl/CL
Event: 18.268 loading class org/lwjgl/opencl/CL done
Event: 18.272 loading class org/lwjgl/LWJGLUtil$3
Event: 18.273 loading class org/lwjgl/LWJGLUtil$3 done
Event: 18.277 loading class java/lang/ClassFormatError
Event: 18.277 loading class java/lang/ClassFormatError done
Event: 18.277 loading class java/lang/AssertionStatusDirectives
Event: 18.277 loading class java/lang/AssertionStatusDirectives done
Event: 18.282 loading class org/lwjgl/opencl/CLCapabilities
Event: 18.282 loading class org/lwjgl/opencl/CLCapabilities done


Dynamic libraries:
0x00007ff70e940000 - 0x00007ff70e977000 	C:\Program Files\Java\jre1.8.0_51\bin\javaw.exe
0x00007ffe0ab60000 - 0x00007ffe0ad0c000 	C:\Windows\SYSTEM32\ntdll.dll
0x00007ffe0a120000 - 0x00007ffe0a25e000 	C:\Windows\system32\KERNEL32.DLL
0x00007ffe07d90000 - 0x00007ffe07ea5000 	C:\Windows\system32\KERNELBASE.dll
0x00007ffe06690000 - 0x00007ffe0671e000 	C:\Windows\system32\apphelp.dll
0x00007ffdf5e00000 - 0x00007ffdf5e53000 	C:\Windows\AppPatch\AppPatch64\AcGenral.DLL
0x00007ffe09c10000 - 0x00007ffe09cba000 	C:\Windows\system32\msvcrt.dll
0x00007ffe07b60000 - 0x00007ffe07b8e000 	C:\Windows\SYSTEM32\SspiCli.dll
0x00007ffe09bb0000 - 0x00007ffe09c04000 	C:\Windows\system32\SHLWAPI.dll
0x00007ffe0a260000 - 0x00007ffe0a3d7000 	C:\Windows\system32\USER32.dll
0x00007ffe0a7f0000 - 0x00007ffe0a984000 	C:\Windows\system32\ole32.dll
0x00007ffe08460000 - 0x00007ffe09979000 	C:\Windows\system32\SHELL32.dll
0x00007ffe072e0000 - 0x00007ffe07301000 	C:\Windows\SYSTEM32\USERENV.dll
0x00007ffe09b00000 - 0x00007ffe09baa000 	C:\Windows\system32\ADVAPI32.dll
0x00007ffdfe4a0000 - 0x00007ffdfe4be000 	C:\Windows\SYSTEM32\MPR.dll
0x00007ffe0a990000 - 0x00007ffe0aad1000 	C:\Windows\system32\RPCRT4.dll
0x00007ffe083a0000 - 0x00007ffe083f9000 	C:\Windows\SYSTEM32\sechost.dll
0x00007ffe09f00000 - 0x00007ffe0a111000 	C:\Windows\SYSTEM32\combase.dll
0x00007ffe0a3e0000 - 0x00007ffe0a530000 	C:\Windows\system32\GDI32.dll
0x00007ffe07cc0000 - 0x00007ffe07cd5000 	C:\Windows\SYSTEM32\profapi.dll
0x00007ffe05d80000 - 0x00007ffe05e32000 	C:\Windows\SYSTEM32\SHCORE.dll
0x00007ffe09cc0000 - 0x00007ffe09cf6000 	C:\Windows\system32\IMM32.DLL
0x00007ffe0a690000 - 0x00007ffe0a7e2000 	C:\Windows\system32\MSCTF.dll
0x00007ffe00850000 - 0x00007ffe00aca000 	C:\Windows\WinSxS\amd64_microsoft.windows.common-controls_6595b64144ccf1df_6.0.9600.17810_none_6240b9c7ecbd0bda\COMCTL32.dll
0x00000000766f0000 - 0x00000000767c2000 	C:\Program Files\Java\jre1.8.0_51\bin\msvcr100.dll
0x0000000076a30000 - 0x00000000772b3000 	C:\Program Files\Java\jre1.8.0_51\bin\server\jvm.dll
0x00007ffe05a70000 - 0x00007ffe05a79000 	C:\Windows\SYSTEM32\WSOCK32.dll
0x00007ffe00640000 - 0x00007ffe00662000 	C:\Windows\SYSTEM32\WINMM.dll
0x00007ffe05e50000 - 0x00007ffe05e5a000 	C:\Windows\SYSTEM32\VERSION.dll
0x00007ffe0ab40000 - 0x00007ffe0ab47000 	C:\Windows\system32\PSAPI.DLL
0x00007ffe0aae0000 - 0x00007ffe0ab3a000 	C:\Windows\system32\WS2_32.dll
0x00007ffe00540000 - 0x00007ffe0056a000 	C:\Windows\SYSTEM32\WINMMBASE.dll
0x00007ffe0a5a0000 - 0x00007ffe0a5a9000 	C:\Windows\system32\NSI.dll
0x00007ffe07eb0000 - 0x00007ffe07eff000 	C:\Windows\SYSTEM32\cfgmgr32.dll
0x00007ffe06ab0000 - 0x00007ffe06ad8000 	C:\Windows\SYSTEM32\DEVOBJ.dll
0x0000000076940000 - 0x000000007694f000 	C:\Program Files\Java\jre1.8.0_51\bin\verify.dll
0x0000000076910000 - 0x0000000076939000 	C:\Program Files\Java\jre1.8.0_51\bin\java.dll
0x00000000766b0000 - 0x00000000766e5000 	C:\Program Files\Java\jre1.8.0_51\bin\jdwp.dll
0x00000000766a0000 - 0x00000000766a8000 	C:\Program Files\Java\jre1.8.0_51\bin\npt.dll
0x00000000768f0000 - 0x0000000076906000 	C:\Program Files\Java\jre1.8.0_51\bin\zip.dll
0x0000000076690000 - 0x0000000076699000 	C:\Program Files\Java\jre1.8.0_51\bin\dt_socket.dll
0x00007ffdf7190000 - 0x00007ffdf71a5000 	C:\Windows\system32\napinsp.dll
0x00007ffdf72c0000 - 0x00007ffdf72da000 	C:\Windows\system32\pnrpnsp.dll
0x00007ffe05f00000 - 0x00007ffe05f1b000 	C:\Windows\system32\NLAapi.dll
0x00007ffe075a0000 - 0x00007ffe075f9000 	C:\Windows\System32\mswsock.dll
0x00007ffe073a0000 - 0x00007ffe07444000 	C:\Windows\SYSTEM32\DNSAPI.dll
0x00007ffdf72e0000 - 0x00007ffdf72ed000 	C:\Windows\System32\winrnr.dll
0x00007ffdfa990000 - 0x00007ffdfa9a4000 	C:\Windows\system32\wshbth.dll
0x0000000077390000 - 0x00000000773b6000 	C:\Program Files\Bonjour\mdnsNSP.dll
0x00007ffe05350000 - 0x00007ffe0537a000 	C:\Windows\SYSTEM32\Iphlpapi.DLL
0x00007ffe05320000 - 0x00007ffe0532a000 	C:\Windows\SYSTEM32\WINNSI.DLL
0x00007ffe04760000 - 0x00007ffe047cb000 	C:\Windows\System32\fwpuclnt.dll
0x00007ffdfb250000 - 0x00007ffdfb25a000 	C:\Windows\System32\rasadhlp.dll
0x0000000180000000 - 0x0000000180053000 	C:\Users\ropoLaptopn\Desktop\merged methods\Neck_Veins\Neck_Veins\NeckVeins 1.0\lwjgl-2.9.3\native\windows\lwjgl64.dll
0x00007ffdf2390000 - 0x00007ffdf24bb000 	C:\Windows\SYSTEM32\OPENGL32.dll
0x00007ffdf7380000 - 0x00007ffdf73ae000 	C:\Windows\SYSTEM32\GLU32.dll
0x00007ffdf2cf0000 - 0x00007ffdf2de8000 	C:\Windows\SYSTEM32\DDRAW.dll
0x00007ffe05100000 - 0x00007ffe05109000 	C:\Windows\SYSTEM32\DCIMAN32.dll
0x00000000764f0000 - 0x0000000076688000 	C:\Program Files\Java\jre1.8.0_51\bin\awt.dll
0x00007ffe0a5c0000 - 0x00007ffe0a681000 	C:\Windows\system32\OLEAUT32.dll
0x00007ffe060e0000 - 0x00007ffe06101000 	C:\Windows\system32\DWMAPI.DLL
0x00007ffe06930000 - 0x00007ffe06a59000 	C:\Windows\system32\uxtheme.dll
0x00007ffe06b00000 - 0x00007ffe06b0b000 	C:\Windows\SYSTEM32\kernel.appcore.dll
0x00007ffe07c00000 - 0x00007ffe07c0b000 	C:\Windows\SYSTEM32\CRYPTBASE.dll
0x00007ffe07b90000 - 0x00007ffe07bf3000 	C:\Windows\SYSTEM32\bcryptPrimitives.dll
0x00007ffdf1590000 - 0x00007ffdf17b1000 	C:\Windows\system32\d3d9.dll
0x00007ffe03cb0000 - 0x00007ffe03cbd000 	C:\Windows\SYSTEM32\atiu9p64.dll
0x0000000075fe0000 - 0x00000000764e1000 	C:\Windows\SYSTEM32\atiumd64.dll
0x0000000075cc0000 - 0x0000000075fdb000 	C:\Windows\SYSTEM32\atiumd6a.dll
0x0000000075c70000 - 0x0000000075cb7000 	C:\Program Files\Java\jre1.8.0_51\bin\fontmanager.dll
0x0000000075c60000 - 0x0000000075c67000 	C:\Program Files\Java\jre1.8.0_51\bin\jawt.dll
0x00007ffe03af0000 - 0x00007ffe03af8000 	C:\Windows\SYSTEM32\atig6pxx.dll
0x0000000069030000 - 0x000000006a444000 	C:\Windows\SYSTEM32\atio6axx.dll
0x00007ffe00630000 - 0x00007ffe0063a000 	C:\Windows\SYSTEM32\atig6txx.dll
0x00007ffdf1bd0000 - 0x00007ffdf1d1c000 	C:\Windows\SYSTEM32\aticfx64.dll
0x000000001a5c0000 - 0x000000001a617000 	C:\Windows\SYSTEM32\atiadlxx.dll
0x00007ffe09d20000 - 0x00007ffe09efa000 	C:\Windows\system32\SETUPAPI.dll
0x00007ffe07f00000 - 0x00007ffe07f51000 	C:\Windows\system32\WINTRUST.dll
0x00007ffe07f60000 - 0x00007ffe0813f000 	C:\Windows\system32\CRYPT32.dll
0x00007ffe07d70000 - 0x00007ffe07d81000 	C:\Windows\system32\MSASN1.dll
0x00007ffe07600000 - 0x00007ffe07620000 	C:\Windows\SYSTEM32\CRYPTSP.dll
0x00007ffe071d0000 - 0x00007ffe07206000 	C:\Windows\system32\rsaenh.dll
0x00007ffe07850000 - 0x00007ffe07876000 	C:\Windows\SYSTEM32\bcrypt.dll
0x00000000768d0000 - 0x00000000768ea000 	C:\Program Files\Java\jre1.8.0_51\bin\net.dll
0x00007ffe04a40000 - 0x00007ffe04a56000 	C:\Windows\SYSTEM32\dhcpcsvc6.DLL
0x00007ffe04bd0000 - 0x00007ffe04bea000 	C:\Windows\SYSTEM32\dhcpcsvc.DLL
0x00000000768b0000 - 0x00000000768c1000 	C:\Program Files\Java\jre1.8.0_51\bin\nio.dll
0x0000000019c10000 - 0x0000000019c26000 	C:\Users\ropoLaptopn\Desktop\merged methods\Neck_Veins\Neck_Veins\NeckVeins 1.0\lwjgl-2.9.3\native\windows\jinput-dx8_64.dll
0x00007ffdf72f0000 - 0x00007ffdf7332000 	C:\Windows\SYSTEM32\DINPUT8.dll
0x00007ffe06e80000 - 0x00007ffe06e8d000 	C:\Windows\SYSTEM32\HID.DLL
0x000000001a480000 - 0x000000001a494000 	C:\Users\ropoLaptopn\Desktop\merged methods\Neck_Veins\Neck_Veins\NeckVeins 1.0\lwjgl-2.9.3\native\windows\jinput-raw_64.dll
0x00007ffdf71e0000 - 0x00007ffdf71f6000 	C:\Windows\SYSTEM32\OpenCL.dll
0x00007ffde5860000 - 0x00007ffde868f000 	C:\Windows\SYSTEM32\amdocl64.dll
0x00007ffdf0050000 - 0x00007ffdf01d9000 	C:\Windows\SYSTEM32\dbghelp.dll

VM Arguments:
jvm_args: -agentlib:jdwp=transport=dt_socket,suspend=y,address=localhost:52754 -Djava.library.path=C:\Users\ropoLaptopn\Desktop\merged methods\Neck_Veins\Neck_Veins\NeckVeins 1.0\libs\Leap\x64;C:\Users\ropoLaptopn\Desktop\merged methods\Neck_Veins\Neck_Veins\NeckVeins 1.0\lwjgl-2.9.3\native\windows;C:\Users\ropoLaptopn\Desktop\merged methods\Neck_Veins\Neck_Veins\NeckVeins 1.0\lwjgl-2.9.3\native\windows;C:\Users\ropoLaptopn\Desktop\merged methods\Neck_Veins\Neck_Veins\NeckVeins 1.0\lwjgl-2.9.3\native\windows -Dfile.encoding=Cp1250 
java_command: si.uni_lj.fri.veins3D.main.Main
java_class_path (initial): C:\Users\ropoLaptopn\Desktop\merged methods\Neck_Veins\Neck_Veins\NeckVeins 1.0\bin;C:\Users\ropoLaptopn\Desktop\merged methods\Neck_Veins\Neck_Veins\NeckVeins 1.0\libs\TWL.jar;C:\Users\ropoLaptopn\Desktop\merged methods\Neck_Veins\Neck_Veins\NeckVeins 1.0\libs\slick-util.jar;C:\Users\ropoLaptopn\Desktop\merged methods\Neck_Veins\Neck_Veins\NeckVeins 1.0\libs\xpp3-1.1.4c.jar;C:\Users\ropoLaptopn\Desktop\merged methods\Neck_Veins\Neck_Veins\NeckVeins 1.0\libs\LeapJava.jar;C:\Users\ropoLaptopn\Desktop\merged methods\Neck_Veins\Neck_Veins\NeckVeins 1.0\libs\ejml-v0.27-libs\EJML-core-0.27.jar;C:\Users\ropoLaptopn\Desktop\merged methods\Neck_Veins\Neck_Veins\NeckVeins 1.0\libs\ejml-v0.27-libs\EJML-simple-0.27.jar;C:\Users\ropoLaptopn\Desktop\merged methods\Neck_Veins\Neck_Veins\NeckVeins 1.0\libs\ejml-v0.27-libs\EJML-dense64-0.27.jar;C:\Users\ropoLaptopn\Desktop\merged methods\Neck_Veins\Neck_Veins\NeckVeins 1.0\libs\ejml-v0.27-libs\EJML-denseC64-0.27.jar;C:\Users\ropoLaptopn\Desktop\merged methods\Neck_Veins\Neck_Veins\NeckVeins 1.0\libs\ejml-v0.27-libs\EJML-equation-0.27.jar;C:\Users\ropoLaptopn\Desktop\merged methods\Neck_Veins\Neck_Veins\NeckVeins 1.0\libs\nifty-1.4.1\dependencies\eventbus-1.4.jar;C:\Users\ropoLaptopn\Desktop\merged methods\Neck_Veins\Neck_Veins\NeckVeins 1.0\libs\nifty-1.4.1\dependencies\jglfont-core-1.4.jar;C:\Users\ropoLaptopn\Desktop\merged methods\Neck_Veins\Neck_Veins\NeckVeins 1.0\libs\nifty-1.4.1\dependencies\jorbis-0.0.17.jar;C:\Users\ropoLaptopn\Desktop\merged methods\Neck_Veins\Neck_Veins\NeckVeins 1.0\lwjgl-2.9.3\jar\AppleJavaExtensions.jar;C:\Users\ropoLaptopn\Desktop\merged methods\Neck_Veins\Neck_Veins\NeckVeins 1.0\lwjgl-2.9.3\jar\jinput.jar;C:\Users\ropoLaptopn\Desktop\merged methods\Neck_Veins\Neck_Veins\NeckVeins 1.0\lwjgl-2.9.3\jar\laf-plugin-7.2.1.jar;C:\Users\ropoLaptopn\Desktop\merged methods\Neck_Veins\Neck_Veins\NeckVeins 1.0\lwjgl-2.9.3\jar\laf-widget-7.2.1.jar;C:\Users\ropoLaptopn\Desktop\merged
Launcher Type: SUN_STANDARD

Environment Variables:
PATH=C:/Program Files/Java/jre1.8.0_51/bin/server;C:/Program Files/Java/jre1.8.0_51/bin;C:/Program Files/Java/jre1.8.0_51/lib/amd64;C:\ProgramData\Oracle\Java\javapath;c:\Rtools\bin;c:\Rtools\gcc-4.6.3\bin;C:\Windows\system32;C:\Windows;C:\Windows\System32\Wbem;C:\Windows\System32\WindowsPowerShell\v1.0\;C:\Program Files (x86)\AMD\ATI.ACE\Core-Static;C:\Rtools\bin;C:\Rtools\gcc-4.6.3\bin;C:\Program Files\TortoiseGit\bin;C:\Python27;C:\Program Files (x86)\Skype\Phone\;C:\Users\ropoLaptopn\Desktop\eclipse;
USERNAME=ropoLaptopn
OS=Windows_NT
PROCESSOR_IDENTIFIER=Intel64 Family 6 Model 37 Stepping 2, GenuineIntel



---------------  S Y S T E M  ---------------

OS: Windows 8.1 , 64 bit Build 9600 (6.3.9600.17415)

CPU:total 4 (2 cores per cpu, 2 threads per core) family 6 model 37 stepping 2, cmov, cx8, fxsr, mmx, sse, sse2, sse3, ssse3, sse4.1, sse4.2, popcnt, ht, tsc, tscinvbit

Memory: 4k page, physical 3985892k(1821332k free), swap 5473664k(2363380k free)

vm_info: Java HotSpot(TM) 64-Bit Server VM (25.51-b03) for windows-amd64 JRE (1.8.0_51-b16), built on Jun  8 2015 18:03:07 by "java_re" with MS VC++ 10.0 (VS2010)

time: Sun Aug 23 09:30:19 2015
elapsed time: 18 seconds (0d 0h 0m 18s)

