#
# A fatal error has been detected by the Java Runtime Environment:
#
#  EXCEPTION_ACCESS_VIOLATION (0xc0000005) at pc=0x0000000000000000, pid=1684, tid=4836
#
# JRE version: Java(TM) SE Runtime Environment (8.0_51-b16) (build 1.8.0_51-b16)
# Java VM: Java HotSpot(TM) 64-Bit Server VM (25.51-b03 mixed mode windows-amd64 compressed oops)
# Problematic frame:
# C  0x0000000000000000
#
# Failed to write core dump. Minidumps are not enabled by default on client versions of Windows
#
# If you would like to submit a bug report, please visit:
#   http://bugreport.java.com/bugreport/crash.jsp
# The crash happened outside the Java Virtual Machine in native code.
# See problematic frame for where to report the bug.
#

---------------  T H R E A D  ---------------

Current thread (0x00000000022f2800):  JavaThread "main" [_thread_in_native, id=4836, stack(0x00000000021c0000,0x00000000022c0000)]

siginfo: ExceptionCode=0xc0000005, ExceptionInformation=0x0000000000000008 0x0000000000000000

Registers:
RAX=0x00000000022bc1a4, RBX=0x0000000000001002, RCX=0x00000000022bbe78, RDX=0x0000000000000000
RSP=0x00000000022bbe28, RBP=0x00000000022bbf30, RSI=0x000000001aac5a40, RDI=0x0000000000000000
R8 =0x00000000022bbd38, R9 =0x00000000022bbf30, R10=0x0000000000000000, R11=0x0000000000000246
R12=0x0000000000000000, R13=0x00007ffde7414fe0, R14=0x0000000000000000, R15=0x0000000000000000
RIP=0x0000000000000000, EFLAGS=0x0000000000010246

Top of Stack: (sp=0x00000000022bbe28)
0x00000000022bbe28:   00007ffde741512d 00000000022bd060
0x00000000022bbe38:   000000001aac5a40 00007ffde9c51378
0x00000000022bbe48:   00007ffde801387c 0000000000000000
0x00000000022bbe58:   00000000022bbed0 000000001aa68730
0x00000000022bbe68:   0000000000000000 0000000e00000001
0x00000000022bbe78:   00000000022bc1a4 0000000000000000
0x00000000022bbe88:   0000000000000000 000000000000000d
0x00000000022bbe98:   00000000022bbf78 000000000000000e
0x00000000022bbea8:   1ca0518000000020 4fde0c9a450aa699
0x00000000022bbeb8:   0000000189dd3dbe 000000001aacce90
0x00000000022bbec8:   fffffffffffffffe 4d36e97d00000020
0x00000000022bbed8:   0008c1bf11cee325 000000061803e12b
0x00000000022bbee8:   000000001aa597b0 0000000000000000
0x00000000022bbef8:   00007ffe0ab8e83f 000000000f00000f
0x00000000022bbf08:   0000000000000000 00000000022b00f0
0x00000000022bbf18:   0000000000000022 000000001aa68740 

Instructions: (pc=0x0000000000000000)
0xffffffffffffffe0:   


Register to memory mapping:

RAX=0x00000000022bc1a4 is pointing into the stack for thread: 0x00000000022f2800
RBX=0x0000000000001002 is an unknown value
RCX=0x00000000022bbe78 is pointing into the stack for thread: 0x00000000022f2800
RDX=0x0000000000000000 is an unknown value
RSP=0x00000000022bbe28 is pointing into the stack for thread: 0x00000000022f2800
RBP=0x00000000022bbf30 is pointing into the stack for thread: 0x00000000022f2800
RSI=0x000000001aac5a40 is an unknown value
RDI=0x0000000000000000 is an unknown value
R8 =0x00000000022bbd38 is pointing into the stack for thread: 0x00000000022f2800
R9 =0x00000000022bbf30 is pointing into the stack for thread: 0x00000000022f2800
R10=0x0000000000000000 is an unknown value
R11=0x0000000000000246 is an unknown value
R12=0x0000000000000000 is an unknown value
R13=0x00007ffde7414fe0 is an unknown value
R14=0x0000000000000000 is an unknown value
R15=0x0000000000000000 is an unknown value


Stack: [0x00000000021c0000,0x00000000022c0000],  sp=0x00000000022bbe28,  free space=1007k
Native frames: (J=compiled Java code, j=interpreted, Vv=VM code, C=native code)

Java frames: (J=compiled Java code, j=interpreted, Vv=VM code)
j  org.lwjgl.opencl.CL.ngetFunctionAddress(J)J+0
j  org.lwjgl.opencl.CL.getFunctionAddress(Ljava/lang/String;)J+9
j  org.lwjgl.opencl.CLCapabilities.<clinit>()V+2
v  ~StubRoutines::call_stub
j  org.lwjgl.opencl.CL.create()V+272
j  si.uni_lj.fri.segmentation.ModelCreator.initializeCL()V+5
j  si.uni_lj.fri.segmentation.ModelCreator.createModel(Ljava/lang/String;DD)[Ljava/lang/Object;+81
j  si.uni_lj.fri.veins3D.gui.render.models.VeinsModelMesh.constructVBOFromRawFile(Ljava/lang/String;DD)V+56
j  si.uni_lj.fri.veins3D.gui.render.VeinsRenderer.loadModelRaw(Ljava/lang/String;DD)V+40
j  si.uni_lj.fri.veins3D.gui.NiftyScreenController.onButton_OpenDialog_Open()V+48
v  ~StubRoutines::call_stub
J 2734  sun.reflect.NativeMethodAccessorImpl.invoke0(Ljava/lang/reflect/Method;Ljava/lang/Object;[Ljava/lang/Object;)Ljava/lang/Object; (0 bytes) @ 0x0000000002d0393f [0x0000000002d038c0+0x7f]
J 2733 C1 sun.reflect.NativeMethodAccessorImpl.invoke(Ljava/lang/Object;[Ljava/lang/Object;)Ljava/lang/Object; (104 bytes) @ 0x0000000002d084e4 [0x0000000002d07300+0x11e4]
J 917 C1 sun.reflect.DelegatingMethodAccessorImpl.invoke(Ljava/lang/Object;[Ljava/lang/Object;)Ljava/lang/Object; (10 bytes) @ 0x0000000002784b64 [0x0000000002784a40+0x124]
J 916 C1 java.lang.reflect.Method.invoke(Ljava/lang/Object;[Ljava/lang/Object;)Ljava/lang/Object; (62 bytes) @ 0x0000000002784554 [0x0000000002784140+0x414]
j  de.lessvoid.nifty.NiftyMethodInvoker.callMethod(Ljava/lang/Object;Ljava/lang/reflect/Method;[Ljava/lang/Object;)Ljava/lang/Object;+109
j  de.lessvoid.nifty.NiftyMethodInvoker.performInvoke([Ljava/lang/Object;)V+298
j  de.lessvoid.nifty.Nifty$DelayedMethodInvoke.perform()V+8
j  de.lessvoid.nifty.Nifty.invokeMethods()V+47
J 2962 C1 de.lessvoid.nifty.Nifty.handleDynamicElements()V (27 bytes) @ 0x0000000002e1f4d4 [0x0000000002e1eac0+0xa14]
j  de.lessvoid.nifty.Nifty.access$7(Lde/lessvoid/nifty/Nifty;)V+1
j  de.lessvoid.nifty.Nifty$NiftyInputConsumerImpl.processEvent(Lde/lessvoid/nifty/input/NiftyMouseInputEvent;)Z+43
j  de.lessvoid.nifty.Nifty$NiftyInputConsumerImpl.processMouseEvent(IIIIZ)Z+25
j  de.lessvoid.nifty.renderer.lwjgl.input.LwjglInputSystem.processMouseEvents(Lde/lessvoid/nifty/NiftyInputConsumer;)V+47
j  de.lessvoid.nifty.renderer.lwjgl.input.LwjglInputSystem.forwardEvents(Lde/lessvoid/nifty/NiftyInputConsumer;)V+16
j  de.lessvoid.nifty.Nifty.update()Z+22
j  si.uni_lj.fri.veins3D.main.VeinsWindow.renderNiftyGUI()V+113
j  si.uni_lj.fri.veins3D.main.VeinsWindow.mainLoop()V+111
j  si.uni_lj.fri.veins3D.main.Main.main([Ljava/lang/String;)V+7
v  ~StubRoutines::call_stub

---------------  P R O C E S S  ---------------

Java Threads: ( => current thread )
  0x000000001cab2800 JavaThread "LWJGL Timer" daemon [_thread_blocked, id=4240, stack(0x000000001d810000,0x000000001d910000)]
  0x000000001d1c9800 JavaThread "Thread-6" daemon [_thread_in_native, id=5052, stack(0x000000001f700000,0x000000001f800000)]
  0x0000000017421000 JavaThread "D3D Screen Updater" daemon [_thread_blocked, id=2072, stack(0x000000001a190000,0x000000001a290000)]
  0x0000000016b29000 JavaThread "AWT-EventQueue-0" [_thread_blocked, id=3044, stack(0x0000000019b80000,0x0000000019c80000)]
  0x0000000016b47000 JavaThread "AWT-Windows" daemon [_thread_in_native, id=1664, stack(0x0000000017df0000,0x0000000017ef0000)]
  0x0000000016b46000 JavaThread "AWT-Shutdown" [_thread_blocked, id=2336, stack(0x0000000017cf0000,0x0000000017df0000)]
  0x0000000016b45800 JavaThread "Java2D Disposer" daemon [_thread_blocked, id=608, stack(0x0000000017bf0000,0x0000000017cf0000)]
  0x000000001494e800 JavaThread "Service Thread" daemon [_thread_blocked, id=4168, stack(0x0000000016c50000,0x0000000016d50000)]
  0x0000000016778800 JavaThread "C1 CompilerThread2" daemon [_thread_blocked, id=880, stack(0x0000000016b50000,0x0000000016c50000)]
  0x000000001491c000 JavaThread "C2 CompilerThread1" daemon [_thread_blocked, id=4008, stack(0x0000000016650000,0x0000000016750000)]
  0x0000000014916000 JavaThread "C2 CompilerThread0" daemon [_thread_blocked, id=1400, stack(0x0000000016550000,0x0000000016650000)]
  0x000000001490b000 JavaThread "JDWP Command Reader" daemon [_thread_in_native, id=1112, stack(0x0000000016450000,0x0000000016550000)]
  0x0000000014909800 JavaThread "JDWP Event Helper Thread" daemon [_thread_blocked, id=1056, stack(0x0000000016350000,0x0000000016450000)]
  0x00000000148fc000 JavaThread "JDWP Transport Listener: dt_socket" daemon [_thread_blocked, id=4340, stack(0x0000000016250000,0x0000000016350000)]
  0x00000000148f2800 JavaThread "Attach Listener" daemon [_thread_blocked, id=4900, stack(0x0000000015d70000,0x0000000015e70000)]
  0x00000000148ef000 JavaThread "Signal Dispatcher" daemon [_thread_blocked, id=3380, stack(0x0000000015c70000,0x0000000015d70000)]
  0x00000000023e9000 JavaThread "Finalizer" daemon [_thread_blocked, id=4732, stack(0x0000000015b50000,0x0000000015c50000)]
  0x00000000023df000 JavaThread "Reference Handler" daemon [_thread_blocked, id=2704, stack(0x0000000015a50000,0x0000000015b50000)]
=>0x00000000022f2800 JavaThread "main" [_thread_in_native, id=4836, stack(0x00000000021c0000,0x00000000022c0000)]

Other Threads:
  0x00000000148b7800 VMThread [stack: 0x0000000015950000,0x0000000015a50000] [id=3688]
  0x00000000167a3000 WatcherThread [stack: 0x0000000016d50000,0x0000000016e50000] [id=3312]

VM state:not at safepoint (normal execution)

VM Mutex/Monitor currently owned by a thread: None

Heap:
 PSYoungGen      total 68608K, used 46640K [0x00000000ebb80000, 0x00000000f0380000, 0x0000000100000000)
  eden space 63488K, 66% used [0x00000000ebb80000,0x00000000ee4fc360,0x00000000ef980000)
  from space 5120K, 81% used [0x00000000efe80000,0x00000000f0290000,0x00000000f0380000)
  to   space 5120K, 0% used [0x00000000ef980000,0x00000000ef980000,0x00000000efe80000)
 ParOldGen       total 42496K, used 6119K [0x00000000c3200000, 0x00000000c5b80000, 0x00000000ebb80000)
  object space 42496K, 14% used [0x00000000c3200000,0x00000000c37f9cb0,0x00000000c5b80000)
 Metaspace       used 17131K, capacity 17405K, committed 17664K, reserved 1064960K
  class space    used 1850K, capacity 1938K, committed 2048K, reserved 1048576K

Card table byte_map: [0x00000000117b0000,0x00000000119a0000] byte_map_base: 0x0000000011197000

Marking Bits: (ParMarkBitMap*) 0x0000000077234040
 Begin Bits: [0x0000000011ef0000, 0x0000000012e28000)
 End Bits:   [0x0000000012e28000, 0x0000000013d60000)

Polling page: 0x0000000002160000

CodeCache: size=245760Kb used=10695Kb max_used=10713Kb free=235064Kb
 bounds [0x00000000023f0000, 0x0000000002e70000, 0x00000000113f0000]
 total_blobs=3630 nmethods=3003 adapters=548
 compilation: enabled

Compilation events (10 events):
Event: 10.764 Thread 0x0000000016778800 3015       3       net.java.games.input.RawInputEventQueue::addMouseEvent (34 bytes)
Event: 10.764 Thread 0x0000000016778800 nmethod 3015 0x000000000250ebd0 code [0x000000000250ed40, 0x000000000250f058]
Event: 10.765 Thread 0x0000000016778800 3016       3       net.java.games.input.RawInputEventQueue::lookupDevice (51 bytes)
Event: 10.765 Thread 0x0000000016778800 nmethod 3016 0x000000000250e250 code [0x000000000250e400, 0x000000000250e9d8]
Event: 10.765 Thread 0x0000000016778800 3017       3       net.java.games.input.RawDevice::getHandle (5 bytes)
Event: 10.765 Thread 0x0000000016778800 nmethod 3017 0x000000000250df10 code [0x000000000250e060, 0x000000000250e1b0]
Event: 13.298 Thread 0x0000000016778800 3018       3       sun.java2d.d3d.D3DSurfaceData$D3DWindowSurfaceData::isDirty (18 bytes)
Event: 13.298 Thread 0x0000000016778800 nmethod 3018 0x0000000002e58ad0 code [0x0000000002e58c40, 0x0000000002e58ec8]
Event: 13.299 Thread 0x0000000016778800 3019       3       sun.java2d.StateTrackableDelegate$1::isCurrent (17 bytes)
Event: 13.299 Thread 0x0000000016778800 nmethod 3019 0x0000000002e58710 code [0x0000000002e58860, 0x0000000002e58a10]

GC Heap History (10 events):
Event: 1.977 GC heap before
{Heap before GC invocations=2 (full 0):
 PSYoungGen      total 18432K, used 18420K [0x00000000ebb80000, 0x00000000ed000000, 0x0000000100000000)
  eden space 15872K, 100% used [0x00000000ebb80000,0x00000000ecb00000,0x00000000ecb00000)
  from space 2560K, 99% used [0x00000000ecb00000,0x00000000ecd7d148,0x00000000ecd80000)
  to   space 2560K, 0% used [0x00000000ecd80000,0x00000000ecd80000,0x00000000ed000000)
 ParOldGen       total 42496K, used 482K [0x00000000c3200000, 0x00000000c5b80000, 0x00000000ebb80000)
  object space 42496K, 1% used [0x00000000c3200000,0x00000000c3278b50,0x00000000c5b80000)
 Metaspace       used 12777K, capacity 13099K, committed 13312K, reserved 1060864K
  class space    used 1404K, capacity 1503K, committed 1536K, reserved 1048576K
Event: 1.985 GC heap after
Heap after GC invocations=2 (full 0):
 PSYoungGen      total 18432K, used 2544K [0x00000000ebb80000, 0x00000000ed000000, 0x0000000100000000)
  eden space 15872K, 0% used [0x00000000ebb80000,0x00000000ebb80000,0x00000000ecb00000)
  from space 2560K, 99% used [0x00000000ecd80000,0x00000000ecffc030,0x00000000ed000000)
  to   space 2560K, 0% used [0x00000000ecb00000,0x00000000ecb00000,0x00000000ecd80000)
 ParOldGen       total 42496K, used 1161K [0x00000000c3200000, 0x00000000c5b80000, 0x00000000ebb80000)
  object space 42496K, 2% used [0x00000000c3200000,0x00000000c33227b0,0x00000000c5b80000)
 Metaspace       used 12777K, capacity 13099K, committed 13312K, reserved 1060864K
  class space    used 1404K, capacity 1503K, committed 1536K, reserved 1048576K
}
Event: 2.479 GC heap before
{Heap before GC invocations=3 (full 0):
 PSYoungGen      total 18432K, used 18416K [0x00000000ebb80000, 0x00000000ed000000, 0x0000000100000000)
  eden space 15872K, 100% used [0x00000000ebb80000,0x00000000ecb00000,0x00000000ecb00000)
  from space 2560K, 99% used [0x00000000ecd80000,0x00000000ecffc030,0x00000000ed000000)
  to   space 2560K, 0% used [0x00000000ecb00000,0x00000000ecb00000,0x00000000ecd80000)
 ParOldGen       total 42496K, used 1161K [0x00000000c3200000, 0x00000000c5b80000, 0x00000000ebb80000)
  object space 42496K, 2% used [0x00000000c3200000,0x00000000c33227b0,0x00000000c5b80000)
 Metaspace       used 13679K, capacity 13949K, committed 14208K, reserved 1062912K
  class space    used 1496K, capacity 1570K, committed 1664K, reserved 1048576K
Event: 2.488 GC heap after
Heap after GC invocations=3 (full 0):
 PSYoungGen      total 18432K, used 2544K [0x00000000ebb80000, 0x00000000edf80000, 0x0000000100000000)
  eden space 15872K, 0% used [0x00000000ebb80000,0x00000000ebb80000,0x00000000ecb00000)
  from space 2560K, 99% used [0x00000000ecb00000,0x00000000ecd7c010,0x00000000ecd80000)
  to   space 2560K, 0% used [0x00000000edd00000,0x00000000edd00000,0x00000000edf80000)
 ParOldGen       total 42496K, used 2773K [0x00000000c3200000, 0x00000000c5b80000, 0x00000000ebb80000)
  object space 42496K, 6% used [0x00000000c3200000,0x00000000c34b5410,0x00000000c5b80000)
 Metaspace       used 13679K, capacity 13949K, committed 14208K, reserved 1062912K
  class space    used 1496K, capacity 1570K, committed 1664K, reserved 1048576K
}
Event: 2.859 GC heap before
{Heap before GC invocations=4 (full 0):
 PSYoungGen      total 18432K, used 18416K [0x00000000ebb80000, 0x00000000edf80000, 0x0000000100000000)
  eden space 15872K, 100% used [0x00000000ebb80000,0x00000000ecb00000,0x00000000ecb00000)
  from space 2560K, 99% used [0x00000000ecb00000,0x00000000ecd7c010,0x00000000ecd80000)
  to   space 2560K, 0% used [0x00000000edd00000,0x00000000edd00000,0x00000000edf80000)
 ParOldGen       total 42496K, used 2773K [0x00000000c3200000, 0x00000000c5b80000, 0x00000000ebb80000)
  object space 42496K, 6% used [0x00000000c3200000,0x00000000c34b5410,0x00000000c5b80000)
 Metaspace       used 14316K, capacity 14613K, committed 14720K, reserved 1062912K
  class space    used 1563K, capacity 1638K, committed 1664K, reserved 1048576K
Event: 2.870 GC heap after
Heap after GC invocations=4 (full 0):
 PSYoungGen      total 34304K, used 2544K [0x00000000ebb80000, 0x00000000edf80000, 0x0000000100000000)
  eden space 31744K, 0% used [0x00000000ebb80000,0x00000000ebb80000,0x00000000eda80000)
  from space 2560K, 99% used [0x00000000edd00000,0x00000000edf7c010,0x00000000edf80000)
  to   space 2560K, 0% used [0x00000000eda80000,0x00000000eda80000,0x00000000edd00000)
 ParOldGen       total 42496K, used 3584K [0x00000000c3200000, 0x00000000c5b80000, 0x00000000ebb80000)
  object space 42496K, 8% used [0x00000000c3200000,0x00000000c35801c0,0x00000000c5b80000)
 Metaspace       used 14316K, capacity 14613K, committed 14720K, reserved 1062912K
  class space    used 1563K, capacity 1638K, committed 1664K, reserved 1048576K
}
Event: 3.450 GC heap before
{Heap before GC invocations=5 (full 0):
 PSYoungGen      total 34304K, used 34288K [0x00000000ebb80000, 0x00000000edf80000, 0x0000000100000000)
  eden space 31744K, 100% used [0x00000000ebb80000,0x00000000eda80000,0x00000000eda80000)
  from space 2560K, 99% used [0x00000000edd00000,0x00000000edf7c010,0x00000000edf80000)
  to   space 2560K, 0% used [0x00000000eda80000,0x00000000eda80000,0x00000000edd00000)
 ParOldGen       total 42496K, used 3584K [0x00000000c3200000, 0x00000000c5b80000, 0x00000000ebb80000)
  object space 42496K, 8% used [0x00000000c3200000,0x00000000c35801c0,0x00000000c5b80000)
 Metaspace       used 14927K, capacity 15237K, committed 15360K, reserved 1062912K
  class space    used 1611K, capacity 1710K, committed 1792K, reserved 1048576K
Event: 3.468 GC heap after
Heap after GC invocations=5 (full 0):
 PSYoungGen      total 34304K, used 2544K [0x00000000ebb80000, 0x00000000f0380000, 0x0000000100000000)
  eden space 31744K, 0% used [0x00000000ebb80000,0x00000000ebb80000,0x00000000eda80000)
  from space 2560K, 99% used [0x00000000eda80000,0x00000000edcfc010,0x00000000edd00000)
  to   space 5120K, 0% used [0x00000000efe80000,0x00000000efe80000,0x00000000f0380000)
 ParOldGen       total 42496K, used 6111K [0x00000000c3200000, 0x00000000c5b80000, 0x00000000ebb80000)
  object space 42496K, 14% used [0x00000000c3200000,0x00000000c37f7cb0,0x00000000c5b80000)
 Metaspace       used 14927K, capacity 15237K, committed 15360K, reserved 1062912K
  class space    used 1611K, capacity 1710K, committed 1792K, reserved 1048576K
}
Event: 4.146 GC heap before
{Heap before GC invocations=6 (full 0):
 PSYoungGen      total 34304K, used 34288K [0x00000000ebb80000, 0x00000000f0380000, 0x0000000100000000)
  eden space 31744K, 100% used [0x00000000ebb80000,0x00000000eda80000,0x00000000eda80000)
  from space 2560K, 99% used [0x00000000eda80000,0x00000000edcfc010,0x00000000edd00000)
  to   space 5120K, 0% used [0x00000000efe80000,0x00000000efe80000,0x00000000f0380000)
 ParOldGen       total 42496K, used 6111K [0x00000000c3200000, 0x00000000c5b80000, 0x00000000ebb80000)
  object space 42496K, 14% used [0x00000000c3200000,0x00000000c37f7cb0,0x00000000c5b80000)
 Metaspace       used 16207K, capacity 16485K, committed 16768K, reserved 1064960K
  class space    used 1779K, capacity 1870K, committed 1920K, reserved 1048576K
Event: 4.160 GC heap after
Heap after GC invocations=6 (full 0):
 PSYoungGen      total 68608K, used 4160K [0x00000000ebb80000, 0x00000000f0380000, 0x0000000100000000)
  eden space 63488K, 0% used [0x00000000ebb80000,0x00000000ebb80000,0x00000000ef980000)
  from space 5120K, 81% used [0x00000000efe80000,0x00000000f0290000,0x00000000f0380000)
  to   space 5120K, 0% used [0x00000000ef980000,0x00000000ef980000,0x00000000efe80000)
 ParOldGen       total 42496K, used 6119K [0x00000000c3200000, 0x00000000c5b80000, 0x00000000ebb80000)
  object space 42496K, 14% used [0x00000000c3200000,0x00000000c37f9cb0,0x00000000c5b80000)
 Metaspace       used 16207K, capacity 16485K, committed 16768K, reserved 1064960K
  class space    used 1779K, capacity 1870K, committed 1920K, reserved 1048576K
}

Deoptimization events (10 events):
Event: 4.514 Thread 0x00000000022f2800 Uncommon trap: reason=unstable_if action=reinterpret pc=0x00000000028b0888 method=java.util.regex.Pattern$Dot.isSatisfiedBy(I)Z @ 9
Event: 4.585 Thread 0x00000000022f2800 Uncommon trap: reason=unstable_if action=reinterpret pc=0x00000000029b7ef0 method=org.bushe.swing.event.ThreadSafeEventService.getRealSubscriberAndCleanStaleSubscriberIfNecessary(Ljava/util/Iterator;Ljava/lang/Object;)Ljava/lang/Object; @ 35
Event: 6.005 Thread 0x00000000022f2800 Uncommon trap: reason=unstable_if action=reinterpret pc=0x00000000029fe2e4 method=de.lessvoid.nifty.tools.SizeValue.isPercent()Z @ 4
Event: 6.006 Thread 0x00000000022f2800 Uncommon trap: reason=unstable_if action=reinterpret pc=0x00000000029eb6bc method=de.lessvoid.nifty.tools.SizeValue.isPercent()Z @ 4
Event: 6.314 Thread 0x00000000022f2800 Uncommon trap: reason=unstable_if action=reinterpret pc=0x0000000002d27fa4 method=de.lessvoid.nifty.elements.Element.isMouseInsideElement(II)Z @ 13
Event: 7.109 Thread 0x00000000022f2800 Uncommon trap: reason=unstable_if action=reinterpret pc=0x0000000002e072fc method=de.lessvoid.nifty.elements.Element.isInsideParentClipArea(II)Z @ 18
Event: 7.559 Thread 0x00000000022f2800 Uncommon trap: reason=bimorphic action=maybe_recompile pc=0x0000000002df7c04 method=de.lessvoid.nifty.effects.Effect.execute(Lde/lessvoid/nifty/render/NiftyRenderEngine;)V @ 27
Event: 7.576 Thread 0x00000000022f2800 Uncommon trap: reason=bimorphic action=maybe_recompile pc=0x0000000002df7c04 method=de.lessvoid.nifty.effects.Effect.execute(Lde/lessvoid/nifty/render/NiftyRenderEngine;)V @ 27
Event: 7.591 Thread 0x00000000022f2800 Uncommon trap: reason=bimorphic action=maybe_recompile pc=0x0000000002df7c04 method=de.lessvoid.nifty.effects.Effect.execute(Lde/lessvoid/nifty/render/NiftyRenderEngine;)V @ 27
Event: 7.608 Thread 0x00000000022f2800 Uncommon trap: reason=bimorphic action=maybe_recompile pc=0x0000000002df7c04 method=de.lessvoid.nifty.effects.Effect.execute(Lde/lessvoid/nifty/render/NiftyRenderEngine;)V @ 27

Internal exceptions (10 events):
Event: 3.652 Thread 0x00000000022f2800 Implicit null exception at 0x0000000002a2d595 to 0x0000000002a2d689
Event: 18.392 Thread 0x00000000022f2800 Exception <a 'java/security/PrivilegedActionException'> (0x00000000ee423d38) thrown at [C:\re\workspace\8-2-build-windows-amd64-cygwin\jdk8u51\3951\hotspot\src\share\vm\prims\jvm.cpp, line 1382]
Event: 18.392 Thread 0x00000000022f2800 Exception <a 'java/security/PrivilegedActionException'> (0x00000000ee4257f8) thrown at [C:\re\workspace\8-2-build-windows-amd64-cygwin\jdk8u51\3951\hotspot\src\share\vm\prims\jvm.cpp, line 1382]
Event: 18.393 Thread 0x00000000022f2800 Exception <a 'java/security/PrivilegedActionException'> (0x00000000ee426830) thrown at [C:\re\workspace\8-2-build-windows-amd64-cygwin\jdk8u51\3951\hotspot\src\share\vm\prims\jvm.cpp, line 1382]
Event: 18.394 Thread 0x00000000022f2800 Exception <a 'java/security/PrivilegedActionException'> (0x00000000ee42b798) thrown at [C:\re\workspace\8-2-build-windows-amd64-cygwin\jdk8u51\3951\hotspot\src\share\vm\prims\jvm.cpp, line 1382]
Event: 18.394 Thread 0x00000000022f2800 Exception <a 'java/security/PrivilegedActionException'> (0x00000000ee42c340) thrown at [C:\re\workspace\8-2-build-windows-amd64-cygwin\jdk8u51\3951\hotspot\src\share\vm\prims\jvm.cpp, line 1382]
Event: 18.395 Thread 0x00000000022f2800 Exception <a 'java/security/PrivilegedActionException'> (0x00000000ee42ceb8) thrown at [C:\re\workspace\8-2-build-windows-amd64-cygwin\jdk8u51\3951\hotspot\src\share\vm\prims\jvm.cpp, line 1382]
Event: 29.823 Thread 0x00000000022f2800 Exception <a 'org/lwjgl/LWJGLException'> (0x00000000ee42e698) thrown at [C:\re\workspace\8-2-build-windows-amd64-cygwin\jdk8u51\3951\hotspot\src\share\vm\prims\jni.cpp, line 709]
Event: 89.811 Thread 0x00000000022f2800 Exception <a 'org/lwjgl/LWJGLException'> (0x00000000ee42ee20) thrown at [C:\re\workspace\8-2-build-windows-amd64-cygwin\jdk8u51\3951\hotspot\src\share\vm\prims\jni.cpp, line 709]
Event: 96.630 Thread 0x00000000022f2800 Exception <a 'org/lwjgl/LWJGLException'> (0x00000000ee42f5b8) thrown at [C:\re\workspace\8-2-build-windows-amd64-cygwin\jdk8u51\3951\hotspot\src\share\vm\prims\jni.cpp, line 709]

Events (10 events):
Event: 122.502 Executing VM operation: EnterInterpOnlyMode
Event: 122.502 Executing nested VM operation: Deoptimize
Event: 122.503 Executing nested VM operation: Deoptimize done
Event: 122.503 Executing VM operation: EnterInterpOnlyMode done
Event: 122.503 Executing VM operation: GetCurrentLocation
Event: 122.503 Executing VM operation: GetCurrentLocation done
Event: 122.503 Executing VM operation: ChangeSingleStep
Event: 122.503 Executing VM operation: ChangeSingleStep done
Event: 122.505 loading class org/lwjgl/opencl/CLCapabilities
Event: 122.505 loading class org/lwjgl/opencl/CLCapabilities done


Dynamic libraries:
0x00007ff70e940000 - 0x00007ff70e977000 	C:\Program Files\Java\jre1.8.0_51\bin\javaw.exe
0x00007ffe0ab60000 - 0x00007ffe0ad0c000 	C:\Windows\SYSTEM32\ntdll.dll
0x00007ffe0a120000 - 0x00007ffe0a25e000 	C:\Windows\system32\KERNEL32.DLL
0x00007ffe07d90000 - 0x00007ffe07ea5000 	C:\Windows\system32\KERNELBASE.dll
0x00007ffe06690000 - 0x00007ffe0671e000 	C:\Windows\system32\apphelp.dll
0x00007ffdf66c0000 - 0x00007ffdf6713000 	C:\Windows\AppPatch\AppPatch64\AcGenral.DLL
0x00007ffe09c10000 - 0x00007ffe09cba000 	C:\Windows\system32\msvcrt.dll
0x00007ffe07b60000 - 0x00007ffe07b8e000 	C:\Windows\SYSTEM32\SspiCli.dll
0x00007ffe09bb0000 - 0x00007ffe09c04000 	C:\Windows\system32\SHLWAPI.dll
0x00007ffe0a260000 - 0x00007ffe0a3d7000 	C:\Windows\system32\USER32.dll
0x00007ffe0a7f0000 - 0x00007ffe0a984000 	C:\Windows\system32\ole32.dll
0x00007ffe08460000 - 0x00007ffe09979000 	C:\Windows\system32\SHELL32.dll
0x00007ffe072e0000 - 0x00007ffe07301000 	C:\Windows\SYSTEM32\USERENV.dll
0x00007ffe09b00000 - 0x00007ffe09baa000 	C:\Windows\system32\ADVAPI32.dll
0x00007ffdfe4a0000 - 0x00007ffdfe4be000 	C:\Windows\SYSTEM32\MPR.dll
0x00007ffe0a990000 - 0x00007ffe0aad1000 	C:\Windows\system32\RPCRT4.dll
0x00007ffe083a0000 - 0x00007ffe083f9000 	C:\Windows\SYSTEM32\sechost.dll
0x00007ffe09f00000 - 0x00007ffe0a111000 	C:\Windows\SYSTEM32\combase.dll
0x00007ffe0a3e0000 - 0x00007ffe0a530000 	C:\Windows\system32\GDI32.dll
0x00007ffe07cc0000 - 0x00007ffe07cd5000 	C:\Windows\SYSTEM32\profapi.dll
0x00007ffe05d80000 - 0x00007ffe05e32000 	C:\Windows\SYSTEM32\SHCORE.dll
0x00007ffe09cc0000 - 0x00007ffe09cf6000 	C:\Windows\system32\IMM32.DLL
0x00007ffe0a690000 - 0x00007ffe0a7e2000 	C:\Windows\system32\MSCTF.dll
0x00007ffe00850000 - 0x00007ffe00aca000 	C:\Windows\WinSxS\amd64_microsoft.windows.common-controls_6595b64144ccf1df_6.0.9600.17810_none_6240b9c7ecbd0bda\COMCTL32.dll
0x00000000766f0000 - 0x00000000767c2000 	C:\Program Files\Java\jre1.8.0_51\bin\msvcr100.dll
0x0000000076a30000 - 0x00000000772b3000 	C:\Program Files\Java\jre1.8.0_51\bin\server\jvm.dll
0x00007ffe05a70000 - 0x00007ffe05a79000 	C:\Windows\SYSTEM32\WSOCK32.dll
0x00007ffe00640000 - 0x00007ffe00662000 	C:\Windows\SYSTEM32\WINMM.dll
0x00007ffe05e50000 - 0x00007ffe05e5a000 	C:\Windows\SYSTEM32\VERSION.dll
0x00007ffe0ab40000 - 0x00007ffe0ab47000 	C:\Windows\system32\PSAPI.DLL
0x00007ffe0aae0000 - 0x00007ffe0ab3a000 	C:\Windows\system32\WS2_32.dll
0x00007ffe00540000 - 0x00007ffe0056a000 	C:\Windows\SYSTEM32\WINMMBASE.dll
0x00007ffe0a5a0000 - 0x00007ffe0a5a9000 	C:\Windows\system32\NSI.dll
0x00007ffe07eb0000 - 0x00007ffe07eff000 	C:\Windows\SYSTEM32\cfgmgr32.dll
0x00007ffe06ab0000 - 0x00007ffe06ad8000 	C:\Windows\SYSTEM32\DEVOBJ.dll
0x0000000076940000 - 0x000000007694f000 	C:\Program Files\Java\jre1.8.0_51\bin\verify.dll
0x0000000076910000 - 0x0000000076939000 	C:\Program Files\Java\jre1.8.0_51\bin\java.dll
0x00000000766b0000 - 0x00000000766e5000 	C:\Program Files\Java\jre1.8.0_51\bin\jdwp.dll
0x00000000766a0000 - 0x00000000766a8000 	C:\Program Files\Java\jre1.8.0_51\bin\npt.dll
0x00000000768f0000 - 0x0000000076906000 	C:\Program Files\Java\jre1.8.0_51\bin\zip.dll
0x0000000076690000 - 0x0000000076699000 	C:\Program Files\Java\jre1.8.0_51\bin\dt_socket.dll
0x00007ffdf7190000 - 0x00007ffdf71a5000 	C:\Windows\system32\napinsp.dll
0x00007ffdf72c0000 - 0x00007ffdf72da000 	C:\Windows\system32\pnrpnsp.dll
0x00007ffe05f00000 - 0x00007ffe05f1b000 	C:\Windows\system32\NLAapi.dll
0x00007ffe075a0000 - 0x00007ffe075f9000 	C:\Windows\System32\mswsock.dll
0x00007ffe073a0000 - 0x00007ffe07444000 	C:\Windows\SYSTEM32\DNSAPI.dll
0x00007ffdf72e0000 - 0x00007ffdf72ed000 	C:\Windows\System32\winrnr.dll
0x00007ffdfa990000 - 0x00007ffdfa9a4000 	C:\Windows\system32\wshbth.dll
0x0000000077390000 - 0x00000000773b6000 	C:\Program Files\Bonjour\mdnsNSP.dll
0x00007ffe05350000 - 0x00007ffe0537a000 	C:\Windows\SYSTEM32\Iphlpapi.DLL
0x00007ffe05320000 - 0x00007ffe0532a000 	C:\Windows\SYSTEM32\WINNSI.DLL
0x00007ffe04760000 - 0x00007ffe047cb000 	C:\Windows\System32\fwpuclnt.dll
0x00007ffdfb250000 - 0x00007ffdfb25a000 	C:\Windows\System32\rasadhlp.dll
0x0000000180000000 - 0x0000000180053000 	C:\Users\ropoLaptopn\Desktop\merged methods\Neck_Veins\Neck_Veins\NeckVeins 1.0\lwjgl-2.9.3\native\windows\lwjgl64.dll
0x00007ffdf1bf0000 - 0x00007ffdf1d1b000 	C:\Windows\SYSTEM32\OPENGL32.dll
0x00007ffdfe760000 - 0x00007ffdfe78e000 	C:\Windows\SYSTEM32\GLU32.dll
0x00007ffdf1e20000 - 0x00007ffdf1f18000 	C:\Windows\SYSTEM32\DDRAW.dll
0x00007ffe00630000 - 0x00007ffe00639000 	C:\Windows\SYSTEM32\DCIMAN32.dll
0x00000000764f0000 - 0x0000000076688000 	C:\Program Files\Java\jre1.8.0_51\bin\awt.dll
0x00007ffe0a5c0000 - 0x00007ffe0a681000 	C:\Windows\system32\OLEAUT32.dll
0x00007ffe060e0000 - 0x00007ffe06101000 	C:\Windows\system32\DWMAPI.DLL
0x00007ffe06930000 - 0x00007ffe06a59000 	C:\Windows\system32\uxtheme.dll
0x00007ffe06b00000 - 0x00007ffe06b0b000 	C:\Windows\SYSTEM32\kernel.appcore.dll
0x00007ffe07c00000 - 0x00007ffe07c0b000 	C:\Windows\SYSTEM32\CRYPTBASE.dll
0x00007ffe07b90000 - 0x00007ffe07bf3000 	C:\Windows\SYSTEM32\bcryptPrimitives.dll
0x00007ffdf0450000 - 0x00007ffdf0671000 	C:\Windows\system32\d3d9.dll
0x00007ffdfe900000 - 0x00007ffdfe90d000 	C:\Windows\SYSTEM32\atiu9p64.dll
0x0000000075fe0000 - 0x00000000764e1000 	C:\Windows\SYSTEM32\atiumd64.dll
0x0000000075cc0000 - 0x0000000075fdb000 	C:\Windows\SYSTEM32\atiumd6a.dll
0x0000000075c70000 - 0x0000000075cb7000 	C:\Program Files\Java\jre1.8.0_51\bin\fontmanager.dll
0x0000000075c60000 - 0x0000000075c67000 	C:\Program Files\Java\jre1.8.0_51\bin\jawt.dll
0x00007ffdfe450000 - 0x00007ffdfe458000 	C:\Windows\SYSTEM32\atig6pxx.dll
0x0000000069030000 - 0x000000006a444000 	C:\Windows\SYSTEM32\atio6axx.dll
0x00007ffdfe2f0000 - 0x00007ffdfe2fa000 	C:\Windows\SYSTEM32\atig6txx.dll
0x00007ffdf19a0000 - 0x00007ffdf1aec000 	C:\Windows\SYSTEM32\aticfx64.dll
0x00000000180f0000 - 0x0000000018147000 	C:\Windows\SYSTEM32\atiadlxx.dll
0x00007ffe09d20000 - 0x00007ffe09efa000 	C:\Windows\system32\SETUPAPI.dll
0x00007ffe07f00000 - 0x00007ffe07f51000 	C:\Windows\system32\WINTRUST.dll
0x00007ffe07f60000 - 0x00007ffe0813f000 	C:\Windows\system32\CRYPT32.dll
0x00007ffe07d70000 - 0x00007ffe07d81000 	C:\Windows\system32\MSASN1.dll
0x00007ffe07600000 - 0x00007ffe07620000 	C:\Windows\SYSTEM32\CRYPTSP.dll
0x00007ffe071d0000 - 0x00007ffe07206000 	C:\Windows\system32\rsaenh.dll
0x00007ffe07850000 - 0x00007ffe07876000 	C:\Windows\SYSTEM32\bcrypt.dll
0x00000000768d0000 - 0x00000000768ea000 	C:\Program Files\Java\jre1.8.0_51\bin\net.dll
0x00007ffe04a40000 - 0x00007ffe04a56000 	C:\Windows\SYSTEM32\dhcpcsvc6.DLL
0x00007ffe04bd0000 - 0x00007ffe04bea000 	C:\Windows\SYSTEM32\dhcpcsvc.DLL
0x00000000768b0000 - 0x00000000768c1000 	C:\Program Files\Java\jre1.8.0_51\bin\nio.dll
0x0000000018320000 - 0x0000000018336000 	C:\Users\ropoLaptopn\Desktop\merged methods\Neck_Veins\Neck_Veins\NeckVeins 1.0\lwjgl-2.9.3\native\windows\jinput-dx8_64.dll
0x00007ffdf7120000 - 0x00007ffdf7162000 	C:\Windows\SYSTEM32\DINPUT8.dll
0x00007ffe06e80000 - 0x00007ffe06e8d000 	C:\Windows\SYSTEM32\HID.DLL
0x000000001a9d0000 - 0x000000001a9e4000 	C:\Users\ropoLaptopn\Desktop\merged methods\Neck_Veins\Neck_Veins\NeckVeins 1.0\lwjgl-2.9.3\native\windows\jinput-raw_64.dll
0x00007ffdfcec0000 - 0x00007ffdfced6000 	C:\Windows\SYSTEM32\OpenCL.dll
0x00007ffde73b0000 - 0x00007ffdea1df000 	C:\Windows\SYSTEM32\amdocl64.dll
0x00007ffdf0050000 - 0x00007ffdf01d9000 	C:\Windows\SYSTEM32\dbghelp.dll

VM Arguments:
jvm_args: -agentlib:jdwp=transport=dt_socket,suspend=y,address=localhost:53086 -Djava.library.path=C:\Users\ropoLaptopn\Desktop\merged methods\Neck_Veins\Neck_Veins\NeckVeins 1.0\libs\Leap\x64;C:\Users\ropoLaptopn\Desktop\merged methods\Neck_Veins\Neck_Veins\NeckVeins 1.0\lwjgl-2.9.3\native\windows -Dfile.encoding=Cp1250 
java_command: si.uni_lj.fri.veins3D.main.Main
java_class_path (initial): C:\Users\ropoLaptopn\Desktop\merged methods\Neck_Veins\Neck_Veins\NeckVeins 1.0\bin;C:\Users\ropoLaptopn\Desktop\merged methods\Neck_Veins\Neck_Veins\NeckVeins 1.0\libs\slick-util.jar;C:\Users\ropoLaptopn\Desktop\merged methods\Neck_Veins\Neck_Veins\NeckVeins 1.0\libs\xpp3-1.1.4c.jar;C:\Users\ropoLaptopn\Desktop\merged methods\Neck_Veins\Neck_Veins\NeckVeins 1.0\libs\LeapJava.jar;C:\Users\ropoLaptopn\Desktop\merged methods\Neck_Veins\Neck_Veins\NeckVeins 1.0\libs\ejml-v0.27-libs\EJML-core-0.27.jar;C:\Users\ropoLaptopn\Desktop\merged methods\Neck_Veins\Neck_Veins\NeckVeins 1.0\libs\ejml-v0.27-libs\EJML-simple-0.27.jar;C:\Users\ropoLaptopn\Desktop\merged methods\Neck_Veins\Neck_Veins\NeckVeins 1.0\libs\ejml-v0.27-libs\EJML-dense64-0.27.jar;C:\Users\ropoLaptopn\Desktop\merged methods\Neck_Veins\Neck_Veins\NeckVeins 1.0\libs\ejml-v0.27-libs\EJML-denseC64-0.27.jar;C:\Users\ropoLaptopn\Desktop\merged methods\Neck_Veins\Neck_Veins\NeckVeins 1.0\libs\ejml-v0.27-libs\EJML-equation-0.27.jar;C:\Users\ropoLaptopn\Desktop\merged methods\Neck_Veins\Neck_Veins\NeckVeins 1.0\libs\nifty-1.4.1\dependencies\eventbus-1.4.jar;C:\Users\ropoLaptopn\Desktop\merged methods\Neck_Veins\Neck_Veins\NeckVeins 1.0\libs\nifty-1.4.1\dependencies\jglfont-core-1.4.jar;C:\Users\ropoLaptopn\Desktop\merged methods\Neck_Veins\Neck_Veins\NeckVeins 1.0\libs\nifty-1.4.1\dependencies\jorbis-0.0.17.jar;C:\Users\ropoLaptopn\Desktop\merged methods\Neck_Veins\Neck_Veins\NeckVeins 1.0\lwjgl-2.9.3\jar\AppleJavaExtensions.jar;C:\Users\ropoLaptopn\Desktop\merged methods\Neck_Veins\Neck_Veins\NeckVeins 1.0\lwjgl-2.9.3\jar\jinput.jar;C:\Users\ropoLaptopn\Desktop\merged methods\Neck_Veins\Neck_Veins\NeckVeins 1.0\lwjgl-2.9.3\jar\laf-plugin-7.2.1.jar;C:\Users\ropoLaptopn\Desktop\merged methods\Neck_Veins\Neck_Veins\NeckVeins 1.0\lwjgl-2.9.3\jar\laf-widget-7.2.1.jar;C:\Users\ropoLaptopn\Desktop\merged methods\Neck_Veins\Neck_Veins\NeckVeins 1.0\lwjgl-2.9.3\jar\log4j-api-2.0-beta9.jar;C:\Users
Launcher Type: SUN_STANDARD

Environment Variables:
PATH=C:/Program Files/Java/jre1.8.0_51/bin/server;C:/Program Files/Java/jre1.8.0_51/bin;C:/Program Files/Java/jre1.8.0_51/lib/amd64;C:\ProgramData\Oracle\Java\javapath;c:\Rtools\bin;c:\Rtools\gcc-4.6.3\bin;C:\Windows\system32;C:\Windows;C:\Windows\System32\Wbem;C:\Windows\System32\WindowsPowerShell\v1.0\;C:\Program Files (x86)\AMD\ATI.ACE\Core-Static;C:\Rtools\bin;C:\Rtools\gcc-4.6.3\bin;C:\Program Files\TortoiseGit\bin;C:\Python27;C:\Program Files (x86)\Skype\Phone\;C:\Users\ropoLaptopn\Desktop\eclipse;
USERNAME=ropoLaptopn
OS=Windows_NT
PROCESSOR_IDENTIFIER=Intel64 Family 6 Model 37 Stepping 2, GenuineIntel



---------------  S Y S T E M  ---------------

OS: Windows 8.1 , 64 bit Build 9600 (6.3.9600.17415)

CPU:total 4 (2 cores per cpu, 2 threads per core) family 6 model 37 stepping 2, cmov, cx8, fxsr, mmx, sse, sse2, sse3, ssse3, sse4.1, sse4.2, popcnt, ht, tsc, tscinvbit

Memory: 4k page, physical 3985892k(1503360k free), swap 5473664k(1921152k free)

vm_info: Java HotSpot(TM) 64-Bit Server VM (25.51-b03) for windows-amd64 JRE (1.8.0_51-b16), built on Jun  8 2015 18:03:07 by "java_re" with MS VC++ 10.0 (VS2010)

time: Sun Aug 23 09:58:04 2015
elapsed time: 122 seconds (0d 0h 2m 2s)

