#
# A fatal error has been detected by the Java Runtime Environment:
#
#  SIGSEGV (0xb) at pc=0x00007fff8e3d162a, pid=407, tid=55559
#
# JRE version: Java(TM) SE Runtime Environment (8.0_60-b27) (build 1.8.0_60-b27)
# Java VM: Java HotSpot(TM) 64-Bit Server VM (25.60-b23 mixed mode bsd-amd64 compressed oops)
# Problematic frame:
# C  [libobjc.A.dylib+0x762a]  (anonymous namespace)::AutoreleasePoolPage::pop(void*)+0x1c6
#
# Failed to write core dump. Core dumps have been disabled. To enable core dumping, try "ulimit -c unlimited" before starting Java again
#
# If you would like to submit a bug report, please visit:
#   http://bugreport.java.com/bugreport/crash.jsp
# The crash happened outside the Java Virtual Machine in native code.
# See problematic frame for where to report the bug.
#

---------------  T H R E A D  ---------------

Current thread (0x00007f9dd9094000):  JavaThread "AWT-EventQueue-0" [_thread_in_native, id=55559, stack(0x000000012f756000,0x000000012f856000)]

siginfo: si_signo: 11 (SIGSEGV), si_code: 1 (SEGV_MAPERR), si_addr: 0x0000000000000010

Registers:
RAX=0x00007f9dd98d1038, RBX=0xa3a3a3a3a3a3a3a3, RCX=0x00007f9dd98d1038, RDX=0x00000000a1a1a1a1
RSP=0x000000012f853290, RBP=0x000000012f8536e0, RSI=0x0000000000000000, RDI=0x00007f9dda001038
R8 =0x00007f9dd84a5e10, R9 =0x0000000000000000, R10=0x00007f9ddaa052c0, R11=0x00007fff7dd92db8
R12=0x0000000000000000, R13=0x0000000127069d68, R14=0x00007f9dda001038, R15=0x00007f9dda001000
RIP=0x00007fff8e3d162a, EFLAGS=0x0000000000010246, ERR=0x0000000000000004
  TRAPNO=0x000000000000000e

Top of Stack: (sp=0x000000012f853290)
0x000000012f853290:   00007f9dd840c060 0000000000000000
0x000000012f8532a0:   000000012f8532e0 00007f9dda001038
0x000000012f8532b0:   0000000000000018 00012068d840c050
0x000000012f8532c0:   0024b6000024b600 00007f9dd840c050
0x000000012f8532d0:   000000012f853300 00007f9dd840c060
0x000000012f8532e0:   000000012f853430 00007fff8f76129c
0x000000012f8532f0:   0000000100000000 000000010faa1963
0x000000012f853300:   0000001800000013 0000000000001103
0x000000012f853310:   00000000273ff6d0 00007f9dd8715c30
0x000000012f853320:   0000000000012068 00007f9dda82aaf0
0x000000012f853330:   0000000000012068 00007f9dda82aaf0
0x000000012f853340:   0000000000012068 000000012f8533fc
0x000000012f853350:   000000012f8533e0 00007fff99b754a9
0x000000012f853360:   000000012f8533f0 000000012f853404
0x000000012f853370:   000000012f853400 0000000000000000
0x000000012f853380:   000000012f8533fc 00007f9dda82ab0c
0x000000012f853390:   0000000000001712 00000100da82ac04
0x000000012f8533a0:   00007f9dda82ab08 000120680070daef
0x000000012f8533b0:   0000000000001712 0000000000000001
0x000000012f8533c0:   0000000000000001 0000000000000008
0x000000012f8533d0:   00007f9dda82aaf0 0000000000000000
0x000000012f8533e0:   000000012f853420 00007fff99b758f3
0x000000012f8533f0:   000000012f853430 0001206800000001
0x000000012f853400:   0000000000000000 00007f9dd84a5e20
0x000000012f853410:   0000000000000000 0000000000000000
0x000000012f853420:   000000012f8534a0 00007fff99b756ea
0x000000012f853430:   000000012f853530 000000012f853520
0x000000012f853440:   000000012f85352c 00007f9dd84a5e3c
0x000000012f853450:   00007f9dd84a5e20 0000000000000200
0x000000012f853460:   00007f9dd84a5e38 000000000040b2f0
0x000000012f853470:   000000012f8534e8 00007f9dd84a5e10
0x000000012f853480:   00007fff7c7ea010 00007fff7c7ea010 

Instructions: (pc=0x00007fff8e3d162a)
0x00007fff8e3d160a:   48 8b 76 20 48 85 f6 74 0e 8b 16 81 fa a1 a1 a1
0x00007fff8e3d161a:   a1 0f 85 15 01 00 00 65 48 89 34 25 80 01 00 00
0x00007fff8e3d162a:   48 8b 46 10 48 8d 4e 38 48 39 c8 74 d3 48 83 c6
0x00007fff8e3d163a:   10 eb 04 48 8d 76 10 48 8d 48 f8 48 89 0e 48 8b 

Register to memory mapping:

RAX=0x00007f9dd98d1038 is an unknown value
RBX=0xa3a3a3a3a3a3a3a3 is an unknown value
RCX=0x00007f9dd98d1038 is an unknown value
RDX=0x00000000a1a1a1a1 is an unknown value
RSP=0x000000012f853290 is pointing into the stack for thread: 0x00007f9dd9094000
RBP=0x000000012f8536e0 is pointing into the stack for thread: 0x00007f9dd9094000
RSI=0x0000000000000000 is an unknown value
RDI=0x00007f9dda001038 is an unknown value
R8 =0x00007f9dd84a5e10 is an unknown value
R9 =0x0000000000000000 is an unknown value
R10=0x00007f9ddaa052c0 is an unknown value
R11=0x00007fff7dd92db8: OBJC_CLASS_$_NSAutoreleasePool+0 in /System/Library/Frameworks/Foundation.framework/Versions/C/Foundation at 0x00007fff97930000
R12=0x0000000000000000 is an unknown value
R13={method} {0x0000000127069d68} 'nDestroyWindow' '(Ljava/nio/ByteBuffer;)V' in 'org/lwjgl/opengl/MacOSXDisplay'
R14=0x00007f9dda001038 is an unknown value
R15=0x00007f9dda001000 is an unknown value


Stack: [0x000000012f756000,0x000000012f856000],  sp=0x000000012f853290,  free space=1012k
Native frames: (J=compiled Java code, j=interpreted, Vv=VM code, C=native code)
C  [libobjc.A.dylib+0x762a]  (anonymous namespace)::AutoreleasePoolPage::pop(void*)+0x1c6
C  [CoreFoundation+0x38932]  _CFAutoreleasePoolPop+0x32
C  [Foundation+0x1ae17]  -[NSAutoreleasePool drain]+0x93
C  [liblwjgl.dylib+0xc0ef]  Java_org_lwjgl_opengl_MacOSXDisplay_nDestroyWindow+0x3f
j  org.lwjgl.opengl.MacOSXDisplay.nDestroyWindow(Ljava/nio/ByteBuffer;)V+0
j  org.lwjgl.opengl.MacOSXDisplay.destroyWindow()V+43
j  org.lwjgl.opengl.Display.destroyWindow()V+46
j  org.lwjgl.opengl.Display.setDisplayMode(Lorg/lwjgl/opengl/DisplayMode;)V+34
j  si.uni_lj.fri.veins3D.main.VeinsWindow.ResizeWindow(Lorg/lwjgl/opengl/DisplayMode;Z)V+41
j  si.uni_lj.fri.veins3D.main.VeinsWindow$MyWindowListener.windowDeiconified(Ljava/awt/event/WindowEvent;)V+15
j  java.awt.Window.processWindowEvent(Ljava/awt/event/WindowEvent;)V+98
j  java.awt.Window.processEvent(Ljava/awt/AWTEvent;)V+69
j  java.awt.Component.dispatchEventImpl(Ljava/awt/AWTEvent;)V+589
j  java.awt.Container.dispatchEventImpl(Ljava/awt/AWTEvent;)V+42
j  java.awt.Window.dispatchEventImpl(Ljava/awt/AWTEvent;)V+19
j  java.awt.Component.dispatchEvent(Ljava/awt/AWTEvent;)V+2
j  java.awt.EventQueue.dispatchEventImpl(Ljava/awt/AWTEvent;Ljava/lang/Object;)V+41
j  java.awt.EventQueue.access$500(Ljava/awt/EventQueue;Ljava/awt/AWTEvent;Ljava/lang/Object;)V+3
j  java.awt.EventQueue$3.run()Ljava/lang/Void;+32
J 2445 C1 java.awt.EventQueue$3.run()Ljava/lang/Object; (5 bytes) @ 0x00000001111d4acc [0x00000001111d4a40+0x8c]
v  ~StubRoutines::call_stub
V  [libjvm.dylib+0x2eab0e]  JavaCalls::call_helper(JavaValue*, methodHandle*, JavaCallArguments*, Thread*)+0x6ae
V  [libjvm.dylib+0x34afd8]  JVM_DoPrivileged+0x4b8
J 886  java.security.AccessController.doPrivileged(Ljava/security/PrivilegedAction;Ljava/security/AccessControlContext;)Ljava/lang/Object; (0 bytes) @ 0x0000000110d0bc15 [0x0000000110d0bb40+0xd5]
J 2159 C1 java.security.ProtectionDomain$JavaSecurityAccessImpl.doIntersectionPrivilege(Ljava/security/PrivilegedAction;Ljava/security/AccessControlContext;Ljava/security/AccessControlContext;)Ljava/lang/Object; (22 bytes) @ 0x0000000111110d1c [0x00000001111108a0+0x47c]
j  java.security.ProtectionDomain$JavaSecurityAccessImpl.doIntersectionPrivilege(Ljava/security/PrivilegedAction;Ljava/security/AccessControlContext;)Ljava/lang/Object;+6
j  java.awt.EventQueue$4.run()Ljava/lang/Void;+11
j  java.awt.EventQueue$4.run()Ljava/lang/Object;+1
v  ~StubRoutines::call_stub
V  [libjvm.dylib+0x2eab0e]  JavaCalls::call_helper(JavaValue*, methodHandle*, JavaCallArguments*, Thread*)+0x6ae
V  [libjvm.dylib+0x34afd8]  JVM_DoPrivileged+0x4b8
J 886  java.security.AccessController.doPrivileged(Ljava/security/PrivilegedAction;Ljava/security/AccessControlContext;)Ljava/lang/Object; (0 bytes) @ 0x0000000110d0bc15 [0x0000000110d0bb40+0xd5]
J 2444 C1 java.awt.EventQueue.dispatchEvent(Ljava/awt/AWTEvent;)V (80 bytes) @ 0x00000001111e8274 [0x00000001111e73c0+0xeb4]
J 2446 C1 java.awt.EventDispatchThread.pumpOneEventForFilters(I)V (295 bytes) @ 0x00000001111ebb3c [0x00000001111e9fc0+0x1b7c]
j  java.awt.EventDispatchThread.pumpEventsForFilter(ILjava/awt/Conditional;Ljava/awt/EventFilter;)V+35
j  java.awt.EventDispatchThread.pumpEventsForHierarchy(ILjava/awt/Conditional;Ljava/awt/Component;)V+11
j  java.awt.EventDispatchThread.pumpEvents(ILjava/awt/Conditional;)V+4
j  java.awt.EventDispatchThread.pumpEvents(Ljava/awt/Conditional;)V+3
j  java.awt.EventDispatchThread.run()V+9
v  ~StubRoutines::call_stub
V  [libjvm.dylib+0x2eab0e]  JavaCalls::call_helper(JavaValue*, methodHandle*, JavaCallArguments*, Thread*)+0x6ae
V  [libjvm.dylib+0x2eb29c]  JavaCalls::call_virtual(JavaValue*, KlassHandle, Symbol*, Symbol*, JavaCallArguments*, Thread*)+0x164
V  [libjvm.dylib+0x2eb448]  JavaCalls::call_virtual(JavaValue*, Handle, KlassHandle, Symbol*, Symbol*, Thread*)+0x4a
V  [libjvm.dylib+0x345965]  thread_entry(JavaThread*, Thread*)+0x7c
V  [libjvm.dylib+0x5612d3]  JavaThread::thread_main_inner()+0x9b
V  [libjvm.dylib+0x5629ce]  JavaThread::run()+0x1c2
V  [libjvm.dylib+0x48343a]  java_start(Thread*)+0xf6
C  [libsystem_pthread.dylib+0x1899]  _pthread_body+0x8a
C  [libsystem_pthread.dylib+0x172a]  _pthread_struct_init+0x0
C  [libsystem_pthread.dylib+0x5fc9]  thread_start+0xd
C  0x0000000000000000

Java frames: (J=compiled Java code, j=interpreted, Vv=VM code)
j  org.lwjgl.opengl.MacOSXDisplay.nDestroyWindow(Ljava/nio/ByteBuffer;)V+0
j  org.lwjgl.opengl.MacOSXDisplay.destroyWindow()V+43
j  org.lwjgl.opengl.Display.destroyWindow()V+46
j  org.lwjgl.opengl.Display.setDisplayMode(Lorg/lwjgl/opengl/DisplayMode;)V+34
j  si.uni_lj.fri.veins3D.main.VeinsWindow.ResizeWindow(Lorg/lwjgl/opengl/DisplayMode;Z)V+41
j  si.uni_lj.fri.veins3D.main.VeinsWindow$MyWindowListener.windowDeiconified(Ljava/awt/event/WindowEvent;)V+15
j  java.awt.Window.processWindowEvent(Ljava/awt/event/WindowEvent;)V+98
j  java.awt.Window.processEvent(Ljava/awt/AWTEvent;)V+69
j  java.awt.Component.dispatchEventImpl(Ljava/awt/AWTEvent;)V+589
j  java.awt.Container.dispatchEventImpl(Ljava/awt/AWTEvent;)V+42
j  java.awt.Window.dispatchEventImpl(Ljava/awt/AWTEvent;)V+19
j  java.awt.Component.dispatchEvent(Ljava/awt/AWTEvent;)V+2
j  java.awt.EventQueue.dispatchEventImpl(Ljava/awt/AWTEvent;Ljava/lang/Object;)V+41
j  java.awt.EventQueue.access$500(Ljava/awt/EventQueue;Ljava/awt/AWTEvent;Ljava/lang/Object;)V+3
j  java.awt.EventQueue$3.run()Ljava/lang/Void;+32
J 2445 C1 java.awt.EventQueue$3.run()Ljava/lang/Object; (5 bytes) @ 0x00000001111d4acc [0x00000001111d4a40+0x8c]
v  ~StubRoutines::call_stub
J 886  java.security.AccessController.doPrivileged(Ljava/security/PrivilegedAction;Ljava/security/AccessControlContext;)Ljava/lang/Object; (0 bytes) @ 0x0000000110d0bba3 [0x0000000110d0bb40+0x63]
J 2159 C1 java.security.ProtectionDomain$JavaSecurityAccessImpl.doIntersectionPrivilege(Ljava/security/PrivilegedAction;Ljava/security/AccessControlContext;Ljava/security/AccessControlContext;)Ljava/lang/Object; (22 bytes) @ 0x0000000111110d1c [0x00000001111108a0+0x47c]
j  java.security.ProtectionDomain$JavaSecurityAccessImpl.doIntersectionPrivilege(Ljava/security/PrivilegedAction;Ljava/security/AccessControlContext;)Ljava/lang/Object;+6
j  java.awt.EventQueue$4.run()Ljava/lang/Void;+11
j  java.awt.EventQueue$4.run()Ljava/lang/Object;+1
v  ~StubRoutines::call_stub
J 886  java.security.AccessController.doPrivileged(Ljava/security/PrivilegedAction;Ljava/security/AccessControlContext;)Ljava/lang/Object; (0 bytes) @ 0x0000000110d0bba3 [0x0000000110d0bb40+0x63]
J 2444 C1 java.awt.EventQueue.dispatchEvent(Ljava/awt/AWTEvent;)V (80 bytes) @ 0x00000001111e8274 [0x00000001111e73c0+0xeb4]
J 2446 C1 java.awt.EventDispatchThread.pumpOneEventForFilters(I)V (295 bytes) @ 0x00000001111ebb3c [0x00000001111e9fc0+0x1b7c]
j  java.awt.EventDispatchThread.pumpEventsForFilter(ILjava/awt/Conditional;Ljava/awt/EventFilter;)V+35
j  java.awt.EventDispatchThread.pumpEventsForHierarchy(ILjava/awt/Conditional;Ljava/awt/Component;)V+11
j  java.awt.EventDispatchThread.pumpEvents(ILjava/awt/Conditional;)V+4
j  java.awt.EventDispatchThread.pumpEvents(Ljava/awt/Conditional;)V+3
j  java.awt.EventDispatchThread.run()V+9
v  ~StubRoutines::call_stub

---------------  P R O C E S S  ---------------

Java Threads: ( => current thread )
=>0x00007f9dd9094000 JavaThread "AWT-EventQueue-0" [_thread_in_native, id=55559, stack(0x000000012f756000,0x000000012f856000)]
  0x00007f9ddc8c2800 JavaThread "Java2D Disposer" daemon [_thread_blocked, id=51971, stack(0x000000012f008000,0x000000012f108000)]
  0x00007f9ddc8c2000 JavaThread "Java2D Queue Flusher" daemon [_thread_blocked, id=50439, stack(0x000000012e44a000,0x000000012e54a000)]
  0x00007f9dd88bf800 JavaThread "AWT-Shutdown" [_thread_blocked, id=31243, stack(0x000000012bc28000,0x000000012bd28000)]
  0x00007f9ddb848000 JavaThread "AppKit Thread" daemon [_thread_in_native, id=3335, stack(0x00007fff50c7f000,0x00007fff5147f000)]
  0x00007f9ddb008800 JavaThread "Service Thread" daemon [_thread_blocked, id=22275, stack(0x0000000129cea000,0x0000000129dea000)]
  0x00007f9ddb02d800 JavaThread "C1 CompilerThread3" daemon [_thread_blocked, id=21763, stack(0x0000000129be7000,0x0000000129ce7000)]
  0x00007f9ddb02d000 JavaThread "C2 CompilerThread2" daemon [_thread_blocked, id=21251, stack(0x0000000129ae4000,0x0000000129be4000)]
  0x00007f9ddb021800 JavaThread "C2 CompilerThread1" daemon [_thread_blocked, id=20739, stack(0x00000001299e1000,0x0000000129ae1000)]
  0x00007f9ddb020000 JavaThread "C2 CompilerThread0" daemon [_thread_blocked, id=20227, stack(0x00000001298de000,0x00000001299de000)]
  0x00007f9ddb008000 JavaThread "Signal Dispatcher" daemon [_thread_blocked, id=19715, stack(0x00000001297db000,0x00000001298db000)]
  0x00007f9dda06b800 JavaThread "Finalizer" daemon [_thread_blocked, id=14595, stack(0x0000000129599000,0x0000000129699000)]
  0x00007f9dda06b000 JavaThread "Reference Handler" daemon [_thread_blocked, id=14083, stack(0x0000000129496000,0x0000000129596000)]
  0x00007f9dda008800 JavaThread "main" [_thread_blocked, id=6403, stack(0x000000010e897000,0x000000010e997000)]

Other Threads:
  0x00007f9dda068800 VMThread [stack: 0x0000000129393000,0x0000000129493000] [id=13571]
  0x00007f9ddb069000 WatcherThread [stack: 0x0000000129ded000,0x0000000129eed000] [id=22787]

VM state:not at safepoint (normal execution)

VM Mutex/Monitor currently owned by a thread: None

Heap:
 PSYoungGen      total 52736K, used 40254K [0x0000000785580000, 0x000000078bc80000, 0x00000007c0000000)
  eden space 45568K, 72% used [0x0000000785580000,0x00000007875d54b8,0x0000000788200000)
  from space 7168K, 99% used [0x0000000788200000,0x00000007888fa5c0,0x0000000788900000)
  to   space 7168K, 0% used [0x000000078b580000,0x000000078b580000,0x000000078bc80000)
 ParOldGen       total 120320K, used 7129K [0x0000000710000000, 0x0000000717580000, 0x0000000785580000)
  object space 120320K, 5% used [0x0000000710000000,0x00000007106f6428,0x0000000717580000)
 Metaspace       used 17333K, capacity 17655K, committed 17792K, reserved 1064960K
  class space    used 1835K, capacity 1917K, committed 1920K, reserved 1048576K

Card table byte_map: [0x000000011fd49000,0x00000001202ca000] byte_map_base: 0x000000011c4c9000

Marking Bits: (ParMarkBitMap*) 0x00000001102dee20
 Begin Bits: [0x0000000120e8d000, 0x0000000123a8d000)
 End Bits:   [0x0000000123a8d000, 0x000000012668d000)

Polling page: 0x000000010e9dc000

CodeCache: size=245760Kb used=11029Kb max_used=11029Kb free=234730Kb
 bounds [0x0000000110989000, 0x0000000111459000, 0x000000011f989000]
 total_blobs=3645 nmethods=3038 adapters=522
 compilation: enabled

Compilation events (10 events):
Event: 8.251 Thread 0x00007f9ddb02d800 3063       3       de.lessvoid.nifty.render.batch.BatchRenderDevice$Clipping::setEnabled (6 bytes)
Event: 8.252 Thread 0x00007f9ddb02d800 nmethod 3063 0x00000001113f46d0 code [0x00000001113f4820, 0x00000001113f4970]
Event: 8.252 Thread 0x00007f9ddb02d800 3064       3       de.lessvoid.nifty.render.batch.BatchRenderDevice$Clipping::setToViewport (25 bytes)
Event: 8.254 Thread 0x00007f9ddb02d800 nmethod 3064 0x0000000111452210 code [0x0000000111452500, 0x0000000111453b18]
Event: 8.284 Thread 0x00007f9ddb02d800 3065       3       de.lessvoid.nifty.render.batch.BatchRenderBackendInternal::beginBatch (37 bytes)
Event: 8.286 Thread 0x00007f9ddb02d800 nmethod 3065 0x0000000111454910 code [0x0000000111454b20, 0x0000000111455678]
Event: 8.608 Thread 0x00007f9ddb02d800 3066       3       java.awt.event.ComponentEvent::<init> (7 bytes)
Event: 8.608 Thread 0x00007f9ddb02d800 nmethod 3066 0x00000001113f4350 code [0x00000001113f44c0, 0x00000001113f4648]
Event: 8.609 Thread 0x00007f9ddb02d800 3067       3       java.awt.Component::isVisible (5 bytes)
Event: 8.610 Thread 0x00007f9ddb02d800 nmethod 3067 0x0000000111455bd0 code [0x0000000111455d40, 0x0000000111455f30]

GC Heap History (6 events):
Event: 1.755 GC heap before
{Heap before GC invocations=1 (full 0):
 PSYoungGen      total 52736K, used 45568K [0x0000000785580000, 0x0000000789000000, 0x00000007c0000000)
  eden space 45568K, 100% used [0x0000000785580000,0x0000000788200000,0x0000000788200000)
  from space 7168K, 0% used [0x0000000788900000,0x0000000788900000,0x0000000789000000)
  to   space 7168K, 0% used [0x0000000788200000,0x0000000788200000,0x0000000788900000)
 ParOldGen       total 120320K, used 0K [0x0000000710000000, 0x0000000717580000, 0x0000000785580000)
  object space 120320K, 0% used [0x0000000710000000,0x0000000710000000,0x0000000717580000)
 Metaspace       used 13181K, capacity 13453K, committed 13568K, reserved 1060864K
  class space    used 1417K, capacity 1477K, committed 1536K, reserved 1048576K
Event: 1.772 GC heap after
Heap after GC invocations=1 (full 0):
 PSYoungGen      total 52736K, used 5051K [0x0000000785580000, 0x0000000789000000, 0x00000007c0000000)
  eden space 45568K, 0% used [0x0000000785580000,0x0000000785580000,0x0000000788200000)
  from space 7168K, 70% used [0x0000000788200000,0x00000007886eee78,0x0000000788900000)
  to   space 7168K, 0% used [0x0000000788900000,0x0000000788900000,0x0000000789000000)
 ParOldGen       total 120320K, used 16K [0x0000000710000000, 0x0000000717580000, 0x0000000785580000)
  object space 120320K, 0% used [0x0000000710000000,0x0000000710004000,0x0000000717580000)
 Metaspace       used 13181K, capacity 13453K, committed 13568K, reserved 1060864K
  class space    used 1417K, capacity 1477K, committed 1536K, reserved 1048576K
}
Event: 2.360 GC heap before
{Heap before GC invocations=2 (full 0):
 PSYoungGen      total 52736K, used 50619K [0x0000000785580000, 0x0000000789000000, 0x00000007c0000000)
  eden space 45568K, 100% used [0x0000000785580000,0x0000000788200000,0x0000000788200000)
  from space 7168K, 70% used [0x0000000788200000,0x00000007886eee78,0x0000000788900000)
  to   space 7168K, 0% used [0x0000000788900000,0x0000000788900000,0x0000000789000000)
 ParOldGen       total 120320K, used 16K [0x0000000710000000, 0x0000000717580000, 0x0000000785580000)
  object space 120320K, 0% used [0x0000000710000000,0x0000000710004000,0x0000000717580000)
 Metaspace       used 14438K, capacity 14749K, committed 14976K, reserved 1062912K
  class space    used 1545K, capacity 1645K, committed 1664K, reserved 1048576K
Event: 2.391 GC heap after
Heap after GC invocations=2 (full 0):
 PSYoungGen      total 52736K, used 7162K [0x0000000785580000, 0x000000078bc80000, 0x00000007c0000000)
  eden space 45568K, 0% used [0x0000000785580000,0x0000000785580000,0x0000000788200000)
  from space 7168K, 99% used [0x0000000788900000,0x0000000788ffe9d0,0x0000000789000000)
  to   space 7168K, 0% used [0x0000000788200000,0x0000000788200000,0x0000000788900000)
 ParOldGen       total 120320K, used 5226K [0x0000000710000000, 0x0000000717580000, 0x0000000785580000)
  object space 120320K, 4% used [0x0000000710000000,0x000000071051a928,0x0000000717580000)
 Metaspace       used 14438K, capacity 14749K, committed 14976K, reserved 1062912K
  class space    used 1545K, capacity 1645K, committed 1664K, reserved 1048576K
}
Event: 3.079 GC heap before
{Heap before GC invocations=3 (full 0):
 PSYoungGen      total 52736K, used 52730K [0x0000000785580000, 0x000000078bc80000, 0x00000007c0000000)
  eden space 45568K, 100% used [0x0000000785580000,0x0000000788200000,0x0000000788200000)
  from space 7168K, 99% used [0x0000000788900000,0x0000000788ffe9d0,0x0000000789000000)
  to   space 7168K, 0% used [0x0000000788200000,0x0000000788200000,0x0000000788900000)
 ParOldGen       total 120320K, used 5226K [0x0000000710000000, 0x0000000717580000, 0x0000000785580000)
  object space 120320K, 4% used [0x0000000710000000,0x000000071051a928,0x0000000717580000)
 Metaspace       used 15627K, capacity 15933K, committed 16128K, reserved 1062912K
  class space    used 1653K, capacity 1751K, committed 1792K, reserved 1048576K
Event: 3.099 GC heap after
Heap after GC invocations=3 (full 0):
 PSYoungGen      total 52736K, used 7145K [0x0000000785580000, 0x000000078bc80000, 0x00000007c0000000)
  eden space 45568K, 0% used [0x0000000785580000,0x0000000785580000,0x0000000788200000)
  from space 7168K, 99% used [0x0000000788200000,0x00000007888fa5c0,0x0000000788900000)
  to   space 7168K, 0% used [0x000000078b580000,0x000000078b580000,0x000000078bc80000)
 ParOldGen       total 120320K, used 7129K [0x0000000710000000, 0x0000000717580000, 0x0000000785580000)
  object space 120320K, 5% used [0x0000000710000000,0x00000007106f6428,0x0000000717580000)
 Metaspace       used 15627K, capacity 15933K, committed 16128K, reserved 1062912K
  class space    used 1653K, capacity 1751K, committed 1792K, reserved 1048576K
}

Deoptimization events (10 events):
Event: 3.156 Thread 0x00007f9dda008800 Uncommon trap: reason=class_check action=maybe_recompile pc=0x0000000110fa71c0 method=java.util.regex.Matcher.getSubSequence(II)Ljava/lang/CharSequence; @ 6
Event: 3.709 Thread 0x00007f9dda008800 Uncommon trap: reason=predicate action=maybe_recompile pc=0x0000000111223a2c method=java.lang.String.regionMatches(ZILjava/lang/String;II)Z @ 63
Event: 3.728 Thread 0x00007f9dda008800 Uncommon trap: reason=unstable_if action=reinterpret pc=0x0000000110d01f5c method=sun.nio.cs.UTF_8$Decoder.decodeArrayLoop(Ljava/nio/ByteBuffer;Ljava/nio/CharBuffer;)Ljava/nio/charset/CoderResult; @ 84
Event: 3.734 Thread 0x00007f9dda008800 Uncommon trap: reason=unstable_if action=reinterpret pc=0x0000000110cd80c4 method=sun.nio.cs.UTF_8$Decoder.decodeArrayLoop(Ljava/nio/ByteBuffer;Ljava/nio/CharBuffer;)Ljava/nio/charset/CoderResult; @ 84
Event: 3.773 Thread 0x00007f9dda008800 Uncommon trap: reason=class_check action=maybe_recompile pc=0x0000000110d28da0 method=java.util.ArrayList.addAll(Ljava/util/Collection;)Z @ 1
Event: 3.774 Thread 0x00007f9dda008800 Uncommon trap: reason=class_check action=maybe_recompile pc=0x0000000110d28da0 method=java.util.ArrayList.addAll(Ljava/util/Collection;)Z @ 1
Event: 4.262 Thread 0x00007f9dda008800 Uncommon trap: reason=unstable_if action=reinterpret pc=0x00000001112d5a78 method=de.lessvoid.nifty.elements.Element.buildMouseOverElements(Lde/lessvoid/nifty/input/NiftyMouseInputEvent;JLde/lessvoid/nifty/screen/MouseOverHandler;)V @ 16
Event: 4.716 Thread 0x00007f9dda008800 Uncommon trap: reason=unstable_if action=reinterpret pc=0x000000011126087c method=de.lessvoid.nifty.elements.Element.getLayoutChildrenWithIndependentHeight()Ljava/util/List; @ 4
Event: 5.652 Thread 0x00007f9dda008800 Uncommon trap: reason=unstable_if action=reinterpret pc=0x000000011132bb2c method=de.lessvoid.nifty.effects.EffectProcessorImpl.renderActive(Lde/lessvoid/nifty/render/NiftyRenderEngine;Ljava/util/List;)V @ 50
Event: 5.752 Thread 0x00007f9dda008800 Uncommon trap: reason=unstable_if action=reinterpret pc=0x000000011136de2c method=de.lessvoid.nifty.effects.EffectProcessorImpl.isNotNeverStopRendering()Z @ 28

Internal exceptions (10 events):
Event: 0.234 Thread 0x00007f9dda008800 Exception <a 'java/security/PrivilegedActionException'> (0x000000078597e0a8) thrown at [/Users/java_re/workspace/8-2-build-macosx-x86_64/jdk8u60/4407/hotspot/src/share/vm/prims/jvm.cpp, line 1386]
Event: 0.235 Thread 0x00007f9dda008800 Exception <a 'java/security/PrivilegedActionException'> (0x0000000785981530) thrown at [/Users/java_re/workspace/8-2-build-macosx-x86_64/jdk8u60/4407/hotspot/src/share/vm/prims/jvm.cpp, line 1386]
Event: 0.235 Thread 0x00007f9dda008800 Exception <a 'java/security/PrivilegedActionException'> (0x0000000785981740) thrown at [/Users/java_re/workspace/8-2-build-macosx-x86_64/jdk8u60/4407/hotspot/src/share/vm/prims/jvm.cpp, line 1386]
Event: 0.298 Thread 0x00007f9dda008800 Exception <a 'java/lang/NoSuchFieldError': method resolution failed> (0x0000000785a501f8) thrown at [/Users/java_re/workspace/8-2-build-macosx-x86_64/jdk8u60/4407/hotspot/src/share/vm/prims/methodHandles.cpp, line 1146]
Event: 0.301 Thread 0x00007f9dda008800 Exception <a 'java/lang/NoSuchFieldError': method resolution failed> (0x0000000785a5dc20) thrown at [/Users/java_re/workspace/8-2-build-macosx-x86_64/jdk8u60/4407/hotspot/src/share/vm/prims/methodHandles.cpp, line 1146]
Event: 0.470 Thread 0x00007f9dda008800 Exception <a 'java/io/FileNotFoundException'> (0x0000000785ad8c20) thrown at [/Users/java_re/workspace/8-2-build-macosx-x86_64/jdk8u60/4407/hotspot/src/share/vm/prims/jni.cpp, line 709]
Event: 0.470 Thread 0x00007f9dda008800 Exception <a 'java/io/FileNotFoundException'> (0x0000000785ad9788) thrown at [/Users/java_re/workspace/8-2-build-macosx-x86_64/jdk8u60/4407/hotspot/src/share/vm/prims/jni.cpp, line 709]
Event: 1.783 Thread 0x00007f9dda06b800 Exception <a 'java/lang/NullPointerException'> (0x000000078573a030) thrown at [/Users/java_re/workspace/8-2-build-macosx-x86_64/jdk8u60/4407/hotspot/src/share/vm/interpreter/linkResolver.cpp, line 1178]
Event: 2.834 Thread 0x00007f9dda008800 Implicit null exception at 0x00000001110996c9 to 0x000000011109adf1
Event: 4.716 Thread 0x00007f9dda008800 Implicit null exception at 0x000000011125fe57 to 0x0000000111260869

Events (10 events):
Event: 4.730 Executing VM operation: RevokeBias done
Event: 5.652 Thread 0x00007f9dda008800 Uncommon trap: trap_request=0xffffff65 fr.pc=0x000000011132bb2c
Event: 5.652 Thread 0x00007f9dda008800 DEOPT PACKING pc=0x000000011132bb2c sp=0x000000010e995c60
Event: 5.652 Thread 0x00007f9dda008800 DEOPT UNPACKING pc=0x000000011098df69 sp=0x000000010e995c40 mode 2
Event: 5.752 Thread 0x00007f9dda008800 Uncommon trap: trap_request=0xffffff65 fr.pc=0x000000011136de2c
Event: 5.752 Thread 0x00007f9dda008800 DEOPT PACKING pc=0x000000011136de2c sp=0x000000010e996500
Event: 5.752 Thread 0x00007f9dda008800 DEOPT UNPACKING pc=0x000000011098df69 sp=0x000000010e996240 mode 2
Event: 5.787 Thread 0x00007f9ddc02f000 Thread exited: 0x00007f9ddc02f000
Event: 7.051 Thread 0x00007f9dda008800 DEOPT PACKING pc=0x00000001113606f3 sp=0x000000010e996670
Event: 7.051 Thread 0x00007f9dda008800 DEOPT UNPACKING pc=0x00000001109cff73 sp=0x000000010e9964a0 mode 0


Dynamic libraries:
0x000000000c1e2000 	/System/Library/Frameworks/Cocoa.framework/Versions/A/Cocoa
0x000000000c1e2000 	/System/Library/Frameworks/Security.framework/Versions/A/Security
0x000000000c1e2000 	/System/Library/Frameworks/ApplicationServices.framework/Versions/A/ApplicationServices
0x000000000c1e2000 	/usr/lib/libz.1.dylib
0x000000000c1e2000 	/usr/lib/libSystem.B.dylib
0x000000000c1e2000 	/usr/lib/libobjc.A.dylib
0x000000000c1e2000 	/System/Library/Frameworks/CoreFoundation.framework/Versions/A/CoreFoundation
0x000000000c1e2000 	/System/Library/Frameworks/Foundation.framework/Versions/C/Foundation
0x000000000c1e2000 	/System/Library/Frameworks/AppKit.framework/Versions/C/AppKit
0x000000000c1e2000 	/System/Library/Frameworks/CoreData.framework/Versions/A/CoreData
0x000000000c1e2000 	/System/Library/PrivateFrameworks/RemoteViewServices.framework/Versions/A/RemoteViewServices
0x000000000c1e2000 	/System/Library/Frameworks/AudioToolbox.framework/Versions/A/AudioToolbox
0x000000000c1e2000 	/System/Library/Frameworks/AudioUnit.framework/Versions/A/AudioUnit
0x000000000c1e2000 	/System/Library/PrivateFrameworks/DataDetectorsCore.framework/Versions/A/DataDetectorsCore
0x000000000c1e2000 	/System/Library/PrivateFrameworks/DesktopServicesPriv.framework/Versions/A/DesktopServicesPriv
0x000000000c1e2000 	/System/Library/Frameworks/Carbon.framework/Versions/A/Frameworks/HIToolbox.framework/Versions/A/HIToolbox
0x000000000c1e2000 	/System/Library/Frameworks/QuartzCore.framework/Versions/A/QuartzCore
0x000000000c1e2000 	/System/Library/Frameworks/Carbon.framework/Versions/A/Frameworks/SpeechRecognition.framework/Versions/A/SpeechRecognition
0x000000000c1e2000 	/usr/lib/libauto.dylib
0x000000000c1e2000 	/usr/lib/libicucore.A.dylib
0x000000000c1e2000 	/usr/lib/libxml2.2.dylib
0x000000000c1e2000 	/System/Library/PrivateFrameworks/CoreUI.framework/Versions/A/CoreUI
0x000000000c1e2000 	/System/Library/Frameworks/CoreAudio.framework/Versions/A/CoreAudio
0x000000000c1e2000 	/System/Library/Frameworks/DiskArbitration.framework/Versions/A/DiskArbitration
0x000000000c1e2000 	/usr/lib/liblangid.dylib
0x000000000c1e2000 	/System/Library/PrivateFrameworks/MultitouchSupport.framework/Versions/A/MultitouchSupport
0x000000000c1e2000 	/System/Library/Frameworks/IOKit.framework/Versions/A/IOKit
0x000000000c1e2000 	/usr/lib/libDiagnosticMessagesClient.dylib
0x000000000c1e2000 	/System/Library/Frameworks/CoreServices.framework/Versions/A/CoreServices
0x000000000c1e2000 	/System/Library/PrivateFrameworks/PerformanceAnalysis.framework/Versions/A/PerformanceAnalysis
0x000000000c1e2000 	/System/Library/PrivateFrameworks/GenerationalStorage.framework/Versions/A/GenerationalStorage
0x000000000c1e2000 	/System/Library/Frameworks/OpenGL.framework/Versions/A/OpenGL
0x000000000c1e2000 	/System/Library/PrivateFrameworks/Sharing.framework/Versions/A/Sharing
0x000000000c1e2000 	/System/Library/Frameworks/ImageIO.framework/Versions/A/ImageIO
0x000000000c1e2000 	/System/Library/Frameworks/CoreText.framework/Versions/A/CoreText
0x000000000c1e2000 	/System/Library/Frameworks/CoreGraphics.framework/Versions/A/CoreGraphics
0x000000000c1e2000 	/System/Library/PrivateFrameworks/Backup.framework/Versions/A/Backup
0x000000000c1e2000 	/System/Library/Frameworks/CFNetwork.framework/Versions/A/CFNetwork
0x000000000c1e2000 	/System/Library/Frameworks/SystemConfiguration.framework/Versions/A/SystemConfiguration
0x000000000c1e2000 	/usr/lib/libCRFSuite.dylib
0x000000000c1e2000 	/usr/lib/libc++.1.dylib
0x000000000c1e2000 	/usr/lib/libc++abi.dylib
0x000000000c1e2000 	/usr/lib/system/libcache.dylib
0x000000000c1e2000 	/usr/lib/system/libcommonCrypto.dylib
0x000000000c1e2000 	/usr/lib/system/libcompiler_rt.dylib
0x000000000c1e2000 	/usr/lib/system/libcopyfile.dylib
0x000000000c1e2000 	/usr/lib/system/libcorecrypto.dylib
0x000000000c1e2000 	/usr/lib/system/libdispatch.dylib
0x000000000c1e2000 	/usr/lib/system/libdyld.dylib
0x000000000c1e2000 	/usr/lib/system/libkeymgr.dylib
0x000000000c1e2000 	/usr/lib/system/liblaunch.dylib
0x000000000c1e2000 	/usr/lib/system/libmacho.dylib
0x000000000c1e2000 	/usr/lib/system/libquarantine.dylib
0x000000000c1e2000 	/usr/lib/system/libremovefile.dylib
0x000000000c1e2000 	/usr/lib/system/libsystem_asl.dylib
0x000000000c1e2000 	/usr/lib/system/libsystem_blocks.dylib
0x000000000c1e2000 	/usr/lib/system/libsystem_c.dylib
0x000000000c1e2000 	/usr/lib/system/libsystem_configuration.dylib
0x000000000c1e2000 	/usr/lib/system/libsystem_dnssd.dylib
0x000000000c1e2000 	/usr/lib/system/libsystem_info.dylib
0x000000000c1e2000 	/usr/lib/system/libsystem_kernel.dylib
0x000000000c1e2000 	/usr/lib/system/libsystem_m.dylib
0x000000000c1e2000 	/usr/lib/system/libsystem_malloc.dylib
0x000000000c1e2000 	/usr/lib/system/libsystem_network.dylib
0x000000000c1e2000 	/usr/lib/system/libsystem_notify.dylib
0x000000000c1e2000 	/usr/lib/system/libsystem_platform.dylib
0x000000000c1e2000 	/usr/lib/system/libsystem_pthread.dylib
0x000000000c1e2000 	/usr/lib/system/libsystem_sandbox.dylib
0x000000000c1e2000 	/usr/lib/system/libsystem_stats.dylib
0x000000000c1e2000 	/usr/lib/system/libunc.dylib
0x000000000c1e2000 	/usr/lib/system/libunwind.dylib
0x000000000c1e2000 	/usr/lib/system/libxpc.dylib
0x000000000c1e2000 	/usr/lib/libbsm.0.dylib
0x000000000c1e2000 	/usr/lib/libsqlite3.dylib
0x000000000c1e2000 	/usr/lib/libxar.1.dylib
0x000000000c1e2000 	/usr/lib/libpam.2.dylib
0x000000000c1e2000 	/usr/lib/libOpenScriptingUtil.dylib
0x000000000c1e2000 	/usr/lib/libbz2.1.0.dylib
0x000000000c1e2000 	/System/Library/Frameworks/CoreServices.framework/Versions/A/Frameworks/CarbonCore.framework/Versions/A/CarbonCore
0x000000000c1e2000 	/System/Library/Frameworks/CoreServices.framework/Versions/A/Frameworks/Metadata.framework/Versions/A/Metadata
0x000000000c1e2000 	/System/Library/Frameworks/CoreServices.framework/Versions/A/Frameworks/OSServices.framework/Versions/A/OSServices
0x000000000c1e2000 	/System/Library/Frameworks/CoreServices.framework/Versions/A/Frameworks/SearchKit.framework/Versions/A/SearchKit
0x000000000c1e2000 	/System/Library/Frameworks/CoreServices.framework/Versions/A/Frameworks/AE.framework/Versions/A/AE
0x000000000c1e2000 	/System/Library/Frameworks/CoreServices.framework/Versions/A/Frameworks/LaunchServices.framework/Versions/A/LaunchServices
0x000000000c1e2000 	/System/Library/Frameworks/CoreServices.framework/Versions/A/Frameworks/DictionaryServices.framework/Versions/A/DictionaryServices
0x000000000c1e2000 	/System/Library/Frameworks/NetFS.framework/Versions/A/NetFS
0x000000000c1e2000 	/usr/lib/system/libkxld.dylib
0x000000000c1e2000 	/System/Library/PrivateFrameworks/NetAuth.framework/Versions/A/NetAuth
0x000000000c1e2000 	/System/Library/PrivateFrameworks/TCC.framework/Versions/A/TCC
0x000000000c1e2000 	/System/Library/Frameworks/OpenDirectory.framework/Versions/A/Frameworks/CFOpenDirectory.framework/Versions/A/CFOpenDirectory
0x000000000c1e2000 	/System/Library/Frameworks/ServiceManagement.framework/Versions/A/ServiceManagement
0x000000000c1e2000 	/usr/lib/libxslt.1.dylib
0x000000000c1e2000 	/System/Library/Frameworks/Carbon.framework/Versions/A/Frameworks/Ink.framework/Versions/A/Ink
0x000000000c1e2000 	/System/Library/Frameworks/ApplicationServices.framework/Versions/A/Frameworks/ATS.framework/Versions/A/ATS
0x000000000c1e2000 	/System/Library/Frameworks/ApplicationServices.framework/Versions/A/Frameworks/ColorSync.framework/Versions/A/ColorSync
0x000000000c1e2000 	/System/Library/Frameworks/ApplicationServices.framework/Versions/A/Frameworks/HIServices.framework/Versions/A/HIServices
0x000000000c1e2000 	/System/Library/Frameworks/ApplicationServices.framework/Versions/A/Frameworks/LangAnalysis.framework/Versions/A/LangAnalysis
0x000000000c1e2000 	/System/Library/Frameworks/ApplicationServices.framework/Versions/A/Frameworks/PrintCore.framework/Versions/A/PrintCore
0x000000000c1e2000 	/System/Library/Frameworks/ApplicationServices.framework/Versions/A/Frameworks/QD.framework/Versions/A/QD
0x000000000c1e2000 	/System/Library/Frameworks/ApplicationServices.framework/Versions/A/Frameworks/SpeechSynthesis.framework/Versions/A/SpeechSynthesis
0x000000000c1e2000 	/System/Library/Frameworks/IOSurface.framework/Versions/A/IOSurface
0x000000000c1e2000 	/System/Library/Frameworks/Accelerate.framework/Versions/A/Accelerate
0x000000000c1e2000 	/System/Library/Frameworks/Accelerate.framework/Versions/A/Frameworks/vImage.framework/Versions/A/vImage
0x000000000c1e2000 	/System/Library/Frameworks/Accelerate.framework/Versions/A/Frameworks/vecLib.framework/Versions/A/vecLib
0x000000000c1e2000 	/System/Library/Frameworks/Accelerate.framework/Versions/A/Frameworks/vecLib.framework/Versions/A/libvDSP.dylib
0x000000000c1e2000 	/System/Library/Frameworks/Accelerate.framework/Versions/A/Frameworks/vecLib.framework/Versions/A/libvMisc.dylib
0x000000000c1e2000 	/System/Library/Frameworks/Accelerate.framework/Versions/A/Frameworks/vecLib.framework/Versions/A/libLAPACK.dylib
0x000000000c1e2000 	/System/Library/Frameworks/Accelerate.framework/Versions/A/Frameworks/vecLib.framework/Versions/A/libBLAS.dylib
0x000000000c1e2000 	/System/Library/Frameworks/ApplicationServices.framework/Versions/A/Frameworks/ATS.framework/Versions/A/Resources/libFontParser.dylib
0x000000000c1e2000 	/System/Library/Frameworks/ApplicationServices.framework/Versions/A/Frameworks/ATS.framework/Versions/A/Resources/libFontRegistry.dylib
0x000000000c1e2000 	/System/Library/Frameworks/ImageIO.framework/Versions/A/Resources/libJPEG.dylib
0x000000000c1e2000 	/System/Library/Frameworks/ImageIO.framework/Versions/A/Resources/libTIFF.dylib
0x000000000c1e2000 	/System/Library/Frameworks/ImageIO.framework/Versions/A/Resources/libPng.dylib
0x000000000c1e2000 	/System/Library/Frameworks/ImageIO.framework/Versions/A/Resources/libGIF.dylib
0x000000000c1e2000 	/System/Library/Frameworks/ImageIO.framework/Versions/A/Resources/libJP2.dylib
0x000000000c1e2000 	/System/Library/Frameworks/ImageIO.framework/Versions/A/Resources/libRadiance.dylib
0x000000000c1e2000 	/usr/lib/libcups.2.dylib
0x000000000c1e2000 	/System/Library/Frameworks/Kerberos.framework/Versions/A/Kerberos
0x000000000c1e2000 	/System/Library/Frameworks/GSS.framework/Versions/A/GSS
0x000000000c1e2000 	/usr/lib/libresolv.9.dylib
0x000000000c1e2000 	/usr/lib/libiconv.2.dylib
0x000000000c1e2000 	/System/Library/PrivateFrameworks/Heimdal.framework/Versions/A/Heimdal
0x000000000c1e2000 	/System/Library/PrivateFrameworks/TrustEvaluationAgent.framework/Versions/A/TrustEvaluationAgent
0x000000000c1e2000 	/usr/lib/libheimdal-asn1.dylib
0x000000000c1e2000 	/System/Library/Frameworks/OpenDirectory.framework/Versions/A/OpenDirectory
0x000000000c1e2000 	/System/Library/PrivateFrameworks/CommonAuth.framework/Versions/A/CommonAuth
0x000000000c1e2000 	/System/Library/Frameworks/SecurityFoundation.framework/Versions/A/SecurityFoundation
0x000000000c1e2000 	/System/Library/PrivateFrameworks/Bom.framework/Versions/A/Bom
0x000000000c1e2000 	/System/Library/Frameworks/CoreVideo.framework/Versions/A/CoreVideo
0x000000000c1e2000 	/System/Library/Frameworks/QuartzCore.framework/Versions/A/Frameworks/CoreImage.framework/Versions/A/CoreImage
0x000000000c1e2000 	/System/Library/Frameworks/QuartzCore.framework/Versions/A/Frameworks/ScalableUserInterface.framework/Versions/A/ScalableUserInterface
0x000000000c1e2000 	/System/Library/Frameworks/OpenGL.framework/Versions/A/Libraries/libGLU.dylib
0x000000000c1e2000 	/System/Library/Frameworks/OpenGL.framework/Versions/A/Libraries/libGFXShared.dylib
0x000000000c1e2000 	/System/Library/Frameworks/OpenGL.framework/Versions/A/Libraries/libGL.dylib
0x000000000c1e2000 	/System/Library/Frameworks/OpenGL.framework/Versions/A/Libraries/libGLImage.dylib
0x000000000c1e2000 	/System/Library/Frameworks/OpenGL.framework/Versions/A/Libraries/libCVMSPluginSupport.dylib
0x000000000c1e2000 	/System/Library/Frameworks/OpenGL.framework/Versions/A/Libraries/libCoreVMClient.dylib
0x000000000c1e2000 	/System/Library/PrivateFrameworks/FaceCore.framework/Versions/A/FaceCore
0x000000000c1e2000 	/System/Library/PrivateFrameworks/CrashReporterSupport.framework/Versions/A/CrashReporterSupport
0x000000000c1e2000 	/System/Library/Frameworks/OpenCL.framework/Versions/A/OpenCL
0x000000000c1e2000 	/System/Library/PrivateFrameworks/AppleFSCompression.framework/Versions/A/AppleFSCompression
0x000000000c1e2000 	/System/Library/PrivateFrameworks/Ubiquity.framework/Versions/A/Ubiquity
0x000000000c1e2000 	/System/Library/PrivateFrameworks/IconServices.framework/Versions/A/IconServices
0x000000000c1e2000 	/System/Library/PrivateFrameworks/ChunkingLibrary.framework/Versions/A/ChunkingLibrary
0x000000000c1e2000 	/System/Library/PrivateFrameworks/CoreSymbolication.framework/Versions/A/CoreSymbolication
0x000000000c1e2000 	/System/Library/PrivateFrameworks/Symbolication.framework/Versions/A/Symbolication
0x000000000c1e2000 	/System/Library/PrivateFrameworks/DebugSymbols.framework/Versions/A/DebugSymbols
0x000000010fa00000 	/Library/Java/JavaVirtualMachines/jdk1.8.0_60.jdk/Contents/Home/jre/lib/server/libjvm.dylib
0x000000000c1e2000 	/usr/lib/libstdc++.6.dylib
0x000000010e999000 	/Library/Java/JavaVirtualMachines/jdk1.8.0_60.jdk/Contents/Home/jre/lib/libverify.dylib
0x000000010e9a7000 	/Library/Java/JavaVirtualMachines/jdk1.8.0_60.jdk/Contents/Home/jre/lib/libjava.dylib
0x000000010e9e6000 	/Library/Java/JavaVirtualMachines/jdk1.8.0_60.jdk/Contents/Home/jre/lib/libzip.dylib
0x000000012969b000 	/System/Library/Frameworks/JavaVM.framework/Frameworks/JavaRuntimeSupport.framework/JavaRuntimeSupport
0x00000001296b3000 	/System/Library/Frameworks/JavaVM.framework/Versions/A/Frameworks/JavaNativeFoundation.framework/Versions/A/JavaNativeFoundation
0x000000010e9f0000 	/System/Library/Frameworks/JavaVM.framework/Versions/A/JavaVM
0x000000000c1e2000 	/System/Library/Frameworks/Carbon.framework/Versions/A/Carbon
0x00000001296c8000 	/System/Library/PrivateFrameworks/JavaLaunching.framework/Versions/A/JavaLaunching
0x000000000c1e2000 	/System/Library/Frameworks/Carbon.framework/Versions/A/Frameworks/CommonPanels.framework/Versions/A/CommonPanels
0x000000000c1e2000 	/System/Library/Frameworks/Carbon.framework/Versions/A/Frameworks/Help.framework/Versions/A/Help
0x000000000c1e2000 	/System/Library/Frameworks/Carbon.framework/Versions/A/Frameworks/ImageCapture.framework/Versions/A/ImageCapture
0x000000000c1e2000 	/System/Library/Frameworks/Carbon.framework/Versions/A/Frameworks/OpenScripting.framework/Versions/A/OpenScripting
0x000000000c1e2000 	/System/Library/Frameworks/Carbon.framework/Versions/A/Frameworks/Print.framework/Versions/A/Print
0x000000000c1e2000 	/System/Library/Frameworks/Carbon.framework/Versions/A/Frameworks/SecurityHI.framework/Versions/A/SecurityHI
0x000000012a046000 	/Library/Java/JavaVirtualMachines/jdk1.8.0_60.jdk/Contents/Home/jre/lib/libawt.dylib
0x000000012a0ee000 	/Library/Java/JavaVirtualMachines/jdk1.8.0_60.jdk/Contents/Home/jre/lib/./libmlib_image.dylib
0x000000012a1ba000 	/Library/Java/JavaVirtualMachines/jdk1.8.0_60.jdk/Contents/Home/jre/lib/libawt_lwawt.dylib
0x000000012a26f000 	/Library/Java/JavaVirtualMachines/jdk1.8.0_60.jdk/Contents/Home/jre/lib/./libosxapp.dylib
0x000000000c1e2000 	/System/Library/Frameworks/ExceptionHandling.framework/Versions/A/ExceptionHandling
0x000000000c1e2000 	/System/Library/PrivateFrameworks/CoreServicesInternal.framework/Versions/A/CoreServicesInternal
0x000000000c1e2000 	/System/Library/PrivateFrameworks/Librarian.framework/Versions/A/Librarian
0x000000000c1e2000 	/System/Library/Frameworks/CoreGraphics.framework/Versions/A/Resources/libCGCMS.A.dylib
0x000000000c1e2000 	/System/Library/Frameworks/CoreGraphics.framework/Versions/A/Resources/libRIP.A.dylib
0x000000000c1e2000 	/System/Library/Frameworks/CoreGraphics.framework/Versions/A/Resources/libCGXType.A.dylib
0x000000000c1e2000 	/System/Library/PrivateFrameworks/FamilyControls.framework/Versions/A/FamilyControls
0x000000000c1e2000 	/System/Library/PrivateFrameworks/CommerceKit.framework/Versions/A/Frameworks/CommerceCore.framework/Versions/A/CommerceCore
0x000000000c1e2000 	/System/Library/PrivateFrameworks/SystemAdministration.framework/Versions/A/SystemAdministration
0x000000000c1e2000 	/System/Library/Frameworks/DirectoryService.framework/Versions/A/DirectoryService
0x000000000c1e2000 	/System/Library/PrivateFrameworks/DiskImages.framework/Versions/A/DiskImages
0x000000000c1e2000 	/System/Library/PrivateFrameworks/LoginUIKit.framework/Versions/A/Frameworks/LoginUICore.framework/Versions/A/LoginUICore
0x000000000c1e2000 	/usr/lib/libCoreStorage.dylib
0x000000000c1e2000 	/usr/lib/libcsfde.dylib
0x000000000c1e2000 	/usr/lib/libodfde.dylib
0x000000000c1e2000 	/System/Library/Frameworks/DiscRecording.framework/Versions/A/DiscRecording
0x000000000c1e2000 	/usr/lib/libcurl.4.dylib
0x000000000c1e2000 	/System/Library/PrivateFrameworks/MediaKit.framework/Versions/A/MediaKit
0x000000000c1e2000 	/System/Library/PrivateFrameworks/EFILogin.framework/Versions/A/EFILogin
0x000000000c1e2000 	/usr/lib/libutil.dylib
0x000000000c1e2000 	/System/Library/PrivateFrameworks/AOSNotification.framework/Versions/A/AOSNotification
0x000000000c1e2000 	/System/Library/Frameworks/LDAP.framework/Versions/A/LDAP
0x000000000c1e2000 	/usr/lib/libsasl2.2.dylib
0x000000000c1e2000 	/usr/lib/libcrypto.0.9.8.dylib
0x000000000c1e2000 	/usr/lib/libssl.0.9.8.dylib
0x000000012e360000 	/Library/Java/JavaVirtualMachines/jdk1.8.0_60.jdk/Contents/Home/jre/lib/libfontmanager.dylib
0x000000012e3c7000 	/Users/cirilbohak/Desktop/mergedmethods/Neck_Veins/NeckVeins 1.0/lwjgl-2.9.3/native/macosx/liblwjgl.dylib
0x000000012ba70000 	/Library/Java/JavaVirtualMachines/jdk1.8.0_60.jdk/Contents/Home/jre/lib/libjawt.dylib
0x000000000c1e2000 	/System/Library/Frameworks/OpenGL.framework/Versions/A/Resources/GLEngine.bundle/GLEngine
0x000000000c1e2000 	/System/Library/Frameworks/OpenGL.framework/Versions/A/Libraries/libGLProgrammability.dylib
0x0000000000000000 	/System/Library/Extensions/GeForceTeslaGLDriver.bundle/Contents/MacOS/GeForceTeslaGLDriver
0x000000012e54c000 	/System/Library/Extensions/GeForceTeslaGLDriver.bundle/Contents/MacOS/libclh.dylib
0x000000012ba73000 	/System/Library/PrivateFrameworks/GPUSupport.framework/Versions/A/Libraries/libGPUSupport.dylib
0x000000000c1e2000 	/System/Library/Frameworks/OpenGL.framework/Versions/A/Resources/GLRendererFloat.bundle/GLRendererFloat
0x000000000c1e2000 	/System/Library/Frameworks/OpenCL.framework/Versions/A/Libraries/libcldcpuengine.dylib
0x000000014344c000 	/Library/Java/JavaVirtualMachines/jdk1.8.0_60.jdk/Contents/Home/jre/lib/libnio.dylib
0x00000001436cc000 	/Library/Java/JavaVirtualMachines/jdk1.8.0_60.jdk/Contents/Home/jre/lib/./libnet.dylib
0x000000012c723000 	/Users/cirilbohak/Desktop/mergedmethods/Neck_Veins/NeckVeins 1.0/lwjgl-2.9.3/native/macosx/libjinput-osx.dylib
0x000000012c728000 	/System/Library/Extensions/IOHIDFamily.kext/Contents/PlugIns/IOHIDLib.plugin/Contents/MacOS/IOHIDLib

VM Arguments:
jvm_args: -Djava.library.path=/Users/cirilbohak/Desktop/mergedmethods/Neck_Veins/NeckVeins 1.0/libs/Leap/x64:/Users/cirilbohak/Desktop/mergedmethods/Neck_Veins/NeckVeins 1.0/lwjgl-2.9.3/native/macosx:/NeckVeins 1.0/lwjgl-2.9.3/native/macosx -Dfile.encoding=UTF-8 
java_command: si.uni_lj.fri.veins3D.main.Main
java_class_path (initial): /Users/cirilbohak/Desktop/mergedmethods/Neck_Veins/NeckVeins 1.0/bin:/Users/cirilbohak/Desktop/mergedmethods/Neck_Veins/NeckVeins 1.0/libs/slick-util.jar:/Users/cirilbohak/Desktop/mergedmethods/Neck_Veins/NeckVeins 1.0/libs/xpp3-1.1.4c.jar:/Users/cirilbohak/Desktop/mergedmethods/Neck_Veins/NeckVeins 1.0/libs/LeapJava.jar:/Users/cirilbohak/Desktop/mergedmethods/Neck_Veins/NeckVeins 1.0/libs/ejml-v0.27-libs/EJML-core-0.27.jar:/Users/cirilbohak/Desktop/mergedmethods/Neck_Veins/NeckVeins 1.0/libs/ejml-v0.27-libs/EJML-simple-0.27.jar:/Users/cirilbohak/Desktop/mergedmethods/Neck_Veins/NeckVeins 1.0/libs/ejml-v0.27-libs/EJML-dense64-0.27.jar:/Users/cirilbohak/Desktop/mergedmethods/Neck_Veins/NeckVeins 1.0/libs/ejml-v0.27-libs/EJML-denseC64-0.27.jar:/Users/cirilbohak/Desktop/mergedmethods/Neck_Veins/NeckVeins 1.0/libs/ejml-v0.27-libs/EJML-equation-0.27.jar:/Users/cirilbohak/Desktop/mergedmethods/Neck_Veins/NeckVeins 1.0/libs/nifty-1.4.1/dependencies/eventbus-1.4.jar:/Users/cirilbohak/Desktop/mergedmethods/Neck_Veins/NeckVeins 1.0/libs/nifty-1.4.1/dependencies/jglfont-core-1.4.jar:/Users/cirilbohak/Desktop/mergedmethods/Neck_Veins/NeckVeins 1.0/libs/nifty-1.4.1/dependencies/jorbis-0.0.17.jar:/Users/cirilbohak/Desktop/mergedmethods/Neck_Veins/NeckVeins 1.0/lwjgl-2.9.3/jar/AppleJavaExtensions.jar:/Users/cirilbohak/Desktop/mergedmethods/Neck_Veins/NeckVeins 1.0/lwjgl-2.9.3/jar/jinput.jar:/Users/cirilbohak/Desktop/mergedmethods/Neck_Veins/NeckVeins 1.0/lwjgl-2.9.3/jar/laf-plugin-7.2.1.jar:/Users/cirilbohak/Desktop/mergedmethods/Neck_Veins/NeckVeins 1.0/lwjgl-2.9.3/jar/laf-widget-7.2.1.jar:/Users/cirilbohak/Desktop/mergedmethods/Neck_Veins/NeckVeins 1.0/lwjgl-2.9.3/jar/log4j-api-2.0-beta9.jar:/Users/cirilbohak/Desktop/mergedmethods/Neck_Veins/NeckVeins 1.0/lwjgl-2.9.3/jar/lzma.jar:/Users/cirilbohak/Desktop/mergedmethods/Neck_Veins/NeckVeins 1.0/lwjgl-2.9.3/jar/substance-7.2.1.jar:/Users/cirilbohak/Desktop/mergedmethods/Neck_Veins/NeckVeins 1.0/lwjgl-2
Launcher Type: SUN_STANDARD

Environment Variables:
PATH=/usr/bin:/bin:/usr/sbin:/sbin
SHELL=/bin/bash

Signal Handlers:
SIGSEGV: [libjvm.dylib+0x5a6d31], sa_mask[0]=11111111011111110111111111111111, sa_flags=SA_ONSTACK|SA_RESTART|SA_SIGINFO
SIGBUS: [libjvm.dylib+0x5a6d31], sa_mask[0]=11111111011111110111111111111111, sa_flags=SA_RESTART|SA_SIGINFO
SIGFPE: [libjvm.dylib+0x480a4c], sa_mask[0]=11111111011111110111111111111111, sa_flags=SA_RESTART|SA_SIGINFO
SIGPIPE: [libjvm.dylib+0x480a4c], sa_mask[0]=11111111011111110111111111111111, sa_flags=SA_RESTART|SA_SIGINFO
SIGXFSZ: [libjvm.dylib+0x480a4c], sa_mask[0]=11111111011111110111111111111111, sa_flags=SA_RESTART|SA_SIGINFO
SIGILL: [libjvm.dylib+0x480a4c], sa_mask[0]=11111111011111110111111111111111, sa_flags=SA_RESTART|SA_SIGINFO
SIGUSR1: SIG_DFL, sa_mask[0]=00000000000000000000000000000000, sa_flags=SA_RESTART
SIGUSR2: [libjvm.dylib+0x48056a], sa_mask[0]=00100000000000000000000000000000, sa_flags=SA_RESTART|SA_SIGINFO
SIGHUP: [libjvm.dylib+0x47eb41], sa_mask[0]=11111111011111110111111111111111, sa_flags=SA_RESTART|SA_SIGINFO
SIGINT: [libjvm.dylib+0x47eb41], sa_mask[0]=11111111011111110111111111111111, sa_flags=SA_RESTART|SA_SIGINFO
SIGTERM: [libjvm.dylib+0x47eb41], sa_mask[0]=11111111011111110111111111111111, sa_flags=SA_RESTART|SA_SIGINFO
SIGQUIT: [libjvm.dylib+0x47eb41], sa_mask[0]=11111111011111110111111111111111, sa_flags=SA_RESTART|SA_SIGINFO


---------------  S Y S T E M  ---------------

OS:Bsduname:Darwin 13.3.0 Darwin Kernel Version 13.3.0: Tue Jun  3 21:27:35 PDT 2014; root:xnu-2422.110.17~1/RELEASE_X86_64 x86_64
rlimit: STACK 8192k, CORE 0k, NPROC 709, NOFILE 10240, AS infinity
load average:2.04 1.67 1.01

CPU:total 8 (4 cores per cpu, 1 threads per core) family 6 model 15 stepping 7, cmov, cx8, fxsr, mmx, sse, sse2, sse3, ssse3, tsc

Memory: 4k page, physical 11534336k(3623108k free)

/proc/meminfo:


vm_info: Java HotSpot(TM) 64-Bit Server VM (25.60-b23) for bsd-amd64 JRE (1.8.0_60-b27), built on Aug  4 2015 10:47:24 by "java_re" with gcc 4.2.1 (Based on Apple Inc. build 5658) (LLVM build 2336.11.00)

time: Mon Sep 14 14:19:07 2015
elapsed time: 8 seconds (0d 0h 0m 8s)

