#
# A fatal error has been detected by the Java Runtime Environment:
#
#  EXCEPTION_ACCESS_VIOLATION (0xc0000005) at pc=0x0000000000000000, pid=2428, tid=4012
#
# JRE version: Java(TM) SE Runtime Environment (8.0_51-b16) (build 1.8.0_51-b16)
# Java VM: Java HotSpot(TM) 64-Bit Server VM (25.51-b03 mixed mode windows-amd64 compressed oops)
# Problematic frame:
# C  0x0000000000000000
#
# Failed to write core dump. Minidumps are not enabled by default on client versions of Windows
#
# If you would like to submit a bug report, please visit:
#   http://bugreport.java.com/bugreport/crash.jsp
# The crash happened outside the Java Virtual Machine in native code.
# See problematic frame for where to report the bug.
#

---------------  T H R E A D  ---------------

Current thread (0x0000000002562800):  JavaThread "main" [_thread_in_native, id=4012, stack(0x00000000023f0000,0x00000000024f0000)]

siginfo: ExceptionCode=0xc0000005, ExceptionInformation=0x0000000000000008 0x0000000000000000

Registers:
RAX=0x00000000024ec314, RBX=0x0000000000001002, RCX=0x00000000024ebfe8, RDX=0x0000000000000000
RSP=0x00000000024ebf98, RBP=0x00000000024ec0a0, RSI=0x0000000019ed2900, RDI=0x0000000000000000
R8 =0x00000000024ebea8, R9 =0x00000000024ec0a0, R10=0x0000000000000000, R11=0x0000000000000246
R12=0x0000000000000000, R13=0x00007ffde7414fe0, R14=0x0000000000000000, R15=0x0000000000000000
RIP=0x0000000000000000, EFLAGS=0x0000000000010246

Top of Stack: (sp=0x00000000024ebf98)
0x00000000024ebf98:   00007ffde741512d 00000000024ed1d0
0x00000000024ebfa8:   0000000019ed2900 00007ffde9c51378
0x00000000024ebfb8:   00007ffde801387c 0000000000000000
0x00000000024ebfc8:   00000000024ec040 0000000019ec3980
0x00000000024ebfd8:   0000000000000000 0000000000000001
0x00000000024ebfe8:   00000000024ec314 0000000000000000
0x00000000024ebff8:   0000000000000000 00007ffe07d90000
0x00000000024ec008:   00000000024ec0e8 00007ffe07e87000
0x00000000024ec018:   1ca0518000000020 4fde0c9a450aa699
0x00000000024ec028:   0000000189dd3dbe 0000000019edd5f0
0x00000000024ec038:   fffffffffffffffe 4d36e97d00000020
0x00000000024ec048:   0008c1bf11cee325 000000061803e12b
0x00000000024ec058:   0000000000ba7100 000000000000000d
0x00000000024ec068:   00007ffe0ab8e83f 0000000000000000
0x00000000024ec078:   0000000000000000 00000000024e0060
0x00000000024ec088:   0000000000000001 0000000019ec3990 

Instructions: (pc=0x0000000000000000)
0xffffffffffffffe0:   


Register to memory mapping:

RAX=0x00000000024ec314 is pointing into the stack for thread: 0x0000000002562800
RBX=0x0000000000001002 is an unknown value
RCX=0x00000000024ebfe8 is pointing into the stack for thread: 0x0000000002562800
RDX=0x0000000000000000 is an unknown value
RSP=0x00000000024ebf98 is pointing into the stack for thread: 0x0000000002562800
RBP=0x00000000024ec0a0 is pointing into the stack for thread: 0x0000000002562800
RSI=0x0000000019ed2900 is an unknown value
RDI=0x0000000000000000 is an unknown value
R8 =0x00000000024ebea8 is pointing into the stack for thread: 0x0000000002562800
R9 =0x00000000024ec0a0 is pointing into the stack for thread: 0x0000000002562800
R10=0x0000000000000000 is an unknown value
R11=0x0000000000000246 is an unknown value
R12=0x0000000000000000 is an unknown value
R13=0x00007ffde7414fe0 is an unknown value
R14=0x0000000000000000 is an unknown value
R15=0x0000000000000000 is an unknown value


Stack: [0x00000000023f0000,0x00000000024f0000],  sp=0x00000000024ebf98,  free space=1007k
Native frames: (J=compiled Java code, j=interpreted, Vv=VM code, C=native code)

Java frames: (J=compiled Java code, j=interpreted, Vv=VM code)
j  org.lwjgl.opencl.CL.ngetFunctionAddress(J)J+0
j  org.lwjgl.opencl.CL.getFunctionAddress(Ljava/lang/String;)J+9
j  org.lwjgl.opencl.CLCapabilities.<clinit>()V+2
v  ~StubRoutines::call_stub
j  org.lwjgl.opencl.CL.create()V+272
j  si.uni_lj.fri.segmentation.ModelCreator.initializeCL()V+5
j  si.uni_lj.fri.segmentation.ModelCreator.createModel(Ljava/lang/String;DD)[Ljava/lang/Object;+81
j  si.uni_lj.fri.veins3D.gui.render.models.VeinsModelMesh.constructVBOFromRawFile(Ljava/lang/String;DD)V+56
j  si.uni_lj.fri.veins3D.gui.render.VeinsRenderer.loadModelRaw(Ljava/lang/String;DD)V+40
j  si.uni_lj.fri.veins3D.gui.NiftyScreenController.onButton_OpenDialog_Open()V+48
v  ~StubRoutines::call_stub
J 2698  sun.reflect.NativeMethodAccessorImpl.invoke0(Ljava/lang/reflect/Method;Ljava/lang/Object;[Ljava/lang/Object;)Ljava/lang/Object; (0 bytes) @ 0x0000000002f699bf [0x0000000002f69940+0x7f]
J 2697 C1 sun.reflect.NativeMethodAccessorImpl.invoke(Ljava/lang/Object;[Ljava/lang/Object;)Ljava/lang/Object; (104 bytes) @ 0x0000000002f6d4a4 [0x0000000002f6c2c0+0x11e4]
J 920 C1 sun.reflect.DelegatingMethodAccessorImpl.invoke(Ljava/lang/Object;[Ljava/lang/Object;)Ljava/lang/Object; (10 bytes) @ 0x00000000029ffa24 [0x00000000029ff900+0x124]
J 919 C1 java.lang.reflect.Method.invoke(Ljava/lang/Object;[Ljava/lang/Object;)Ljava/lang/Object; (62 bytes) @ 0x00000000029ecc14 [0x00000000029ec800+0x414]
j  de.lessvoid.nifty.NiftyMethodInvoker.callMethod(Ljava/lang/Object;Ljava/lang/reflect/Method;[Ljava/lang/Object;)Ljava/lang/Object;+109
j  de.lessvoid.nifty.NiftyMethodInvoker.performInvoke([Ljava/lang/Object;)V+298
j  de.lessvoid.nifty.Nifty$DelayedMethodInvoke.perform()V+8
j  de.lessvoid.nifty.Nifty.invokeMethods()V+47
j  de.lessvoid.nifty.Nifty.handleDynamicElements()V+4
j  de.lessvoid.nifty.Nifty.access$7(Lde/lessvoid/nifty/Nifty;)V+1
j  de.lessvoid.nifty.Nifty$NiftyInputConsumerImpl.processEvent(Lde/lessvoid/nifty/input/NiftyMouseInputEvent;)Z+43
j  de.lessvoid.nifty.Nifty$NiftyInputConsumerImpl.processMouseEvent(IIIIZ)Z+25
j  de.lessvoid.nifty.renderer.lwjgl.input.LwjglInputSystem.processMouseEvents(Lde/lessvoid/nifty/NiftyInputConsumer;)V+47
j  de.lessvoid.nifty.renderer.lwjgl.input.LwjglInputSystem.forwardEvents(Lde/lessvoid/nifty/NiftyInputConsumer;)V+16
j  de.lessvoid.nifty.Nifty.update()Z+22
j  si.uni_lj.fri.veins3D.main.VeinsWindow.renderNiftyGUI()V+113
j  si.uni_lj.fri.veins3D.main.VeinsWindow.mainLoop()V+111
j  si.uni_lj.fri.veins3D.main.Main.main([Ljava/lang/String;)V+7
v  ~StubRoutines::call_stub

---------------  P R O C E S S  ---------------

Java Threads: ( => current thread )
  0x000000001ee89000 JavaThread "LWJGL Timer" daemon [_thread_blocked, id=3416, stack(0x000000001ca20000,0x000000001cb20000)]
  0x000000001e877000 JavaThread "Thread-6" daemon [_thread_in_native, id=4064, stack(0x000000001c080000,0x000000001c180000)]
  0x000000001791e000 JavaThread "D3D Screen Updater" daemon [_thread_blocked, id=3812, stack(0x000000001a490000,0x000000001a590000)]
  0x00000000178b8800 JavaThread "AWT-EventQueue-0" [_thread_blocked, id=4292, stack(0x0000000019d80000,0x0000000019e80000)]
  0x00000000178af000 JavaThread "AWT-Windows" daemon [_thread_in_native, id=2924, stack(0x0000000018040000,0x0000000018140000)]
  0x00000000178bc000 JavaThread "AWT-Shutdown" [_thread_blocked, id=144, stack(0x0000000017f40000,0x0000000018040000)]
  0x00000000178bb000 JavaThread "Java2D Disposer" daemon [_thread_blocked, id=3940, stack(0x00000000175f0000,0x00000000176f0000)]
  0x0000000014bbe800 JavaThread "Service Thread" daemon [_thread_blocked, id=4860, stack(0x0000000016ea0000,0x0000000016fa0000)]
  0x0000000014bbb800 JavaThread "C1 CompilerThread2" daemon [_thread_blocked, id=2724, stack(0x0000000016da0000,0x0000000016ea0000)]
  0x0000000014bbb000 JavaThread "C2 CompilerThread1" daemon [_thread_blocked, id=3612, stack(0x0000000016ca0000,0x0000000016da0000)]
  0x0000000014b85800 JavaThread "C2 CompilerThread0" daemon [_thread_blocked, id=2296, stack(0x00000000167a0000,0x00000000168a0000)]
  0x0000000014b79800 JavaThread "JDWP Command Reader" daemon [_thread_in_native, id=3820, stack(0x00000000166a0000,0x00000000167a0000)]
  0x0000000014b78800 JavaThread "JDWP Event Helper Thread" daemon [_thread_blocked, id=1452, stack(0x00000000165a0000,0x00000000166a0000)]
  0x0000000014b6b000 JavaThread "JDWP Transport Listener: dt_socket" daemon [_thread_blocked, id=2612, stack(0x00000000160d0000,0x00000000161d0000)]
  0x0000000014b61000 JavaThread "Attach Listener" daemon [_thread_blocked, id=2892, stack(0x0000000015fd0000,0x00000000160d0000)]
  0x0000000014b5e000 JavaThread "Signal Dispatcher" daemon [_thread_blocked, id=416, stack(0x0000000015ed0000,0x0000000015fd0000)]
  0x0000000002659800 JavaThread "Finalizer" daemon [_thread_blocked, id=4000, stack(0x0000000015db0000,0x0000000015eb0000)]
  0x0000000002651800 JavaThread "Reference Handler" daemon [_thread_blocked, id=4548, stack(0x0000000015cb0000,0x0000000015db0000)]
=>0x0000000002562800 JavaThread "main" [_thread_in_native, id=4012, stack(0x00000000023f0000,0x00000000024f0000)]

Other Threads:
  0x0000000014b27000 VMThread [stack: 0x0000000015bb0000,0x0000000015cb0000] [id=1976]
  0x00000000168d0800 WatcherThread [stack: 0x0000000016fa0000,0x00000000170a0000] [id=4036]

VM state:not at safepoint (normal execution)

VM Mutex/Monitor currently owned by a thread: None

Heap:
 PSYoungGen      total 68608K, used 45374K [0x00000000ebb80000, 0x00000000f0380000, 0x0000000100000000)
  eden space 63488K, 64% used [0x00000000ebb80000,0x00000000ee3cb960,0x00000000ef980000)
  from space 5120K, 80% used [0x00000000efe80000,0x00000000f0284010,0x00000000f0380000)
  to   space 5120K, 0% used [0x00000000ef980000,0x00000000ef980000,0x00000000efe80000)
 ParOldGen       total 42496K, used 6138K [0x00000000c3200000, 0x00000000c5b80000, 0x00000000ebb80000)
  object space 42496K, 14% used [0x00000000c3200000,0x00000000c37fea30,0x00000000c5b80000)
 Metaspace       used 17120K, capacity 17405K, committed 17664K, reserved 1064960K
  class space    used 1850K, capacity 1938K, committed 2048K, reserved 1048576K

Card table byte_map: [0x0000000011a20000,0x0000000011c10000] byte_map_base: 0x0000000011407000

Marking Bits: (ParMarkBitMap*) 0x0000000077234040
 Begin Bits: [0x0000000012160000, 0x0000000013098000)
 End Bits:   [0x0000000013098000, 0x0000000013fd0000)

Polling page: 0x0000000000c90000

CodeCache: size=245760Kb used=10620Kb max_used=10641Kb free=235139Kb
 bounds [0x0000000002660000, 0x00000000030d0000, 0x0000000011660000]
 total_blobs=3590 nmethods=2963 adapters=548
 compilation: enabled

Compilation events (10 events):
Event: 7.889 Thread 0x0000000014bbb800 2976       3       de.lessvoid.nifty.elements.Element::resetForHide (56 bytes)
Event: 7.889 Thread 0x0000000014bbb800 nmethod 2976 0x00000000030c7d10 code [0x00000000030c7ec0, 0x00000000030c8438]
Event: 7.889 Thread 0x0000000014bbb800 2977       3       de.lessvoid.nifty.elements.Element::disableFocus (87 bytes)
Event: 7.890 Thread 0x0000000014bbb800 nmethod 2977 0x00000000030c8650 code [0x00000000030c8860, 0x00000000030c9098]
Event: 7.890 Thread 0x0000000014bbb800 2978       3       de.lessvoid.nifty.elements.Element::hasVisibleParent (33 bytes)
Event: 7.890 Thread 0x0000000014bbb800 nmethod 2978 0x00000000030c9450 code [0x00000000030c95e0, 0x00000000030c9988]
Event: 7.910 Thread 0x0000000014bbb800 2979   !   3       java.util.zip.ZipFile::getInflater (56 bytes)
Event: 7.911 Thread 0x0000000014bbb800 nmethod 2979 0x00000000030c9a90 code [0x00000000030c9c80, 0x00000000030ca878]
Event: 12.068 Thread 0x0000000014b85800 2981       4       java.util.zip.Inflater::ensureOpen (47 bytes)
Event: 12.070 Thread 0x0000000014b85800 nmethod 2981 0x00000000030ac690 code [0x00000000030ac7c0, 0x00000000030ac878]

GC Heap History (10 events):
Event: 1.962 GC heap before
{Heap before GC invocations=2 (full 0):
 PSYoungGen      total 18432K, used 18420K [0x00000000ebb80000, 0x00000000ed000000, 0x0000000100000000)
  eden space 15872K, 100% used [0x00000000ebb80000,0x00000000ecb00000,0x00000000ecb00000)
  from space 2560K, 99% used [0x00000000ecb00000,0x00000000ecd7d2f0,0x00000000ecd80000)
  to   space 2560K, 0% used [0x00000000ecd80000,0x00000000ecd80000,0x00000000ed000000)
 ParOldGen       total 42496K, used 471K [0x00000000c3200000, 0x00000000c5b80000, 0x00000000ebb80000)
  object space 42496K, 1% used [0x00000000c3200000,0x00000000c3275cc0,0x00000000c5b80000)
 Metaspace       used 12781K, capacity 13099K, committed 13312K, reserved 1060864K
  class space    used 1404K, capacity 1503K, committed 1536K, reserved 1048576K
Event: 1.972 GC heap after
Heap after GC invocations=2 (full 0):
 PSYoungGen      total 18432K, used 2528K [0x00000000ebb80000, 0x00000000edf80000, 0x0000000100000000)
  eden space 15872K, 0% used [0x00000000ebb80000,0x00000000ebb80000,0x00000000ecb00000)
  from space 2560K, 98% used [0x00000000ecd80000,0x00000000ecff8040,0x00000000ed000000)
  to   space 2560K, 0% used [0x00000000ecb00000,0x00000000ecb00000,0x00000000ecd80000)
 ParOldGen       total 42496K, used 1154K [0x00000000c3200000, 0x00000000c5b80000, 0x00000000ebb80000)
  object space 42496K, 2% used [0x00000000c3200000,0x00000000c3320910,0x00000000c5b80000)
 Metaspace       used 12781K, capacity 13099K, committed 13312K, reserved 1060864K
  class space    used 1404K, capacity 1503K, committed 1536K, reserved 1048576K
}
Event: 2.486 GC heap before
{Heap before GC invocations=3 (full 0):
 PSYoungGen      total 18432K, used 18400K [0x00000000ebb80000, 0x00000000edf80000, 0x0000000100000000)
  eden space 15872K, 100% used [0x00000000ebb80000,0x00000000ecb00000,0x00000000ecb00000)
  from space 2560K, 98% used [0x00000000ecd80000,0x00000000ecff8040,0x00000000ed000000)
  to   space 2560K, 0% used [0x00000000ecb00000,0x00000000ecb00000,0x00000000ecd80000)
 ParOldGen       total 42496K, used 1154K [0x00000000c3200000, 0x00000000c5b80000, 0x00000000ebb80000)
  object space 42496K, 2% used [0x00000000c3200000,0x00000000c3320910,0x00000000c5b80000)
 Metaspace       used 13705K, capacity 13949K, committed 14208K, reserved 1062912K
  class space    used 1497K, capacity 1570K, committed 1664K, reserved 1048576K
Event: 2.495 GC heap after
Heap after GC invocations=3 (full 0):
 PSYoungGen      total 18432K, used 2544K [0x00000000ebb80000, 0x00000000edf80000, 0x0000000100000000)
  eden space 15872K, 0% used [0x00000000ebb80000,0x00000000ebb80000,0x00000000ecb00000)
  from space 2560K, 99% used [0x00000000ecb00000,0x00000000ecd7c010,0x00000000ecd80000)
  to   space 2560K, 0% used [0x00000000edd00000,0x00000000edd00000,0x00000000edf80000)
 ParOldGen       total 42496K, used 2753K [0x00000000c3200000, 0x00000000c5b80000, 0x00000000ebb80000)
  object space 42496K, 6% used [0x00000000c3200000,0x00000000c34b0570,0x00000000c5b80000)
 Metaspace       used 13705K, capacity 13949K, committed 14208K, reserved 1062912K
  class space    used 1497K, capacity 1570K, committed 1664K, reserved 1048576K
}
Event: 2.848 GC heap before
{Heap before GC invocations=4 (full 0):
 PSYoungGen      total 18432K, used 18416K [0x00000000ebb80000, 0x00000000edf80000, 0x0000000100000000)
  eden space 15872K, 100% used [0x00000000ebb80000,0x00000000ecb00000,0x00000000ecb00000)
  from space 2560K, 99% used [0x00000000ecb00000,0x00000000ecd7c010,0x00000000ecd80000)
  to   space 2560K, 0% used [0x00000000edd00000,0x00000000edd00000,0x00000000edf80000)
 ParOldGen       total 42496K, used 2753K [0x00000000c3200000, 0x00000000c5b80000, 0x00000000ebb80000)
  object space 42496K, 6% used [0x00000000c3200000,0x00000000c34b0570,0x00000000c5b80000)
 Metaspace       used 14330K, capacity 14613K, committed 14720K, reserved 1062912K
  class space    used 1563K, capacity 1638K, committed 1664K, reserved 1048576K
Event: 2.864 GC heap after
Heap after GC invocations=4 (full 0):
 PSYoungGen      total 34304K, used 2544K [0x00000000ebb80000, 0x00000000edf80000, 0x0000000100000000)
  eden space 31744K, 0% used [0x00000000ebb80000,0x00000000ebb80000,0x00000000eda80000)
  from space 2560K, 99% used [0x00000000edd00000,0x00000000edf7c010,0x00000000edf80000)
  to   space 2560K, 0% used [0x00000000eda80000,0x00000000eda80000,0x00000000edd00000)
 ParOldGen       total 42496K, used 3531K [0x00000000c3200000, 0x00000000c5b80000, 0x00000000ebb80000)
  object space 42496K, 8% used [0x00000000c3200000,0x00000000c3572c98,0x00000000c5b80000)
 Metaspace       used 14330K, capacity 14613K, committed 14720K, reserved 1062912K
  class space    used 1563K, capacity 1638K, committed 1664K, reserved 1048576K
}
Event: 3.473 GC heap before
{Heap before GC invocations=5 (full 0):
 PSYoungGen      total 34304K, used 34288K [0x00000000ebb80000, 0x00000000edf80000, 0x0000000100000000)
  eden space 31744K, 100% used [0x00000000ebb80000,0x00000000eda80000,0x00000000eda80000)
  from space 2560K, 99% used [0x00000000edd00000,0x00000000edf7c010,0x00000000edf80000)
  to   space 2560K, 0% used [0x00000000eda80000,0x00000000eda80000,0x00000000edd00000)
 ParOldGen       total 42496K, used 3531K [0x00000000c3200000, 0x00000000c5b80000, 0x00000000ebb80000)
  object space 42496K, 8% used [0x00000000c3200000,0x00000000c3572c98,0x00000000c5b80000)
 Metaspace       used 14937K, capacity 15237K, committed 15360K, reserved 1062912K
  class space    used 1611K, capacity 1710K, committed 1792K, reserved 1048576K
Event: 3.484 GC heap after
Heap after GC invocations=5 (full 0):
 PSYoungGen      total 34304K, used 2544K [0x00000000ebb80000, 0x00000000f0380000, 0x0000000100000000)
  eden space 31744K, 0% used [0x00000000ebb80000,0x00000000ebb80000,0x00000000eda80000)
  from space 2560K, 99% used [0x00000000eda80000,0x00000000edcfc010,0x00000000edd00000)
  to   space 5120K, 0% used [0x00000000efe80000,0x00000000efe80000,0x00000000f0380000)
 ParOldGen       total 42496K, used 6130K [0x00000000c3200000, 0x00000000c5b80000, 0x00000000ebb80000)
  object space 42496K, 14% used [0x00000000c3200000,0x00000000c37fca30,0x00000000c5b80000)
 Metaspace       used 14937K, capacity 15237K, committed 15360K, reserved 1062912K
  class space    used 1611K, capacity 1710K, committed 1792K, reserved 1048576K
}
Event: 4.186 GC heap before
{Heap before GC invocations=6 (full 0):
 PSYoungGen      total 34304K, used 34288K [0x00000000ebb80000, 0x00000000f0380000, 0x0000000100000000)
  eden space 31744K, 100% used [0x00000000ebb80000,0x00000000eda80000,0x00000000eda80000)
  from space 2560K, 99% used [0x00000000eda80000,0x00000000edcfc010,0x00000000edd00000)
  to   space 5120K, 0% used [0x00000000efe80000,0x00000000efe80000,0x00000000f0380000)
 ParOldGen       total 42496K, used 6130K [0x00000000c3200000, 0x00000000c5b80000, 0x00000000ebb80000)
  object space 42496K, 14% used [0x00000000c3200000,0x00000000c37fca30,0x00000000c5b80000)
 Metaspace       used 16297K, capacity 16645K, committed 16768K, reserved 1064960K
  class space    used 1788K, capacity 1902K, committed 1920K, reserved 1048576K
Event: 4.196 GC heap after
Heap after GC invocations=6 (full 0):
 PSYoungGen      total 68608K, used 4112K [0x00000000ebb80000, 0x00000000f0380000, 0x0000000100000000)
  eden space 63488K, 0% used [0x00000000ebb80000,0x00000000ebb80000,0x00000000ef980000)
  from space 5120K, 80% used [0x00000000efe80000,0x00000000f0284010,0x00000000f0380000)
  to   space 5120K, 0% used [0x00000000ef980000,0x00000000ef980000,0x00000000efe80000)
 ParOldGen       total 42496K, used 6138K [0x00000000c3200000, 0x00000000c5b80000, 0x00000000ebb80000)
  object space 42496K, 14% used [0x00000000c3200000,0x00000000c37fea30,0x00000000c5b80000)
 Metaspace       used 16297K, capacity 16645K, committed 16768K, reserved 1064960K
  class space    used 1788K, capacity 1902K, committed 1920K, reserved 1048576K
}

Deoptimization events (10 events):
Event: 4.490 Thread 0x0000000002562800 Uncommon trap: reason=unstable_if action=reinterpret pc=0x0000000002aecc3c method=java.util.regex.Pattern$Dot.isSatisfiedBy(I)Z @ 9
Event: 4.555 Thread 0x0000000002562800 Uncommon trap: reason=unstable_if action=reinterpret pc=0x0000000002c35070 method=org.bushe.swing.event.ThreadSafeEventService.getRealSubscriberAndCleanStaleSubscriberIfNecessary(Ljava/util/Iterator;Ljava/lang/Object;)Ljava/lang/Object; @ 35
Event: 5.808 Thread 0x0000000002562800 Uncommon trap: reason=unstable_if action=reinterpret pc=0x0000000002c75fa4 method=de.lessvoid.nifty.tools.SizeValue.isPercent()Z @ 4
Event: 5.810 Thread 0x0000000002562800 Uncommon trap: reason=unstable_if action=reinterpret pc=0x0000000002c7057c method=de.lessvoid.nifty.tools.SizeValue.isPercent()Z @ 4
Event: 6.745 Thread 0x0000000002562800 Uncommon trap: reason=unstable_if action=reinterpret pc=0x0000000002fa7c4c method=de.lessvoid.nifty.elements.Element.isInsideParentClipArea(II)Z @ 18
Event: 7.328 Thread 0x0000000002562800 Uncommon trap: reason=unstable_if action=reinterpret pc=0x00000000030751f8 method=de.lessvoid.nifty.elements.Element.isInsideParentClipArea(II)Z @ 39
Event: 7.562 Thread 0x0000000002562800 Uncommon trap: reason=bimorphic action=maybe_recompile pc=0x0000000003082a0c method=de.lessvoid.nifty.effects.Effect.execute(Lde/lessvoid/nifty/render/NiftyRenderEngine;)V @ 27
Event: 7.579 Thread 0x0000000002562800 Uncommon trap: reason=bimorphic action=maybe_recompile pc=0x0000000003082a0c method=de.lessvoid.nifty.effects.Effect.execute(Lde/lessvoid/nifty/render/NiftyRenderEngine;)V @ 27
Event: 7.596 Thread 0x0000000002562800 Uncommon trap: reason=bimorphic action=maybe_recompile pc=0x0000000003082a0c method=de.lessvoid.nifty.effects.Effect.execute(Lde/lessvoid/nifty/render/NiftyRenderEngine;)V @ 27
Event: 7.795 Thread 0x0000000002562800 Uncommon trap: reason=bimorphic action=maybe_recompile pc=0x0000000003082a0c method=de.lessvoid.nifty.effects.Effect.execute(Lde/lessvoid/nifty/render/NiftyRenderEngine;)V @ 27

Internal exceptions (10 events):
Event: 3.659 Thread 0x0000000002562800 Implicit null exception at 0x0000000002cb53d5 to 0x0000000002cb54c9
Event: 10.053 Thread 0x0000000002562800 Exception <a 'java/security/PrivilegedActionException'> (0x00000000ee34a3e0) thrown at [C:\re\workspace\8-2-build-windows-amd64-cygwin\jdk8u51\3951\hotspot\src\share\vm\prims\jvm.cpp, line 1382]
Event: 10.053 Thread 0x0000000002562800 Exception <a 'java/security/PrivilegedActionException'> (0x00000000ee34bea0) thrown at [C:\re\workspace\8-2-build-windows-amd64-cygwin\jdk8u51\3951\hotspot\src\share\vm\prims\jvm.cpp, line 1382]
Event: 10.053 Thread 0x0000000002562800 Exception <a 'java/security/PrivilegedActionException'> (0x00000000ee34ced8) thrown at [C:\re\workspace\8-2-build-windows-amd64-cygwin\jdk8u51\3951\hotspot\src\share\vm\prims\jvm.cpp, line 1382]
Event: 10.054 Thread 0x0000000002562800 Exception <a 'java/security/PrivilegedActionException'> (0x00000000ee351e40) thrown at [C:\re\workspace\8-2-build-windows-amd64-cygwin\jdk8u51\3951\hotspot\src\share\vm\prims\jvm.cpp, line 1382]
Event: 10.054 Thread 0x0000000002562800 Exception <a 'java/security/PrivilegedActionException'> (0x00000000ee3529e8) thrown at [C:\re\workspace\8-2-build-windows-amd64-cygwin\jdk8u51\3951\hotspot\src\share\vm\prims\jvm.cpp, line 1382]
Event: 10.054 Thread 0x0000000002562800 Exception <a 'java/security/PrivilegedActionException'> (0x00000000ee353560) thrown at [C:\re\workspace\8-2-build-windows-amd64-cygwin\jdk8u51\3951\hotspot\src\share\vm\prims\jvm.cpp, line 1382]
Event: 11.000 Thread 0x0000000002562800 Exception <a 'org/lwjgl/LWJGLException'> (0x00000000ee354d40) thrown at [C:\re\workspace\8-2-build-windows-amd64-cygwin\jdk8u51\3951\hotspot\src\share\vm\prims\jni.cpp, line 709]
Event: 11.651 Thread 0x0000000002562800 Exception <a 'org/lwjgl/LWJGLException'> (0x00000000ee3554c8) thrown at [C:\re\workspace\8-2-build-windows-amd64-cygwin\jdk8u51\3951\hotspot\src\share\vm\prims\jni.cpp, line 709]
Event: 11.869 Thread 0x0000000002562800 Exception <a 'org/lwjgl/LWJGLException'> (0x00000000ee355c60) thrown at [C:\re\workspace\8-2-build-windows-amd64-cygwin\jdk8u51\3951\hotspot\src\share\vm\prims\jni.cpp, line 709]

Events (10 events):
Event: 12.068 Thread 0x0000000002562800 DEOPT PACKING pc=0x00000000027d9df4 sp=0x00000000024ecf10
Event: 12.068 Thread 0x0000000002562800 DEOPT UNPACKING pc=0x00000000026a747f sp=0x00000000024ecd30 mode 1
Event: 12.070 Thread 0x0000000014b85800 flushing nmethod 0x0000000002767e90
Event: 12.070 Thread 0x0000000014b85800 flushing nmethod 0x0000000002768b90
Event: 12.070 Thread 0x0000000014b85800 flushing nmethod 0x0000000002768ed0
Event: 12.070 Thread 0x0000000014b85800 flushing nmethod 0x000000000276a090
Event: 12.070 Thread 0x0000000014b85800 flushing nmethod 0x000000000276ae10
Event: 12.070 Thread 0x0000000014b85800 flushing nmethod 0x000000000277bcd0
Event: 12.070 Thread 0x0000000014b85800 flushing nmethod 0x000000000277c3d0
Event: 12.070 Thread 0x0000000014b85800 flushing nmethod 0x00000000027a5a50


Dynamic libraries:
0x00007ff70e940000 - 0x00007ff70e977000 	C:\Program Files\Java\jre1.8.0_51\bin\javaw.exe
0x00007ffe0ab60000 - 0x00007ffe0ad0c000 	C:\Windows\SYSTEM32\ntdll.dll
0x00007ffe0a120000 - 0x00007ffe0a25e000 	C:\Windows\system32\KERNEL32.DLL
0x00007ffe07d90000 - 0x00007ffe07ea5000 	C:\Windows\system32\KERNELBASE.dll
0x00007ffe06690000 - 0x00007ffe0671e000 	C:\Windows\system32\apphelp.dll
0x00007ffdf66c0000 - 0x00007ffdf6713000 	C:\Windows\AppPatch\AppPatch64\AcGenral.DLL
0x00007ffe09c10000 - 0x00007ffe09cba000 	C:\Windows\system32\msvcrt.dll
0x00007ffe07b60000 - 0x00007ffe07b8e000 	C:\Windows\SYSTEM32\SspiCli.dll
0x00007ffe09bb0000 - 0x00007ffe09c04000 	C:\Windows\system32\SHLWAPI.dll
0x00007ffe0a260000 - 0x00007ffe0a3d7000 	C:\Windows\system32\USER32.dll
0x00007ffe0a7f0000 - 0x00007ffe0a984000 	C:\Windows\system32\ole32.dll
0x00007ffe08460000 - 0x00007ffe09979000 	C:\Windows\system32\SHELL32.dll
0x00007ffe072e0000 - 0x00007ffe07301000 	C:\Windows\SYSTEM32\USERENV.dll
0x00007ffe09b00000 - 0x00007ffe09baa000 	C:\Windows\system32\ADVAPI32.dll
0x00007ffdfe4a0000 - 0x00007ffdfe4be000 	C:\Windows\SYSTEM32\MPR.dll
0x00007ffe0a990000 - 0x00007ffe0aad1000 	C:\Windows\system32\RPCRT4.dll
0x00007ffe083a0000 - 0x00007ffe083f9000 	C:\Windows\SYSTEM32\sechost.dll
0x00007ffe09f00000 - 0x00007ffe0a111000 	C:\Windows\SYSTEM32\combase.dll
0x00007ffe0a3e0000 - 0x00007ffe0a530000 	C:\Windows\system32\GDI32.dll
0x00007ffe07cc0000 - 0x00007ffe07cd5000 	C:\Windows\SYSTEM32\profapi.dll
0x00007ffe05d80000 - 0x00007ffe05e32000 	C:\Windows\SYSTEM32\SHCORE.dll
0x00007ffe09cc0000 - 0x00007ffe09cf6000 	C:\Windows\system32\IMM32.DLL
0x00007ffe0a690000 - 0x00007ffe0a7e2000 	C:\Windows\system32\MSCTF.dll
0x00007ffe00850000 - 0x00007ffe00aca000 	C:\Windows\WinSxS\amd64_microsoft.windows.common-controls_6595b64144ccf1df_6.0.9600.17810_none_6240b9c7ecbd0bda\COMCTL32.dll
0x00000000766f0000 - 0x00000000767c2000 	C:\Program Files\Java\jre1.8.0_51\bin\msvcr100.dll
0x0000000076a30000 - 0x00000000772b3000 	C:\Program Files\Java\jre1.8.0_51\bin\server\jvm.dll
0x00007ffe05a70000 - 0x00007ffe05a79000 	C:\Windows\SYSTEM32\WSOCK32.dll
0x00007ffe00640000 - 0x00007ffe00662000 	C:\Windows\SYSTEM32\WINMM.dll
0x00007ffe05e50000 - 0x00007ffe05e5a000 	C:\Windows\SYSTEM32\VERSION.dll
0x00007ffe0ab40000 - 0x00007ffe0ab47000 	C:\Windows\system32\PSAPI.DLL
0x00007ffe0aae0000 - 0x00007ffe0ab3a000 	C:\Windows\system32\WS2_32.dll
0x00007ffe00540000 - 0x00007ffe0056a000 	C:\Windows\SYSTEM32\WINMMBASE.dll
0x00007ffe0a5a0000 - 0x00007ffe0a5a9000 	C:\Windows\system32\NSI.dll
0x00007ffe07eb0000 - 0x00007ffe07eff000 	C:\Windows\SYSTEM32\cfgmgr32.dll
0x00007ffe06ab0000 - 0x00007ffe06ad8000 	C:\Windows\SYSTEM32\DEVOBJ.dll
0x0000000076940000 - 0x000000007694f000 	C:\Program Files\Java\jre1.8.0_51\bin\verify.dll
0x0000000076910000 - 0x0000000076939000 	C:\Program Files\Java\jre1.8.0_51\bin\java.dll
0x00000000766b0000 - 0x00000000766e5000 	C:\Program Files\Java\jre1.8.0_51\bin\jdwp.dll
0x00000000766a0000 - 0x00000000766a8000 	C:\Program Files\Java\jre1.8.0_51\bin\npt.dll
0x00000000768f0000 - 0x0000000076906000 	C:\Program Files\Java\jre1.8.0_51\bin\zip.dll
0x0000000076690000 - 0x0000000076699000 	C:\Program Files\Java\jre1.8.0_51\bin\dt_socket.dll
0x00007ffdf7190000 - 0x00007ffdf71a5000 	C:\Windows\system32\napinsp.dll
0x00007ffdf72c0000 - 0x00007ffdf72da000 	C:\Windows\system32\pnrpnsp.dll
0x00007ffe05f00000 - 0x00007ffe05f1b000 	C:\Windows\system32\NLAapi.dll
0x00007ffe075a0000 - 0x00007ffe075f9000 	C:\Windows\System32\mswsock.dll
0x00007ffe073a0000 - 0x00007ffe07444000 	C:\Windows\SYSTEM32\DNSAPI.dll
0x00007ffdf72e0000 - 0x00007ffdf72ed000 	C:\Windows\System32\winrnr.dll
0x00007ffdfa990000 - 0x00007ffdfa9a4000 	C:\Windows\system32\wshbth.dll
0x0000000077390000 - 0x00000000773b6000 	C:\Program Files\Bonjour\mdnsNSP.dll
0x00007ffe05350000 - 0x00007ffe0537a000 	C:\Windows\SYSTEM32\Iphlpapi.DLL
0x00007ffe05320000 - 0x00007ffe0532a000 	C:\Windows\SYSTEM32\WINNSI.DLL
0x00007ffe04760000 - 0x00007ffe047cb000 	C:\Windows\System32\fwpuclnt.dll
0x00007ffdfb250000 - 0x00007ffdfb25a000 	C:\Windows\System32\rasadhlp.dll
0x0000000180000000 - 0x0000000180053000 	C:\Users\ropoLaptopn\Desktop\merged methods\Neck_Veins\Neck_Veins\NeckVeins 1.0\lwjgl-2.9.3\native\windows\lwjgl64.dll
0x00007ffdf1bf0000 - 0x00007ffdf1d1b000 	C:\Windows\SYSTEM32\OPENGL32.dll
0x00007ffdfceb0000 - 0x00007ffdfcede000 	C:\Windows\SYSTEM32\GLU32.dll
0x00007ffdf1e20000 - 0x00007ffdf1f18000 	C:\Windows\SYSTEM32\DDRAW.dll
0x00007ffe00630000 - 0x00007ffe00639000 	C:\Windows\SYSTEM32\DCIMAN32.dll
0x00000000764f0000 - 0x0000000076688000 	C:\Program Files\Java\jre1.8.0_51\bin\awt.dll
0x00007ffe0a5c0000 - 0x00007ffe0a681000 	C:\Windows\system32\OLEAUT32.dll
0x00007ffe060e0000 - 0x00007ffe06101000 	C:\Windows\system32\DWMAPI.DLL
0x00007ffe06930000 - 0x00007ffe06a59000 	C:\Windows\system32\uxtheme.dll
0x00007ffe06b00000 - 0x00007ffe06b0b000 	C:\Windows\SYSTEM32\kernel.appcore.dll
0x00007ffe07c00000 - 0x00007ffe07c0b000 	C:\Windows\SYSTEM32\CRYPTBASE.dll
0x00007ffe07b90000 - 0x00007ffe07bf3000 	C:\Windows\SYSTEM32\bcryptPrimitives.dll
0x00007ffdf0450000 - 0x00007ffdf0671000 	C:\Windows\system32\d3d9.dll
0x00007ffdfe900000 - 0x00007ffdfe90d000 	C:\Windows\SYSTEM32\atiu9p64.dll
0x0000000075fe0000 - 0x00000000764e1000 	C:\Windows\SYSTEM32\atiumd64.dll
0x0000000075cc0000 - 0x0000000075fdb000 	C:\Windows\SYSTEM32\atiumd6a.dll
0x0000000075c70000 - 0x0000000075cb7000 	C:\Program Files\Java\jre1.8.0_51\bin\fontmanager.dll
0x0000000075c60000 - 0x0000000075c67000 	C:\Program Files\Java\jre1.8.0_51\bin\jawt.dll
0x00007ffdfe760000 - 0x00007ffdfe768000 	C:\Windows\SYSTEM32\atig6pxx.dll
0x0000000069030000 - 0x000000006a444000 	C:\Windows\SYSTEM32\atio6axx.dll
0x00007ffdfe450000 - 0x00007ffdfe45a000 	C:\Windows\SYSTEM32\atig6txx.dll
0x00007ffdf19a0000 - 0x00007ffdf1aec000 	C:\Windows\SYSTEM32\aticfx64.dll
0x0000000018240000 - 0x0000000018297000 	C:\Windows\SYSTEM32\atiadlxx.dll
0x00007ffe09d20000 - 0x00007ffe09efa000 	C:\Windows\system32\SETUPAPI.dll
0x00007ffe07f00000 - 0x00007ffe07f51000 	C:\Windows\system32\WINTRUST.dll
0x00007ffe07f60000 - 0x00007ffe0813f000 	C:\Windows\system32\CRYPT32.dll
0x00007ffe07d70000 - 0x00007ffe07d81000 	C:\Windows\system32\MSASN1.dll
0x00007ffe07600000 - 0x00007ffe07620000 	C:\Windows\SYSTEM32\CRYPTSP.dll
0x00007ffe071d0000 - 0x00007ffe07206000 	C:\Windows\system32\rsaenh.dll
0x00007ffe07850000 - 0x00007ffe07876000 	C:\Windows\SYSTEM32\bcrypt.dll
0x00000000768d0000 - 0x00000000768ea000 	C:\Program Files\Java\jre1.8.0_51\bin\net.dll
0x00007ffe04a40000 - 0x00007ffe04a56000 	C:\Windows\SYSTEM32\dhcpcsvc6.DLL
0x00007ffe04bd0000 - 0x00007ffe04bea000 	C:\Windows\SYSTEM32\dhcpcsvc.DLL
0x00000000768b0000 - 0x00000000768c1000 	C:\Program Files\Java\jre1.8.0_51\bin\nio.dll
0x000000001aca0000 - 0x000000001acb6000 	C:\Users\ropoLaptopn\Desktop\merged methods\Neck_Veins\Neck_Veins\NeckVeins 1.0\lwjgl-2.9.3\native\windows\jinput-dx8_64.dll
0x00007ffdf7120000 - 0x00007ffdf7162000 	C:\Windows\SYSTEM32\DINPUT8.dll
0x00007ffe06e80000 - 0x00007ffe06e8d000 	C:\Windows\SYSTEM32\HID.DLL
0x000000001ad00000 - 0x000000001ad14000 	C:\Users\ropoLaptopn\Desktop\merged methods\Neck_Veins\Neck_Veins\NeckVeins 1.0\lwjgl-2.9.3\native\windows\jinput-raw_64.dll
0x00007ffdf7470000 - 0x00007ffdf7486000 	C:\Windows\SYSTEM32\OpenCL.dll
0x00007ffde73b0000 - 0x00007ffdea1df000 	C:\Windows\SYSTEM32\amdocl64.dll
0x00007ffdf0050000 - 0x00007ffdf01d9000 	C:\Windows\SYSTEM32\dbghelp.dll

VM Arguments:
jvm_args: -agentlib:jdwp=transport=dt_socket,suspend=y,address=localhost:53097 -Djava.library.path=C:\Users\ropoLaptopn\Desktop\merged methods\Neck_Veins\Neck_Veins\NeckVeins 1.0\libs\Leap\x64;C:\Users\ropoLaptopn\Desktop\merged methods\Neck_Veins\Neck_Veins\NeckVeins 1.0\lwjgl-2.9.3\native\windows -Dfile.encoding=Cp1250 
java_command: si.uni_lj.fri.veins3D.main.Main
java_class_path (initial): C:\Users\ropoLaptopn\Desktop\merged methods\Neck_Veins\Neck_Veins\NeckVeins 1.0\bin;C:\Users\ropoLaptopn\Desktop\merged methods\Neck_Veins\Neck_Veins\NeckVeins 1.0\libs\slick-util.jar;C:\Users\ropoLaptopn\Desktop\merged methods\Neck_Veins\Neck_Veins\NeckVeins 1.0\libs\xpp3-1.1.4c.jar;C:\Users\ropoLaptopn\Desktop\merged methods\Neck_Veins\Neck_Veins\NeckVeins 1.0\libs\LeapJava.jar;C:\Users\ropoLaptopn\Desktop\merged methods\Neck_Veins\Neck_Veins\NeckVeins 1.0\libs\ejml-v0.27-libs\EJML-core-0.27.jar;C:\Users\ropoLaptopn\Desktop\merged methods\Neck_Veins\Neck_Veins\NeckVeins 1.0\libs\ejml-v0.27-libs\EJML-simple-0.27.jar;C:\Users\ropoLaptopn\Desktop\merged methods\Neck_Veins\Neck_Veins\NeckVeins 1.0\libs\ejml-v0.27-libs\EJML-dense64-0.27.jar;C:\Users\ropoLaptopn\Desktop\merged methods\Neck_Veins\Neck_Veins\NeckVeins 1.0\libs\ejml-v0.27-libs\EJML-denseC64-0.27.jar;C:\Users\ropoLaptopn\Desktop\merged methods\Neck_Veins\Neck_Veins\NeckVeins 1.0\libs\ejml-v0.27-libs\EJML-equation-0.27.jar;C:\Users\ropoLaptopn\Desktop\merged methods\Neck_Veins\Neck_Veins\NeckVeins 1.0\libs\nifty-1.4.1\dependencies\eventbus-1.4.jar;C:\Users\ropoLaptopn\Desktop\merged methods\Neck_Veins\Neck_Veins\NeckVeins 1.0\libs\nifty-1.4.1\dependencies\jglfont-core-1.4.jar;C:\Users\ropoLaptopn\Desktop\merged methods\Neck_Veins\Neck_Veins\NeckVeins 1.0\libs\nifty-1.4.1\dependencies\jorbis-0.0.17.jar;C:\Users\ropoLaptopn\Desktop\merged methods\Neck_Veins\Neck_Veins\NeckVeins 1.0\lwjgl-2.9.3\jar\AppleJavaExtensions.jar;C:\Users\ropoLaptopn\Desktop\merged methods\Neck_Veins\Neck_Veins\NeckVeins 1.0\lwjgl-2.9.3\jar\jinput.jar;C:\Users\ropoLaptopn\Desktop\merged methods\Neck_Veins\Neck_Veins\NeckVeins 1.0\lwjgl-2.9.3\jar\laf-plugin-7.2.1.jar;C:\Users\ropoLaptopn\Desktop\merged methods\Neck_Veins\Neck_Veins\NeckVeins 1.0\lwjgl-2.9.3\jar\laf-widget-7.2.1.jar;C:\Users\ropoLaptopn\Desktop\merged methods\Neck_Veins\Neck_Veins\NeckVeins 1.0\lwjgl-2.9.3\jar\log4j-api-2.0-beta9.jar;C:\Users
Launcher Type: SUN_STANDARD

Environment Variables:
PATH=C:/Program Files/Java/jre1.8.0_51/bin/server;C:/Program Files/Java/jre1.8.0_51/bin;C:/Program Files/Java/jre1.8.0_51/lib/amd64;C:\ProgramData\Oracle\Java\javapath;c:\Rtools\bin;c:\Rtools\gcc-4.6.3\bin;C:\Windows\system32;C:\Windows;C:\Windows\System32\Wbem;C:\Windows\System32\WindowsPowerShell\v1.0\;C:\Program Files (x86)\AMD\ATI.ACE\Core-Static;C:\Rtools\bin;C:\Rtools\gcc-4.6.3\bin;C:\Program Files\TortoiseGit\bin;C:\Python27;C:\Program Files (x86)\Skype\Phone\;C:\Users\ropoLaptopn\Desktop\eclipse;
USERNAME=ropoLaptopn
OS=Windows_NT
PROCESSOR_IDENTIFIER=Intel64 Family 6 Model 37 Stepping 2, GenuineIntel



---------------  S Y S T E M  ---------------

OS: Windows 8.1 , 64 bit Build 9600 (6.3.9600.17415)

CPU:total 4 (2 cores per cpu, 2 threads per core) family 6 model 37 stepping 2, cmov, cx8, fxsr, mmx, sse, sse2, sse3, ssse3, sse4.1, sse4.2, popcnt, ht, tsc, tscinvbit

Memory: 4k page, physical 3985892k(1528108k free), swap 5473664k(1911148k free)

vm_info: Java HotSpot(TM) 64-Bit Server VM (25.51-b03) for windows-amd64 JRE (1.8.0_51-b16), built on Jun  8 2015 18:03:07 by "java_re" with MS VC++ 10.0 (VS2010)

time: Sun Aug 23 09:59:40 2015
elapsed time: 12 seconds (0d 0h 0m 12s)

