#
# A fatal error has been detected by the Java Runtime Environment:
#
#  EXCEPTION_ACCESS_VIOLATION (0xc0000005) at pc=0x0000000000000000, pid=3196, tid=2028
#
# JRE version: Java(TM) SE Runtime Environment (8.0_51-b16) (build 1.8.0_51-b16)
# Java VM: Java HotSpot(TM) 64-Bit Server VM (25.51-b03 mixed mode windows-amd64 compressed oops)
# Problematic frame:
# C  0x0000000000000000
#
# Failed to write core dump. Minidumps are not enabled by default on client versions of Windows
#
# If you would like to submit a bug report, please visit:
#   http://bugreport.java.com/bugreport/crash.jsp
# The crash happened outside the Java Virtual Machine in native code.
# See problematic frame for where to report the bug.
#

---------------  T H R E A D  ---------------

Current thread (0x00000000023d2800):  JavaThread "main" [_thread_in_native, id=2028, stack(0x0000000002200000,0x0000000002300000)]

siginfo: ExceptionCode=0xc0000005, ExceptionInformation=0x0000000000000008 0x0000000000000000

Registers:
RAX=0x00000000022fbfe4, RBX=0x0000000000001002, RCX=0x00000000022fbcb8, RDX=0x0000000000000000
RSP=0x00000000022fbc68, RBP=0x00000000022fbd70, RSI=0x000000001a66a440, RDI=0x0000000000000000
R8 =0x00000000022fbb78, R9 =0x00000000022fbd70, R10=0x0000000000000000, R11=0x0000000000000246
R12=0x0000000000000000, R13=0x00007ffde08e4fe0, R14=0x0000000000000000, R15=0x0000000000000000
RIP=0x0000000000000000, EFLAGS=0x0000000000010246

Top of Stack: (sp=0x00000000022fbc68)
0x00000000022fbc68:   00007ffde08e512d 00000000022fcea0
0x00000000022fbc78:   000000001a66a440 00007ffde3121378
0x00000000022fbc88:   00007ffde15f387c 0000000000000000
0x00000000022fbc98:   00000000022fbd10 00000000022fbdc0
0x00000000022fbca8:   0000000000000000 000000001a668940
0x00000000022fbcb8:   00000000022fbfe4 0000000000000000
0x00000000022fbcc8:   0000000000000000 00007ffe07d90000
0x00000000022fbcd8:   00000000022fbdb8 00007ffe07e87000
0x00000000022fbce8:   1ca0518000000020 4fde0c9a450aa699
0x00000000022fbcf8:   0000000189dd3dbe 000000001a672bc0
0x00000000022fbd08:   fffffffffffffffe 4d36e97d00000020
0x00000000022fbd18:   0008c1bf11cee325 000000061803e12b
0x00000000022fbd28:   000000001a670200 0000000000000000
0x00000000022fbd38:   00007ffe0ab8e83f 0000000000000011
0x00000000022fbd48:   00007ffe00000035 00000000022fbe30
0x00000000022fbd58:   00000000022fbd90 00000000022fcdc0 

Instructions: (pc=0x0000000000000000)
0xffffffffffffffe0:   


Register to memory mapping:

RAX=0x00000000022fbfe4 is pointing into the stack for thread: 0x00000000023d2800
RBX=0x0000000000001002 is an unknown value
RCX=0x00000000022fbcb8 is pointing into the stack for thread: 0x00000000023d2800
RDX=0x0000000000000000 is an unknown value
RSP=0x00000000022fbc68 is pointing into the stack for thread: 0x00000000023d2800
RBP=0x00000000022fbd70 is pointing into the stack for thread: 0x00000000023d2800
RSI=0x000000001a66a440 is an unknown value
RDI=0x0000000000000000 is an unknown value
R8 =0x00000000022fbb78 is pointing into the stack for thread: 0x00000000023d2800
R9 =0x00000000022fbd70 is pointing into the stack for thread: 0x00000000023d2800
R10=0x0000000000000000 is an unknown value
R11=0x0000000000000246 is an unknown value
R12=0x0000000000000000 is an unknown value
R13=0x00007ffde08e4fe0 is an unknown value
R14=0x0000000000000000 is an unknown value
R15=0x0000000000000000 is an unknown value


Stack: [0x0000000002200000,0x0000000002300000],  sp=0x00000000022fbc68,  free space=1007k
Native frames: (J=compiled Java code, j=interpreted, Vv=VM code, C=native code)

Java frames: (J=compiled Java code, j=interpreted, Vv=VM code)
j  org.lwjgl.opencl.CL.ngetFunctionAddress(J)J+0
j  org.lwjgl.opencl.CL.getFunctionAddress(Ljava/lang/String;)J+9
j  org.lwjgl.opencl.CLCapabilities.<clinit>()V+2
v  ~StubRoutines::call_stub
j  org.lwjgl.opencl.CL.create()V+272
j  si.uni_lj.fri.segmentation.ModelCreator.initializeCL()V+5
j  si.uni_lj.fri.segmentation.ModelCreator.createModel(Ljava/lang/String;DD)[Ljava/lang/Object;+81
j  si.uni_lj.fri.veins3D.gui.render.models.VeinsModelMesh.constructVBOFromRawFile(Ljava/lang/String;DD)V+56
j  si.uni_lj.fri.veins3D.gui.render.VeinsRenderer.loadModelRaw(Ljava/lang/String;DD)V+40
j  si.uni_lj.fri.veins3D.gui.NiftyScreenController.onButton_OpenDialog_Open()V+48
v  ~StubRoutines::call_stub
j  sun.reflect.NativeMethodAccessorImpl.invoke0(Ljava/lang/reflect/Method;Ljava/lang/Object;[Ljava/lang/Object;)Ljava/lang/Object;+0
j  sun.reflect.NativeMethodAccessorImpl.invoke(Ljava/lang/Object;[Ljava/lang/Object;)Ljava/lang/Object;+100
J 916 C1 sun.reflect.DelegatingMethodAccessorImpl.invoke(Ljava/lang/Object;[Ljava/lang/Object;)Ljava/lang/Object; (10 bytes) @ 0x0000000002833284 [0x0000000002833180+0x104]
J 910 C1 java.lang.reflect.Method.invoke(Ljava/lang/Object;[Ljava/lang/Object;)Ljava/lang/Object; (62 bytes) @ 0x0000000002833de4 [0x0000000002833a00+0x3e4]
j  de.lessvoid.nifty.NiftyMethodInvoker.callMethod(Ljava/lang/Object;Ljava/lang/reflect/Method;[Ljava/lang/Object;)Ljava/lang/Object;+109
j  de.lessvoid.nifty.NiftyMethodInvoker.performInvoke([Ljava/lang/Object;)V+298
j  de.lessvoid.nifty.Nifty$DelayedMethodInvoke.perform()V+8
j  de.lessvoid.nifty.Nifty.invokeMethods()V+47
J 3180 C1 de.lessvoid.nifty.Nifty.access$7(Lde/lessvoid/nifty/Nifty;)V (5 bytes) @ 0x000000000300b95c [0x000000000300b800+0x15c]
j  de.lessvoid.nifty.Nifty$NiftyInputConsumerImpl.processEvent(Lde/lessvoid/nifty/input/NiftyMouseInputEvent;)Z+43
j  de.lessvoid.nifty.Nifty$NiftyInputConsumerImpl.processMouseEvent(IIIIZ)Z+25
j  de.lessvoid.nifty.renderer.lwjgl.input.LwjglInputSystem.processMouseEvents(Lde/lessvoid/nifty/NiftyInputConsumer;)V+47
J 3127 C1 de.lessvoid.nifty.Nifty.update()Z (126 bytes) @ 0x0000000002fde5f4 [0x0000000002fde100+0x4f4]
J 3208 C1 si.uni_lj.fri.veins3D.main.VeinsWindow.renderNiftyGUI()V (131 bytes) @ 0x0000000003043304 [0x000000000303f080+0x4284]
j  si.uni_lj.fri.veins3D.main.VeinsWindow.mainLoop()V+111
j  si.uni_lj.fri.veins3D.main.Main.main([Ljava/lang/String;)V+7
v  ~StubRoutines::call_stub

---------------  P R O C E S S  ---------------

Java Threads: ( => current thread )
  0x000000001d8f1000 JavaThread "LWJGL Timer" daemon [_thread_blocked, id=3612, stack(0x000000001c210000,0x000000001c310000)]
  0x000000001d8f4800 JavaThread "Thread-6" daemon [_thread_in_native, id=2492, stack(0x000000001e6a0000,0x000000001e7a0000)]
  0x0000000016d3d000 JavaThread "D3D Screen Updater" daemon [_thread_blocked, id=1668, stack(0x00000000199f0000,0x0000000019af0000)]
  0x0000000016df3000 JavaThread "AWT-EventQueue-0" [_thread_blocked, id=76, stack(0x00000000193e0000,0x00000000194e0000)]
  0x000000001659b000 JavaThread "AWT-Windows" daemon [_thread_in_native, id=3264, stack(0x0000000017720000,0x0000000017820000)]
  0x000000001659a000 JavaThread "AWT-Shutdown" [_thread_blocked, id=1936, stack(0x0000000017620000,0x0000000017720000)]
  0x0000000016599800 JavaThread "Java2D Disposer" daemon [_thread_blocked, id=4628, stack(0x0000000017520000,0x0000000017620000)]
  0x0000000016250800 JavaThread "Service Thread" daemon [_thread_blocked, id=1596, stack(0x0000000016620000,0x0000000016720000)]
  0x00000000149e5000 JavaThread "C1 CompilerThread2" daemon [_thread_blocked, id=3844, stack(0x0000000016120000,0x0000000016220000)]
  0x00000000149d7000 JavaThread "C2 CompilerThread1" daemon [_thread_blocked, id=536, stack(0x0000000016020000,0x0000000016120000)]
  0x00000000149d2800 JavaThread "C2 CompilerThread0" daemon [_thread_blocked, id=4808, stack(0x0000000015f20000,0x0000000016020000)]
  0x00000000149cf000 JavaThread "Attach Listener" daemon [_thread_blocked, id=3964, stack(0x0000000015e20000,0x0000000015f20000)]
  0x00000000149ce000 JavaThread "Signal Dispatcher" daemon [_thread_blocked, id=3292, stack(0x0000000015d20000,0x0000000015e20000)]
  0x00000000024c7800 JavaThread "Finalizer" daemon [_thread_blocked, id=1552, stack(0x0000000015c20000,0x0000000015d20000)]
  0x00000000024be800 JavaThread "Reference Handler" daemon [_thread_blocked, id=3436, stack(0x0000000015b20000,0x0000000015c20000)]
=>0x00000000023d2800 JavaThread "main" [_thread_in_native, id=2028, stack(0x0000000002200000,0x0000000002300000)]

Other Threads:
  0x0000000014998000 VMThread [stack: 0x0000000015a20000,0x0000000015b20000] [id=1728]
  0x0000000016259000 WatcherThread [stack: 0x0000000016720000,0x0000000016820000] [id=1188]

VM state:not at safepoint (normal execution)

VM Mutex/Monitor currently owned by a thread: None

Heap:
 PSYoungGen      total 131584K, used 97665K [0x00000000ebb80000, 0x00000000f4280000, 0x0000000100000000)
  eden space 126464K, 75% used [0x00000000ebb80000,0x00000000f18984e0,0x00000000f3700000)
  from space 5120K, 45% used [0x00000000f3c80000,0x00000000f3ec8000,0x00000000f4180000)
  to   space 5632K, 0% used [0x00000000f3700000,0x00000000f3700000,0x00000000f3c80000)
 ParOldGen       total 42496K, used 8289K [0x00000000c3200000, 0x00000000c5b80000, 0x00000000ebb80000)
  object space 42496K, 19% used [0x00000000c3200000,0x00000000c3a18618,0x00000000c5b80000)
 Metaspace       used 17130K, capacity 17399K, committed 17664K, reserved 1064960K
  class space    used 1851K, capacity 1936K, committed 2048K, reserved 1048576K

Card table byte_map: [0x0000000011890000,0x0000000011a80000] byte_map_base: 0x0000000011277000

Marking Bits: (ParMarkBitMap*) 0x0000000077234040
 Begin Bits: [0x0000000011fd0000, 0x0000000012f08000)
 End Bits:   [0x0000000012f08000, 0x0000000013e40000)

Polling page: 0x0000000000910000

CodeCache: size=245760Kb used=11811Kb max_used=11822Kb free=233949Kb
 bounds [0x00000000024d0000, 0x0000000003070000, 0x00000000114d0000]
 total_blobs=3861 nmethods=3226 adapters=548
 compilation: enabled

Compilation events (10 events):
Event: 11.724 Thread 0x00000000149e5000 3226       3       de.lessvoid.nifty.effects.EffectProcessorImpl::saveActiveNeverStopRenderingEffects (73 bytes)
Event: 11.725 Thread 0x00000000149e5000 nmethod 3226 0x000000000305ef90 code [0x000000000305f160, 0x000000000305f848]
Event: 11.725 Thread 0x00000000149e5000 3227       3       java.util.logging.LogRecord::inferCaller (127 bytes)
Event: 11.726 Thread 0x00000000149e5000 nmethod 3227 0x0000000003061d90 code [0x0000000003061fe0, 0x00000000030631b8]
Event: 11.726 Thread 0x00000000149e5000 3228       3       de.lessvoid.nifty.elements.Element::hasVisibleParent (33 bytes)
Event: 11.726 Thread 0x00000000149e5000 nmethod 3228 0x000000000305e950 code [0x000000000305eae0, 0x000000000305ee68]
Event: 11.769 Thread 0x00000000149e5000 3229   !   3       java.util.zip.ZipFile::getInflater (56 bytes)
Event: 11.770 Thread 0x00000000149e5000 nmethod 3229 0x0000000003063890 code [0x0000000003063a80, 0x0000000003064638]
Event: 11.789 Thread 0x00000000149d2800 3230       4       java.util.zip.Inflater::ensureOpen (47 bytes)
Event: 11.789 Thread 0x00000000149d2800 nmethod 3230 0x000000000304bad0 code [0x000000000304bc00, 0x000000000304bc98]

GC Heap History (10 events):
Event: 2.512 GC heap before
{Heap before GC invocations=4 (full 0):
 PSYoungGen      total 18432K, used 18407K [0x00000000ebb80000, 0x00000000edf80000, 0x0000000100000000)
  eden space 15872K, 100% used [0x00000000ebb80000,0x00000000ecb00000,0x00000000ecb00000)
  from space 2560K, 99% used [0x00000000ecb00000,0x00000000ecd79c78,0x00000000ecd80000)
  to   space 2560K, 0% used [0x00000000edd00000,0x00000000edd00000,0x00000000edf80000)
 ParOldGen       total 42496K, used 3131K [0x00000000c3200000, 0x00000000c5b80000, 0x00000000ebb80000)
  object space 42496K, 7% used [0x00000000c3200000,0x00000000c350ec60,0x00000000c5b80000)
 Metaspace       used 14200K, capacity 14415K, committed 14720K, reserved 1062912K
  class space    used 1561K, capacity 1636K, committed 1664K, reserved 1048576K
Event: 2.523 GC heap after
Heap after GC invocations=4 (full 0):
 PSYoungGen      total 34304K, used 2535K [0x00000000ebb80000, 0x00000000edf80000, 0x0000000100000000)
  eden space 31744K, 0% used [0x00000000ebb80000,0x00000000ebb80000,0x00000000eda80000)
  from space 2560K, 99% used [0x00000000edd00000,0x00000000edf79c78,0x00000000edf80000)
  to   space 2560K, 0% used [0x00000000eda80000,0x00000000eda80000,0x00000000edd00000)
 ParOldGen       total 42496K, used 3884K [0x00000000c3200000, 0x00000000c5b80000, 0x00000000ebb80000)
  object space 42496K, 9% used [0x00000000c3200000,0x00000000c35cb220,0x00000000c5b80000)
 Metaspace       used 14200K, capacity 14415K, committed 14720K, reserved 1062912K
  class space    used 1561K, capacity 1636K, committed 1664K, reserved 1048576K
}
Event: 3.119 GC heap before
{Heap before GC invocations=5 (full 0):
 PSYoungGen      total 34304K, used 34279K [0x00000000ebb80000, 0x00000000edf80000, 0x0000000100000000)
  eden space 31744K, 100% used [0x00000000ebb80000,0x00000000eda80000,0x00000000eda80000)
  from space 2560K, 99% used [0x00000000edd00000,0x00000000edf79c78,0x00000000edf80000)
  to   space 2560K, 0% used [0x00000000eda80000,0x00000000eda80000,0x00000000edd00000)
 ParOldGen       total 42496K, used 3884K [0x00000000c3200000, 0x00000000c5b80000, 0x00000000ebb80000)
  object space 42496K, 9% used [0x00000000c3200000,0x00000000c35cb220,0x00000000c5b80000)
 Metaspace       used 14779K, capacity 15103K, committed 15360K, reserved 1062912K
  class space    used 1609K, capacity 1708K, committed 1792K, reserved 1048576K
Event: 3.134 GC heap after
Heap after GC invocations=5 (full 0):
 PSYoungGen      total 34304K, used 2535K [0x00000000ebb80000, 0x00000000f0480000, 0x0000000100000000)
  eden space 31744K, 0% used [0x00000000ebb80000,0x00000000ebb80000,0x00000000eda80000)
  from space 2560K, 99% used [0x00000000eda80000,0x00000000edcf9c78,0x00000000edd00000)
  to   space 5632K, 0% used [0x00000000eff00000,0x00000000eff00000,0x00000000f0480000)
 ParOldGen       total 42496K, used 6439K [0x00000000c3200000, 0x00000000c5b80000, 0x00000000ebb80000)
  object space 42496K, 15% used [0x00000000c3200000,0x00000000c3849c08,0x00000000c5b80000)
 Metaspace       used 14779K, capacity 15103K, committed 15360K, reserved 1062912K
  class space    used 1609K, capacity 1708K, committed 1792K, reserved 1048576K
}
Event: 3.695 GC heap before
{Heap before GC invocations=6 (full 0):
 PSYoungGen      total 34304K, used 34279K [0x00000000ebb80000, 0x00000000f0480000, 0x0000000100000000)
  eden space 31744K, 100% used [0x00000000ebb80000,0x00000000eda80000,0x00000000eda80000)
  from space 2560K, 99% used [0x00000000eda80000,0x00000000edcf9c78,0x00000000edd00000)
  to   space 5632K, 0% used [0x00000000eff00000,0x00000000eff00000,0x00000000f0480000)
 ParOldGen       total 42496K, used 6439K [0x00000000c3200000, 0x00000000c5b80000, 0x00000000ebb80000)
  object space 42496K, 15% used [0x00000000c3200000,0x00000000c3849c08,0x00000000c5b80000)
 Metaspace       used 15950K, capacity 16223K, committed 16512K, reserved 1064960K
  class space    used 1770K, capacity 1868K, committed 1920K, reserved 1048576K
Event: 3.711 GC heap after
Heap after GC invocations=6 (full 0):
 PSYoungGen      total 69120K, used 4007K [0x00000000ebb80000, 0x00000000f0480000, 0x0000000100000000)
  eden space 63488K, 0% used [0x00000000ebb80000,0x00000000ebb80000,0x00000000ef980000)
  from space 5632K, 71% used [0x00000000eff00000,0x00000000f02e9c78,0x00000000f0480000)
  to   space 5632K, 0% used [0x00000000ef980000,0x00000000ef980000,0x00000000eff00000)
 ParOldGen       total 42496K, used 6447K [0x00000000c3200000, 0x00000000c5b80000, 0x00000000ebb80000)
  object space 42496K, 15% used [0x00000000c3200000,0x00000000c384bc08,0x00000000c5b80000)
 Metaspace       used 15950K, capacity 16223K, committed 16512K, reserved 1064960K
  class space    used 1770K, capacity 1868K, committed 1920K, reserved 1048576K
}
Event: 7.591 GC heap before
{Heap before GC invocations=7 (full 0):
 PSYoungGen      total 69120K, used 67495K [0x00000000ebb80000, 0x00000000f0480000, 0x0000000100000000)
  eden space 63488K, 100% used [0x00000000ebb80000,0x00000000ef980000,0x00000000ef980000)
  from space 5632K, 71% used [0x00000000eff00000,0x00000000f02e9c78,0x00000000f0480000)
  to   space 5632K, 0% used [0x00000000ef980000,0x00000000ef980000,0x00000000eff00000)
 ParOldGen       total 42496K, used 6447K [0x00000000c3200000, 0x00000000c5b80000, 0x00000000ebb80000)
  object space 42496K, 15% used [0x00000000c3200000,0x00000000c384bc08,0x00000000c5b80000)
 Metaspace       used 16916K, capacity 17201K, committed 17408K, reserved 1064960K
  class space    used 1838K, capacity 1935K, committed 2048K, reserved 1048576K
Event: 7.608 GC heap after
Heap after GC invocations=7 (full 0):
 PSYoungGen      total 69120K, used 3540K [0x00000000ebb80000, 0x00000000f4180000, 0x0000000100000000)
  eden space 63488K, 0% used [0x00000000ebb80000,0x00000000ebb80000,0x00000000ef980000)
  from space 5632K, 62% used [0x00000000ef980000,0x00000000efcf5110,0x00000000eff00000)
  to   space 5120K, 0% used [0x00000000f3c80000,0x00000000f3c80000,0x00000000f4180000)
 ParOldGen       total 42496K, used 7483K [0x00000000c3200000, 0x00000000c5b80000, 0x00000000ebb80000)
  object space 42496K, 17% used [0x00000000c3200000,0x00000000c394ed28,0x00000000c5b80000)
 Metaspace       used 16916K, capacity 17201K, committed 17408K, reserved 1064960K
  class space    used 1838K, capacity 1935K, committed 2048K, reserved 1048576K
}
Event: 8.713 GC heap before
{Heap before GC invocations=8 (full 0):
 PSYoungGen      total 69120K, used 67028K [0x00000000ebb80000, 0x00000000f4180000, 0x0000000100000000)
  eden space 63488K, 100% used [0x00000000ebb80000,0x00000000ef980000,0x00000000ef980000)
  from space 5632K, 62% used [0x00000000ef980000,0x00000000efcf5110,0x00000000eff00000)
  to   space 5120K, 0% used [0x00000000f3c80000,0x00000000f3c80000,0x00000000f4180000)
 ParOldGen       total 42496K, used 7483K [0x00000000c3200000, 0x00000000c5b80000, 0x00000000ebb80000)
  object space 42496K, 17% used [0x00000000c3200000,0x00000000c394ed28,0x00000000c5b80000)
 Metaspace       used 16952K, capacity 17265K, committed 17664K, reserved 1064960K
  class space    used 1838K, capacity 1935K, committed 2048K, reserved 1048576K
Event: 8.721 GC heap after
Heap after GC invocations=8 (full 0):
 PSYoungGen      total 131584K, used 2336K [0x00000000ebb80000, 0x00000000f4280000, 0x0000000100000000)
  eden space 126464K, 0% used [0x00000000ebb80000,0x00000000ebb80000,0x00000000f3700000)
  from space 5120K, 45% used [0x00000000f3c80000,0x00000000f3ec8000,0x00000000f4180000)
  to   space 5632K, 0% used [0x00000000f3700000,0x00000000f3700000,0x00000000f3c80000)
 ParOldGen       total 42496K, used 8289K [0x00000000c3200000, 0x00000000c5b80000, 0x00000000ebb80000)
  object space 42496K, 19% used [0x00000000c3200000,0x00000000c3a18618,0x00000000c5b80000)
 Metaspace       used 16952K, capacity 17265K, committed 17664K, reserved 1064960K
  class space    used 1838K, capacity 1935K, committed 2048K, reserved 1048576K
}

Deoptimization events (10 events):
Event: 4.112 Thread 0x00000000023d2800 Uncommon trap: reason=unstable_if action=reinterpret pc=0x0000000002a027d8 method=java.util.regex.Pattern$Dot.isSatisfiedBy(I)Z @ 9
Event: 4.112 Thread 0x00000000023d2800 Uncommon trap: reason=unstable_if action=reinterpret pc=0x0000000002b467d8 method=java.util.regex.Pattern$Dot.isSatisfiedBy(I)Z @ 9
Event: 4.112 Thread 0x00000000023d2800 Uncommon trap: reason=unstable_if action=reinterpret pc=0x0000000002b1b1b4 method=java.util.regex.Pattern$Dot.isSatisfiedBy(I)Z @ 9
Event: 4.156 Thread 0x00000000023d2800 Uncommon trap: reason=predicate action=maybe_recompile pc=0x0000000002d3b2e4 method=java.util.AbstractCollection.toArray([Ljava/lang/Object;)[Ljava/lang/Object; @ 49
Event: 4.174 Thread 0x00000000023d2800 Uncommon trap: reason=unstable_if action=reinterpret pc=0x0000000002abacb0 method=org.bushe.swing.event.ThreadSafeEventService.getRealSubscriberAndCleanStaleSubscriberIfNecessary(Ljava/util/Iterator;Ljava/lang/Object;)Ljava/lang/Object; @ 35
Event: 4.945 Thread 0x00000000023d2800 Uncommon trap: reason=unstable_if action=reinterpret pc=0x0000000002b0c954 method=de.lessvoid.nifty.tools.SizeValue.isPercent()Z @ 4
Event: 4.946 Thread 0x00000000023d2800 Uncommon trap: reason=unstable_if action=reinterpret pc=0x0000000002aebb78 method=de.lessvoid.nifty.tools.SizeValue.isPercent()Z @ 4
Event: 5.519 Thread 0x00000000023d2800 Uncommon trap: reason=unstable_if action=reinterpret pc=0x0000000002dfa03c method=de.lessvoid.nifty.elements.Element.isInsideParentClipArea(II)Z @ 39
Event: 10.315 Thread 0x00000000023d2800 Uncommon trap: reason=unstable_if action=reinterpret pc=0x0000000002e7a7d8 method=de.lessvoid.nifty.elements.Element.isInsideParentClipArea(II)Z @ 18
Event: 10.802 Thread 0x00000000023d2800 Uncommon trap: reason=unstable_if action=reinterpret pc=0x0000000002fea874 method=de.lessvoid.nifty.elements.render.TextRenderer.prepareRenderEngine(Lde/lessvoid/nifty/render/NiftyRenderEngine;Lde/lessvoid/nifty/spi/render/RenderFont;)Z @ 6

Internal exceptions (10 events):
Event: 3.354 Thread 0x00000000023d2800 Implicit null exception at 0x0000000002a9c0d5 to 0x0000000002a9c1c9
Event: 11.774 Thread 0x00000000023d2800 Exception <a 'java/security/PrivilegedActionException'> (0x00000000f16f2ea0) thrown at [C:\re\workspace\8-2-build-windows-amd64-cygwin\jdk8u51\3951\hotspot\src\share\vm\prims\jvm.cpp, line 1382]
Event: 11.775 Thread 0x00000000023d2800 Exception <a 'java/security/PrivilegedActionException'> (0x00000000f16f4960) thrown at [C:\re\workspace\8-2-build-windows-amd64-cygwin\jdk8u51\3951\hotspot\src\share\vm\prims\jvm.cpp, line 1382]
Event: 11.775 Thread 0x00000000023d2800 Exception <a 'java/security/PrivilegedActionException'> (0x00000000f16f5998) thrown at [C:\re\workspace\8-2-build-windows-amd64-cygwin\jdk8u51\3951\hotspot\src\share\vm\prims\jvm.cpp, line 1382]
Event: 11.775 Thread 0x00000000023d2800 Exception <a 'java/security/PrivilegedActionException'> (0x00000000f16fa900) thrown at [C:\re\workspace\8-2-build-windows-amd64-cygwin\jdk8u51\3951\hotspot\src\share\vm\prims\jvm.cpp, line 1382]
Event: 11.775 Thread 0x00000000023d2800 Exception <a 'java/security/PrivilegedActionException'> (0x00000000f16fb4a8) thrown at [C:\re\workspace\8-2-build-windows-amd64-cygwin\jdk8u51\3951\hotspot\src\share\vm\prims\jvm.cpp, line 1382]
Event: 11.775 Thread 0x00000000023d2800 Exception <a 'java/security/PrivilegedActionException'> (0x00000000f16fc020) thrown at [C:\re\workspace\8-2-build-windows-amd64-cygwin\jdk8u51\3951\hotspot\src\share\vm\prims\jvm.cpp, line 1382]
Event: 11.776 Thread 0x00000000023d2800 Exception <a 'org/lwjgl/LWJGLException'> (0x00000000f16fd800) thrown at [C:\re\workspace\8-2-build-windows-amd64-cygwin\jdk8u51\3951\hotspot\src\share\vm\prims\jni.cpp, line 709]
Event: 11.776 Thread 0x00000000023d2800 Exception <a 'org/lwjgl/LWJGLException'> (0x00000000f16fdf88) thrown at [C:\re\workspace\8-2-build-windows-amd64-cygwin\jdk8u51\3951\hotspot\src\share\vm\prims\jni.cpp, line 709]
Event: 11.776 Thread 0x00000000023d2800 Exception <a 'org/lwjgl/LWJGLException'> (0x00000000f16fe720) thrown at [C:\re\workspace\8-2-build-windows-amd64-cygwin\jdk8u51\3951\hotspot\src\share\vm\prims\jni.cpp, line 709]

Events (10 events):
Event: 11.773 loading class org/lwjgl/opencl/CL
Event: 11.773 loading class org/lwjgl/opencl/CL done
Event: 11.774 loading class org/lwjgl/LWJGLUtil$3
Event: 11.774 loading class org/lwjgl/LWJGLUtil$3 done
Event: 11.775 loading class java/lang/ClassFormatError
Event: 11.775 loading class java/lang/ClassFormatError done
Event: 11.775 loading class java/lang/AssertionStatusDirectives
Event: 11.775 loading class java/lang/AssertionStatusDirectives done
Event: 11.788 loading class org/lwjgl/opencl/CLCapabilities
Event: 11.788 loading class org/lwjgl/opencl/CLCapabilities done


Dynamic libraries:
0x00007ff70e940000 - 0x00007ff70e977000 	C:\Program Files\Java\jre1.8.0_51\bin\javaw.exe
0x00007ffe0ab60000 - 0x00007ffe0ad0c000 	C:\Windows\SYSTEM32\ntdll.dll
0x00007ffe0a120000 - 0x00007ffe0a25e000 	C:\Windows\system32\KERNEL32.DLL
0x00007ffe07d90000 - 0x00007ffe07ea5000 	C:\Windows\system32\KERNELBASE.dll
0x00007ffe06690000 - 0x00007ffe0671e000 	C:\Windows\system32\apphelp.dll
0x00007ffdf8b00000 - 0x00007ffdf8b53000 	C:\Windows\AppPatch\AppPatch64\AcGenral.DLL
0x00007ffe09c10000 - 0x00007ffe09cba000 	C:\Windows\system32\msvcrt.dll
0x00007ffe07b60000 - 0x00007ffe07b8e000 	C:\Windows\SYSTEM32\SspiCli.dll
0x00007ffe09bb0000 - 0x00007ffe09c04000 	C:\Windows\system32\SHLWAPI.dll
0x00007ffe0a260000 - 0x00007ffe0a3d7000 	C:\Windows\system32\USER32.dll
0x00007ffe0a7f0000 - 0x00007ffe0a984000 	C:\Windows\system32\ole32.dll
0x00007ffe08460000 - 0x00007ffe09979000 	C:\Windows\system32\SHELL32.dll
0x00007ffe072e0000 - 0x00007ffe07301000 	C:\Windows\SYSTEM32\USERENV.dll
0x00007ffe09b00000 - 0x00007ffe09baa000 	C:\Windows\system32\ADVAPI32.dll
0x00007ffdfe4a0000 - 0x00007ffdfe4be000 	C:\Windows\SYSTEM32\MPR.dll
0x00007ffe0a990000 - 0x00007ffe0aad1000 	C:\Windows\system32\RPCRT4.dll
0x00007ffe083a0000 - 0x00007ffe083f9000 	C:\Windows\SYSTEM32\sechost.dll
0x00007ffe09f00000 - 0x00007ffe0a111000 	C:\Windows\SYSTEM32\combase.dll
0x00007ffe0a3e0000 - 0x00007ffe0a530000 	C:\Windows\system32\GDI32.dll
0x00007ffe07cc0000 - 0x00007ffe07cd5000 	C:\Windows\SYSTEM32\profapi.dll
0x00007ffe05d80000 - 0x00007ffe05e32000 	C:\Windows\SYSTEM32\SHCORE.dll
0x00007ffe09cc0000 - 0x00007ffe09cf6000 	C:\Windows\system32\IMM32.DLL
0x00007ffe0a690000 - 0x00007ffe0a7e2000 	C:\Windows\system32\MSCTF.dll
0x00007ffe00850000 - 0x00007ffe00aca000 	C:\Windows\WinSxS\amd64_microsoft.windows.common-controls_6595b64144ccf1df_6.0.9600.17810_none_6240b9c7ecbd0bda\COMCTL32.dll
0x00000000766f0000 - 0x00000000767c2000 	C:\Program Files\Java\jre1.8.0_51\bin\msvcr100.dll
0x0000000076a30000 - 0x00000000772b3000 	C:\Program Files\Java\jre1.8.0_51\bin\server\jvm.dll
0x00007ffe05100000 - 0x00007ffe05109000 	C:\Windows\SYSTEM32\WSOCK32.dll
0x00007ffe00640000 - 0x00007ffe00662000 	C:\Windows\SYSTEM32\WINMM.dll
0x00007ffe05e50000 - 0x00007ffe05e5a000 	C:\Windows\SYSTEM32\VERSION.dll
0x00007ffe0ab40000 - 0x00007ffe0ab47000 	C:\Windows\system32\PSAPI.DLL
0x00007ffe0aae0000 - 0x00007ffe0ab3a000 	C:\Windows\system32\WS2_32.dll
0x00007ffe00540000 - 0x00007ffe0056a000 	C:\Windows\SYSTEM32\WINMMBASE.dll
0x00007ffe0a5a0000 - 0x00007ffe0a5a9000 	C:\Windows\system32\NSI.dll
0x00007ffe07eb0000 - 0x00007ffe07eff000 	C:\Windows\SYSTEM32\cfgmgr32.dll
0x00007ffe06ab0000 - 0x00007ffe06ad8000 	C:\Windows\SYSTEM32\DEVOBJ.dll
0x0000000076940000 - 0x000000007694f000 	C:\Program Files\Java\jre1.8.0_51\bin\verify.dll
0x0000000076910000 - 0x0000000076939000 	C:\Program Files\Java\jre1.8.0_51\bin\java.dll
0x00000000768f0000 - 0x0000000076906000 	C:\Program Files\Java\jre1.8.0_51\bin\zip.dll
0x0000000180000000 - 0x0000000180053000 	C:\Users\ropoLaptopn\Desktop\merged methods\Neck_Veins\Neck_Veins\NeckVeins 1.0\lwjgl-2.9.3\native\windows\lwjgl64.dll
0x00007ffdf1bf0000 - 0x00007ffdf1d1b000 	C:\Windows\SYSTEM32\OPENGL32.dll
0x00007ffdf5800000 - 0x00007ffdf582e000 	C:\Windows\SYSTEM32\GLU32.dll
0x00007ffdf1e20000 - 0x00007ffdf1f18000 	C:\Windows\SYSTEM32\DDRAW.dll
0x00007ffe00670000 - 0x00007ffe00679000 	C:\Windows\SYSTEM32\DCIMAN32.dll
0x0000000076550000 - 0x00000000766e8000 	C:\Program Files\Java\jre1.8.0_51\bin\awt.dll
0x00007ffe0a5c0000 - 0x00007ffe0a681000 	C:\Windows\system32\OLEAUT32.dll
0x00007ffe060e0000 - 0x00007ffe06101000 	C:\Windows\system32\DWMAPI.DLL
0x00007ffe06930000 - 0x00007ffe06a59000 	C:\Windows\system32\uxtheme.dll
0x00007ffe06b00000 - 0x00007ffe06b0b000 	C:\Windows\SYSTEM32\kernel.appcore.dll
0x00007ffe07c00000 - 0x00007ffe07c0b000 	C:\Windows\SYSTEM32\CRYPTBASE.dll
0x00007ffe07b90000 - 0x00007ffe07bf3000 	C:\Windows\SYSTEM32\bcryptPrimitives.dll
0x00007ffdefe20000 - 0x00007ffdf0041000 	C:\Windows\system32\d3d9.dll
0x00007ffe00250000 - 0x00007ffe0025d000 	C:\Windows\SYSTEM32\atiu9p64.dll
0x0000000076040000 - 0x0000000076541000 	C:\Windows\SYSTEM32\atiumd64.dll
0x0000000075d20000 - 0x000000007603b000 	C:\Windows\SYSTEM32\atiumd6a.dll
0x0000000075cd0000 - 0x0000000075d17000 	C:\Program Files\Java\jre1.8.0_51\bin\fontmanager.dll
0x0000000075cc0000 - 0x0000000075cc7000 	C:\Program Files\Java\jre1.8.0_51\bin\jawt.dll
0x00007ffdfe900000 - 0x00007ffdfe908000 	C:\Windows\SYSTEM32\atig6pxx.dll
0x0000000069030000 - 0x000000006a444000 	C:\Windows\SYSTEM32\atio6axx.dll
0x00007ffdfe760000 - 0x00007ffdfe76a000 	C:\Windows\SYSTEM32\atig6txx.dll
0x00007ffdf19a0000 - 0x00007ffdf1aec000 	C:\Windows\SYSTEM32\aticfx64.dll
0x000000001a1f0000 - 0x000000001a247000 	C:\Windows\SYSTEM32\atiadlxx.dll
0x00007ffe09d20000 - 0x00007ffe09efa000 	C:\Windows\system32\SETUPAPI.dll
0x00007ffe07f00000 - 0x00007ffe07f51000 	C:\Windows\system32\WINTRUST.dll
0x00007ffe07f60000 - 0x00007ffe0813f000 	C:\Windows\system32\CRYPT32.dll
0x00007ffe07d70000 - 0x00007ffe07d81000 	C:\Windows\system32\MSASN1.dll
0x00007ffe07600000 - 0x00007ffe07620000 	C:\Windows\SYSTEM32\CRYPTSP.dll
0x00007ffe071d0000 - 0x00007ffe07206000 	C:\Windows\system32\rsaenh.dll
0x00007ffe07850000 - 0x00007ffe07876000 	C:\Windows\SYSTEM32\bcrypt.dll
0x00000000768d0000 - 0x00000000768ea000 	C:\Program Files\Java\jre1.8.0_51\bin\net.dll
0x00007ffe075a0000 - 0x00007ffe075f9000 	C:\Windows\system32\mswsock.dll
0x00007ffe05350000 - 0x00007ffe0537a000 	C:\Windows\SYSTEM32\IPHLPAPI.DLL
0x00007ffe05320000 - 0x00007ffe0532a000 	C:\Windows\SYSTEM32\WINNSI.DLL
0x00007ffe04a40000 - 0x00007ffe04a56000 	C:\Windows\SYSTEM32\dhcpcsvc6.DLL
0x00007ffe04bd0000 - 0x00007ffe04bea000 	C:\Windows\SYSTEM32\dhcpcsvc.DLL
0x00000000768b0000 - 0x00000000768c1000 	C:\Program Files\Java\jre1.8.0_51\bin\nio.dll
0x000000001a2d0000 - 0x000000001a2e6000 	C:\Users\ropoLaptopn\Desktop\merged methods\Neck_Veins\Neck_Veins\NeckVeins 1.0\lwjgl-2.9.3\native\windows\jinput-dx8_64.dll
0x00007ffdf46a0000 - 0x00007ffdf46e2000 	C:\Windows\SYSTEM32\DINPUT8.dll
0x00007ffe06e80000 - 0x00007ffe06e8d000 	C:\Windows\SYSTEM32\HID.DLL
0x000000001c0d0000 - 0x000000001c0e4000 	C:\Users\ropoLaptopn\Desktop\merged methods\Neck_Veins\Neck_Veins\NeckVeins 1.0\lwjgl-2.9.3\native\windows\jinput-raw_64.dll
0x00007ffdfc040000 - 0x00007ffdfc056000 	C:\Windows\SYSTEM32\OpenCL.dll
0x00007ffde0880000 - 0x00007ffde36af000 	C:\Windows\SYSTEM32\amdocl64.dll
0x00007ffdf0050000 - 0x00007ffdf01d9000 	C:\Windows\SYSTEM32\dbghelp.dll

VM Arguments:
jvm_args: -Djava.library.path=C:\Users\ropoLaptopn\Desktop\merged methods\Neck_Veins\Neck_Veins\NeckVeins 1.0\libs\Leap\x64;C:\Users\ropoLaptopn\Desktop\merged methods\Neck_Veins\Neck_Veins\NeckVeins 1.0\lwjgl-2.9.3\native\windows -Dfile.encoding=Cp1250 
java_command: si.uni_lj.fri.veins3D.main.Main
java_class_path (initial): C:\Users\ropoLaptopn\Desktop\merged methods\Neck_Veins\Neck_Veins\NeckVeins 1.0\bin;C:\Users\ropoLaptopn\Desktop\merged methods\Neck_Veins\Neck_Veins\NeckVeins 1.0\libs\slick-util.jar;C:\Users\ropoLaptopn\Desktop\merged methods\Neck_Veins\Neck_Veins\NeckVeins 1.0\libs\xpp3-1.1.4c.jar;C:\Users\ropoLaptopn\Desktop\merged methods\Neck_Veins\Neck_Veins\NeckVeins 1.0\libs\LeapJava.jar;C:\Users\ropoLaptopn\Desktop\merged methods\Neck_Veins\Neck_Veins\NeckVeins 1.0\libs\ejml-v0.27-libs\EJML-core-0.27.jar;C:\Users\ropoLaptopn\Desktop\merged methods\Neck_Veins\Neck_Veins\NeckVeins 1.0\libs\ejml-v0.27-libs\EJML-simple-0.27.jar;C:\Users\ropoLaptopn\Desktop\merged methods\Neck_Veins\Neck_Veins\NeckVeins 1.0\libs\ejml-v0.27-libs\EJML-dense64-0.27.jar;C:\Users\ropoLaptopn\Desktop\merged methods\Neck_Veins\Neck_Veins\NeckVeins 1.0\libs\ejml-v0.27-libs\EJML-denseC64-0.27.jar;C:\Users\ropoLaptopn\Desktop\merged methods\Neck_Veins\Neck_Veins\NeckVeins 1.0\libs\ejml-v0.27-libs\EJML-equation-0.27.jar;C:\Users\ropoLaptopn\Desktop\merged methods\Neck_Veins\Neck_Veins\NeckVeins 1.0\libs\nifty-1.4.1\dependencies\eventbus-1.4.jar;C:\Users\ropoLaptopn\Desktop\merged methods\Neck_Veins\Neck_Veins\NeckVeins 1.0\libs\nifty-1.4.1\dependencies\jglfont-core-1.4.jar;C:\Users\ropoLaptopn\Desktop\merged methods\Neck_Veins\Neck_Veins\NeckVeins 1.0\libs\nifty-1.4.1\dependencies\jorbis-0.0.17.jar;C:\Users\ropoLaptopn\Desktop\merged methods\Neck_Veins\Neck_Veins\NeckVeins 1.0\lwjgl-2.9.3\jar\AppleJavaExtensions.jar;C:\Users\ropoLaptopn\Desktop\merged methods\Neck_Veins\Neck_Veins\NeckVeins 1.0\lwjgl-2.9.3\jar\jinput.jar;C:\Users\ropoLaptopn\Desktop\merged methods\Neck_Veins\Neck_Veins\NeckVeins 1.0\lwjgl-2.9.3\jar\laf-plugin-7.2.1.jar;C:\Users\ropoLaptopn\Desktop\merged methods\Neck_Veins\Neck_Veins\NeckVeins 1.0\lwjgl-2.9.3\jar\laf-widget-7.2.1.jar;C:\Users\ropoLaptopn\Desktop\merged methods\Neck_Veins\Neck_Veins\NeckVeins 1.0\lwjgl-2.9.3\jar\log4j-api-2.0-beta9.jar;C:\Users
Launcher Type: SUN_STANDARD

Environment Variables:
PATH=C:/Program Files/Java/jre1.8.0_51/bin/server;C:/Program Files/Java/jre1.8.0_51/bin;C:/Program Files/Java/jre1.8.0_51/lib/amd64;C:\ProgramData\Oracle\Java\javapath;c:\Rtools\bin;c:\Rtools\gcc-4.6.3\bin;C:\Windows\system32;C:\Windows;C:\Windows\System32\Wbem;C:\Windows\System32\WindowsPowerShell\v1.0\;C:\Program Files (x86)\AMD\ATI.ACE\Core-Static;C:\Rtools\bin;C:\Rtools\gcc-4.6.3\bin;C:\Program Files\TortoiseGit\bin;C:\Python27;C:\Program Files (x86)\Skype\Phone\;C:\Users\ropoLaptopn\Desktop\eclipse;
USERNAME=ropoLaptopn
OS=Windows_NT
PROCESSOR_IDENTIFIER=Intel64 Family 6 Model 37 Stepping 2, GenuineIntel



---------------  S Y S T E M  ---------------

OS: Windows 8.1 , 64 bit Build 9600 (6.3.9600.17415)

CPU:total 4 (2 cores per cpu, 2 threads per core) family 6 model 37 stepping 2, cmov, cx8, fxsr, mmx, sse, sse2, sse3, ssse3, sse4.1, sse4.2, popcnt, ht, tsc, tscinvbit

Memory: 4k page, physical 3985892k(1010216k free), swap 5473664k(1648088k free)

vm_info: Java HotSpot(TM) 64-Bit Server VM (25.51-b03) for windows-amd64 JRE (1.8.0_51-b16), built on Jun  8 2015 18:03:07 by "java_re" with MS VC++ 10.0 (VS2010)

time: Sun Aug 23 15:44:34 2015
elapsed time: 12 seconds (0d 0h 0m 12s)

