#
# A fatal error has been detected by the Java Runtime Environment:
#
#  EXCEPTION_ACCESS_VIOLATION (0xc0000005) at pc=0x0000000000000000, pid=3200, tid=4028
#
# JRE version: Java(TM) SE Runtime Environment (8.0_51-b16) (build 1.8.0_51-b16)
# Java VM: Java HotSpot(TM) 64-Bit Server VM (25.51-b03 mixed mode windows-amd64 compressed oops)
# Problematic frame:
# C  0x0000000000000000
#
# Failed to write core dump. Minidumps are not enabled by default on client versions of Windows
#
# If you would like to submit a bug report, please visit:
#   http://bugreport.java.com/bugreport/crash.jsp
# The crash happened outside the Java Virtual Machine in native code.
# See problematic frame for where to report the bug.
#

---------------  T H R E A D  ---------------

Current thread (0x000000000046e800):  JavaThread "main" [_thread_in_native, id=4028, stack(0x0000000000470000,0x0000000000570000)]

siginfo: ExceptionCode=0xc0000005, ExceptionInformation=0x0000000000000008 0x0000000000000000

Registers:
RAX=0x000000000056c2d4, RBX=0x0000000000001002, RCX=0x000000000056bfa8, RDX=0x0000000000000000
RSP=0x000000000056bf58, RBP=0x000000000056c060, RSI=0x000000001a25b690, RDI=0x0000000000000000
R8 =0x000000000056be68, R9 =0x000000000056c060, R10=0x0000000000000000, R11=0x0000000000000246
R12=0x0000000000000000, R13=0x00007ffde58c4fe0, R14=0x0000000000000000, R15=0x0000000000000000
RIP=0x0000000000000000, EFLAGS=0x0000000000010246

Top of Stack: (sp=0x000000000056bf58)
0x000000000056bf58:   00007ffde58c512d 000000000056d190
0x000000000056bf68:   000000001a25b690 00007ffde8101378
0x000000000056bf78:   00007ffde65d387c 0000000000000000
0x000000000056bf88:   000000000056c000 000000000056c0b0
0x000000000056bf98:   0000000000000000 000000001a250000
0x000000000056bfa8:   000000000056c2d4 0000000000000000
0x000000000056bfb8:   0000000000000000 0000000000000192
0x000000000056bfc8:   000000000056c0a8 00007ffe07e87000
0x000000000056bfd8:   1ca0518000000020 4fde0c9a450aa699
0x000000000056bfe8:   0000000189dd3dbe 000000001a2b3c30
0x000000000056bff8:   fffffffffffffffe 4d36e97d00000020
0x000000000056c008:   0008c1bf11cee325 000000061803e12b
0x000000000056c018:   000000001a271170 0000000000000000
0x000000000056c028:   00007ffe0ab8e83f 0000000000000006
0x000000000056c038:   0000000000230150 0000000000000192
0x000000000056c048:   000000000056c080 0000000000000000 

Instructions: (pc=0x0000000000000000)
0xffffffffffffffe0:   


Register to memory mapping:

RAX=0x000000000056c2d4 is pointing into the stack for thread: 0x000000000046e800
RBX=0x0000000000001002 is an unknown value
RCX=0x000000000056bfa8 is pointing into the stack for thread: 0x000000000046e800
RDX=0x0000000000000000 is an unknown value
RSP=0x000000000056bf58 is pointing into the stack for thread: 0x000000000046e800
RBP=0x000000000056c060 is pointing into the stack for thread: 0x000000000046e800
RSI=0x000000001a25b690 is an unknown value
RDI=0x0000000000000000 is an unknown value
R8 =0x000000000056be68 is pointing into the stack for thread: 0x000000000046e800
R9 =0x000000000056c060 is pointing into the stack for thread: 0x000000000046e800
R10=0x0000000000000000 is an unknown value
R11=0x0000000000000246 is an unknown value
R12=0x0000000000000000 is an unknown value
R13=0x00007ffde58c4fe0 is an unknown value
R14=0x0000000000000000 is an unknown value
R15=0x0000000000000000 is an unknown value


Stack: [0x0000000000470000,0x0000000000570000],  sp=0x000000000056bf58,  free space=1007k
Native frames: (J=compiled Java code, j=interpreted, Vv=VM code, C=native code)

Java frames: (J=compiled Java code, j=interpreted, Vv=VM code)
j  org.lwjgl.opencl.CL.ngetFunctionAddress(J)J+0
j  org.lwjgl.opencl.CL.getFunctionAddress(Ljava/lang/String;)J+9
j  org.lwjgl.opencl.CLCapabilities.<clinit>()V+2
v  ~StubRoutines::call_stub
j  org.lwjgl.opencl.CL.create()V+272
j  si.uni_lj.fri.segmentation.ModelCreator.initializeCL()V+5
j  si.uni_lj.fri.segmentation.ModelCreator.createModel(Ljava/lang/String;DD)[Ljava/lang/Object;+81
j  si.uni_lj.fri.veins3D.gui.render.models.VeinsModelMesh.constructVBOFromRawFile(Ljava/lang/String;DD)V+56
j  si.uni_lj.fri.veins3D.gui.render.VeinsRenderer.loadModelRaw(Ljava/lang/String;DD)V+40
j  si.uni_lj.fri.veins3D.gui.NiftyScreenController.onButton_OpenDialog_Open()V+48
v  ~StubRoutines::call_stub
J 2772  sun.reflect.NativeMethodAccessorImpl.invoke0(Ljava/lang/reflect/Method;Ljava/lang/Object;[Ljava/lang/Object;)Ljava/lang/Object; (0 bytes) @ 0x000000000270233f [0x00000000027022c0+0x7f]
J 2771 C1 sun.reflect.NativeMethodAccessorImpl.invoke(Ljava/lang/Object;[Ljava/lang/Object;)Ljava/lang/Object; (104 bytes) @ 0x0000000002706e24 [0x0000000002705c40+0x11e4]
J 928 C1 sun.reflect.DelegatingMethodAccessorImpl.invoke(Ljava/lang/Object;[Ljava/lang/Object;)Ljava/lang/Object; (10 bytes) @ 0x000000000217bc64 [0x000000000217bb40+0x124]
J 927 C1 java.lang.reflect.Method.invoke(Ljava/lang/Object;[Ljava/lang/Object;)Ljava/lang/Object; (62 bytes) @ 0x000000000217b654 [0x000000000217b240+0x414]
j  de.lessvoid.nifty.NiftyMethodInvoker.callMethod(Ljava/lang/Object;Ljava/lang/reflect/Method;[Ljava/lang/Object;)Ljava/lang/Object;+109
j  de.lessvoid.nifty.NiftyMethodInvoker.performInvoke([Ljava/lang/Object;)V+298
j  de.lessvoid.nifty.Nifty$DelayedMethodInvoke.perform()V+8
j  de.lessvoid.nifty.Nifty.invokeMethods()V+47
J 2905 C1 de.lessvoid.nifty.Nifty.handleDynamicElements()V (27 bytes) @ 0x000000000277e694 [0x000000000277dc80+0xa14]
j  de.lessvoid.nifty.Nifty.access$7(Lde/lessvoid/nifty/Nifty;)V+1
j  de.lessvoid.nifty.Nifty$NiftyInputConsumerImpl.processEvent(Lde/lessvoid/nifty/input/NiftyMouseInputEvent;)Z+43
j  de.lessvoid.nifty.Nifty$NiftyInputConsumerImpl.processMouseEvent(IIIIZ)Z+25
j  de.lessvoid.nifty.renderer.lwjgl.input.LwjglInputSystem.processMouseEvents(Lde/lessvoid/nifty/NiftyInputConsumer;)V+47
J 3076 C1 de.lessvoid.nifty.Nifty.update()Z (126 bytes) @ 0x0000000002892e74 [0x0000000002892980+0x4f4]
j  si.uni_lj.fri.veins3D.main.VeinsWindow.renderNiftyGUI()V+113
j  si.uni_lj.fri.veins3D.main.VeinsWindow.mainLoop()V+111
j  si.uni_lj.fri.veins3D.main.Main.main([Ljava/lang/String;)V+7
v  ~StubRoutines::call_stub

---------------  P R O C E S S  ---------------

Java Threads: ( => current thread )
  0x000000001d95c800 JavaThread "LWJGL Timer" daemon [_thread_blocked, id=4240, stack(0x000000001c180000,0x000000001c280000)]
  0x000000001d95f800 JavaThread "Thread-6" daemon [_thread_in_native, id=1444, stack(0x000000001f490000,0x000000001f590000)]
  0x0000000016e7a800 JavaThread "D3D Screen Updater" daemon [_thread_blocked, id=3036, stack(0x0000000019aa0000,0x0000000019ba0000)]
  0x0000000016eca800 JavaThread "AWT-EventQueue-0" [_thread_blocked, id=4732, stack(0x0000000019490000,0x0000000019590000)]
  0x0000000016eb5000 JavaThread "AWT-Windows" daemon [_thread_in_native, id=3856, stack(0x0000000017780000,0x0000000017880000)]
  0x0000000016eb4000 JavaThread "AWT-Shutdown" [_thread_blocked, id=4256, stack(0x0000000017680000,0x0000000017780000)]
  0x0000000016eb3800 JavaThread "Java2D Disposer" daemon [_thread_blocked, id=1628, stack(0x0000000017580000,0x0000000017680000)]
  0x000000001601b000 JavaThread "Service Thread" daemon [_thread_blocked, id=4872, stack(0x00000000165f0000,0x00000000166f0000)]
  0x0000000016012000 JavaThread "C1 CompilerThread2" daemon [_thread_blocked, id=2320, stack(0x00000000164f0000,0x00000000165f0000)]
  0x0000000016011000 JavaThread "C2 CompilerThread1" daemon [_thread_blocked, id=588, stack(0x00000000163f0000,0x00000000164f0000)]
  0x0000000014329800 JavaThread "C2 CompilerThread0" daemon [_thread_blocked, id=3180, stack(0x0000000015ef0000,0x0000000015ff0000)]
  0x0000000014319800 JavaThread "JDWP Command Reader" daemon [_thread_in_native, id=3448, stack(0x0000000015df0000,0x0000000015ef0000)]
  0x0000000014318000 JavaThread "JDWP Event Helper Thread" daemon [_thread_blocked, id=4696, stack(0x0000000015cf0000,0x0000000015df0000)]
  0x000000001430a000 JavaThread "JDWP Transport Listener: dt_socket" daemon [_thread_blocked, id=4952, stack(0x00000000158a0000,0x00000000159a0000)]
  0x0000000014300800 JavaThread "Attach Listener" daemon [_thread_blocked, id=2540, stack(0x0000000015790000,0x0000000015890000)]
  0x00000000142fd000 JavaThread "Signal Dispatcher" daemon [_thread_blocked, id=4992, stack(0x0000000015690000,0x0000000015790000)]
  0x0000000001da8000 JavaThread "Finalizer" daemon [_thread_blocked, id=2280, stack(0x0000000015570000,0x0000000015670000)]
  0x0000000001d9f000 JavaThread "Reference Handler" daemon [_thread_blocked, id=4628, stack(0x0000000015470000,0x0000000015570000)]
=>0x000000000046e800 JavaThread "main" [_thread_in_native, id=4028, stack(0x0000000000470000,0x0000000000570000)]

Other Threads:
  0x00000000142c7800 VMThread [stack: 0x0000000015370000,0x0000000015470000] [id=332]
  0x000000001602e800 WatcherThread [stack: 0x00000000166f0000,0x00000000167f0000] [id=2344]

VM state:not at safepoint (normal execution)

VM Mutex/Monitor currently owned by a thread: None

Heap:
 PSYoungGen      total 68096K, used 47433K [0x00000000ebb80000, 0x00000000f0480000, 0x0000000100000000)
  eden space 62976K, 68% used [0x00000000ebb80000,0x00000000ee5b23e8,0x00000000ef900000)
  from space 5120K, 82% used [0x00000000efe80000,0x00000000f02a0020,0x00000000f0380000)
  to   space 5632K, 0% used [0x00000000ef900000,0x00000000ef900000,0x00000000efe80000)
 ParOldGen       total 42496K, used 6173K [0x00000000c3200000, 0x00000000c5b80000, 0x00000000ebb80000)
  object space 42496K, 14% used [0x00000000c3200000,0x00000000c3807568,0x00000000c5b80000)
 Metaspace       used 17177K, capacity 17469K, committed 17664K, reserved 1064960K
  class space    used 1850K, capacity 1938K, committed 2048K, reserved 1048576K

Card table byte_map: [0x00000000111a0000,0x0000000011390000] byte_map_base: 0x0000000010b87000

Marking Bits: (ParMarkBitMap*) 0x0000000077234040
 Begin Bits: [0x00000000118e0000, 0x0000000012818000)
 End Bits:   [0x0000000012818000, 0x0000000013750000)

Polling page: 0x0000000000410000

CodeCache: size=245760Kb used=10961Kb max_used=10961Kb free=234798Kb
 bounds [0x0000000001de0000, 0x00000000028b0000, 0x0000000010de0000]
 total_blobs=3697 nmethods=3070 adapters=548
 compilation: enabled

Compilation events (10 events):
Event: 9.680 Thread 0x0000000016012000 nmethod 3080 0x000000000289a950 code [0x000000000289ab20, 0x000000000289b208]
Event: 9.680 Thread 0x0000000016012000 3087       3       de.lessvoid.nifty.elements.Element::disableFocus (87 bytes)
Event: 9.680 Thread 0x0000000016012000 nmethod 3087 0x000000000289b4d0 code [0x000000000289b6e0, 0x000000000289bf18]
Event: 9.680 Thread 0x0000000016012000 3085       3       de.lessvoid.nifty.controls.FocusHandler::lostMouseFocus (48 bytes)
Event: 9.680 Thread 0x0000000016011000 nmethod 3084 0x0000000002899050 code [0x00000000028991a0, 0x0000000002899318]
Event: 9.681 Thread 0x0000000016012000 nmethod 3085 0x000000000289db50 code [0x000000000289dda0, 0x000000000289ece8]
Event: 9.681 Thread 0x0000000016012000 3086       3       de.lessvoid.nifty.controls.FocusHandler::lostKeyboardFocus (68 bytes)
Event: 9.683 Thread 0x0000000016012000 nmethod 3086 0x000000000289f410 code [0x000000000289f6a0, 0x00000000028a0868]
Event: 9.702 Thread 0x0000000016012000 3088   !   3       java.util.zip.ZipFile::getInflater (56 bytes)
Event: 9.703 Thread 0x0000000016012000 nmethod 3088 0x0000000002899450 code [0x0000000002899640, 0x000000000289a238]

GC Heap History (10 events):
Event: 2.444 GC heap before
{Heap before GC invocations=2 (full 0):
 PSYoungGen      total 18432K, used 18404K [0x00000000ebb80000, 0x00000000ed000000, 0x0000000100000000)
  eden space 15872K, 100% used [0x00000000ebb80000,0x00000000ecb00000,0x00000000ecb00000)
  from space 2560K, 98% used [0x00000000ecb00000,0x00000000ecd79158,0x00000000ecd80000)
  to   space 2560K, 0% used [0x00000000ecd80000,0x00000000ecd80000,0x00000000ed000000)
 ParOldGen       total 42496K, used 546K [0x00000000c3200000, 0x00000000c5b80000, 0x00000000ebb80000)
  object space 42496K, 1% used [0x00000000c3200000,0x00000000c32888c8,0x00000000c5b80000)
 Metaspace       used 12784K, capacity 13099K, committed 13312K, reserved 1060864K
  class space    used 1403K, capacity 1503K, committed 1536K, reserved 1048576K
Event: 2.454 GC heap after
Heap after GC invocations=2 (full 0):
 PSYoungGen      total 18432K, used 2544K [0x00000000ebb80000, 0x00000000edf80000, 0x0000000100000000)
  eden space 15872K, 0% used [0x00000000ebb80000,0x00000000ebb80000,0x00000000ecb00000)
  from space 2560K, 99% used [0x00000000ecd80000,0x00000000ecffc030,0x00000000ed000000)
  to   space 2560K, 0% used [0x00000000ecb00000,0x00000000ecb00000,0x00000000ecd80000)
 ParOldGen       total 42496K, used 1221K [0x00000000c3200000, 0x00000000c5b80000, 0x00000000ebb80000)
  object space 42496K, 2% used [0x00000000c3200000,0x00000000c3331528,0x00000000c5b80000)
 Metaspace       used 12784K, capacity 13099K, committed 13312K, reserved 1060864K
  class space    used 1403K, capacity 1503K, committed 1536K, reserved 1048576K
}
Event: 3.047 GC heap before
{Heap before GC invocations=3 (full 0):
 PSYoungGen      total 18432K, used 18416K [0x00000000ebb80000, 0x00000000edf80000, 0x0000000100000000)
  eden space 15872K, 100% used [0x00000000ebb80000,0x00000000ecb00000,0x00000000ecb00000)
  from space 2560K, 99% used [0x00000000ecd80000,0x00000000ecffc030,0x00000000ed000000)
  to   space 2560K, 0% used [0x00000000ecb00000,0x00000000ecb00000,0x00000000ecd80000)
 ParOldGen       total 42496K, used 1221K [0x00000000c3200000, 0x00000000c5b80000, 0x00000000ebb80000)
  object space 42496K, 2% used [0x00000000c3200000,0x00000000c3331528,0x00000000c5b80000)
 Metaspace       used 13702K, capacity 13949K, committed 14208K, reserved 1062912K
  class space    used 1494K, capacity 1570K, committed 1664K, reserved 1048576K
Event: 3.057 GC heap after
Heap after GC invocations=3 (full 0):
 PSYoungGen      total 18432K, used 2528K [0x00000000ebb80000, 0x00000000edf80000, 0x0000000100000000)
  eden space 15872K, 0% used [0x00000000ebb80000,0x00000000ebb80000,0x00000000ecb00000)
  from space 2560K, 98% used [0x00000000ecb00000,0x00000000ecd78020,0x00000000ecd80000)
  to   space 2560K, 0% used [0x00000000edd00000,0x00000000edd00000,0x00000000edf80000)
 ParOldGen       total 42496K, used 2884K [0x00000000c3200000, 0x00000000c5b80000, 0x00000000ebb80000)
  object space 42496K, 6% used [0x00000000c3200000,0x00000000c34d1198,0x00000000c5b80000)
 Metaspace       used 13702K, capacity 13949K, committed 14208K, reserved 1062912K
  class space    used 1494K, capacity 1570K, committed 1664K, reserved 1048576K
}
Event: 3.446 GC heap before
{Heap before GC invocations=4 (full 0):
 PSYoungGen      total 18432K, used 18400K [0x00000000ebb80000, 0x00000000edf80000, 0x0000000100000000)
  eden space 15872K, 100% used [0x00000000ebb80000,0x00000000ecb00000,0x00000000ecb00000)
  from space 2560K, 98% used [0x00000000ecb00000,0x00000000ecd78020,0x00000000ecd80000)
  to   space 2560K, 0% used [0x00000000edd00000,0x00000000edd00000,0x00000000edf80000)
 ParOldGen       total 42496K, used 2884K [0x00000000c3200000, 0x00000000c5b80000, 0x00000000ebb80000)
  object space 42496K, 6% used [0x00000000c3200000,0x00000000c34d1198,0x00000000c5b80000)
 Metaspace       used 14349K, capacity 14613K, committed 14720K, reserved 1062912K
  class space    used 1563K, capacity 1638K, committed 1664K, reserved 1048576K
Event: 3.458 GC heap after
Heap after GC invocations=4 (full 0):
 PSYoungGen      total 34304K, used 2544K [0x00000000ebb80000, 0x00000000edf80000, 0x0000000100000000)
  eden space 31744K, 0% used [0x00000000ebb80000,0x00000000ebb80000,0x00000000eda80000)
  from space 2560K, 99% used [0x00000000edd00000,0x00000000edf7c010,0x00000000edf80000)
  to   space 2560K, 0% used [0x00000000eda80000,0x00000000eda80000,0x00000000edd00000)
 ParOldGen       total 42496K, used 3628K [0x00000000c3200000, 0x00000000c5b80000, 0x00000000ebb80000)
  object space 42496K, 8% used [0x00000000c3200000,0x00000000c358b2d0,0x00000000c5b80000)
 Metaspace       used 14349K, capacity 14613K, committed 14720K, reserved 1062912K
  class space    used 1563K, capacity 1638K, committed 1664K, reserved 1048576K
}
Event: 4.016 GC heap before
{Heap before GC invocations=5 (full 0):
 PSYoungGen      total 34304K, used 34288K [0x00000000ebb80000, 0x00000000edf80000, 0x0000000100000000)
  eden space 31744K, 100% used [0x00000000ebb80000,0x00000000eda80000,0x00000000eda80000)
  from space 2560K, 99% used [0x00000000edd00000,0x00000000edf7c010,0x00000000edf80000)
  to   space 2560K, 0% used [0x00000000eda80000,0x00000000eda80000,0x00000000edd00000)
 ParOldGen       total 42496K, used 3628K [0x00000000c3200000, 0x00000000c5b80000, 0x00000000ebb80000)
  object space 42496K, 8% used [0x00000000c3200000,0x00000000c358b2d0,0x00000000c5b80000)
 Metaspace       used 14936K, capacity 15237K, committed 15360K, reserved 1062912K
  class space    used 1611K, capacity 1710K, committed 1792K, reserved 1048576K
Event: 4.027 GC heap after
Heap after GC invocations=5 (full 0):
 PSYoungGen      total 34304K, used 2544K [0x00000000ebb80000, 0x00000000f0380000, 0x0000000100000000)
  eden space 31744K, 0% used [0x00000000ebb80000,0x00000000ebb80000,0x00000000eda80000)
  from space 2560K, 99% used [0x00000000eda80000,0x00000000edcfc010,0x00000000edd00000)
  to   space 5120K, 0% used [0x00000000efe80000,0x00000000efe80000,0x00000000f0380000)
 ParOldGen       total 42496K, used 6165K [0x00000000c3200000, 0x00000000c5b80000, 0x00000000ebb80000)
  object space 42496K, 14% used [0x00000000c3200000,0x00000000c3805568,0x00000000c5b80000)
 Metaspace       used 14936K, capacity 15237K, committed 15360K, reserved 1062912K
  class space    used 1611K, capacity 1710K, committed 1792K, reserved 1048576K
}
Event: 4.744 GC heap before
{Heap before GC invocations=6 (full 0):
 PSYoungGen      total 34304K, used 34288K [0x00000000ebb80000, 0x00000000f0380000, 0x0000000100000000)
  eden space 31744K, 100% used [0x00000000ebb80000,0x00000000eda80000,0x00000000eda80000)
  from space 2560K, 99% used [0x00000000eda80000,0x00000000edcfc010,0x00000000edd00000)
  to   space 5120K, 0% used [0x00000000efe80000,0x00000000efe80000,0x00000000f0380000)
 ParOldGen       total 42496K, used 6165K [0x00000000c3200000, 0x00000000c5b80000, 0x00000000ebb80000)
  object space 42496K, 14% used [0x00000000c3200000,0x00000000c3805568,0x00000000c5b80000)
 Metaspace       used 16200K, capacity 16485K, committed 16768K, reserved 1064960K
  class space    used 1779K, capacity 1870K, committed 1920K, reserved 1048576K
Event: 4.763 GC heap after
Heap after GC invocations=6 (full 0):
 PSYoungGen      total 68096K, used 4224K [0x00000000ebb80000, 0x00000000f0480000, 0x0000000100000000)
  eden space 62976K, 0% used [0x00000000ebb80000,0x00000000ebb80000,0x00000000ef900000)
  from space 5120K, 82% used [0x00000000efe80000,0x00000000f02a0020,0x00000000f0380000)
  to   space 5632K, 0% used [0x00000000ef900000,0x00000000ef900000,0x00000000efe80000)
 ParOldGen       total 42496K, used 6173K [0x00000000c3200000, 0x00000000c5b80000, 0x00000000ebb80000)
  object space 42496K, 14% used [0x00000000c3200000,0x00000000c3807568,0x00000000c5b80000)
 Metaspace       used 16200K, capacity 16485K, committed 16768K, reserved 1064960K
  class space    used 1779K, capacity 1870K, committed 1920K, reserved 1048576K
}

Deoptimization events (10 events):
Event: 5.204 Thread 0x000000000046e800 Uncommon trap: reason=bimorphic action=maybe_recompile pc=0x000000000227478c method=java.util.regex.Pattern$Curly.match0(Ljava/util/regex/Matcher;IILjava/lang/CharSequence;)Z @ 170
Event: 5.205 Thread 0x000000000046e800 Uncommon trap: reason=bimorphic action=maybe_recompile pc=0x000000000227478c method=java.util.regex.Pattern$Curly.match0(Ljava/util/regex/Matcher;IILjava/lang/CharSequence;)Z @ 170
Event: 5.205 Thread 0x000000000046e800 Uncommon trap: reason=bimorphic action=maybe_recompile pc=0x000000000227478c method=java.util.regex.Pattern$Curly.match0(Ljava/util/regex/Matcher;IILjava/lang/CharSequence;)Z @ 170
Event: 5.230 Thread 0x000000000046e800 Uncommon trap: reason=unstable_if action=reinterpret pc=0x00000000022c52f8 method=java.util.regex.Pattern$Dot.isSatisfiedBy(I)Z @ 9
Event: 5.287 Thread 0x000000000046e800 Uncommon trap: reason=unstable_if action=reinterpret pc=0x00000000023d2d70 method=org.bushe.swing.event.ThreadSafeEventService.getRealSubscriberAndCleanStaleSubscriberIfNecessary(Ljava/util/Iterator;Ljava/lang/Object;)Ljava/lang/Object; @ 35
Event: 7.328 Thread 0x000000000046e800 Uncommon trap: reason=unstable_if action=reinterpret pc=0x000000000240eb64 method=de.lessvoid.nifty.tools.SizeValue.isPercent()Z @ 4
Event: 7.328 Thread 0x000000000046e800 Uncommon trap: reason=unstable_if action=reinterpret pc=0x000000000271a290 method=de.lessvoid.nifty.render.NiftyRenderEngineImpl.updateClip(ZIIII)V @ 22
Event: 7.330 Thread 0x000000000046e800 Uncommon trap: reason=unstable_if action=reinterpret pc=0x00000000024069fc method=de.lessvoid.nifty.tools.SizeValue.isPercent()Z @ 4
Event: 7.335 Thread 0x000000000046e800 Uncommon trap: reason=unstable_if action=reinterpret pc=0x000000000271ce90 method=de.lessvoid.nifty.elements.Element.isMouseInsideElement(II)Z @ 4
Event: 8.736 Thread 0x000000000046e800 Uncommon trap: reason=unstable_if action=reinterpret pc=0x00000000027bacfc method=de.lessvoid.nifty.elements.Element.isInsideParentClipArea(II)Z @ 18

Internal exceptions (10 events):
Event: 11.365 Thread 0x000000000046e800 Exception <a 'java/security/PrivilegedActionException'> (0x00000000ee54ef08) thrown at [C:\re\workspace\8-2-build-windows-amd64-cygwin\jdk8u51\3951\hotspot\src\share\vm\prims\jvm.cpp, line 1382]
Event: 11.365 Thread 0x000000000046e800 Exception <a 'java/security/PrivilegedActionException'> (0x00000000ee54ff40) thrown at [C:\re\workspace\8-2-build-windows-amd64-cygwin\jdk8u51\3951\hotspot\src\share\vm\prims\jvm.cpp, line 1382]
Event: 11.366 Thread 0x000000000046e800 Exception <a 'java/security/PrivilegedActionException'> (0x00000000ee554ea8) thrown at [C:\re\workspace\8-2-build-windows-amd64-cygwin\jdk8u51\3951\hotspot\src\share\vm\prims\jvm.cpp, line 1382]
Event: 11.366 Thread 0x000000000046e800 Exception <a 'java/security/PrivilegedActionException'> (0x00000000ee555a50) thrown at [C:\re\workspace\8-2-build-windows-amd64-cygwin\jdk8u51\3951\hotspot\src\share\vm\prims\jvm.cpp, line 1382]
Event: 11.366 Thread 0x000000000046e800 Exception <a 'java/security/PrivilegedActionException'> (0x00000000ee5565c8) thrown at [C:\re\workspace\8-2-build-windows-amd64-cygwin\jdk8u51\3951\hotspot\src\share\vm\prims\jvm.cpp, line 1382]
Event: 11.367 Thread 0x000000000046e800 Exception <a 'org/lwjgl/LWJGLException'> (0x00000000ee5587c0) thrown at [C:\re\workspace\8-2-build-windows-amd64-cygwin\jdk8u51\3951\hotspot\src\share\vm\prims\jni.cpp, line 709]
Event: 11.367 Thread 0x000000000046e800 Exception <a 'org/lwjgl/LWJGLException'> (0x00000000ee558f48) thrown at [C:\re\workspace\8-2-build-windows-amd64-cygwin\jdk8u51\3951\hotspot\src\share\vm\prims\jni.cpp, line 709]
Event: 11.368 Thread 0x000000000046e800 Exception <a 'org/lwjgl/LWJGLException'> (0x00000000ee5596f8) thrown at [C:\re\workspace\8-2-build-windows-amd64-cygwin\jdk8u51\3951\hotspot\src\share\vm\prims\jni.cpp, line 709]
Event: 11.368 Thread 0x000000000046e800 Exception <a 'org/lwjgl/LWJGLException'> (0x00000000ee559ea8) thrown at [C:\re\workspace\8-2-build-windows-amd64-cygwin\jdk8u51\3951\hotspot\src\share\vm\prims\jni.cpp, line 709]
Event: 11.368 Thread 0x000000000046e800 Exception <a 'org/lwjgl/LWJGLException'> (0x00000000ee55a640) thrown at [C:\re\workspace\8-2-build-windows-amd64-cygwin\jdk8u51\3951\hotspot\src\share\vm\prims\jni.cpp, line 709]

Events (10 events):
Event: 11.362 Executing VM operation: ChangeSingleStep
Event: 11.362 Executing VM operation: ChangeSingleStep done
Event: 11.362 loading class org/lwjgl/LWJGLUtil$3
Event: 11.362 loading class org/lwjgl/LWJGLUtil$3 done
Event: 11.365 loading class java/lang/ClassFormatError
Event: 11.365 loading class java/lang/ClassFormatError done
Event: 11.365 loading class java/lang/AssertionStatusDirectives
Event: 11.365 loading class java/lang/AssertionStatusDirectives done
Event: 11.369 loading class org/lwjgl/opencl/CLCapabilities
Event: 11.369 loading class org/lwjgl/opencl/CLCapabilities done


Dynamic libraries:
0x00007ff70e940000 - 0x00007ff70e977000 	C:\Program Files\Java\jre1.8.0_51\bin\javaw.exe
0x00007ffe0ab60000 - 0x00007ffe0ad0c000 	C:\Windows\SYSTEM32\ntdll.dll
0x00007ffe0a120000 - 0x00007ffe0a25e000 	C:\Windows\system32\KERNEL32.DLL
0x00007ffe07d90000 - 0x00007ffe07ea5000 	C:\Windows\system32\KERNELBASE.dll
0x00007ffe06690000 - 0x00007ffe0671e000 	C:\Windows\system32\apphelp.dll
0x00007ffdf5e00000 - 0x00007ffdf5e53000 	C:\Windows\AppPatch\AppPatch64\AcGenral.DLL
0x00007ffe09c10000 - 0x00007ffe09cba000 	C:\Windows\system32\msvcrt.dll
0x00007ffe07b60000 - 0x00007ffe07b8e000 	C:\Windows\SYSTEM32\SspiCli.dll
0x00007ffe09bb0000 - 0x00007ffe09c04000 	C:\Windows\system32\SHLWAPI.dll
0x00007ffe0a260000 - 0x00007ffe0a3d7000 	C:\Windows\system32\USER32.dll
0x00007ffe0a7f0000 - 0x00007ffe0a984000 	C:\Windows\system32\ole32.dll
0x00007ffe08460000 - 0x00007ffe09979000 	C:\Windows\system32\SHELL32.dll
0x00007ffe072e0000 - 0x00007ffe07301000 	C:\Windows\SYSTEM32\USERENV.dll
0x00007ffe09b00000 - 0x00007ffe09baa000 	C:\Windows\system32\ADVAPI32.dll
0x00007ffdfe4a0000 - 0x00007ffdfe4be000 	C:\Windows\SYSTEM32\MPR.dll
0x00007ffe0a990000 - 0x00007ffe0aad1000 	C:\Windows\system32\RPCRT4.dll
0x00007ffe083a0000 - 0x00007ffe083f9000 	C:\Windows\SYSTEM32\sechost.dll
0x00007ffe09f00000 - 0x00007ffe0a111000 	C:\Windows\SYSTEM32\combase.dll
0x00007ffe0a3e0000 - 0x00007ffe0a530000 	C:\Windows\system32\GDI32.dll
0x00007ffe07cc0000 - 0x00007ffe07cd5000 	C:\Windows\SYSTEM32\profapi.dll
0x00007ffe05d80000 - 0x00007ffe05e32000 	C:\Windows\SYSTEM32\SHCORE.dll
0x00007ffe09cc0000 - 0x00007ffe09cf6000 	C:\Windows\system32\IMM32.DLL
0x00007ffe0a690000 - 0x00007ffe0a7e2000 	C:\Windows\system32\MSCTF.dll
0x00007ffe00850000 - 0x00007ffe00aca000 	C:\Windows\WinSxS\amd64_microsoft.windows.common-controls_6595b64144ccf1df_6.0.9600.17810_none_6240b9c7ecbd0bda\COMCTL32.dll
0x00000000766f0000 - 0x00000000767c2000 	C:\Program Files\Java\jre1.8.0_51\bin\msvcr100.dll
0x0000000076a30000 - 0x00000000772b3000 	C:\Program Files\Java\jre1.8.0_51\bin\server\jvm.dll
0x00007ffe05a70000 - 0x00007ffe05a79000 	C:\Windows\SYSTEM32\WSOCK32.dll
0x00007ffe00640000 - 0x00007ffe00662000 	C:\Windows\SYSTEM32\WINMM.dll
0x00007ffe05e50000 - 0x00007ffe05e5a000 	C:\Windows\SYSTEM32\VERSION.dll
0x00007ffe0ab40000 - 0x00007ffe0ab47000 	C:\Windows\system32\PSAPI.DLL
0x00007ffe0aae0000 - 0x00007ffe0ab3a000 	C:\Windows\system32\WS2_32.dll
0x00007ffe00540000 - 0x00007ffe0056a000 	C:\Windows\SYSTEM32\WINMMBASE.dll
0x00007ffe0a5a0000 - 0x00007ffe0a5a9000 	C:\Windows\system32\NSI.dll
0x00007ffe07eb0000 - 0x00007ffe07eff000 	C:\Windows\SYSTEM32\cfgmgr32.dll
0x00007ffe06ab0000 - 0x00007ffe06ad8000 	C:\Windows\SYSTEM32\DEVOBJ.dll
0x0000000076940000 - 0x000000007694f000 	C:\Program Files\Java\jre1.8.0_51\bin\verify.dll
0x0000000076910000 - 0x0000000076939000 	C:\Program Files\Java\jre1.8.0_51\bin\java.dll
0x00000000766b0000 - 0x00000000766e5000 	C:\Program Files\Java\jre1.8.0_51\bin\jdwp.dll
0x00000000766a0000 - 0x00000000766a8000 	C:\Program Files\Java\jre1.8.0_51\bin\npt.dll
0x00000000768f0000 - 0x0000000076906000 	C:\Program Files\Java\jre1.8.0_51\bin\zip.dll
0x0000000076690000 - 0x0000000076699000 	C:\Program Files\Java\jre1.8.0_51\bin\dt_socket.dll
0x00007ffdf7190000 - 0x00007ffdf71a5000 	C:\Windows\system32\napinsp.dll
0x00007ffdf72c0000 - 0x00007ffdf72da000 	C:\Windows\system32\pnrpnsp.dll
0x00007ffe05f00000 - 0x00007ffe05f1b000 	C:\Windows\system32\NLAapi.dll
0x00007ffe075a0000 - 0x00007ffe075f9000 	C:\Windows\System32\mswsock.dll
0x00007ffe073a0000 - 0x00007ffe07444000 	C:\Windows\SYSTEM32\DNSAPI.dll
0x00007ffdf72e0000 - 0x00007ffdf72ed000 	C:\Windows\System32\winrnr.dll
0x00007ffdfa990000 - 0x00007ffdfa9a4000 	C:\Windows\system32\wshbth.dll
0x0000000077390000 - 0x00000000773b6000 	C:\Program Files\Bonjour\mdnsNSP.dll
0x00007ffe05350000 - 0x00007ffe0537a000 	C:\Windows\SYSTEM32\Iphlpapi.DLL
0x00007ffe05320000 - 0x00007ffe0532a000 	C:\Windows\SYSTEM32\WINNSI.DLL
0x00007ffe04760000 - 0x00007ffe047cb000 	C:\Windows\System32\fwpuclnt.dll
0x00007ffdfb250000 - 0x00007ffdfb25a000 	C:\Windows\System32\rasadhlp.dll
0x0000000180000000 - 0x0000000180053000 	C:\Users\ropoLaptopn\Desktop\merged methods\Neck_Veins\Neck_Veins\NeckVeins 1.0\lwjgl-2.9.3\native\windows\lwjgl64.dll
0x00007ffdf2390000 - 0x00007ffdf24bb000 	C:\Windows\SYSTEM32\OPENGL32.dll
0x00007ffdf7310000 - 0x00007ffdf733e000 	C:\Windows\SYSTEM32\GLU32.dll
0x00007ffdf2cf0000 - 0x00007ffdf2de8000 	C:\Windows\SYSTEM32\DDRAW.dll
0x00007ffe05100000 - 0x00007ffe05109000 	C:\Windows\SYSTEM32\DCIMAN32.dll
0x00000000764f0000 - 0x0000000076688000 	C:\Program Files\Java\jre1.8.0_51\bin\awt.dll
0x00007ffe0a5c0000 - 0x00007ffe0a681000 	C:\Windows\system32\OLEAUT32.dll
0x00007ffe060e0000 - 0x00007ffe06101000 	C:\Windows\system32\DWMAPI.DLL
0x00007ffe06930000 - 0x00007ffe06a59000 	C:\Windows\system32\uxtheme.dll
0x00007ffe06b00000 - 0x00007ffe06b0b000 	C:\Windows\SYSTEM32\kernel.appcore.dll
0x00007ffe07c00000 - 0x00007ffe07c0b000 	C:\Windows\SYSTEM32\CRYPTBASE.dll
0x00007ffe07b90000 - 0x00007ffe07bf3000 	C:\Windows\SYSTEM32\bcryptPrimitives.dll
0x00007ffdf1590000 - 0x00007ffdf17b1000 	C:\Windows\system32\d3d9.dll
0x00007ffe03cb0000 - 0x00007ffe03cbd000 	C:\Windows\SYSTEM32\atiu9p64.dll
0x0000000075fe0000 - 0x00000000764e1000 	C:\Windows\SYSTEM32\atiumd64.dll
0x0000000075cc0000 - 0x0000000075fdb000 	C:\Windows\SYSTEM32\atiumd6a.dll
0x0000000075c70000 - 0x0000000075cb7000 	C:\Program Files\Java\jre1.8.0_51\bin\fontmanager.dll
0x0000000075c60000 - 0x0000000075c67000 	C:\Program Files\Java\jre1.8.0_51\bin\jawt.dll
0x00007ffe03af0000 - 0x00007ffe03af8000 	C:\Windows\SYSTEM32\atig6pxx.dll
0x0000000069030000 - 0x000000006a444000 	C:\Windows\SYSTEM32\atio6axx.dll
0x00007ffe00630000 - 0x00007ffe0063a000 	C:\Windows\SYSTEM32\atig6txx.dll
0x00007ffdf1bd0000 - 0x00007ffdf1d1c000 	C:\Windows\SYSTEM32\aticfx64.dll
0x000000001a1f0000 - 0x000000001a247000 	C:\Windows\SYSTEM32\atiadlxx.dll
0x00007ffe09d20000 - 0x00007ffe09efa000 	C:\Windows\system32\SETUPAPI.dll
0x00007ffe07f00000 - 0x00007ffe07f51000 	C:\Windows\system32\WINTRUST.dll
0x00007ffe07f60000 - 0x00007ffe0813f000 	C:\Windows\system32\CRYPT32.dll
0x00007ffe07d70000 - 0x00007ffe07d81000 	C:\Windows\system32\MSASN1.dll
0x00007ffe07600000 - 0x00007ffe07620000 	C:\Windows\SYSTEM32\CRYPTSP.dll
0x00007ffe071d0000 - 0x00007ffe07206000 	C:\Windows\system32\rsaenh.dll
0x00007ffe07850000 - 0x00007ffe07876000 	C:\Windows\SYSTEM32\bcrypt.dll
0x00000000768d0000 - 0x00000000768ea000 	C:\Program Files\Java\jre1.8.0_51\bin\net.dll
0x00007ffe04a40000 - 0x00007ffe04a56000 	C:\Windows\SYSTEM32\dhcpcsvc6.DLL
0x00007ffe04bd0000 - 0x00007ffe04bea000 	C:\Windows\SYSTEM32\dhcpcsvc.DLL
0x00000000768b0000 - 0x00000000768c1000 	C:\Program Files\Java\jre1.8.0_51\bin\nio.dll
0x000000001a380000 - 0x000000001a396000 	C:\Users\ropoLaptopn\Desktop\merged methods\Neck_Veins\Neck_Veins\NeckVeins 1.0\lwjgl-2.9.3\native\windows\jinput-dx8_64.dll
0x00007ffdf71b0000 - 0x00007ffdf71f2000 	C:\Windows\SYSTEM32\DINPUT8.dll
0x00007ffe06e80000 - 0x00007ffe06e8d000 	C:\Windows\SYSTEM32\HID.DLL
0x000000001adf0000 - 0x000000001ae04000 	C:\Users\ropoLaptopn\Desktop\merged methods\Neck_Veins\Neck_Veins\NeckVeins 1.0\lwjgl-2.9.3\native\windows\jinput-raw_64.dll
0x00007ffdf72f0000 - 0x00007ffdf7306000 	C:\Windows\SYSTEM32\OpenCL.dll
0x00007ffde5860000 - 0x00007ffde868f000 	C:\Windows\SYSTEM32\amdocl64.dll
0x00007ffdf0050000 - 0x00007ffdf01d9000 	C:\Windows\SYSTEM32\dbghelp.dll

VM Arguments:
jvm_args: -agentlib:jdwp=transport=dt_socket,suspend=y,address=localhost:52763 -Djava.library.path=C:\Users\ropoLaptopn\Desktop\merged methods\Neck_Veins\Neck_Veins\NeckVeins 1.0\libs\Leap\x64;C:\Users\ropoLaptopn\Desktop\merged methods\Neck_Veins\Neck_Veins\NeckVeins 1.0\lwjgl-2.9.3\native\windows;C:\Users\ropoLaptopn\Desktop\merged methods\Neck_Veins\Neck_Veins\NeckVeins 1.0\lwjgl-2.9.3\native\windows;C:\Users\ropoLaptopn\Desktop\merged methods\Neck_Veins\Neck_Veins\NeckVeins 1.0\lwjgl-2.9.3\native\windows -Dfile.encoding=Cp1250 
java_command: si.uni_lj.fri.veins3D.main.Main
java_class_path (initial): C:\Users\ropoLaptopn\Desktop\merged methods\Neck_Veins\Neck_Veins\NeckVeins 1.0\bin;C:\Users\ropoLaptopn\Desktop\merged methods\Neck_Veins\Neck_Veins\NeckVeins 1.0\libs\TWL.jar;C:\Users\ropoLaptopn\Desktop\merged methods\Neck_Veins\Neck_Veins\NeckVeins 1.0\libs\slick-util.jar;C:\Users\ropoLaptopn\Desktop\merged methods\Neck_Veins\Neck_Veins\NeckVeins 1.0\libs\xpp3-1.1.4c.jar;C:\Users\ropoLaptopn\Desktop\merged methods\Neck_Veins\Neck_Veins\NeckVeins 1.0\libs\LeapJava.jar;C:\Users\ropoLaptopn\Desktop\merged methods\Neck_Veins\Neck_Veins\NeckVeins 1.0\libs\ejml-v0.27-libs\EJML-core-0.27.jar;C:\Users\ropoLaptopn\Desktop\merged methods\Neck_Veins\Neck_Veins\NeckVeins 1.0\libs\ejml-v0.27-libs\EJML-simple-0.27.jar;C:\Users\ropoLaptopn\Desktop\merged methods\Neck_Veins\Neck_Veins\NeckVeins 1.0\libs\ejml-v0.27-libs\EJML-dense64-0.27.jar;C:\Users\ropoLaptopn\Desktop\merged methods\Neck_Veins\Neck_Veins\NeckVeins 1.0\libs\ejml-v0.27-libs\EJML-denseC64-0.27.jar;C:\Users\ropoLaptopn\Desktop\merged methods\Neck_Veins\Neck_Veins\NeckVeins 1.0\libs\ejml-v0.27-libs\EJML-equation-0.27.jar;C:\Users\ropoLaptopn\Desktop\merged methods\Neck_Veins\Neck_Veins\NeckVeins 1.0\libs\nifty-1.4.1\dependencies\eventbus-1.4.jar;C:\Users\ropoLaptopn\Desktop\merged methods\Neck_Veins\Neck_Veins\NeckVeins 1.0\libs\nifty-1.4.1\dependencies\jglfont-core-1.4.jar;C:\Users\ropoLaptopn\Desktop\merged methods\Neck_Veins\Neck_Veins\NeckVeins 1.0\libs\nifty-1.4.1\dependencies\jorbis-0.0.17.jar;C:\Users\ropoLaptopn\Desktop\merged methods\Neck_Veins\Neck_Veins\NeckVeins 1.0\lwjgl-2.9.3\jar\AppleJavaExtensions.jar;C:\Users\ropoLaptopn\Desktop\merged methods\Neck_Veins\Neck_Veins\NeckVeins 1.0\lwjgl-2.9.3\jar\jinput.jar;C:\Users\ropoLaptopn\Desktop\merged methods\Neck_Veins\Neck_Veins\NeckVeins 1.0\lwjgl-2.9.3\jar\laf-plugin-7.2.1.jar;C:\Users\ropoLaptopn\Desktop\merged methods\Neck_Veins\Neck_Veins\NeckVeins 1.0\lwjgl-2.9.3\jar\laf-widget-7.2.1.jar;C:\Users\ropoLaptopn\Desktop\merged
Launcher Type: SUN_STANDARD

Environment Variables:
PATH=C:/Program Files/Java/jre1.8.0_51/bin/server;C:/Program Files/Java/jre1.8.0_51/bin;C:/Program Files/Java/jre1.8.0_51/lib/amd64;C:\ProgramData\Oracle\Java\javapath;c:\Rtools\bin;c:\Rtools\gcc-4.6.3\bin;C:\Windows\system32;C:\Windows;C:\Windows\System32\Wbem;C:\Windows\System32\WindowsPowerShell\v1.0\;C:\Program Files (x86)\AMD\ATI.ACE\Core-Static;C:\Rtools\bin;C:\Rtools\gcc-4.6.3\bin;C:\Program Files\TortoiseGit\bin;C:\Python27;C:\Program Files (x86)\Skype\Phone\;C:\Users\ropoLaptopn\Desktop\eclipse;
USERNAME=ropoLaptopn
OS=Windows_NT
PROCESSOR_IDENTIFIER=Intel64 Family 6 Model 37 Stepping 2, GenuineIntel



---------------  S Y S T E M  ---------------

OS: Windows 8.1 , 64 bit Build 9600 (6.3.9600.17415)

CPU:total 4 (2 cores per cpu, 2 threads per core) family 6 model 37 stepping 2, cmov, cx8, fxsr, mmx, sse, sse2, sse3, ssse3, sse4.1, sse4.2, popcnt, ht, tsc, tscinvbit

Memory: 4k page, physical 3985892k(1772164k free), swap 5473664k(2353928k free)

vm_info: Java HotSpot(TM) 64-Bit Server VM (25.51-b03) for windows-amd64 JRE (1.8.0_51-b16), built on Jun  8 2015 18:03:07 by "java_re" with MS VC++ 10.0 (VS2010)

time: Sun Aug 23 09:31:41 2015
elapsed time: 11 seconds (0d 0h 0m 11s)

