#
# A fatal error has been detected by the Java Runtime Environment:
#
#  EXCEPTION_ACCESS_VIOLATION (0xc0000005) at pc=0x0000000000000000, pid=3952, tid=176
#
# JRE version: Java(TM) SE Runtime Environment (8.0_51-b16) (build 1.8.0_51-b16)
# Java VM: Java HotSpot(TM) 64-Bit Server VM (25.51-b03 mixed mode windows-amd64 compressed oops)
# Problematic frame:
# C  0x0000000000000000
#
# Failed to write core dump. Minidumps are not enabled by default on client versions of Windows
#
# If you would like to submit a bug report, please visit:
#   http://bugreport.java.com/bugreport/crash.jsp
# The crash happened outside the Java Virtual Machine in native code.
# See problematic frame for where to report the bug.
#

---------------  T H R E A D  ---------------

Current thread (0x000000000211e800):  JavaThread "main" [_thread_in_native, id=176, stack(0x0000000001fd0000,0x00000000020d0000)]

siginfo: ExceptionCode=0xc0000005, ExceptionInformation=0x0000000000000008 0x0000000000000000

Registers:
RAX=0x0000000000000000, RBX=0x000000001f29b100, RCX=0x000000001f29b100, RDX=0x0000000000000000
RSP=0x00000000020cd518, RBP=0x00000000020cd5c8, RSI=0x0000000020000c6e, RDI=0x00000000022a78a0
R8 =0x000000000000007f, R9 =0x0000000000000054, R10=0x00000000000000a2, R11=0x0000000000000288
R12=0x0000000000000000, R13=0x000000001bc6ae48, R14=0x00000000020cd5f0, R15=0x000000000211e800
RIP=0x0000000000000000, EFLAGS=0x0000000000010202

Top of Stack: (sp=0x00000000020cd518)
0x00000000020cd518:   0000000180003c8d 000000001f29b100
0x00000000020cd528:   000000000211e800 00000000020cd5c8
0x00000000020cd538:   0000000020000c6e 000000001bc6ae48
0x00000000020cd548:   00000000022ba86c 00000000020cd5c8
0x00000000020cd558:   00000000022ba437 000000000211e800
0x00000000020cd568:   000000001bc6ae48 00000000022a78a0
0x00000000020cd578:   000000000211e800 00000000022ba3f1
0x00000000020cd588:   00000000020cd588 000000001bc6ae48
0x00000000020cd598:   00000000020cd5f0 000000001bc6b0b0
0x00000000020cd5a8:   0000000000000000 000000001bc6ae48
0x00000000020cd5b8:   0000000000000000 00000000020cd5e8
0x00000000020cd5c8:   00000000020cd638 00000000022a78a0
0x00000000020cd5d8:   00000000ebf43ba0 00000000022b42f7
0x00000000020cd5e8:   000000001f29b100 00000000ebf43d28
0x00000000020cd5f8:   00000000020cd5f8 000000001bc6ad99
0x00000000020cd608:   00000000020cd650 000000001bc6b0b0 

Instructions: (pc=0x0000000000000000)
0xffffffffffffffe0:   


Register to memory mapping:

RAX=0x0000000000000000 is an unknown value
RBX=0x000000001f29b100 is an unknown value
RCX=0x000000001f29b100 is an unknown value
RDX=0x0000000000000000 is an unknown value
RSP=0x00000000020cd518 is pointing into the stack for thread: 0x000000000211e800
RBP=0x00000000020cd5c8 is pointing into the stack for thread: 0x000000000211e800
RSI=0x0000000020000c6e is an unknown value
RDI=0x00000000022a78a0 is at code_begin+832 in an Interpreter codelet
invoke return entry points  [0x00000000022a7560, 0x00000000022a7e60]  2304 bytes
R8 =0x000000000000007f is an unknown value
R9 =0x0000000000000054 is an unknown value
R10=0x00000000000000a2 is an unknown value
R11=0x0000000000000288 is an unknown value
R12=0x0000000000000000 is an unknown value
R13={method} {0x000000001bc6ae50} 'ngetFunctionAddress' '(J)J' in 'org/lwjgl/opencl/CL'
R14=0x00000000020cd5f0 is pointing into the stack for thread: 0x000000000211e800
R15=0x000000000211e800 is a thread


Stack: [0x0000000001fd0000,0x00000000020d0000],  sp=0x00000000020cd518,  free space=1013k
Native frames: (J=compiled Java code, j=interpreted, Vv=VM code, C=native code)

Java frames: (J=compiled Java code, j=interpreted, Vv=VM code)
j  org.lwjgl.opencl.CL.ngetFunctionAddress(J)J+0
j  org.lwjgl.opencl.CL.getFunctionAddress(Ljava/lang/String;)J+9
j  org.lwjgl.opencl.CLCapabilities.<clinit>()V+2
v  ~StubRoutines::call_stub
j  org.lwjgl.opencl.CL10.clGetPlatformIDs(Lorg/lwjgl/PointerBuffer;Ljava/nio/IntBuffer;)I+0
j  org.lwjgl.opencl.InfoUtilFactory$CLPlatformUtil.getPlatforms(Lorg/lwjgl/opencl/api/Filter;)Ljava/util/List;+6
j  org.lwjgl.opencl.CLPlatform.getPlatforms(Lorg/lwjgl/opencl/api/Filter;)Ljava/util/List;+4
j  org.lwjgl.opencl.CLPlatform.getPlatforms()Ljava/util/List;+1
j  si.uni_lj.fri.veins3D.gui.NiftyScreenController.onButton_OpenDialog_Open()V+38
v  ~StubRoutines::call_stub
J 2897  sun.reflect.NativeMethodAccessorImpl.invoke0(Ljava/lang/reflect/Method;Ljava/lang/Object;[Ljava/lang/Object;)Ljava/lang/Object; (0 bytes) @ 0x0000000002cbe4bf [0x0000000002cbe440+0x7f]
J 2896 C1 sun.reflect.NativeMethodAccessorImpl.invoke(Ljava/lang/Object;[Ljava/lang/Object;)Ljava/lang/Object; (104 bytes) @ 0x0000000002cbfae4 [0x0000000002cbe900+0x11e4]
J 931 C1 sun.reflect.DelegatingMethodAccessorImpl.invoke(Ljava/lang/Object;[Ljava/lang/Object;)Ljava/lang/Object; (10 bytes) @ 0x0000000002636664 [0x0000000002636540+0x124]
J 925 C1 java.lang.reflect.Method.invoke(Ljava/lang/Object;[Ljava/lang/Object;)Ljava/lang/Object; (62 bytes) @ 0x00000000026396d4 [0x00000000026392c0+0x414]
j  de.lessvoid.nifty.NiftyMethodInvoker.callMethod(Ljava/lang/Object;Ljava/lang/reflect/Method;[Ljava/lang/Object;)Ljava/lang/Object;+109
j  de.lessvoid.nifty.NiftyMethodInvoker.performInvoke([Ljava/lang/Object;)V+298
j  de.lessvoid.nifty.Nifty$DelayedMethodInvoke.perform()V+8
j  de.lessvoid.nifty.Nifty.invokeMethods()V+47
J 2843 C1 de.lessvoid.nifty.Nifty.handleDynamicElements()V (27 bytes) @ 0x0000000002c5aa94 [0x0000000002c5a080+0xa14]
j  de.lessvoid.nifty.Nifty.access$7(Lde/lessvoid/nifty/Nifty;)V+1
j  de.lessvoid.nifty.Nifty$NiftyInputConsumerImpl.processEvent(Lde/lessvoid/nifty/input/NiftyMouseInputEvent;)Z+43
j  de.lessvoid.nifty.Nifty$NiftyInputConsumerImpl.processMouseEvent(IIIIZ)Z+25
j  de.lessvoid.nifty.renderer.lwjgl.input.LwjglInputSystem.processMouseEvents(Lde/lessvoid/nifty/NiftyInputConsumer;)V+47
J 2875 C1 de.lessvoid.nifty.Nifty.update()Z (126 bytes) @ 0x0000000002cb6d74 [0x0000000002cb6880+0x4f4]
J 3109 C1 si.uni_lj.fri.veins3D.main.VeinsWindow.renderNiftyGUI()V (131 bytes) @ 0x0000000002597eb4 [0x0000000002593aa0+0x4414]
j  si.uni_lj.fri.veins3D.main.VeinsWindow.mainLoop()V+111
j  si.uni_lj.fri.veins3D.main.Main.main([Ljava/lang/String;)V+7
v  ~StubRoutines::call_stub

---------------  P R O C E S S  ---------------

Java Threads: ( => current thread )
  0x000000001d709800 JavaThread "LWJGL Timer" daemon [_thread_blocked, id=4464, stack(0x000000001c680000,0x000000001c780000)]
  0x000000001d711800 JavaThread "Thread-6" daemon [_thread_in_native, id=1864, stack(0x000000001f930000,0x000000001fa30000)]
  0x000000001740b000 JavaThread "D3D Screen Updater" daemon [_thread_blocked, id=4804, stack(0x000000001a020000,0x000000001a120000)]
  0x00000000173f4000 JavaThread "AWT-EventQueue-0" [_thread_blocked, id=3316, stack(0x0000000019a10000,0x0000000019b10000)]
  0x00000000173ca800 JavaThread "AWT-Windows" daemon [_thread_in_native, id=4740, stack(0x0000000017c70000,0x0000000017d70000)]
  0x00000000173ca000 JavaThread "AWT-Shutdown" [_thread_blocked, id=1668, stack(0x0000000017b70000,0x0000000017c70000)]
  0x00000000173c9000 JavaThread "Java2D Disposer" daemon [_thread_blocked, id=900, stack(0x0000000017a70000,0x0000000017b70000)]
  0x00000000166c7000 JavaThread "Service Thread" daemon [_thread_blocked, id=2132, stack(0x0000000016a70000,0x0000000016b70000)]
  0x00000000147ce000 JavaThread "C1 CompilerThread2" daemon [_thread_blocked, id=652, stack(0x0000000016570000,0x0000000016670000)]
  0x00000000147cb000 JavaThread "C2 CompilerThread1" daemon [_thread_blocked, id=3660, stack(0x0000000016470000,0x0000000016570000)]
  0x00000000147c5800 JavaThread "C2 CompilerThread0" daemon [_thread_blocked, id=4180, stack(0x0000000016370000,0x0000000016470000)]
  0x00000000147b9800 JavaThread "JDWP Command Reader" daemon [_thread_in_native, id=4100, stack(0x0000000016270000,0x0000000016370000)]
  0x00000000147b8000 JavaThread "JDWP Event Helper Thread" daemon [_thread_blocked, id=1172, stack(0x0000000016170000,0x0000000016270000)]
  0x00000000147aa000 JavaThread "JDWP Transport Listener: dt_socket" daemon [_thread_blocked, id=2840, stack(0x0000000016070000,0x0000000016170000)]
  0x00000000147a0800 JavaThread "Attach Listener" daemon [_thread_blocked, id=3916, stack(0x0000000015c10000,0x0000000015d10000)]
  0x000000001479d000 JavaThread "Signal Dispatcher" daemon [_thread_blocked, id=5052, stack(0x0000000015b10000,0x0000000015c10000)]
  0x0000000002299000 JavaThread "Finalizer" daemon [_thread_blocked, id=4252, stack(0x0000000015a10000,0x0000000015b10000)]
  0x0000000002290800 JavaThread "Reference Handler" daemon [_thread_blocked, id=4172, stack(0x0000000015910000,0x0000000015a10000)]
=>0x000000000211e800 JavaThread "main" [_thread_in_native, id=176, stack(0x0000000001fd0000,0x00000000020d0000)]

Other Threads:
  0x0000000014766800 VMThread [stack: 0x0000000015810000,0x0000000015910000] [id=5092]
  0x00000000166cb000 WatcherThread [stack: 0x0000000016b70000,0x0000000016c70000] [id=3480]

VM state:not at safepoint (normal execution)

VM Mutex/Monitor currently owned by a thread: None

Heap:
 PSYoungGen      total 68608K, used 8018K [0x00000000ebb80000, 0x00000000f4180000, 0x0000000100000000)
  eden space 63488K, 6% used [0x00000000ebb80000,0x00000000ebf7d8b8,0x00000000ef980000)
  from space 5120K, 76% used [0x00000000ef980000,0x00000000efd57098,0x00000000efe80000)
  to   space 5120K, 0% used [0x00000000f3c80000,0x00000000f3c80000,0x00000000f4180000)
 ParOldGen       total 42496K, used 6889K [0x00000000c3200000, 0x00000000c5b80000, 0x00000000ebb80000)
  object space 42496K, 16% used [0x00000000c3200000,0x00000000c38ba450,0x00000000c5b80000)
 Metaspace       used 17440K, capacity 17757K, committed 17920K, reserved 1064960K
  class space    used 1869K, capacity 1970K, committed 2048K, reserved 1048576K

Card table byte_map: [0x0000000011660000,0x0000000011850000] byte_map_base: 0x0000000011047000

Marking Bits: (ParMarkBitMap*) 0x0000000077234040
 Begin Bits: [0x0000000011da0000, 0x0000000012cd8000)
 End Bits:   [0x0000000012cd8000, 0x0000000013c10000)

Polling page: 0x0000000000780000

CodeCache: size=245760Kb used=10822Kb max_used=11168Kb free=234937Kb
 bounds [0x00000000022a0000, 0x0000000002df0000, 0x00000000112a0000]
 total_blobs=3513 nmethods=2847 adapters=587
 compilation: enabled

Compilation events (10 events):
Event: 11.895 Thread 0x00000000147cb000 3128       4       java.lang.Integer::formatUnsignedInt (48 bytes)
Event: 11.896 Thread 0x00000000147ce000 nmethod 3127 0x00000000025bb890 code [0x00000000025bbae0, 0x00000000025bca08]
Event: 11.896 Thread 0x00000000147ce000 3129       3       de.lessvoid.nifty.elements.Element::hasVisibleParent (33 bytes)
Event: 11.896 Thread 0x00000000147ce000 nmethod 3129 0x000000000253be90 code [0x000000000253c020, 0x000000000253c3c8]
Event: 11.905 Thread 0x00000000147cb000 nmethod 3128 0x000000000263c2d0 code [0x000000000263c420, 0x000000000263c918]
Event: 11.923 Thread 0x00000000147c5800 nmethod 3114 0x00000000026ac090 code [0x00000000026ac380, 0x00000000026afe10]
Event: 13.626 Thread 0x00000000147ce000 3130       3       sun.java2d.d3d.D3DSurfaceData$D3DWindowSurfaceData::isDirty (18 bytes)
Event: 13.626 Thread 0x00000000147ce000 nmethod 3130 0x00000000027acd10 code [0x00000000027ace80, 0x00000000027ad108]
Event: 13.626 Thread 0x00000000147ce000 3131       3       sun.java2d.StateTrackableDelegate$1::isCurrent (17 bytes)
Event: 13.626 Thread 0x00000000147ce000 nmethod 3131 0x00000000026a2cd0 code [0x00000000026a2e20, 0x00000000026a2fd0]

GC Heap History (10 events):
Event: 2.822 GC heap before
{Heap before GC invocations=3 (full 0):
 PSYoungGen      total 18432K, used 18416K [0x00000000ebb80000, 0x00000000edf80000, 0x0000000100000000)
  eden space 15872K, 100% used [0x00000000ebb80000,0x00000000ecb00000,0x00000000ecb00000)
  from space 2560K, 99% used [0x00000000ecd80000,0x00000000ecffc030,0x00000000ed000000)
  to   space 2560K, 0% used [0x00000000ecb00000,0x00000000ecb00000,0x00000000ecd80000)
 ParOldGen       total 42496K, used 1165K [0x00000000c3200000, 0x00000000c5b80000, 0x00000000ebb80000)
  object space 42496K, 2% used [0x00000000c3200000,0x00000000c3323740,0x00000000c5b80000)
 Metaspace       used 13705K, capacity 13949K, committed 14208K, reserved 1062912K
  class space    used 1493K, capacity 1570K, committed 1664K, reserved 1048576K
Event: 2.834 GC heap after
Heap after GC invocations=3 (full 0):
 PSYoungGen      total 18432K, used 2560K [0x00000000ebb80000, 0x00000000edf80000, 0x0000000100000000)
  eden space 15872K, 0% used [0x00000000ebb80000,0x00000000ebb80000,0x00000000ecb00000)
  from space 2560K, 100% used [0x00000000ecb00000,0x00000000ecd80000,0x00000000ecd80000)
  to   space 2560K, 0% used [0x00000000edd00000,0x00000000edd00000,0x00000000edf80000)
 ParOldGen       total 42496K, used 2773K [0x00000000c3200000, 0x00000000c5b80000, 0x00000000ebb80000)
  object space 42496K, 6% used [0x00000000c3200000,0x00000000c34b5740,0x00000000c5b80000)
 Metaspace       used 13705K, capacity 13949K, committed 14208K, reserved 1062912K
  class space    used 1493K, capacity 1570K, committed 1664K, reserved 1048576K
}
Event: 3.188 GC heap before
{Heap before GC invocations=4 (full 0):
 PSYoungGen      total 18432K, used 18432K [0x00000000ebb80000, 0x00000000edf80000, 0x0000000100000000)
  eden space 15872K, 100% used [0x00000000ebb80000,0x00000000ecb00000,0x00000000ecb00000)
  from space 2560K, 100% used [0x00000000ecb00000,0x00000000ecd80000,0x00000000ecd80000)
  to   space 2560K, 0% used [0x00000000edd00000,0x00000000edd00000,0x00000000edf80000)
 ParOldGen       total 42496K, used 2773K [0x00000000c3200000, 0x00000000c5b80000, 0x00000000ebb80000)
  object space 42496K, 6% used [0x00000000c3200000,0x00000000c34b5740,0x00000000c5b80000)
 Metaspace       used 14355K, capacity 14613K, committed 14720K, reserved 1062912K
  class space    used 1563K, capacity 1638K, committed 1664K, reserved 1048576K
Event: 3.196 GC heap after
Heap after GC invocations=4 (full 0):
 PSYoungGen      total 34304K, used 2560K [0x00000000ebb80000, 0x00000000edf80000, 0x0000000100000000)
  eden space 31744K, 0% used [0x00000000ebb80000,0x00000000ebb80000,0x00000000eda80000)
  from space 2560K, 100% used [0x00000000edd00000,0x00000000edf80000,0x00000000edf80000)
  to   space 2560K, 0% used [0x00000000eda80000,0x00000000eda80000,0x00000000edd00000)
 ParOldGen       total 42496K, used 3575K [0x00000000c3200000, 0x00000000c5b80000, 0x00000000ebb80000)
  object space 42496K, 8% used [0x00000000c3200000,0x00000000c357de98,0x00000000c5b80000)
 Metaspace       used 14355K, capacity 14613K, committed 14720K, reserved 1062912K
  class space    used 1563K, capacity 1638K, committed 1664K, reserved 1048576K
}
Event: 3.848 GC heap before
{Heap before GC invocations=5 (full 0):
 PSYoungGen      total 34304K, used 34304K [0x00000000ebb80000, 0x00000000edf80000, 0x0000000100000000)
  eden space 31744K, 100% used [0x00000000ebb80000,0x00000000eda80000,0x00000000eda80000)
  from space 2560K, 100% used [0x00000000edd00000,0x00000000edf80000,0x00000000edf80000)
  to   space 2560K, 0% used [0x00000000eda80000,0x00000000eda80000,0x00000000edd00000)
 ParOldGen       total 42496K, used 3575K [0x00000000c3200000, 0x00000000c5b80000, 0x00000000ebb80000)
  object space 42496K, 8% used [0x00000000c3200000,0x00000000c357de98,0x00000000c5b80000)
 Metaspace       used 14952K, capacity 15237K, committed 15360K, reserved 1062912K
  class space    used 1611K, capacity 1710K, committed 1792K, reserved 1048576K
Event: 3.862 GC heap after
Heap after GC invocations=5 (full 0):
 PSYoungGen      total 34304K, used 2560K [0x00000000ebb80000, 0x00000000f0380000, 0x0000000100000000)
  eden space 31744K, 0% used [0x00000000ebb80000,0x00000000ebb80000,0x00000000eda80000)
  from space 2560K, 100% used [0x00000000eda80000,0x00000000edd00000,0x00000000edd00000)
  to   space 5120K, 0% used [0x00000000efe80000,0x00000000efe80000,0x00000000f0380000)
 ParOldGen       total 42496K, used 6093K [0x00000000c3200000, 0x00000000c5b80000, 0x00000000ebb80000)
  object space 42496K, 14% used [0x00000000c3200000,0x00000000c37f35e0,0x00000000c5b80000)
 Metaspace       used 14952K, capacity 15237K, committed 15360K, reserved 1062912K
  class space    used 1611K, capacity 1710K, committed 1792K, reserved 1048576K
}
Event: 4.526 GC heap before
{Heap before GC invocations=6 (full 0):
 PSYoungGen      total 34304K, used 34304K [0x00000000ebb80000, 0x00000000f0380000, 0x0000000100000000)
  eden space 31744K, 100% used [0x00000000ebb80000,0x00000000eda80000,0x00000000eda80000)
  from space 2560K, 100% used [0x00000000eda80000,0x00000000edd00000,0x00000000edd00000)
  to   space 5120K, 0% used [0x00000000efe80000,0x00000000efe80000,0x00000000f0380000)
 ParOldGen       total 42496K, used 6093K [0x00000000c3200000, 0x00000000c5b80000, 0x00000000ebb80000)
  object space 42496K, 14% used [0x00000000c3200000,0x00000000c37f35e0,0x00000000c5b80000)
 Metaspace       used 16222K, capacity 16485K, committed 16768K, reserved 1064960K
  class space    used 1779K, capacity 1870K, committed 1920K, reserved 1048576K
Event: 4.537 GC heap after
Heap after GC invocations=6 (full 0):
 PSYoungGen      total 68608K, used 4208K [0x00000000ebb80000, 0x00000000f0380000, 0x0000000100000000)
  eden space 63488K, 0% used [0x00000000ebb80000,0x00000000ebb80000,0x00000000ef980000)
  from space 5120K, 82% used [0x00000000efe80000,0x00000000f029c010,0x00000000f0380000)
  to   space 5120K, 0% used [0x00000000ef980000,0x00000000ef980000,0x00000000efe80000)
 ParOldGen       total 42496K, used 6101K [0x00000000c3200000, 0x00000000c5b80000, 0x00000000ebb80000)
  object space 42496K, 14% used [0x00000000c3200000,0x00000000c37f55e0,0x00000000c5b80000)
 Metaspace       used 16222K, capacity 16485K, committed 16768K, reserved 1064960K
  class space    used 1779K, capacity 1870K, committed 1920K, reserved 1048576K
}
Event: 11.400 GC heap before
{Heap before GC invocations=7 (full 0):
 PSYoungGen      total 68608K, used 67696K [0x00000000ebb80000, 0x00000000f0380000, 0x0000000100000000)
  eden space 63488K, 100% used [0x00000000ebb80000,0x00000000ef980000,0x00000000ef980000)
  from space 5120K, 82% used [0x00000000efe80000,0x00000000f029c010,0x00000000f0380000)
  to   space 5120K, 0% used [0x00000000ef980000,0x00000000ef980000,0x00000000efe80000)
 ParOldGen       total 42496K, used 6101K [0x00000000c3200000, 0x00000000c5b80000, 0x00000000ebb80000)
  object space 42496K, 14% used [0x00000000c3200000,0x00000000c37f55e0,0x00000000c5b80000)
 Metaspace       used 17130K, capacity 17405K, committed 17664K, reserved 1064960K
  class space    used 1839K, capacity 1938K, committed 2048K, reserved 1048576K
Event: 11.417 GC heap after
Heap after GC invocations=7 (full 0):
 PSYoungGen      total 68608K, used 3932K [0x00000000ebb80000, 0x00000000f4180000, 0x0000000100000000)
  eden space 63488K, 0% used [0x00000000ebb80000,0x00000000ebb80000,0x00000000ef980000)
  from space 5120K, 76% used [0x00000000ef980000,0x00000000efd57098,0x00000000efe80000)
  to   space 5120K, 0% used [0x00000000f3c80000,0x00000000f3c80000,0x00000000f4180000)
 ParOldGen       total 42496K, used 6889K [0x00000000c3200000, 0x00000000c5b80000, 0x00000000ebb80000)
  object space 42496K, 16% used [0x00000000c3200000,0x00000000c38ba450,0x00000000c5b80000)
 Metaspace       used 17130K, capacity 17405K, committed 17664K, reserved 1064960K
  class space    used 1839K, capacity 1938K, committed 2048K, reserved 1048576K
}

Deoptimization events (10 events):
Event: 8.526 Thread 0x000000000211e800 Uncommon trap: reason=unstable_if action=reinterpret pc=0x0000000002bf8ce8 method=de.lessvoid.nifty.effects.EffectProcessorImpl.isInactive()Z @ 4
Event: 8.526 Thread 0x000000000211e800 Uncommon trap: reason=unstable_if action=reinterpret pc=0x0000000002bb6b04 method=de.lessvoid.nifty.effects.EffectProcessorImpl.isInactive()Z @ 4
Event: 8.605 Thread 0x000000000211e800 Uncommon trap: reason=unstable_if action=reinterpret pc=0x0000000002c1b078 method=de.lessvoid.nifty.render.image.areaprovider.CachedAreaProvider.getSourceArea(Lde/lessvoid/nifty/spi/render/RenderImage;)Lde/lessvoid/nifty/layout/Box; @ 5
Event: 9.539 Thread 0x000000000211e800 Uncommon trap: reason=unstable_if action=reinterpret pc=0x0000000002c9f814 method=de.lessvoid.nifty.effects.EffectProcessorImpl.checkFinish()V @ 14
Event: 9.655 Thread 0x000000000211e800 Uncommon trap: reason=unstable_if action=reinterpret pc=0x000000000298b764 method=de.lessvoid.nifty.tools.SizeValue.isPercent()Z @ 4
Event: 9.655 Thread 0x000000000211e800 Uncommon trap: reason=unstable_if action=reinterpret pc=0x0000000002bc54d0 method=de.lessvoid.nifty.render.NiftyRenderEngineImpl.updateClip(ZIIII)V @ 22
Event: 9.657 Thread 0x000000000211e800 Uncommon trap: reason=unstable_if action=reinterpret pc=0x00000000028e54bc method=de.lessvoid.nifty.tools.SizeValue.isPercent()Z @ 4
Event: 9.880 Thread 0x000000000211e800 Uncommon trap: reason=unstable_if action=reinterpret pc=0x0000000002cd3224 method=de.lessvoid.nifty.elements.Element.isMouseInsideElement(II)Z @ 13
Event: 9.914 Thread 0x000000000211e800 Uncommon trap: reason=unstable_if action=reinterpret pc=0x0000000002c73180 method=de.lessvoid.nifty.effects.EffectProcessorImpl.checkFinish()V @ 14
Event: 10.867 Thread 0x000000000211e800 Uncommon trap: reason=unstable_if action=reinterpret pc=0x0000000002d00b60 method=de.lessvoid.nifty.elements.Element.isInsideParentClipArea(II)Z @ 18

Internal exceptions (10 events):
Event: 0.404 Thread 0x000000000211e800 Exception <a 'java/security/PrivilegedActionException'> (0x00000000ebecd0d8) thrown at [C:\re\workspace\8-2-build-windows-amd64-cygwin\jdk8u51\3951\hotspot\src\share\vm\prims\jvm.cpp, line 1382]
Event: 0.407 Thread 0x000000000211e800 Exception <a 'java/security/PrivilegedActionException'> (0x00000000ebed0bd0) thrown at [C:\re\workspace\8-2-build-windows-amd64-cygwin\jdk8u51\3951\hotspot\src\share\vm\prims\jvm.cpp, line 1382]
Event: 0.407 Thread 0x000000000211e800 Exception <a 'java/security/PrivilegedActionException'> (0x00000000ebed0d88) thrown at [C:\re\workspace\8-2-build-windows-amd64-cygwin\jdk8u51\3951\hotspot\src\share\vm\prims\jvm.cpp, line 1382]
Event: 0.417 Thread 0x000000000211e800 Exception <a 'java/io/FileNotFoundException'> (0x00000000ebed3380) thrown at [C:\re\workspace\8-2-build-windows-amd64-cygwin\jdk8u51\3951\hotspot\src\share\vm\prims\jni.cpp, line 709]
Event: 0.452 Thread 0x000000000211e800 Exception <a 'java/io/FileNotFoundException'> (0x00000000ebef2338) thrown at [C:\re\workspace\8-2-build-windows-amd64-cygwin\jdk8u51\3951\hotspot\src\share\vm\prims\jni.cpp, line 709]
Event: 0.505 Thread 0x000000000211e800 Exception <a 'java/lang/NoSuchFieldError': method resolution failed> (0x00000000ebfc3e08) thrown at [C:\re\workspace\8-2-build-windows-amd64-cygwin\jdk8u51\3951\hotspot\src\share\vm\prims\methodHandles.cpp, line 1125]
Event: 0.511 Thread 0x000000000211e800 Exception <a 'java/lang/NoSuchFieldError': method resolution failed> (0x00000000ebfd27c8) thrown at [C:\re\workspace\8-2-build-windows-amd64-cygwin\jdk8u51\3951\hotspot\src\share\vm\prims\methodHandles.cpp, line 1125]
Event: 2.760 Thread 0x000000000211e800 Implicit null exception at 0x0000000002577e1c to 0x0000000002578299
Event: 2.847 Thread 0x000000000211e800 Implicit null exception at 0x0000000002503cd9 to 0x0000000002504101
Event: 4.055 Thread 0x000000000211e800 Implicit null exception at 0x00000000029012d5 to 0x00000000029013c9

Events (10 events):
Event: 15.366 loading class java/nio/BufferOverflowException
Event: 15.366 loading class java/nio/BufferOverflowException done
Event: 15.366 loading class org/lwjgl/PointerBuffer$PointerBufferR
Event: 15.366 loading class org/lwjgl/PointerBuffer$PointerBufferR done
Event: 15.368 loading class org/lwjgl/opencl/CL10
Event: 15.368 loading class org/lwjgl/opencl/CL10 done
Event: 15.375 loading class org/lwjgl/opencl/CLCapabilities
Event: 15.375 loading class org/lwjgl/opencl/CLCapabilities done
Event: 15.377 loading class org/lwjgl/opencl/CL
Event: 15.377 loading class org/lwjgl/opencl/CL done


Dynamic libraries:
0x00007ff70e940000 - 0x00007ff70e977000 	C:\Program Files\Java\jre1.8.0_51\bin\javaw.exe
0x00007ffe0ab60000 - 0x00007ffe0ad0c000 	C:\Windows\SYSTEM32\ntdll.dll
0x00007ffe0a120000 - 0x00007ffe0a25e000 	C:\Windows\system32\KERNEL32.DLL
0x00007ffe07d90000 - 0x00007ffe07ea5000 	C:\Windows\system32\KERNELBASE.dll
0x00007ffe06690000 - 0x00007ffe0671e000 	C:\Windows\system32\apphelp.dll
0x00007ffdf5e00000 - 0x00007ffdf5e53000 	C:\Windows\AppPatch\AppPatch64\AcGenral.DLL
0x00007ffe09c10000 - 0x00007ffe09cba000 	C:\Windows\system32\msvcrt.dll
0x00007ffe07b60000 - 0x00007ffe07b8e000 	C:\Windows\SYSTEM32\SspiCli.dll
0x00007ffe09bb0000 - 0x00007ffe09c04000 	C:\Windows\system32\SHLWAPI.dll
0x00007ffe0a260000 - 0x00007ffe0a3d7000 	C:\Windows\system32\USER32.dll
0x00007ffe0a7f0000 - 0x00007ffe0a984000 	C:\Windows\system32\ole32.dll
0x00007ffe08460000 - 0x00007ffe09979000 	C:\Windows\system32\SHELL32.dll
0x00007ffe072e0000 - 0x00007ffe07301000 	C:\Windows\SYSTEM32\USERENV.dll
0x00007ffe09b00000 - 0x00007ffe09baa000 	C:\Windows\system32\ADVAPI32.dll
0x00007ffdfe4a0000 - 0x00007ffdfe4be000 	C:\Windows\SYSTEM32\MPR.dll
0x00007ffe0a990000 - 0x00007ffe0aad1000 	C:\Windows\system32\RPCRT4.dll
0x00007ffe083a0000 - 0x00007ffe083f9000 	C:\Windows\SYSTEM32\sechost.dll
0x00007ffe09f00000 - 0x00007ffe0a111000 	C:\Windows\SYSTEM32\combase.dll
0x00007ffe0a3e0000 - 0x00007ffe0a530000 	C:\Windows\system32\GDI32.dll
0x00007ffe07cc0000 - 0x00007ffe07cd5000 	C:\Windows\SYSTEM32\profapi.dll
0x00007ffe05d80000 - 0x00007ffe05e32000 	C:\Windows\SYSTEM32\SHCORE.dll
0x00007ffe09cc0000 - 0x00007ffe09cf6000 	C:\Windows\system32\IMM32.DLL
0x00007ffe0a690000 - 0x00007ffe0a7e2000 	C:\Windows\system32\MSCTF.dll
0x00007ffe00850000 - 0x00007ffe00aca000 	C:\Windows\WinSxS\amd64_microsoft.windows.common-controls_6595b64144ccf1df_6.0.9600.17810_none_6240b9c7ecbd0bda\COMCTL32.dll
0x00000000766f0000 - 0x00000000767c2000 	C:\Program Files\Java\jre1.8.0_51\bin\msvcr100.dll
0x0000000076a30000 - 0x00000000772b3000 	C:\Program Files\Java\jre1.8.0_51\bin\server\jvm.dll
0x00007ffe05a70000 - 0x00007ffe05a79000 	C:\Windows\SYSTEM32\WSOCK32.dll
0x00007ffe00640000 - 0x00007ffe00662000 	C:\Windows\SYSTEM32\WINMM.dll
0x00007ffe05e50000 - 0x00007ffe05e5a000 	C:\Windows\SYSTEM32\VERSION.dll
0x00007ffe0ab40000 - 0x00007ffe0ab47000 	C:\Windows\system32\PSAPI.DLL
0x00007ffe0aae0000 - 0x00007ffe0ab3a000 	C:\Windows\system32\WS2_32.dll
0x00007ffe00540000 - 0x00007ffe0056a000 	C:\Windows\SYSTEM32\WINMMBASE.dll
0x00007ffe0a5a0000 - 0x00007ffe0a5a9000 	C:\Windows\system32\NSI.dll
0x00007ffe07eb0000 - 0x00007ffe07eff000 	C:\Windows\SYSTEM32\cfgmgr32.dll
0x00007ffe06ab0000 - 0x00007ffe06ad8000 	C:\Windows\SYSTEM32\DEVOBJ.dll
0x0000000076940000 - 0x000000007694f000 	C:\Program Files\Java\jre1.8.0_51\bin\verify.dll
0x0000000076910000 - 0x0000000076939000 	C:\Program Files\Java\jre1.8.0_51\bin\java.dll
0x00000000766b0000 - 0x00000000766e5000 	C:\Program Files\Java\jre1.8.0_51\bin\jdwp.dll
0x00000000766a0000 - 0x00000000766a8000 	C:\Program Files\Java\jre1.8.0_51\bin\npt.dll
0x00000000768f0000 - 0x0000000076906000 	C:\Program Files\Java\jre1.8.0_51\bin\zip.dll
0x0000000076690000 - 0x0000000076699000 	C:\Program Files\Java\jre1.8.0_51\bin\dt_socket.dll
0x00007ffdf7190000 - 0x00007ffdf71a5000 	C:\Windows\system32\napinsp.dll
0x00007ffdf72c0000 - 0x00007ffdf72da000 	C:\Windows\system32\pnrpnsp.dll
0x00007ffe05f00000 - 0x00007ffe05f1b000 	C:\Windows\system32\NLAapi.dll
0x00007ffe075a0000 - 0x00007ffe075f9000 	C:\Windows\System32\mswsock.dll
0x00007ffe073a0000 - 0x00007ffe07444000 	C:\Windows\SYSTEM32\DNSAPI.dll
0x00007ffdf72e0000 - 0x00007ffdf72ed000 	C:\Windows\System32\winrnr.dll
0x00007ffdfa990000 - 0x00007ffdfa9a4000 	C:\Windows\system32\wshbth.dll
0x0000000077390000 - 0x00000000773b6000 	C:\Program Files\Bonjour\mdnsNSP.dll
0x00007ffe05350000 - 0x00007ffe0537a000 	C:\Windows\SYSTEM32\Iphlpapi.DLL
0x00007ffe05320000 - 0x00007ffe0532a000 	C:\Windows\SYSTEM32\WINNSI.DLL
0x00007ffe04760000 - 0x00007ffe047cb000 	C:\Windows\System32\fwpuclnt.dll
0x00007ffdfb250000 - 0x00007ffdfb25a000 	C:\Windows\System32\rasadhlp.dll
0x0000000180000000 - 0x0000000180053000 	C:\Users\ropoLaptopn\Desktop\merged methods\Neck_Veins\Neck_Veins\NeckVeins 1.0\lwjgl-2.9.3\native\windows\lwjgl64.dll
0x00007ffdf2390000 - 0x00007ffdf24bb000 	C:\Windows\SYSTEM32\OPENGL32.dll
0x00007ffdfd430000 - 0x00007ffdfd45e000 	C:\Windows\SYSTEM32\GLU32.dll
0x00007ffdf2cf0000 - 0x00007ffdf2de8000 	C:\Windows\SYSTEM32\DDRAW.dll
0x00007ffe05100000 - 0x00007ffe05109000 	C:\Windows\SYSTEM32\DCIMAN32.dll
0x00000000764f0000 - 0x0000000076688000 	C:\Program Files\Java\jre1.8.0_51\bin\awt.dll
0x00007ffe0a5c0000 - 0x00007ffe0a681000 	C:\Windows\system32\OLEAUT32.dll
0x00007ffe060e0000 - 0x00007ffe06101000 	C:\Windows\system32\DWMAPI.DLL
0x00007ffe06930000 - 0x00007ffe06a59000 	C:\Windows\system32\uxtheme.dll
0x00007ffe06b00000 - 0x00007ffe06b0b000 	C:\Windows\SYSTEM32\kernel.appcore.dll
0x00007ffe07c00000 - 0x00007ffe07c0b000 	C:\Windows\SYSTEM32\CRYPTBASE.dll
0x00007ffe07b90000 - 0x00007ffe07bf3000 	C:\Windows\SYSTEM32\bcryptPrimitives.dll
0x00007ffdf1590000 - 0x00007ffdf17b1000 	C:\Windows\system32\d3d9.dll
0x00007ffe03cb0000 - 0x00007ffe03cbd000 	C:\Windows\SYSTEM32\atiu9p64.dll
0x0000000075fe0000 - 0x00000000764e1000 	C:\Windows\SYSTEM32\atiumd64.dll
0x0000000075cc0000 - 0x0000000075fdb000 	C:\Windows\SYSTEM32\atiumd6a.dll
0x0000000075c70000 - 0x0000000075cb7000 	C:\Program Files\Java\jre1.8.0_51\bin\fontmanager.dll
0x0000000075c60000 - 0x0000000075c67000 	C:\Program Files\Java\jre1.8.0_51\bin\jawt.dll
0x00007ffe03af0000 - 0x00007ffe03af8000 	C:\Windows\SYSTEM32\atig6pxx.dll
0x0000000069030000 - 0x000000006a444000 	C:\Windows\SYSTEM32\atio6axx.dll
0x00007ffe00630000 - 0x00007ffe0063a000 	C:\Windows\SYSTEM32\atig6txx.dll
0x00007ffdf1bd0000 - 0x00007ffdf1d1c000 	C:\Windows\SYSTEM32\aticfx64.dll
0x0000000017f70000 - 0x0000000017fc7000 	C:\Windows\SYSTEM32\atiadlxx.dll
0x00007ffe09d20000 - 0x00007ffe09efa000 	C:\Windows\system32\SETUPAPI.dll
0x00007ffe07f00000 - 0x00007ffe07f51000 	C:\Windows\system32\WINTRUST.dll
0x00007ffe07f60000 - 0x00007ffe0813f000 	C:\Windows\system32\CRYPT32.dll
0x00007ffe07d70000 - 0x00007ffe07d81000 	C:\Windows\system32\MSASN1.dll
0x00007ffe07600000 - 0x00007ffe07620000 	C:\Windows\SYSTEM32\CRYPTSP.dll
0x00007ffe071d0000 - 0x00007ffe07206000 	C:\Windows\system32\rsaenh.dll
0x00007ffe07850000 - 0x00007ffe07876000 	C:\Windows\SYSTEM32\bcrypt.dll
0x00000000768d0000 - 0x00000000768ea000 	C:\Program Files\Java\jre1.8.0_51\bin\net.dll
0x00007ffe04a40000 - 0x00007ffe04a56000 	C:\Windows\SYSTEM32\dhcpcsvc6.DLL
0x00007ffe04bd0000 - 0x00007ffe04bea000 	C:\Windows\SYSTEM32\dhcpcsvc.DLL
0x00000000768b0000 - 0x00000000768c1000 	C:\Program Files\Java\jre1.8.0_51\bin\nio.dll
0x0000000018190000 - 0x00000000181a6000 	C:\Users\ropoLaptopn\Desktop\merged methods\Neck_Veins\Neck_Veins\NeckVeins 1.0\lwjgl-2.9.3\native\windows\jinput-dx8_64.dll
0x00007ffdf72f0000 - 0x00007ffdf7332000 	C:\Windows\SYSTEM32\DINPUT8.dll
0x00007ffe06e80000 - 0x00007ffe06e8d000 	C:\Windows\SYSTEM32\HID.DLL
0x000000001a720000 - 0x000000001a734000 	C:\Users\ropoLaptopn\Desktop\merged methods\Neck_Veins\Neck_Veins\NeckVeins 1.0\lwjgl-2.9.3\native\windows\jinput-raw_64.dll
0x00007ffdf0050000 - 0x00007ffdf01d9000 	C:\Windows\SYSTEM32\dbghelp.dll

VM Arguments:
jvm_args: -agentlib:jdwp=transport=dt_socket,suspend=y,address=localhost:52800 -Djava.library.path=C:\Users\ropoLaptopn\Desktop\merged methods\Neck_Veins\Neck_Veins\NeckVeins 1.0\libs\Leap\x64;C:\Users\ropoLaptopn\Desktop\merged methods\Neck_Veins\Neck_Veins\NeckVeins 1.0\lwjgl-2.9.3\native\windows;C:\Users\ropoLaptopn\Desktop\merged methods\Neck_Veins\Neck_Veins\NeckVeins 1.0\lwjgl-2.9.3\native\windows;C:\Users\ropoLaptopn\Desktop\merged methods\Neck_Veins\Neck_Veins\NeckVeins 1.0\lwjgl-2.9.3\native\windows -Dfile.encoding=Cp1250 
java_command: si.uni_lj.fri.veins3D.main.Main
java_class_path (initial): C:\Users\ropoLaptopn\Desktop\merged methods\Neck_Veins\Neck_Veins\NeckVeins 1.0\bin;C:\Users\ropoLaptopn\Desktop\merged methods\Neck_Veins\Neck_Veins\NeckVeins 1.0\libs\TWL.jar;C:\Users\ropoLaptopn\Desktop\merged methods\Neck_Veins\Neck_Veins\NeckVeins 1.0\libs\slick-util.jar;C:\Users\ropoLaptopn\Desktop\merged methods\Neck_Veins\Neck_Veins\NeckVeins 1.0\libs\xpp3-1.1.4c.jar;C:\Users\ropoLaptopn\Desktop\merged methods\Neck_Veins\Neck_Veins\NeckVeins 1.0\libs\LeapJava.jar;C:\Users\ropoLaptopn\Desktop\merged methods\Neck_Veins\Neck_Veins\NeckVeins 1.0\libs\ejml-v0.27-libs\EJML-core-0.27.jar;C:\Users\ropoLaptopn\Desktop\merged methods\Neck_Veins\Neck_Veins\NeckVeins 1.0\libs\ejml-v0.27-libs\EJML-simple-0.27.jar;C:\Users\ropoLaptopn\Desktop\merged methods\Neck_Veins\Neck_Veins\NeckVeins 1.0\libs\ejml-v0.27-libs\EJML-dense64-0.27.jar;C:\Users\ropoLaptopn\Desktop\merged methods\Neck_Veins\Neck_Veins\NeckVeins 1.0\libs\ejml-v0.27-libs\EJML-denseC64-0.27.jar;C:\Users\ropoLaptopn\Desktop\merged methods\Neck_Veins\Neck_Veins\NeckVeins 1.0\libs\ejml-v0.27-libs\EJML-equation-0.27.jar;C:\Users\ropoLaptopn\Desktop\merged methods\Neck_Veins\Neck_Veins\NeckVeins 1.0\libs\nifty-1.4.1\dependencies\eventbus-1.4.jar;C:\Users\ropoLaptopn\Desktop\merged methods\Neck_Veins\Neck_Veins\NeckVeins 1.0\libs\nifty-1.4.1\dependencies\jglfont-core-1.4.jar;C:\Users\ropoLaptopn\Desktop\merged methods\Neck_Veins\Neck_Veins\NeckVeins 1.0\libs\nifty-1.4.1\dependencies\jorbis-0.0.17.jar;C:\Users\ropoLaptopn\Desktop\merged methods\Neck_Veins\Neck_Veins\NeckVeins 1.0\lwjgl-2.9.3\jar\AppleJavaExtensions.jar;C:\Users\ropoLaptopn\Desktop\merged methods\Neck_Veins\Neck_Veins\NeckVeins 1.0\lwjgl-2.9.3\jar\jinput.jar;C:\Users\ropoLaptopn\Desktop\merged methods\Neck_Veins\Neck_Veins\NeckVeins 1.0\lwjgl-2.9.3\jar\laf-plugin-7.2.1.jar;C:\Users\ropoLaptopn\Desktop\merged methods\Neck_Veins\Neck_Veins\NeckVeins 1.0\lwjgl-2.9.3\jar\laf-widget-7.2.1.jar;C:\Users\ropoLaptopn\Desktop\merged
Launcher Type: SUN_STANDARD

Environment Variables:
PATH=C:/Program Files/Java/jre1.8.0_51/bin/server;C:/Program Files/Java/jre1.8.0_51/bin;C:/Program Files/Java/jre1.8.0_51/lib/amd64;C:\ProgramData\Oracle\Java\javapath;c:\Rtools\bin;c:\Rtools\gcc-4.6.3\bin;C:\Windows\system32;C:\Windows;C:\Windows\System32\Wbem;C:\Windows\System32\WindowsPowerShell\v1.0\;C:\Program Files (x86)\AMD\ATI.ACE\Core-Static;C:\Rtools\bin;C:\Rtools\gcc-4.6.3\bin;C:\Program Files\TortoiseGit\bin;C:\Python27;C:\Program Files (x86)\Skype\Phone\;C:\Users\ropoLaptopn\Desktop\eclipse;
USERNAME=ropoLaptopn
OS=Windows_NT
PROCESSOR_IDENTIFIER=Intel64 Family 6 Model 37 Stepping 2, GenuineIntel



---------------  S Y S T E M  ---------------

OS: Windows 8.1 , 64 bit Build 9600 (6.3.9600.17415)

CPU:total 4 (2 cores per cpu, 2 threads per core) family 6 model 37 stepping 2, cmov, cx8, fxsr, mmx, sse, sse2, sse3, ssse3, sse4.1, sse4.2, popcnt, ht, tsc, tscinvbit

Memory: 4k page, physical 3985892k(1565880k free), swap 5473664k(2066980k free)

vm_info: Java HotSpot(TM) 64-Bit Server VM (25.51-b03) for windows-amd64 JRE (1.8.0_51-b16), built on Jun  8 2015 18:03:07 by "java_re" with MS VC++ 10.0 (VS2010)

time: Sun Aug 23 09:33:37 2015
elapsed time: 15 seconds (0d 0h 0m 15s)

